com.cognizant.framework.FrameworkException: The specified column header "SharedUser" is not found in the sheet "General_Data"!
	at com.cognizant.framework.ExcelDataAccess.getValue(ExcelDataAccess.java:331)
	at com.cognizant.framework.CraftDataTable.getData(CraftDataTable.java:96)
	at businesscomponents.VerificationComponents.verifyHomePageValidations(VerificationComponents.java:1759)
	at sun.reflect.NativeMethodAccessorImpl.invoke0(Native Method)
	at sun.reflect.NativeMethodAccessorImpl.invoke(Unknown Source)
	at sun.reflect.DelegatingMethodAccessorImpl.invoke(Unknown Source)
	at java.lang.reflect.Method.invoke(Unknown Source)
	at supportlibraries.DriverScript.invokeBusinessComponent(DriverScript.java:473)
	at supportlibraries.DriverScript.executeTestcase(DriverScript.java:424)
	at supportlibraries.DriverScript.executeTestIterations(DriverScript.java:378)
	at supportlibraries.DriverScript.driveTestExecution(DriverScript.java:97)
	at allocator.ParallelRunner.invokeTestScript(ParallelRunner.java:59)
	at allocator.ParallelRunner.run(ParallelRunner.java:40)
	at java.util.concurrent.ThreadPoolExecutor.runWorker(Unknown Source)
	at java.util.concurrent.ThreadPoolExecutor$Worker.run(Unknown Source)
	at java.lang.Thread.run(Unknown Source)
com.cognizant.framework.FrameworkException: The specified column header "SharedUser" is not found in the sheet "General_Data"!
	at com.cognizant.framework.ExcelDataAccess.getValue(ExcelDataAccess.java:331)
	at com.cognizant.framework.CraftDataTable.getData(CraftDataTable.java:96)
	at businesscomponents.VerificationComponents.verifyHomePageValidations(VerificationComponents.java:1759)
	at sun.reflect.NativeMethodAccessorImpl.invoke0(Native Method)
	at sun.reflect.NativeMethodAccessorImpl.invoke(Unknown Source)
	at sun.reflect.DelegatingMethodAccessorImpl.invoke(Unknown Source)
	at java.lang.reflect.Method.invoke(Unknown Source)
	at supportlibraries.DriverScript.invokeBusinessComponent(DriverScript.java:473)
	at supportlibraries.DriverScript.executeTestcase(DriverScript.java:424)
	at supportlibraries.DriverScript.executeTestIterations(DriverScript.java:378)
	at supportlibraries.DriverScript.driveTestExecution(DriverScript.java:97)
	at allocator.ParallelRunner.invokeTestScript(ParallelRunner.java:59)
	at allocator.ParallelRunner.run(ParallelRunner.java:40)
	at java.util.concurrent.ThreadPoolExecutor.runWorker(Unknown Source)
	at java.util.concurrent.ThreadPoolExecutor$Worker.run(Unknown Source)
	at java.lang.Thread.run(Unknown Source)
org.openqa.selenium.NoSuchElementException: Unable to locate element: {"method":"xpath","selector":"//div[@class='product-images advanced-product-gallery']//div[@id='ccs-gallery']//div[@class='ccs-ds-zoomGallery-main-bottom ccs-ds-zoomGallery-class-main ']//img"}
Command duration or timeout: 15 milliseconds
For documentation on this error, please visit: http://seleniumhq.org/exceptions/no_such_element.html
Build info: version: '2.47.1', revision: '411b314', time: '2015-07-30 02:56:46'
System info: host: 'PC275317', ip: '10.207.61.69', os.name: 'Windows 7', os.arch: 'x86', os.version: '6.1', java.version: '1.8.0_25'
Driver info: org.openqa.selenium.firefox.FirefoxDriver
Capabilities [{applicationCacheEnabled=true, rotatable=false, handlesAlerts=true, databaseEnabled=true, version=39.0.3, platform=WINDOWS, nativeEvents=false, acceptSslCerts=true, webStorageEnabled=true, locationContextEnabled=true, browserName=firefox, takesScreenshot=true, javascriptEnabled=true, cssSelectorsEnabled=true}]
Session ID: d5f1ac0a-4a45-4998-a2c4-fc1bf1e48447
*** Element info: {Using=xpath, value=//div[@class='product-images advanced-product-gallery']//div[@id='ccs-gallery']//div[@class='ccs-ds-zoomGallery-main-bottom ccs-ds-zoomGallery-class-main ']//img}
	at sun.reflect.NativeConstructorAccessorImpl.newInstance0(Native Method)
	at sun.reflect.NativeConstructorAccessorImpl.newInstance(Unknown Source)
	at sun.reflect.DelegatingConstructorAccessorImpl.newInstance(Unknown Source)
	at java.lang.reflect.Constructor.newInstance(Unknown Source)
	at org.openqa.selenium.remote.ErrorHandler.createThrowable(ErrorHandler.java:206)
	at org.openqa.selenium.remote.ErrorHandler.throwIfResponseFailed(ErrorHandler.java:158)
	at org.openqa.selenium.remote.RemoteWebDriver.execute(RemoteWebDriver.java:595)
	at org.openqa.selenium.remote.RemoteWebDriver.findElement(RemoteWebDriver.java:348)
	at org.openqa.selenium.remote.RemoteWebDriver.findElementByXPath(RemoteWebDriver.java:445)
	at org.openqa.selenium.By$ByXPath.findElement(By.java:358)
	at org.openqa.selenium.remote.RemoteWebDriver.findElement(RemoteWebDriver.java:340)
	at businesscomponents.FunctionalComponents.productSelect(FunctionalComponents.java:494)
	at sun.reflect.NativeMethodAccessorImpl.invoke0(Native Method)
	at sun.reflect.NativeMethodAccessorImpl.invoke(Unknown Source)
	at sun.reflect.DelegatingMethodAccessorImpl.invoke(Unknown Source)
	at java.lang.reflect.Method.invoke(Unknown Source)
	at supportlibraries.DriverScript.invokeBusinessComponent(DriverScript.java:473)
	at supportlibraries.DriverScript.executeTestcase(DriverScript.java:424)
	at supportlibraries.DriverScript.executeTestIterations(DriverScript.java:378)
	at supportlibraries.DriverScript.driveTestExecution(DriverScript.java:97)
	at allocator.ParallelRunner.invokeTestScript(ParallelRunner.java:59)
	at allocator.ParallelRunner.run(ParallelRunner.java:40)
	at java.util.concurrent.ThreadPoolExecutor.runWorker(Unknown Source)
	at java.util.concurrent.ThreadPoolExecutor$Worker.run(Unknown Source)
	at java.lang.Thread.run(Unknown Source)
Caused by: org.openqa.selenium.NoSuchElementException: Unable to locate element: {"method":"xpath","selector":"//div[@class='product-images advanced-product-gallery']//div[@id='ccs-gallery']//div[@class='ccs-ds-zoomGallery-main-bottom ccs-ds-zoomGallery-class-main ']//img"}
For documentation on this error, please visit: http://seleniumhq.org/exceptions/no_such_element.html
Build info: version: '2.47.1', revision: '411b314', time: '2015-07-30 02:56:46'
System info: host: 'PC275317', ip: '10.207.61.69', os.name: 'Windows 7', os.arch: 'x86', os.version: '6.1', java.version: '1.8.0_25'
Driver info: driver.version: unknown
	at <anonymous class>.FirefoxDriver.prototype.findElementInternal_(file:///C:/Users/248292/AppData/Local/Temp/anonymous9043822007499612304webdriver-profile/extensions/fxdriver@googlecode.com/components/driver-component.js:10667)
	at <anonymous class>.FirefoxDriver.prototype.findElement(file:///C:/Users/248292/AppData/Local/Temp/anonymous9043822007499612304webdriver-profile/extensions/fxdriver@googlecode.com/components/driver-component.js:10676)
	at <anonymous class>.DelayedCommand.prototype.executeInternal_/h(file:///C:/Users/248292/AppData/Local/Temp/anonymous9043822007499612304webdriver-profile/extensions/fxdriver@googlecode.com/components/command-processor.js:12643)
	at <anonymous class>.DelayedCommand.prototype.executeInternal_(file:///C:/Users/248292/AppData/Local/Temp/anonymous9043822007499612304webdriver-profile/extensions/fxdriver@googlecode.com/components/command-processor.js:12648)
	at <anonymous class>.DelayedCommand.prototype.execute/<(file:///C:/Users/248292/AppData/Local/Temp/anonymous9043822007499612304webdriver-profile/extensions/fxdriver@googlecode.com/components/command-processor.js:12590)
org.openqa.selenium.NoSuchElementException: Unable to locate element: {"method":"xpath","selector":"//div[@id='completedOrdersSearchResult']//div[@class='row']//ul//li[1]//h4//a"}
Command duration or timeout: 9 milliseconds
For documentation on this error, please visit: http://seleniumhq.org/exceptions/no_such_element.html
Build info: version: '2.47.1', revision: '411b314', time: '2015-07-30 02:56:46'
System info: host: 'PC275317', ip: '10.207.61.69', os.name: 'Windows 7', os.arch: 'x86', os.version: '6.1', java.version: '1.8.0_25'
Driver info: org.openqa.selenium.firefox.FirefoxDriver
Capabilities [{applicationCacheEnabled=true, rotatable=false, handlesAlerts=true, databaseEnabled=true, version=39.0.3, platform=WINDOWS, nativeEvents=false, acceptSslCerts=true, webStorageEnabled=true, locationContextEnabled=true, browserName=firefox, takesScreenshot=true, javascriptEnabled=true, cssSelectorsEnabled=true}]
Session ID: 07d1876b-bd2b-4602-a888-185a2ed212b1
*** Element info: {Using=xpath, value=//div[@id='completedOrdersSearchResult']//div[@class='row']//ul//li[1]//h4//a}
	at sun.reflect.NativeConstructorAccessorImpl.newInstance0(Native Method)
	at sun.reflect.NativeConstructorAccessorImpl.newInstance(Unknown Source)
	at sun.reflect.DelegatingConstructorAccessorImpl.newInstance(Unknown Source)
	at java.lang.reflect.Constructor.newInstance(Unknown Source)
	at org.openqa.selenium.remote.ErrorHandler.createThrowable(ErrorHandler.java:206)
	at org.openqa.selenium.remote.ErrorHandler.throwIfResponseFailed(ErrorHandler.java:158)
	at org.openqa.selenium.remote.RemoteWebDriver.execute(RemoteWebDriver.java:595)
	at org.openqa.selenium.remote.RemoteWebDriver.findElement(RemoteWebDriver.java:348)
	at org.openqa.selenium.remote.RemoteWebDriver.findElementByXPath(RemoteWebDriver.java:445)
	at org.openqa.selenium.By$ByXPath.findElement(By.java:358)
	at org.openqa.selenium.remote.RemoteWebDriver.findElement(RemoteWebDriver.java:340)
	at businesscomponents.VerificationComponents.verifyOrderNumberDisplayedDashBoard(VerificationComponents.java:1067)
	at sun.reflect.NativeMethodAccessorImpl.invoke0(Native Method)
	at sun.reflect.NativeMethodAccessorImpl.invoke(Unknown Source)
	at sun.reflect.DelegatingMethodAccessorImpl.invoke(Unknown Source)
	at java.lang.reflect.Method.invoke(Unknown Source)
	at supportlibraries.DriverScript.invokeBusinessComponent(DriverScript.java:473)
	at supportlibraries.DriverScript.executeTestcase(DriverScript.java:424)
	at supportlibraries.DriverScript.executeTestIterations(DriverScript.java:378)
	at supportlibraries.DriverScript.driveTestExecution(DriverScript.java:97)
	at allocator.ParallelRunner.invokeTestScript(ParallelRunner.java:59)
	at allocator.ParallelRunner.run(ParallelRunner.java:40)
	at java.util.concurrent.ThreadPoolExecutor.runWorker(Unknown Source)
	at java.util.concurrent.ThreadPoolExecutor$Worker.run(Unknown Source)
	at java.lang.Thread.run(Unknown Source)
Caused by: org.openqa.selenium.NoSuchElementException: Unable to locate element: {"method":"xpath","selector":"//div[@id='completedOrdersSearchResult']//div[@class='row']//ul//li[1]//h4//a"}
For documentation on this error, please visit: http://seleniumhq.org/exceptions/no_such_element.html
Build info: version: '2.47.1', revision: '411b314', time: '2015-07-30 02:56:46'
System info: host: 'PC275317', ip: '10.207.61.69', os.name: 'Windows 7', os.arch: 'x86', os.version: '6.1', java.version: '1.8.0_25'
Driver info: driver.version: unknown
	at <anonymous class>.FirefoxDriver.prototype.findElementInternal_(file:///C:/Users/248292/AppData/Local/Temp/anonymous5516567368677750858webdriver-profile/extensions/fxdriver@googlecode.com/components/driver-component.js:10667)
	at <anonymous class>.FirefoxDriver.prototype.findElement(file:///C:/Users/248292/AppData/Local/Temp/anonymous5516567368677750858webdriver-profile/extensions/fxdriver@googlecode.com/components/driver-component.js:10676)
	at <anonymous class>.DelayedCommand.prototype.executeInternal_/h(file:///C:/Users/248292/AppData/Local/Temp/anonymous5516567368677750858webdriver-profile/extensions/fxdriver@googlecode.com/components/command-processor.js:12643)
	at <anonymous class>.DelayedCommand.prototype.executeInternal_(file:///C:/Users/248292/AppData/Local/Temp/anonymous5516567368677750858webdriver-profile/extensions/fxdriver@googlecode.com/components/command-processor.js:12648)
	at <anonymous class>.DelayedCommand.prototype.execute/<(file:///C:/Users/248292/AppData/Local/Temp/anonymous5516567368677750858webdriver-profile/extensions/fxdriver@googlecode.com/components/command-processor.js:12590)
	at <anonymous class>..ajax(https://mbizadminpreprod.kjedehuset.no/Scripts/JqueryTools.js:509)
	at <anonymous class>.Qa(https://mbizadminpreprod.kjedehuset.no/Scripts/JqueryTools.js:29)
	at <anonymous class>..each(https://mbizadminpreprod.kjedehuset.no/Scripts/JqueryTools.js:83)
	at <anonymous class>..domManip(https://mbizadminpreprod.kjedehuset.no/Scripts/JqueryTools.js:418)
	at <anonymous class>..append(https://mbizadminpreprod.kjedehuset.no/Scripts/JqueryTools.js:397)
	at <anonymous class>..html(https://mbizadminpreprod.kjedehuset.no/Scripts/JqueryTools.js:408)
	at <anonymous class>..success(https://mbizadminpreprod.kjedehuset.no/:377)
	at <anonymous class>.b(https://mbizadminpreprod.kjedehuset.no/Scripts/JqueryTools.js:483)
	at <anonymous class>..ajax/x.onreadystatechange(https://mbizadminpreprod.kjedehuset.no/Scripts/JqueryTools.js:503)
org.openqa.selenium.NoSuchElementException: Unable to locate element: {"method":"xpath","selector":"//div[@id='page']//div//table[@id='Body_ReplaceMainContent_gvShowOrderLines']//tbody//tr[2]//td[3]"}
Command duration or timeout: 15 milliseconds
For documentation on this error, please visit: http://seleniumhq.org/exceptions/no_such_element.html
Build info: version: '2.47.1', revision: '411b314', time: '2015-07-30 02:56:46'
System info: host: 'PC275317', ip: '10.207.61.69', os.name: 'Windows 7', os.arch: 'x86', os.version: '6.1', java.version: '1.8.0_25'
Driver info: org.openqa.selenium.firefox.FirefoxDriver
Capabilities [{applicationCacheEnabled=true, rotatable=false, handlesAlerts=true, databaseEnabled=true, version=39.0.3, platform=WINDOWS, nativeEvents=false, acceptSslCerts=true, webStorageEnabled=true, locationContextEnabled=true, browserName=firefox, takesScreenshot=true, javascriptEnabled=true, cssSelectorsEnabled=true}]
Session ID: f992034e-253b-4b11-b795-be900e89db39
*** Element info: {Using=xpath, value=//div[@id='page']//div//table[@id='Body_ReplaceMainContent_gvShowOrderLines']//tbody//tr[2]//td[3]}
	at sun.reflect.NativeConstructorAccessorImpl.newInstance0(Native Method)
	at sun.reflect.NativeConstructorAccessorImpl.newInstance(Unknown Source)
	at sun.reflect.DelegatingConstructorAccessorImpl.newInstance(Unknown Source)
	at java.lang.reflect.Constructor.newInstance(Unknown Source)
	at org.openqa.selenium.remote.ErrorHandler.createThrowable(ErrorHandler.java:206)
	at org.openqa.selenium.remote.ErrorHandler.throwIfResponseFailed(ErrorHandler.java:158)
	at org.openqa.selenium.remote.RemoteWebDriver.execute(RemoteWebDriver.java:595)
	at org.openqa.selenium.remote.RemoteWebDriver.findElement(RemoteWebDriver.java:348)
	at org.openqa.selenium.remote.RemoteWebDriver.findElementByXPath(RemoteWebDriver.java:445)
	at org.openqa.selenium.By$ByXPath.findElement(By.java:358)
	at org.openqa.selenium.remote.RemoteWebDriver.findElement(RemoteWebDriver.java:340)
	at businesscomponents.FunctionalComponents.processOrder(FunctionalComponents.java:1199)
	at sun.reflect.NativeMethodAccessorImpl.invoke0(Native Method)
	at sun.reflect.NativeMethodAccessorImpl.invoke(Unknown Source)
	at sun.reflect.DelegatingMethodAccessorImpl.invoke(Unknown Source)
	at java.lang.reflect.Method.invoke(Unknown Source)
	at supportlibraries.DriverScript.invokeBusinessComponent(DriverScript.java:473)
	at supportlibraries.DriverScript.executeTestcase(DriverScript.java:424)
	at supportlibraries.DriverScript.executeTestIterations(DriverScript.java:378)
	at supportlibraries.DriverScript.driveTestExecution(DriverScript.java:97)
	at allocator.ParallelRunner.invokeTestScript(ParallelRunner.java:59)
	at allocator.ParallelRunner.run(ParallelRunner.java:40)
	at java.util.concurrent.ThreadPoolExecutor.runWorker(Unknown Source)
	at java.util.concurrent.ThreadPoolExecutor$Worker.run(Unknown Source)
	at java.lang.Thread.run(Unknown Source)
Caused by: org.openqa.selenium.NoSuchElementException: Unable to locate element: {"method":"xpath","selector":"//div[@id='page']//div//table[@id='Body_ReplaceMainContent_gvShowOrderLines']//tbody//tr[2]//td[3]"}
For documentation on this error, please visit: http://seleniumhq.org/exceptions/no_such_element.html
Build info: version: '2.47.1', revision: '411b314', time: '2015-07-30 02:56:46'
System info: host: 'PC275317', ip: '10.207.61.69', os.name: 'Windows 7', os.arch: 'x86', os.version: '6.1', java.version: '1.8.0_25'
Driver info: driver.version: unknown
	at <anonymous class>.FirefoxDriver.prototype.findElementInternal_(file:///C:/Users/248292/AppData/Local/Temp/anonymous4156650985942496394webdriver-profile/extensions/fxdriver@googlecode.com/components/driver-component.js:10667)
	at <anonymous class>.FirefoxDriver.prototype.findElement(file:///C:/Users/248292/AppData/Local/Temp/anonymous4156650985942496394webdriver-profile/extensions/fxdriver@googlecode.com/components/driver-component.js:10676)
	at <anonymous class>.DelayedCommand.prototype.executeInternal_/h(file:///C:/Users/248292/AppData/Local/Temp/anonymous4156650985942496394webdriver-profile/extensions/fxdriver@googlecode.com/components/command-processor.js:12643)
	at <anonymous class>.DelayedCommand.prototype.executeInternal_(file:///C:/Users/248292/AppData/Local/Temp/anonymous4156650985942496394webdriver-profile/extensions/fxdriver@googlecode.com/components/command-processor.js:12648)
	at <anonymous class>.DelayedCommand.prototype.execute/<(file:///C:/Users/248292/AppData/Local/Temp/anonymous4156650985942496394webdriver-profile/extensions/fxdriver@googlecode.com/components/command-processor.js:12590)
com.cognizant.framework.FrameworkException: The specified column header "SharedUser" is not found in the sheet "General_Data"!
	at com.cognizant.framework.ExcelDataAccess.getValue(ExcelDataAccess.java:331)
	at com.cognizant.framework.CraftDataTable.getData(CraftDataTable.java:96)
	at businesscomponents.VerificationComponents.verifyHomePageValidations(VerificationComponents.java:1759)
	at sun.reflect.NativeMethodAccessorImpl.invoke0(Native Method)
	at sun.reflect.NativeMethodAccessorImpl.invoke(Unknown Source)
	at sun.reflect.DelegatingMethodAccessorImpl.invoke(Unknown Source)
	at java.lang.reflect.Method.invoke(Unknown Source)
	at supportlibraries.DriverScript.invokeBusinessComponent(DriverScript.java:473)
	at supportlibraries.DriverScript.executeTestcase(DriverScript.java:424)
	at supportlibraries.DriverScript.executeTestIterations(DriverScript.java:378)
	at supportlibraries.DriverScript.driveTestExecution(DriverScript.java:97)
	at allocator.ParallelRunner.invokeTestScript(ParallelRunner.java:59)
	at allocator.ParallelRunner.run(ParallelRunner.java:40)
	at java.util.concurrent.ThreadPoolExecutor.runWorker(Unknown Source)
	at java.util.concurrent.ThreadPoolExecutor$Worker.run(Unknown Source)
	at java.lang.Thread.run(Unknown Source)
org.openqa.selenium.NoSuchElementException: Unable to locate element: {"method":"xpath","selector":"//div[@id='col1']//table[@id='shippingtable']//input[@value='2PILOT']"}
Command duration or timeout: 31 milliseconds
For documentation on this error, please visit: http://seleniumhq.org/exceptions/no_such_element.html
Build info: version: '2.47.1', revision: '411b314', time: '2015-07-30 02:56:46'
System info: host: 'PC275317', ip: '10.207.61.69', os.name: 'Windows 7', os.arch: 'x86', os.version: '6.1', java.version: '1.8.0_25'
Driver info: org.openqa.selenium.firefox.FirefoxDriver
Capabilities [{applicationCacheEnabled=true, rotatable=false, handlesAlerts=true, databaseEnabled=true, version=39.0.3, platform=WINDOWS, nativeEvents=false, acceptSslCerts=true, webStorageEnabled=true, locationContextEnabled=true, browserName=firefox, takesScreenshot=true, javascriptEnabled=true, cssSelectorsEnabled=true}]
Session ID: e2535447-b513-47c4-848a-c17873e68eca
*** Element info: {Using=xpath, value=//div[@id='col1']//table[@id='shippingtable']//input[@value='2PILOT']}
	at sun.reflect.NativeConstructorAccessorImpl.newInstance0(Native Method)
	at sun.reflect.NativeConstructorAccessorImpl.newInstance(Unknown Source)
	at sun.reflect.DelegatingConstructorAccessorImpl.newInstance(Unknown Source)
	at java.lang.reflect.Constructor.newInstance(Unknown Source)
	at org.openqa.selenium.remote.ErrorHandler.createThrowable(ErrorHandler.java:206)
	at org.openqa.selenium.remote.ErrorHandler.throwIfResponseFailed(ErrorHandler.java:158)
	at org.openqa.selenium.remote.RemoteWebDriver.execute(RemoteWebDriver.java:595)
	at org.openqa.selenium.remote.RemoteWebDriver.findElement(RemoteWebDriver.java:348)
	at org.openqa.selenium.remote.RemoteWebDriver.findElementByXPath(RemoteWebDriver.java:445)
	at org.openqa.selenium.By$ByXPath.findElement(By.java:358)
	at org.openqa.selenium.remote.RemoteWebDriver.findElement(RemoteWebDriver.java:340)
	at webdriverhelper.WebElementVerificationUtils.verifyAndCheckCheckbox(WebElementVerificationUtils.java:256)
	at businesscomponents.FunctionalComponents.deliveryAndPayments(FunctionalComponents.java:1759)
	at sun.reflect.NativeMethodAccessorImpl.invoke0(Native Method)
	at sun.reflect.NativeMethodAccessorImpl.invoke(Unknown Source)
	at sun.reflect.DelegatingMethodAccessorImpl.invoke(Unknown Source)
	at java.lang.reflect.Method.invoke(Unknown Source)
	at supportlibraries.DriverScript.invokeBusinessComponent(DriverScript.java:473)
	at supportlibraries.DriverScript.executeTestcase(DriverScript.java:424)
	at supportlibraries.DriverScript.executeTestIterations(DriverScript.java:378)
	at supportlibraries.DriverScript.driveTestExecution(DriverScript.java:97)
	at allocator.ParallelRunner.invokeTestScript(ParallelRunner.java:59)
	at allocator.ParallelRunner.run(ParallelRunner.java:40)
	at java.util.concurrent.ThreadPoolExecutor.runWorker(Unknown Source)
	at java.util.concurrent.ThreadPoolExecutor$Worker.run(Unknown Source)
	at java.lang.Thread.run(Unknown Source)
Caused by: org.openqa.selenium.NoSuchElementException: Unable to locate element: {"method":"xpath","selector":"//div[@id='col1']//table[@id='shippingtable']//input[@value='2PILOT']"}
For documentation on this error, please visit: http://seleniumhq.org/exceptions/no_such_element.html
Build info: version: '2.47.1', revision: '411b314', time: '2015-07-30 02:56:46'
System info: host: 'PC275317', ip: '10.207.61.69', os.name: 'Windows 7', os.arch: 'x86', os.version: '6.1', java.version: '1.8.0_25'
Driver info: driver.version: unknown
	at <anonymous class>.FirefoxDriver.prototype.findElementInternal_(file:///C:/Users/248292/AppData/Local/Temp/anonymous7721664973358313537webdriver-profile/extensions/fxdriver@googlecode.com/components/driver-component.js:10667)
	at <anonymous class>.FirefoxDriver.prototype.findElement(file:///C:/Users/248292/AppData/Local/Temp/anonymous7721664973358313537webdriver-profile/extensions/fxdriver@googlecode.com/components/driver-component.js:10676)
	at <anonymous class>.DelayedCommand.prototype.executeInternal_/h(file:///C:/Users/248292/AppData/Local/Temp/anonymous7721664973358313537webdriver-profile/extensions/fxdriver@googlecode.com/components/command-processor.js:12643)
	at <anonymous class>.DelayedCommand.prototype.executeInternal_(file:///C:/Users/248292/AppData/Local/Temp/anonymous7721664973358313537webdriver-profile/extensions/fxdriver@googlecode.com/components/command-processor.js:12648)
	at <anonymous class>.DelayedCommand.prototype.execute/<(file:///C:/Users/248292/AppData/Local/Temp/anonymous7721664973358313537webdriver-profile/extensions/fxdriver@googlecode.com/components/command-processor.js:12590)
org.openqa.selenium.NoSuchElementException: Unable to locate element: {"method":"xpath","selector":"//div[@class='row error errorMessages']//div[@class='errorMessagesList']//p"}
Command duration or timeout: 0 milliseconds
For documentation on this error, please visit: http://seleniumhq.org/exceptions/no_such_element.html
Build info: version: '2.47.1', revision: '411b314', time: '2015-07-30 02:56:46'
System info: host: 'PC275317', ip: '10.207.61.69', os.name: 'Windows 7', os.arch: 'x86', os.version: '6.1', java.version: '1.8.0_25'
Driver info: org.openqa.selenium.firefox.FirefoxDriver
Capabilities [{applicationCacheEnabled=true, rotatable=false, handlesAlerts=true, databaseEnabled=true, version=39.0.3, platform=WINDOWS, nativeEvents=false, acceptSslCerts=true, webStorageEnabled=true, locationContextEnabled=true, browserName=firefox, takesScreenshot=true, javascriptEnabled=true, cssSelectorsEnabled=true}]
Session ID: e2535447-b513-47c4-848a-c17873e68eca
*** Element info: {Using=xpath, value=//div[@class='row error errorMessages']//div[@class='errorMessagesList']//p}
	at sun.reflect.NativeConstructorAccessorImpl.newInstance0(Native Method)
	at sun.reflect.NativeConstructorAccessorImpl.newInstance(Unknown Source)
	at sun.reflect.DelegatingConstructorAccessorImpl.newInstance(Unknown Source)
	at java.lang.reflect.Constructor.newInstance(Unknown Source)
	at org.openqa.selenium.remote.ErrorHandler.createThrowable(ErrorHandler.java:206)
	at org.openqa.selenium.remote.ErrorHandler.throwIfResponseFailed(ErrorHandler.java:158)
	at org.openqa.selenium.remote.RemoteWebDriver.execute(RemoteWebDriver.java:595)
	at org.openqa.selenium.remote.RemoteWebDriver.findElement(RemoteWebDriver.java:348)
	at org.openqa.selenium.remote.RemoteWebDriver.findElementByXPath(RemoteWebDriver.java:445)
	at org.openqa.selenium.By$ByXPath.findElement(By.java:358)
	at org.openqa.selenium.remote.RemoteWebDriver.findElement(RemoteWebDriver.java:340)
	at businesscomponents.FunctionalComponents.clickOnFinishOrder(FunctionalComponents.java:1061)
	at sun.reflect.NativeMethodAccessorImpl.invoke0(Native Method)
	at sun.reflect.NativeMethodAccessorImpl.invoke(Unknown Source)
	at sun.reflect.DelegatingMethodAccessorImpl.invoke(Unknown Source)
	at java.lang.reflect.Method.invoke(Unknown Source)
	at supportlibraries.DriverScript.invokeBusinessComponent(DriverScript.java:473)
	at supportlibraries.DriverScript.executeTestcase(DriverScript.java:424)
	at supportlibraries.DriverScript.executeTestIterations(DriverScript.java:378)
	at supportlibraries.DriverScript.driveTestExecution(DriverScript.java:97)
	at allocator.ParallelRunner.invokeTestScript(ParallelRunner.java:59)
	at allocator.ParallelRunner.run(ParallelRunner.java:40)
	at java.util.concurrent.ThreadPoolExecutor.runWorker(Unknown Source)
	at java.util.concurrent.ThreadPoolExecutor$Worker.run(Unknown Source)
	at java.lang.Thread.run(Unknown Source)
Caused by: org.openqa.selenium.NoSuchElementException: Unable to locate element: {"method":"xpath","selector":"//div[@class='row error errorMessages']//div[@class='errorMessagesList']//p"}
For documentation on this error, please visit: http://seleniumhq.org/exceptions/no_such_element.html
Build info: version: '2.47.1', revision: '411b314', time: '2015-07-30 02:56:46'
System info: host: 'PC275317', ip: '10.207.61.69', os.name: 'Windows 7', os.arch: 'x86', os.version: '6.1', java.version: '1.8.0_25'
Driver info: driver.version: unknown
	at <anonymous class>.FirefoxDriver.prototype.findElementInternal_(file:///C:/Users/248292/AppData/Local/Temp/anonymous7721664973358313537webdriver-profile/extensions/fxdriver@googlecode.com/components/driver-component.js:10667)
	at <anonymous class>.FirefoxDriver.prototype.findElement(file:///C:/Users/248292/AppData/Local/Temp/anonymous7721664973358313537webdriver-profile/extensions/fxdriver@googlecode.com/components/driver-component.js:10676)
	at <anonymous class>.DelayedCommand.prototype.executeInternal_/h(file:///C:/Users/248292/AppData/Local/Temp/anonymous7721664973358313537webdriver-profile/extensions/fxdriver@googlecode.com/components/command-processor.js:12643)
	at <anonymous class>.DelayedCommand.prototype.executeInternal_(file:///C:/Users/248292/AppData/Local/Temp/anonymous7721664973358313537webdriver-profile/extensions/fxdriver@googlecode.com/components/command-processor.js:12648)
	at <anonymous class>.DelayedCommand.prototype.execute/<(file:///C:/Users/248292/AppData/Local/Temp/anonymous7721664973358313537webdriver-profile/extensions/fxdriver@googlecode.com/components/command-processor.js:12590)
