org.openqa.selenium.NoSuchElementException: Unable to locate element: {"method":"xpath","selector":"//div[@class='row error errorMessages']//div[@class='errorMessagesList']//p"}
Command duration or timeout: 7 milliseconds
For documentation on this error, please visit: http://seleniumhq.org/exceptions/no_such_element.html
Build info: version: '2.41.0', revision: '3192d8a', time: '2014-03-27 17:18:15'
System info: host: 'CTSCE001372x', ip: '192.168.43.186', os.name: 'Windows 7', os.arch: 'amd64', os.version: '6.1', java.version: '1.7.0'
Session ID: f987805f-8f39-46ce-a0d3-41887d9cc9cc
Driver info: org.openqa.selenium.firefox.FirefoxDriver
Capabilities [{platform=XP, acceptSslCerts=true, javascriptEnabled=true, browserName=firefox, rotatable=false, locationContextEnabled=true, version=28.0, cssSelectorsEnabled=true, databaseEnabled=true, handlesAlerts=true, browserConnectionEnabled=true, nativeEvents=true, webStorageEnabled=true, applicationCacheEnabled=true, takesScreenshot=true}]
	at sun.reflect.NativeConstructorAccessorImpl.newInstance0(Native Method)
	at sun.reflect.NativeConstructorAccessorImpl.newInstance(Unknown Source)
	at sun.reflect.DelegatingConstructorAccessorImpl.newInstance(Unknown Source)
	at java.lang.reflect.Constructor.newInstance(Unknown Source)
	at org.openqa.selenium.remote.ErrorHandler.createThrowable(ErrorHandler.java:193)
	at org.openqa.selenium.remote.ErrorHandler.throwIfResponseFailed(ErrorHandler.java:145)
	at org.openqa.selenium.remote.RemoteWebDriver.execute(RemoteWebDriver.java:595)
	at org.openqa.selenium.remote.RemoteWebDriver.findElement(RemoteWebDriver.java:348)
	at org.openqa.selenium.remote.RemoteWebDriver.findElementByXPath(RemoteWebDriver.java:445)
	at org.openqa.selenium.By$ByXPath.findElement(By.java:357)
	at org.openqa.selenium.remote.RemoteWebDriver.findElement(RemoteWebDriver.java:340)
	at businesscomponents.FunctionalComponents.clickOnFinishOrder(FunctionalComponents.java:782)
	at sun.reflect.NativeMethodAccessorImpl.invoke0(Native Method)
	at sun.reflect.NativeMethodAccessorImpl.invoke(Unknown Source)
	at sun.reflect.DelegatingMethodAccessorImpl.invoke(Unknown Source)
	at java.lang.reflect.Method.invoke(Unknown Source)
	at supportlibraries.DriverScript.invokeBusinessComponent(DriverScript.java:473)
	at supportlibraries.DriverScript.executeTestcase(DriverScript.java:424)
	at supportlibraries.DriverScript.executeTestIterations(DriverScript.java:378)
	at supportlibraries.DriverScript.driveTestExecution(DriverScript.java:97)
	at allocator.ParallelRunner.invokeTestScript(ParallelRunner.java:59)
	at allocator.ParallelRunner.run(ParallelRunner.java:40)
	at java.util.concurrent.ThreadPoolExecutor.runWorker(Unknown Source)
	at java.util.concurrent.ThreadPoolExecutor$Worker.run(Unknown Source)
	at java.lang.Thread.run(Unknown Source)
Caused by: org.openqa.selenium.remote.ErrorHandler$UnknownServerException: Unable to locate element: {"method":"xpath","selector":"//div[@class='row error errorMessages']//div[@class='errorMessagesList']//p"}
Build info: version: '2.41.0', revision: '3192d8a', time: '2014-03-27 17:18:15'
System info: host: 'CTSCE001372x', ip: '192.168.43.186', os.name: 'Windows 7', os.arch: 'amd64', os.version: '6.1', java.version: '1.7.0'
Driver info: driver.version: unknown
	at <anonymous class>.FirefoxDriver.prototype.findElementInternal_(file:///C:/Users/admin/AppData/Local/Temp/anonymous6422386215763915549webdriver-profile/extensions/fxdriver@googlecode.com/components/driver_component.js:8905)
	at <anonymous class>.FirefoxDriver.prototype.findElement(file:///C:/Users/admin/AppData/Local/Temp/anonymous6422386215763915549webdriver-profile/extensions/fxdriver@googlecode.com/components/driver_component.js:8914)
	at <anonymous class>.DelayedCommand.prototype.executeInternal_/h(file:///C:/Users/admin/AppData/Local/Temp/anonymous6422386215763915549webdriver-profile/extensions/fxdriver@googlecode.com/components/command_processor.js:10884)
	at <anonymous class>.DelayedCommand.prototype.executeInternal_(file:///C:/Users/admin/AppData/Local/Temp/anonymous6422386215763915549webdriver-profile/extensions/fxdriver@googlecode.com/components/command_processor.js:10889)
	at <anonymous class>.DelayedCommand.prototype.execute/<(file:///C:/Users/admin/AppData/Local/Temp/anonymous6422386215763915549webdriver-profile/extensions/fxdriver@googlecode.com/components/command_processor.js:10831)
org.openqa.selenium.NoSuchElementException: Unable to locate element: {"method":"xpath","selector":"//div[@class='row error errorMessages']//div[@class='errorMessagesList']//p"}
Command duration or timeout: 8 milliseconds
For documentation on this error, please visit: http://seleniumhq.org/exceptions/no_such_element.html
Build info: version: '2.41.0', revision: '3192d8a', time: '2014-03-27 17:18:15'
System info: host: 'CTSCE001372x', ip: '192.168.43.186', os.name: 'Windows 7', os.arch: 'amd64', os.version: '6.1', java.version: '1.7.0'
Session ID: 93c2efb4-df4d-4931-a52d-5b13038df57b
Driver info: org.openqa.selenium.firefox.FirefoxDriver
Capabilities [{platform=XP, acceptSslCerts=true, javascriptEnabled=true, browserName=firefox, rotatable=false, locationContextEnabled=true, version=28.0, cssSelectorsEnabled=true, databaseEnabled=true, handlesAlerts=true, browserConnectionEnabled=true, nativeEvents=true, webStorageEnabled=true, applicationCacheEnabled=true, takesScreenshot=true}]
	at sun.reflect.NativeConstructorAccessorImpl.newInstance0(Native Method)
	at sun.reflect.NativeConstructorAccessorImpl.newInstance(Unknown Source)
	at sun.reflect.DelegatingConstructorAccessorImpl.newInstance(Unknown Source)
	at java.lang.reflect.Constructor.newInstance(Unknown Source)
	at org.openqa.selenium.remote.ErrorHandler.createThrowable(ErrorHandler.java:193)
	at org.openqa.selenium.remote.ErrorHandler.throwIfResponseFailed(ErrorHandler.java:145)
	at org.openqa.selenium.remote.RemoteWebDriver.execute(RemoteWebDriver.java:595)
	at org.openqa.selenium.remote.RemoteWebDriver.findElement(RemoteWebDriver.java:348)
	at org.openqa.selenium.remote.RemoteWebDriver.findElementByXPath(RemoteWebDriver.java:445)
	at org.openqa.selenium.By$ByXPath.findElement(By.java:357)
	at org.openqa.selenium.remote.RemoteWebDriver.findElement(RemoteWebDriver.java:340)
	at businesscomponents.FunctionalComponents.clickOnFinishOrder(FunctionalComponents.java:782)
	at sun.reflect.NativeMethodAccessorImpl.invoke0(Native Method)
	at sun.reflect.NativeMethodAccessorImpl.invoke(Unknown Source)
	at sun.reflect.DelegatingMethodAccessorImpl.invoke(Unknown Source)
	at java.lang.reflect.Method.invoke(Unknown Source)
	at supportlibraries.DriverScript.invokeBusinessComponent(DriverScript.java:473)
	at supportlibraries.DriverScript.executeTestcase(DriverScript.java:424)
	at supportlibraries.DriverScript.executeTestIterations(DriverScript.java:378)
	at supportlibraries.DriverScript.driveTestExecution(DriverScript.java:97)
	at allocator.ParallelRunner.invokeTestScript(ParallelRunner.java:59)
	at allocator.ParallelRunner.run(ParallelRunner.java:40)
	at java.util.concurrent.ThreadPoolExecutor.runWorker(Unknown Source)
	at java.util.concurrent.ThreadPoolExecutor$Worker.run(Unknown Source)
	at java.lang.Thread.run(Unknown Source)
Caused by: org.openqa.selenium.remote.ErrorHandler$UnknownServerException: Unable to locate element: {"method":"xpath","selector":"//div[@class='row error errorMessages']//div[@class='errorMessagesList']//p"}
Build info: version: '2.41.0', revision: '3192d8a', time: '2014-03-27 17:18:15'
System info: host: 'CTSCE001372x', ip: '192.168.43.186', os.name: 'Windows 7', os.arch: 'amd64', os.version: '6.1', java.version: '1.7.0'
Driver info: driver.version: unknown
	at <anonymous class>.FirefoxDriver.prototype.findElementInternal_(file:///C:/Users/admin/AppData/Local/Temp/anonymous161467897447146102webdriver-profile/extensions/fxdriver@googlecode.com/components/driver_component.js:8905)
	at <anonymous class>.FirefoxDriver.prototype.findElement(file:///C:/Users/admin/AppData/Local/Temp/anonymous161467897447146102webdriver-profile/extensions/fxdriver@googlecode.com/components/driver_component.js:8914)
	at <anonymous class>.DelayedCommand.prototype.executeInternal_/h(file:///C:/Users/admin/AppData/Local/Temp/anonymous161467897447146102webdriver-profile/extensions/fxdriver@googlecode.com/components/command_processor.js:10884)
	at <anonymous class>.DelayedCommand.prototype.executeInternal_(file:///C:/Users/admin/AppData/Local/Temp/anonymous161467897447146102webdriver-profile/extensions/fxdriver@googlecode.com/components/command_processor.js:10889)
	at <anonymous class>.DelayedCommand.prototype.execute/<(file:///C:/Users/admin/AppData/Local/Temp/anonymous161467897447146102webdriver-profile/extensions/fxdriver@googlecode.com/components/command_processor.js:10831)
com.cognizant.framework.FrameworkException: The specified column header "SharedUser" is not found in the sheet "General_Data"!
	at com.cognizant.framework.ExcelDataAccess.getValue(ExcelDataAccess.java:331)
	at com.cognizant.framework.CraftDataTable.getData(CraftDataTable.java:96)
	at businesscomponents.VerificationComponents.verifyHomePageValidations(VerificationComponents.java:1759)
	at sun.reflect.NativeMethodAccessorImpl.invoke0(Native Method)
	at sun.reflect.NativeMethodAccessorImpl.invoke(Unknown Source)
	at sun.reflect.DelegatingMethodAccessorImpl.invoke(Unknown Source)
	at java.lang.reflect.Method.invoke(Unknown Source)
	at supportlibraries.DriverScript.invokeBusinessComponent(DriverScript.java:473)
	at supportlibraries.DriverScript.executeTestcase(DriverScript.java:424)
	at supportlibraries.DriverScript.executeTestIterations(DriverScript.java:378)
	at supportlibraries.DriverScript.driveTestExecution(DriverScript.java:97)
	at allocator.ParallelRunner.invokeTestScript(ParallelRunner.java:59)
	at allocator.ParallelRunner.run(ParallelRunner.java:40)
	at java.util.concurrent.ThreadPoolExecutor.runWorker(Unknown Source)
	at java.util.concurrent.ThreadPoolExecutor$Worker.run(Unknown Source)
	at java.lang.Thread.run(Unknown Source)
org.openqa.selenium.NoSuchElementException: Unable to locate element: {"method":"xpath","selector":"//div[@class='row error errorMessages']//div[@class='errorMessagesList']//p"}
Command duration or timeout: 10 milliseconds
For documentation on this error, please visit: http://seleniumhq.org/exceptions/no_such_element.html
Build info: version: '2.41.0', revision: '3192d8a', time: '2014-03-27 17:18:15'
System info: host: 'CTSCE001372x', ip: '192.168.43.186', os.name: 'Windows 7', os.arch: 'amd64', os.version: '6.1', java.version: '1.7.0'
Session ID: f0e187ab-1720-4430-b363-679ca3d6658e
Driver info: org.openqa.selenium.firefox.FirefoxDriver
Capabilities [{platform=XP, acceptSslCerts=true, javascriptEnabled=true, browserName=firefox, rotatable=false, locationContextEnabled=true, version=28.0, cssSelectorsEnabled=true, databaseEnabled=true, handlesAlerts=true, browserConnectionEnabled=true, nativeEvents=true, webStorageEnabled=true, applicationCacheEnabled=true, takesScreenshot=true}]
	at sun.reflect.NativeConstructorAccessorImpl.newInstance0(Native Method)
	at sun.reflect.NativeConstructorAccessorImpl.newInstance(Unknown Source)
	at sun.reflect.DelegatingConstructorAccessorImpl.newInstance(Unknown Source)
	at java.lang.reflect.Constructor.newInstance(Unknown Source)
	at org.openqa.selenium.remote.ErrorHandler.createThrowable(ErrorHandler.java:193)
	at org.openqa.selenium.remote.ErrorHandler.throwIfResponseFailed(ErrorHandler.java:145)
	at org.openqa.selenium.remote.RemoteWebDriver.execute(RemoteWebDriver.java:595)
	at org.openqa.selenium.remote.RemoteWebDriver.findElement(RemoteWebDriver.java:348)
	at org.openqa.selenium.remote.RemoteWebDriver.findElementByXPath(RemoteWebDriver.java:445)
	at org.openqa.selenium.By$ByXPath.findElement(By.java:357)
	at org.openqa.selenium.remote.RemoteWebDriver.findElement(RemoteWebDriver.java:340)
	at businesscomponents.FunctionalComponents.clickOnFinishOrder(FunctionalComponents.java:782)
	at sun.reflect.NativeMethodAccessorImpl.invoke0(Native Method)
	at sun.reflect.NativeMethodAccessorImpl.invoke(Unknown Source)
	at sun.reflect.DelegatingMethodAccessorImpl.invoke(Unknown Source)
	at java.lang.reflect.Method.invoke(Unknown Source)
	at supportlibraries.DriverScript.invokeBusinessComponent(DriverScript.java:473)
	at supportlibraries.DriverScript.executeTestcase(DriverScript.java:424)
	at supportlibraries.DriverScript.executeTestIterations(DriverScript.java:378)
	at supportlibraries.DriverScript.driveTestExecution(DriverScript.java:97)
	at allocator.ParallelRunner.invokeTestScript(ParallelRunner.java:59)
	at allocator.ParallelRunner.run(ParallelRunner.java:40)
	at java.util.concurrent.ThreadPoolExecutor.runWorker(Unknown Source)
	at java.util.concurrent.ThreadPoolExecutor$Worker.run(Unknown Source)
	at java.lang.Thread.run(Unknown Source)
Caused by: org.openqa.selenium.remote.ErrorHandler$UnknownServerException: Unable to locate element: {"method":"xpath","selector":"//div[@class='row error errorMessages']//div[@class='errorMessagesList']//p"}
Build info: version: '2.41.0', revision: '3192d8a', time: '2014-03-27 17:18:15'
System info: host: 'CTSCE001372x', ip: '192.168.43.186', os.name: 'Windows 7', os.arch: 'amd64', os.version: '6.1', java.version: '1.7.0'
Driver info: driver.version: unknown
	at <anonymous class>.FirefoxDriver.prototype.findElementInternal_(file:///C:/Users/admin/AppData/Local/Temp/anonymous4850031689148000086webdriver-profile/extensions/fxdriver@googlecode.com/components/driver_component.js:8905)
	at <anonymous class>.FirefoxDriver.prototype.findElement(file:///C:/Users/admin/AppData/Local/Temp/anonymous4850031689148000086webdriver-profile/extensions/fxdriver@googlecode.com/components/driver_component.js:8914)
	at <anonymous class>.DelayedCommand.prototype.executeInternal_/h(file:///C:/Users/admin/AppData/Local/Temp/anonymous4850031689148000086webdriver-profile/extensions/fxdriver@googlecode.com/components/command_processor.js:10884)
	at <anonymous class>.DelayedCommand.prototype.executeInternal_(file:///C:/Users/admin/AppData/Local/Temp/anonymous4850031689148000086webdriver-profile/extensions/fxdriver@googlecode.com/components/command_processor.js:10889)
	at <anonymous class>.DelayedCommand.prototype.execute/<(file:///C:/Users/admin/AppData/Local/Temp/anonymous4850031689148000086webdriver-profile/extensions/fxdriver@googlecode.com/components/command_processor.js:10831)
com.cognizant.framework.FrameworkException: The specified column header "SharedUser" is not found in the sheet "General_Data"!
	at com.cognizant.framework.ExcelDataAccess.getValue(ExcelDataAccess.java:331)
	at com.cognizant.framework.CraftDataTable.getData(CraftDataTable.java:96)
	at businesscomponents.VerificationComponents.verifyHomePageValidations(VerificationComponents.java:1759)
	at sun.reflect.NativeMethodAccessorImpl.invoke0(Native Method)
	at sun.reflect.NativeMethodAccessorImpl.invoke(Unknown Source)
	at sun.reflect.DelegatingMethodAccessorImpl.invoke(Unknown Source)
	at java.lang.reflect.Method.invoke(Unknown Source)
	at supportlibraries.DriverScript.invokeBusinessComponent(DriverScript.java:473)
	at supportlibraries.DriverScript.executeTestcase(DriverScript.java:424)
	at supportlibraries.DriverScript.executeTestIterations(DriverScript.java:378)
	at supportlibraries.DriverScript.driveTestExecution(DriverScript.java:97)
	at allocator.ParallelRunner.invokeTestScript(ParallelRunner.java:59)
	at allocator.ParallelRunner.run(ParallelRunner.java:40)
	at java.util.concurrent.ThreadPoolExecutor.runWorker(Unknown Source)
	at java.util.concurrent.ThreadPoolExecutor$Worker.run(Unknown Source)
	at java.lang.Thread.run(Unknown Source)
org.openqa.selenium.NoSuchElementException: Unable to locate element: {"method":"xpath","selector":"//div[@class='row error errorMessages']//div[@class='errorMessagesList']//p"}
Command duration or timeout: 9 milliseconds
For documentation on this error, please visit: http://seleniumhq.org/exceptions/no_such_element.html
Build info: version: '2.41.0', revision: '3192d8a', time: '2014-03-27 17:18:15'
System info: host: 'CTSCE001372x', ip: '192.168.43.186', os.name: 'Windows 7', os.arch: 'amd64', os.version: '6.1', java.version: '1.7.0'
Session ID: a47c972c-6053-44ac-9e44-8fd63453f5f9
Driver info: org.openqa.selenium.firefox.FirefoxDriver
Capabilities [{platform=XP, acceptSslCerts=true, javascriptEnabled=true, browserName=firefox, rotatable=false, locationContextEnabled=true, version=28.0, cssSelectorsEnabled=true, databaseEnabled=true, handlesAlerts=true, browserConnectionEnabled=true, nativeEvents=true, webStorageEnabled=true, applicationCacheEnabled=true, takesScreenshot=true}]
	at sun.reflect.GeneratedConstructorAccessor95.newInstance(Unknown Source)
	at sun.reflect.DelegatingConstructorAccessorImpl.newInstance(Unknown Source)
	at java.lang.reflect.Constructor.newInstance(Unknown Source)
	at org.openqa.selenium.remote.ErrorHandler.createThrowable(ErrorHandler.java:193)
	at org.openqa.selenium.remote.ErrorHandler.throwIfResponseFailed(ErrorHandler.java:145)
	at org.openqa.selenium.remote.RemoteWebDriver.execute(RemoteWebDriver.java:595)
	at org.openqa.selenium.remote.RemoteWebDriver.findElement(RemoteWebDriver.java:348)
	at org.openqa.selenium.remote.RemoteWebDriver.findElementByXPath(RemoteWebDriver.java:445)
	at org.openqa.selenium.By$ByXPath.findElement(By.java:357)
	at org.openqa.selenium.remote.RemoteWebDriver.findElement(RemoteWebDriver.java:340)
	at businesscomponents.FunctionalComponents.clickOnFinishOrder(FunctionalComponents.java:782)
	at sun.reflect.NativeMethodAccessorImpl.invoke0(Native Method)
	at sun.reflect.NativeMethodAccessorImpl.invoke(Unknown Source)
	at sun.reflect.DelegatingMethodAccessorImpl.invoke(Unknown Source)
	at java.lang.reflect.Method.invoke(Unknown Source)
	at supportlibraries.DriverScript.invokeBusinessComponent(DriverScript.java:473)
	at supportlibraries.DriverScript.executeTestcase(DriverScript.java:424)
	at supportlibraries.DriverScript.executeTestIterations(DriverScript.java:378)
	at supportlibraries.DriverScript.driveTestExecution(DriverScript.java:97)
	at allocator.ParallelRunner.invokeTestScript(ParallelRunner.java:59)
	at allocator.ParallelRunner.run(ParallelRunner.java:40)
	at java.util.concurrent.ThreadPoolExecutor.runWorker(Unknown Source)
	at java.util.concurrent.ThreadPoolExecutor$Worker.run(Unknown Source)
	at java.lang.Thread.run(Unknown Source)
Caused by: org.openqa.selenium.remote.ErrorHandler$UnknownServerException: Unable to locate element: {"method":"xpath","selector":"//div[@class='row error errorMessages']//div[@class='errorMessagesList']//p"}
Build info: version: '2.41.0', revision: '3192d8a', time: '2014-03-27 17:18:15'
System info: host: 'CTSCE001372x', ip: '192.168.43.186', os.name: 'Windows 7', os.arch: 'amd64', os.version: '6.1', java.version: '1.7.0'
Driver info: driver.version: unknown
	at <anonymous class>.FirefoxDriver.prototype.findElementInternal_(file:///C:/Users/admin/AppData/Local/Temp/anonymous2235956719879559877webdriver-profile/extensions/fxdriver@googlecode.com/components/driver_component.js:8905)
	at <anonymous class>.FirefoxDriver.prototype.findElement(file:///C:/Users/admin/AppData/Local/Temp/anonymous2235956719879559877webdriver-profile/extensions/fxdriver@googlecode.com/components/driver_component.js:8914)
	at <anonymous class>.DelayedCommand.prototype.executeInternal_/h(file:///C:/Users/admin/AppData/Local/Temp/anonymous2235956719879559877webdriver-profile/extensions/fxdriver@googlecode.com/components/command_processor.js:10884)
	at <anonymous class>.DelayedCommand.prototype.executeInternal_(file:///C:/Users/admin/AppData/Local/Temp/anonymous2235956719879559877webdriver-profile/extensions/fxdriver@googlecode.com/components/command_processor.js:10889)
	at <anonymous class>.DelayedCommand.prototype.execute/<(file:///C:/Users/admin/AppData/Local/Temp/anonymous2235956719879559877webdriver-profile/extensions/fxdriver@googlecode.com/components/command_processor.js:10831)
org.openqa.selenium.NoSuchElementException: Unable to locate element: {"method":"xpath","selector":"//div[@id='phoneLogin']//div[@id='enterPhoneNumber']//input[@id='PhoneNumberBox']"}
Command duration or timeout: 0 milliseconds
For documentation on this error, please visit: http://seleniumhq.org/exceptions/no_such_element.html
Build info: version: '2.41.0', revision: '3192d8a', time: '2014-03-27 17:18:15'
System info: host: 'CTSCE001372x', ip: '127.0.0.1', os.name: 'Windows 7', os.arch: 'amd64', os.version: '6.1', java.version: '1.7.0'
Session ID: 4507b8f1-8bbc-4caa-9bb8-0d277b09cd54
Driver info: org.openqa.selenium.firefox.FirefoxDriver
Capabilities [{platform=XP, acceptSslCerts=true, javascriptEnabled=true, browserName=firefox, rotatable=false, locationContextEnabled=true, version=28.0, cssSelectorsEnabled=true, databaseEnabled=true, handlesAlerts=true, browserConnectionEnabled=true, nativeEvents=true, webStorageEnabled=true, applicationCacheEnabled=true, takesScreenshot=true}]
	at sun.reflect.GeneratedConstructorAccessor95.newInstance(Unknown Source)
	at sun.reflect.DelegatingConstructorAccessorImpl.newInstance(Unknown Source)
	at java.lang.reflect.Constructor.newInstance(Unknown Source)
	at org.openqa.selenium.remote.ErrorHandler.createThrowable(ErrorHandler.java:193)
	at org.openqa.selenium.remote.ErrorHandler.throwIfResponseFailed(ErrorHandler.java:145)
	at org.openqa.selenium.remote.RemoteWebDriver.execute(RemoteWebDriver.java:595)
	at org.openqa.selenium.remote.RemoteWebDriver.findElement(RemoteWebDriver.java:348)
	at org.openqa.selenium.remote.RemoteWebDriver.findElementByXPath(RemoteWebDriver.java:445)
	at org.openqa.selenium.By$ByXPath.findElement(By.java:357)
	at org.openqa.selenium.remote.RemoteWebDriver.findElement(RemoteWebDriver.java:340)
	at businesscomponents.FunctionalComponents.login(FunctionalComponents.java:431)
	at sun.reflect.GeneratedMethodAccessor12.invoke(Unknown Source)
	at sun.reflect.DelegatingMethodAccessorImpl.invoke(Unknown Source)
	at java.lang.reflect.Method.invoke(Unknown Source)
	at supportlibraries.DriverScript.invokeBusinessComponent(DriverScript.java:473)
	at supportlibraries.DriverScript.executeTestcase(DriverScript.java:424)
	at supportlibraries.DriverScript.executeTestIterations(DriverScript.java:378)
	at supportlibraries.DriverScript.driveTestExecution(DriverScript.java:97)
	at allocator.ParallelRunner.invokeTestScript(ParallelRunner.java:59)
	at allocator.ParallelRunner.run(ParallelRunner.java:40)
	at java.util.concurrent.ThreadPoolExecutor.runWorker(Unknown Source)
	at java.util.concurrent.ThreadPoolExecutor$Worker.run(Unknown Source)
	at java.lang.Thread.run(Unknown Source)
Caused by: org.openqa.selenium.remote.ErrorHandler$UnknownServerException: Unable to locate element: {"method":"xpath","selector":"//div[@id='phoneLogin']//div[@id='enterPhoneNumber']//input[@id='PhoneNumberBox']"}
Build info: version: '2.41.0', revision: '3192d8a', time: '2014-03-27 17:18:15'
System info: host: 'CTSCE001372x', ip: '127.0.0.1', os.name: 'Windows 7', os.arch: 'amd64', os.version: '6.1', java.version: '1.7.0'
Driver info: driver.version: unknown
	at <anonymous class>.FirefoxDriver.prototype.findElementInternal_(file:///C:/Users/admin/AppData/Local/Temp/anonymous4416239552739762637webdriver-profile/extensions/fxdriver@googlecode.com/components/driver_component.js:8905)
	at <anonymous class>.FirefoxDriver.prototype.findElement(file:///C:/Users/admin/AppData/Local/Temp/anonymous4416239552739762637webdriver-profile/extensions/fxdriver@googlecode.com/components/driver_component.js:8914)
	at <anonymous class>.DelayedCommand.prototype.executeInternal_/h(file:///C:/Users/admin/AppData/Local/Temp/anonymous4416239552739762637webdriver-profile/extensions/fxdriver@googlecode.com/components/command_processor.js:10884)
	at <anonymous class>.DelayedCommand.prototype.executeInternal_(file:///C:/Users/admin/AppData/Local/Temp/anonymous4416239552739762637webdriver-profile/extensions/fxdriver@googlecode.com/components/command_processor.js:10889)
	at <anonymous class>.DelayedCommand.prototype.execute/<(file:///C:/Users/admin/AppData/Local/Temp/anonymous4416239552739762637webdriver-profile/extensions/fxdriver@googlecode.com/components/command_processor.js:10831)
org.openqa.selenium.NoSuchElementException: Unable to locate element: {"method":"xpath","selector":"//form[@id='form1']//div//input[@id='txtUser']"}
Command duration or timeout: 7 milliseconds
For documentation on this error, please visit: http://seleniumhq.org/exceptions/no_such_element.html
Build info: version: '2.41.0', revision: '3192d8a', time: '2014-03-27 17:18:15'
System info: host: 'CTSCE001372x', ip: '127.0.0.1', os.name: 'Windows 7', os.arch: 'amd64', os.version: '6.1', java.version: '1.7.0'
Session ID: 8df469c8-678e-49d5-bfcb-77117294689a
Driver info: org.openqa.selenium.firefox.FirefoxDriver
Capabilities [{platform=XP, acceptSslCerts=true, javascriptEnabled=true, browserName=firefox, rotatable=false, locationContextEnabled=true, version=28.0, cssSelectorsEnabled=true, databaseEnabled=true, handlesAlerts=true, browserConnectionEnabled=true, nativeEvents=true, webStorageEnabled=true, applicationCacheEnabled=true, takesScreenshot=true}]
	at sun.reflect.GeneratedConstructorAccessor95.newInstance(Unknown Source)
	at sun.reflect.DelegatingConstructorAccessorImpl.newInstance(Unknown Source)
	at java.lang.reflect.Constructor.newInstance(Unknown Source)
	at org.openqa.selenium.remote.ErrorHandler.createThrowable(ErrorHandler.java:193)
	at org.openqa.selenium.remote.ErrorHandler.throwIfResponseFailed(ErrorHandler.java:145)
	at org.openqa.selenium.remote.RemoteWebDriver.execute(RemoteWebDriver.java:595)
	at org.openqa.selenium.remote.RemoteWebDriver.findElement(RemoteWebDriver.java:348)
	at org.openqa.selenium.remote.RemoteWebDriver.findElementByXPath(RemoteWebDriver.java:445)
	at org.openqa.selenium.By$ByXPath.findElement(By.java:357)
	at org.openqa.selenium.remote.RemoteWebDriver.findElement(RemoteWebDriver.java:340)
	at businesscomponents.FunctionalComponents.login(FunctionalComponents.java:424)
	at sun.reflect.GeneratedMethodAccessor12.invoke(Unknown Source)
	at sun.reflect.DelegatingMethodAccessorImpl.invoke(Unknown Source)
	at java.lang.reflect.Method.invoke(Unknown Source)
	at supportlibraries.DriverScript.invokeBusinessComponent(DriverScript.java:473)
	at supportlibraries.DriverScript.executeTestcase(DriverScript.java:424)
	at supportlibraries.DriverScript.executeTestIterations(DriverScript.java:378)
	at supportlibraries.DriverScript.driveTestExecution(DriverScript.java:97)
	at allocator.ParallelRunner.invokeTestScript(ParallelRunner.java:59)
	at allocator.ParallelRunner.run(ParallelRunner.java:40)
	at java.util.concurrent.ThreadPoolExecutor.runWorker(Unknown Source)
	at java.util.concurrent.ThreadPoolExecutor$Worker.run(Unknown Source)
	at java.lang.Thread.run(Unknown Source)
Caused by: org.openqa.selenium.remote.ErrorHandler$UnknownServerException: Unable to locate element: {"method":"xpath","selector":"//form[@id='form1']//div//input[@id='txtUser']"}
Build info: version: '2.41.0', revision: '3192d8a', time: '2014-03-27 17:18:15'
System info: host: 'CTSCE001372x', ip: '127.0.0.1', os.name: 'Windows 7', os.arch: 'amd64', os.version: '6.1', java.version: '1.7.0'
Driver info: driver.version: unknown
	at <anonymous class>.FirefoxDriver.prototype.findElementInternal_(file:///C:/Users/admin/AppData/Local/Temp/anonymous8344578310445949798webdriver-profile/extensions/fxdriver@googlecode.com/components/driver_component.js:8905)
	at <anonymous class>.FirefoxDriver.prototype.findElement(file:///C:/Users/admin/AppData/Local/Temp/anonymous8344578310445949798webdriver-profile/extensions/fxdriver@googlecode.com/components/driver_component.js:8914)
	at <anonymous class>.DelayedCommand.prototype.executeInternal_/h(file:///C:/Users/admin/AppData/Local/Temp/anonymous8344578310445949798webdriver-profile/extensions/fxdriver@googlecode.com/components/command_processor.js:10884)
	at <anonymous class>.DelayedCommand.prototype.executeInternal_(file:///C:/Users/admin/AppData/Local/Temp/anonymous8344578310445949798webdriver-profile/extensions/fxdriver@googlecode.com/components/command_processor.js:10889)
	at <anonymous class>.DelayedCommand.prototype.execute/<(file:///C:/Users/admin/AppData/Local/Temp/anonymous8344578310445949798webdriver-profile/extensions/fxdriver@googlecode.com/components/command_processor.js:10831)
org.openqa.selenium.TimeoutException: Timed out after 120 seconds waiting for businesscomponents.VerificationComponents$2@445ef7da
Build info: version: '2.41.0', revision: '3192d8a', time: '2014-03-27 17:18:15'
System info: host: 'CTSCE001372x', ip: '127.0.0.1', os.name: 'Windows 7', os.arch: 'amd64', os.version: '6.1', java.version: '1.7.0'
Driver info: driver.version: unknown
	at org.openqa.selenium.support.ui.FluentWait.timeoutException(FluentWait.java:259)
	at org.openqa.selenium.support.ui.FluentWait.until(FluentWait.java:228)
	at businesscomponents.VerificationComponents.fluentwait(VerificationComponents.java:2586)
	at businesscomponents.VerificationComponents.verifyOrderNumberDisplayedDashBoard(VerificationComponents.java:1064)
	at sun.reflect.NativeMethodAccessorImpl.invoke0(Native Method)
	at sun.reflect.NativeMethodAccessorImpl.invoke(Unknown Source)
	at sun.reflect.DelegatingMethodAccessorImpl.invoke(Unknown Source)
	at java.lang.reflect.Method.invoke(Unknown Source)
	at supportlibraries.DriverScript.invokeBusinessComponent(DriverScript.java:473)
	at supportlibraries.DriverScript.executeTestcase(DriverScript.java:424)
	at supportlibraries.DriverScript.executeTestIterations(DriverScript.java:378)
	at supportlibraries.DriverScript.driveTestExecution(DriverScript.java:97)
	at allocator.ParallelRunner.invokeTestScript(ParallelRunner.java:59)
	at allocator.ParallelRunner.run(ParallelRunner.java:40)
	at java.util.concurrent.ThreadPoolExecutor.runWorker(Unknown Source)
	at java.util.concurrent.ThreadPoolExecutor$Worker.run(Unknown Source)
	at java.lang.Thread.run(Unknown Source)
Caused by: org.openqa.selenium.NoSuchElementException: Unable to locate element: {"method":"xpath","selector":"//div[@id='completedOrderFilter']//form//div[@class='form']//fieldset[@class='container']//img[@style='display: none;']"}
Command duration or timeout: 0 milliseconds
For documentation on this error, please visit: http://seleniumhq.org/exceptions/no_such_element.html
Build info: version: '2.41.0', revision: '3192d8a', time: '2014-03-27 17:18:15'
System info: host: 'CTSCE001372x', ip: '127.0.0.1', os.name: 'Windows 7', os.arch: 'amd64', os.version: '6.1', java.version: '1.7.0'
Session ID: a405b535-82fb-446d-87ab-72169fadaeaa
Driver info: org.openqa.selenium.firefox.FirefoxDriver
Capabilities [{platform=XP, acceptSslCerts=true, javascriptEnabled=true, browserName=firefox, rotatable=false, locationContextEnabled=true, version=28.0, cssSelectorsEnabled=true, databaseEnabled=true, handlesAlerts=true, browserConnectionEnabled=true, nativeEvents=true, webStorageEnabled=true, applicationCacheEnabled=true, takesScreenshot=true}]
	at sun.reflect.GeneratedConstructorAccessor95.newInstance(Unknown Source)
	at sun.reflect.DelegatingConstructorAccessorImpl.newInstance(Unknown Source)
	at java.lang.reflect.Constructor.newInstance(Unknown Source)
	at org.openqa.selenium.remote.ErrorHandler.createThrowable(ErrorHandler.java:193)
	at org.openqa.selenium.remote.ErrorHandler.throwIfResponseFailed(ErrorHandler.java:145)
	at org.openqa.selenium.remote.RemoteWebDriver.execute(RemoteWebDriver.java:595)
	at org.openqa.selenium.remote.RemoteWebDriver.findElement(RemoteWebDriver.java:348)
	at org.openqa.selenium.remote.RemoteWebDriver.findElementByXPath(RemoteWebDriver.java:445)
	at org.openqa.selenium.By$ByXPath.findElement(By.java:357)
	at org.openqa.selenium.remote.RemoteWebDriver.findElement(RemoteWebDriver.java:340)
	at businesscomponents.VerificationComponents$2.apply(VerificationComponents.java:2588)
	at businesscomponents.VerificationComponents$2.apply(VerificationComponents.java:1)
	at org.openqa.selenium.support.ui.FluentWait.until(FluentWait.java:208)
	... 15 more
Caused by: org.openqa.selenium.remote.ErrorHandler$UnknownServerException: Unable to locate element: {"method":"xpath","selector":"//div[@id='completedOrderFilter']//form//div[@class='form']//fieldset[@class='container']//img[@style='display: none;']"}
Build info: version: '2.41.0', revision: '3192d8a', time: '2014-03-27 17:18:15'
System info: host: 'CTSCE001372x', ip: '127.0.0.1', os.name: 'Windows 7', os.arch: 'amd64', os.version: '6.1', java.version: '1.7.0'
Driver info: driver.version: unknown
	at <anonymous class>.FirefoxDriver.prototype.findElementInternal_(file:///C:/Users/admin/AppData/Local/Temp/anonymous1133148253695183950webdriver-profile/extensions/fxdriver@googlecode.com/components/driver_component.js:8905)
	at <anonymous class>.FirefoxDriver.prototype.findElement(file:///C:/Users/admin/AppData/Local/Temp/anonymous1133148253695183950webdriver-profile/extensions/fxdriver@googlecode.com/components/driver_component.js:8914)
	at <anonymous class>.DelayedCommand.prototype.executeInternal_/h(file:///C:/Users/admin/AppData/Local/Temp/anonymous1133148253695183950webdriver-profile/extensions/fxdriver@googlecode.com/components/command_processor.js:10884)
	at <anonymous class>.DelayedCommand.prototype.executeInternal_(file:///C:/Users/admin/AppData/Local/Temp/anonymous1133148253695183950webdriver-profile/extensions/fxdriver@googlecode.com/components/command_processor.js:10889)
	at <anonymous class>.DelayedCommand.prototype.execute/<(file:///C:/Users/admin/AppData/Local/Temp/anonymous1133148253695183950webdriver-profile/extensions/fxdriver@googlecode.com/components/command_processor.js:10831)
org.openqa.selenium.NoSuchElementException: Unable to locate element: {"method":"xpath","selector":"//form[@id='form1']//div//input[@id='txtUser']"}
Command duration or timeout: 8 milliseconds
For documentation on this error, please visit: http://seleniumhq.org/exceptions/no_such_element.html
Build info: version: '2.41.0', revision: '3192d8a', time: '2014-03-27 17:18:15'
System info: host: 'CTSCE001372x', ip: '127.0.0.1', os.name: 'Windows 7', os.arch: 'amd64', os.version: '6.1', java.version: '1.7.0'
Session ID: cd50fcfc-faec-4abf-b6a2-e960079097e6
Driver info: org.openqa.selenium.firefox.FirefoxDriver
Capabilities [{platform=XP, acceptSslCerts=true, javascriptEnabled=true, browserName=firefox, rotatable=false, locationContextEnabled=true, version=28.0, cssSelectorsEnabled=true, databaseEnabled=true, handlesAlerts=true, browserConnectionEnabled=true, nativeEvents=true, webStorageEnabled=true, applicationCacheEnabled=true, takesScreenshot=true}]
	at sun.reflect.GeneratedConstructorAccessor95.newInstance(Unknown Source)
	at sun.reflect.DelegatingConstructorAccessorImpl.newInstance(Unknown Source)
	at java.lang.reflect.Constructor.newInstance(Unknown Source)
	at org.openqa.selenium.remote.ErrorHandler.createThrowable(ErrorHandler.java:193)
	at org.openqa.selenium.remote.ErrorHandler.throwIfResponseFailed(ErrorHandler.java:145)
	at org.openqa.selenium.remote.RemoteWebDriver.execute(RemoteWebDriver.java:595)
	at org.openqa.selenium.remote.RemoteWebDriver.findElement(RemoteWebDriver.java:348)
	at org.openqa.selenium.remote.RemoteWebDriver.findElementByXPath(RemoteWebDriver.java:445)
	at org.openqa.selenium.By$ByXPath.findElement(By.java:357)
	at org.openqa.selenium.remote.RemoteWebDriver.findElement(RemoteWebDriver.java:340)
	at businesscomponents.FunctionalComponents.login(FunctionalComponents.java:424)
	at sun.reflect.GeneratedMethodAccessor12.invoke(Unknown Source)
	at sun.reflect.DelegatingMethodAccessorImpl.invoke(Unknown Source)
	at java.lang.reflect.Method.invoke(Unknown Source)
	at supportlibraries.DriverScript.invokeBusinessComponent(DriverScript.java:473)
	at supportlibraries.DriverScript.executeTestcase(DriverScript.java:424)
	at supportlibraries.DriverScript.executeTestIterations(DriverScript.java:378)
	at supportlibraries.DriverScript.driveTestExecution(DriverScript.java:97)
	at allocator.ParallelRunner.invokeTestScript(ParallelRunner.java:59)
	at allocator.ParallelRunner.run(ParallelRunner.java:40)
	at java.util.concurrent.ThreadPoolExecutor.runWorker(Unknown Source)
	at java.util.concurrent.ThreadPoolExecutor$Worker.run(Unknown Source)
	at java.lang.Thread.run(Unknown Source)
Caused by: org.openqa.selenium.remote.ErrorHandler$UnknownServerException: Unable to locate element: {"method":"xpath","selector":"//form[@id='form1']//div//input[@id='txtUser']"}
Build info: version: '2.41.0', revision: '3192d8a', time: '2014-03-27 17:18:15'
System info: host: 'CTSCE001372x', ip: '127.0.0.1', os.name: 'Windows 7', os.arch: 'amd64', os.version: '6.1', java.version: '1.7.0'
Driver info: driver.version: unknown
	at <anonymous class>.FirefoxDriver.prototype.findElementInternal_(file:///C:/Users/admin/AppData/Local/Temp/anonymous4050678935739147029webdriver-profile/extensions/fxdriver@googlecode.com/components/driver_component.js:8905)
	at <anonymous class>.FirefoxDriver.prototype.findElement(file:///C:/Users/admin/AppData/Local/Temp/anonymous4050678935739147029webdriver-profile/extensions/fxdriver@googlecode.com/components/driver_component.js:8914)
	at <anonymous class>.DelayedCommand.prototype.executeInternal_/h(file:///C:/Users/admin/AppData/Local/Temp/anonymous4050678935739147029webdriver-profile/extensions/fxdriver@googlecode.com/components/command_processor.js:10884)
	at <anonymous class>.DelayedCommand.prototype.executeInternal_(file:///C:/Users/admin/AppData/Local/Temp/anonymous4050678935739147029webdriver-profile/extensions/fxdriver@googlecode.com/components/command_processor.js:10889)
	at <anonymous class>.DelayedCommand.prototype.execute/<(file:///C:/Users/admin/AppData/Local/Temp/anonymous4050678935739147029webdriver-profile/extensions/fxdriver@googlecode.com/components/command_processor.js:10831)
org.openqa.selenium.TimeoutException: Timed out after 120 seconds waiting for businesscomponents.VerificationComponents$2@6afeeb2f
Build info: version: '2.41.0', revision: '3192d8a', time: '2014-03-27 17:18:15'
System info: host: 'CTSCE001372x', ip: '192.168.43.186', os.name: 'Windows 7', os.arch: 'amd64', os.version: '6.1', java.version: '1.7.0'
Driver info: driver.version: unknown
	at org.openqa.selenium.support.ui.FluentWait.timeoutException(FluentWait.java:259)
	at org.openqa.selenium.support.ui.FluentWait.until(FluentWait.java:228)
	at businesscomponents.VerificationComponents.fluentwait(VerificationComponents.java:2586)
	at businesscomponents.VerificationComponents.verifyTaskStatusOk(VerificationComponents.java:2460)
	at sun.reflect.NativeMethodAccessorImpl.invoke0(Native Method)
	at sun.reflect.NativeMethodAccessorImpl.invoke(Unknown Source)
	at sun.reflect.DelegatingMethodAccessorImpl.invoke(Unknown Source)
	at java.lang.reflect.Method.invoke(Unknown Source)
	at supportlibraries.DriverScript.invokeBusinessComponent(DriverScript.java:473)
	at supportlibraries.DriverScript.executeTestcase(DriverScript.java:424)
	at supportlibraries.DriverScript.executeTestIterations(DriverScript.java:378)
	at supportlibraries.DriverScript.driveTestExecution(DriverScript.java:97)
	at allocator.ParallelRunner.invokeTestScript(ParallelRunner.java:59)
	at allocator.ParallelRunner.run(ParallelRunner.java:40)
	at java.util.concurrent.ThreadPoolExecutor.runWorker(Unknown Source)
	at java.util.concurrent.ThreadPoolExecutor$Worker.run(Unknown Source)
	at java.lang.Thread.run(Unknown Source)
Caused by: org.openqa.selenium.NoSuchElementException: Unable to locate element: {"method":"xpath","selector":"//div[@id='completedOrderFilter']//form//div[@class='form']//fieldset[@class='container']//img[@style='display: none;']"}
Command duration or timeout: 511 milliseconds
For documentation on this error, please visit: http://seleniumhq.org/exceptions/no_such_element.html
Build info: version: '2.41.0', revision: '3192d8a', time: '2014-03-27 17:18:15'
System info: host: 'CTSCE001372x', ip: '192.168.43.186', os.name: 'Windows 7', os.arch: 'amd64', os.version: '6.1', java.version: '1.7.0'
Session ID: c4f19324-98fe-4a16-a887-93c1589e6c9c
Driver info: org.openqa.selenium.firefox.FirefoxDriver
Capabilities [{platform=XP, acceptSslCerts=true, javascriptEnabled=true, browserName=firefox, rotatable=false, locationContextEnabled=true, version=28.0, cssSelectorsEnabled=true, databaseEnabled=true, handlesAlerts=true, browserConnectionEnabled=true, nativeEvents=true, webStorageEnabled=true, applicationCacheEnabled=true, takesScreenshot=true}]
	at sun.reflect.GeneratedConstructorAccessor95.newInstance(Unknown Source)
	at sun.reflect.DelegatingConstructorAccessorImpl.newInstance(Unknown Source)
	at java.lang.reflect.Constructor.newInstance(Unknown Source)
	at org.openqa.selenium.remote.ErrorHandler.createThrowable(ErrorHandler.java:193)
	at org.openqa.selenium.remote.ErrorHandler.throwIfResponseFailed(ErrorHandler.java:145)
	at org.openqa.selenium.remote.RemoteWebDriver.execute(RemoteWebDriver.java:595)
	at org.openqa.selenium.remote.RemoteWebDriver.findElement(RemoteWebDriver.java:348)
	at org.openqa.selenium.remote.RemoteWebDriver.findElementByXPath(RemoteWebDriver.java:445)
	at org.openqa.selenium.By$ByXPath.findElement(By.java:357)
	at org.openqa.selenium.remote.RemoteWebDriver.findElement(RemoteWebDriver.java:340)
	at businesscomponents.VerificationComponents$2.apply(VerificationComponents.java:2588)
	at businesscomponents.VerificationComponents$2.apply(VerificationComponents.java:1)
	at org.openqa.selenium.support.ui.FluentWait.until(FluentWait.java:208)
	... 15 more
Caused by: org.openqa.selenium.remote.ErrorHandler$UnknownServerException: Unable to locate element: {"method":"xpath","selector":"//div[@id='completedOrderFilter']//form//div[@class='form']//fieldset[@class='container']//img[@style='display: none;']"}
Build info: version: '2.41.0', revision: '3192d8a', time: '2014-03-27 17:18:15'
System info: host: 'CTSCE001372x', ip: '192.168.43.186', os.name: 'Windows 7', os.arch: 'amd64', os.version: '6.1', java.version: '1.7.0'
Driver info: driver.version: unknown
	at <anonymous class>.FirefoxDriver.prototype.findElementInternal_(file:///C:/Users/admin/AppData/Local/Temp/anonymous6522071067363400762webdriver-profile/extensions/fxdriver@googlecode.com/components/driver_component.js:8905)
	at <anonymous class>.FirefoxDriver.prototype.findElement(file:///C:/Users/admin/AppData/Local/Temp/anonymous6522071067363400762webdriver-profile/extensions/fxdriver@googlecode.com/components/driver_component.js:8914)
	at <anonymous class>.DelayedCommand.prototype.executeInternal_/h(file:///C:/Users/admin/AppData/Local/Temp/anonymous6522071067363400762webdriver-profile/extensions/fxdriver@googlecode.com/components/command_processor.js:10884)
	at <anonymous class>.DelayedCommand.prototype.executeInternal_(file:///C:/Users/admin/AppData/Local/Temp/anonymous6522071067363400762webdriver-profile/extensions/fxdriver@googlecode.com/components/command_processor.js:10889)
	at <anonymous class>.DelayedCommand.prototype.execute/<(file:///C:/Users/admin/AppData/Local/Temp/anonymous6522071067363400762webdriver-profile/extensions/fxdriver@googlecode.com/components/command_processor.js:10831)
org.openqa.selenium.TimeoutException: Timed out after 40 seconds waiting for businesscomponents.FunctionalComponents$2@33a3f65a
Build info: version: '2.41.0', revision: '3192d8a', time: '2014-03-27 17:18:15'
System info: host: 'CTSCE001372x', ip: '192.168.43.186', os.name: 'Windows 7', os.arch: 'amd64', os.version: '6.1', java.version: '1.7.0'
Driver info: driver.version: unknown
	at org.openqa.selenium.support.ui.FluentWait.timeoutException(FluentWait.java:259)
	at org.openqa.selenium.support.ui.FluentWait.until(FluentWait.java:228)
	at businesscomponents.FunctionalComponents.fluentwait(FunctionalComponents.java:3689)
	at businesscomponents.FunctionalComponents.cnetSearch(FunctionalComponents.java:1750)
	at sun.reflect.NativeMethodAccessorImpl.invoke0(Native Method)
	at sun.reflect.NativeMethodAccessorImpl.invoke(Unknown Source)
	at sun.reflect.DelegatingMethodAccessorImpl.invoke(Unknown Source)
	at java.lang.reflect.Method.invoke(Unknown Source)
	at supportlibraries.DriverScript.invokeBusinessComponent(DriverScript.java:473)
	at supportlibraries.DriverScript.executeTestcase(DriverScript.java:424)
	at supportlibraries.DriverScript.executeTestIterations(DriverScript.java:378)
	at supportlibraries.DriverScript.driveTestExecution(DriverScript.java:97)
	at allocator.ParallelRunner.invokeTestScript(ParallelRunner.java:59)
	at allocator.ParallelRunner.run(ParallelRunner.java:40)
	at java.util.concurrent.ThreadPoolExecutor.runWorker(Unknown Source)
	at java.util.concurrent.ThreadPoolExecutor$Worker.run(Unknown Source)
	at java.lang.Thread.run(Unknown Source)
Caused by: org.openqa.selenium.NoSuchElementException: Unable to locate element: {"method":"xpath","selector":"//div[@id='searchResult']//div[@class='row']//div//a[@class='cnet']//div"}
Command duration or timeout: 812.69 seconds
For documentation on this error, please visit: http://seleniumhq.org/exceptions/no_such_element.html
Build info: version: '2.41.0', revision: '3192d8a', time: '2014-03-27 17:18:15'
System info: host: 'CTSCE001372x', ip: '192.168.43.186', os.name: 'Windows 7', os.arch: 'amd64', os.version: '6.1', java.version: '1.7.0'
Session ID: 85f3a2ae-0746-4444-94ff-83be747e057a
Driver info: org.openqa.selenium.firefox.FirefoxDriver
Capabilities [{platform=XP, acceptSslCerts=true, javascriptEnabled=true, browserName=firefox, rotatable=false, locationContextEnabled=true, version=28.0, cssSelectorsEnabled=true, databaseEnabled=true, handlesAlerts=true, browserConnectionEnabled=true, nativeEvents=true, webStorageEnabled=true, applicationCacheEnabled=true, takesScreenshot=true}]
	at sun.reflect.GeneratedConstructorAccessor95.newInstance(Unknown Source)
	at sun.reflect.DelegatingConstructorAccessorImpl.newInstance(Unknown Source)
	at java.lang.reflect.Constructor.newInstance(Unknown Source)
	at org.openqa.selenium.remote.ErrorHandler.createThrowable(ErrorHandler.java:193)
	at org.openqa.selenium.remote.ErrorHandler.throwIfResponseFailed(ErrorHandler.java:145)
	at org.openqa.selenium.remote.RemoteWebDriver.execute(RemoteWebDriver.java:595)
	at org.openqa.selenium.remote.RemoteWebDriver.findElement(RemoteWebDriver.java:348)
	at org.openqa.selenium.remote.RemoteWebDriver.findElementByXPath(RemoteWebDriver.java:445)
	at org.openqa.selenium.By$ByXPath.findElement(By.java:357)
	at org.openqa.selenium.remote.RemoteWebDriver.findElement(RemoteWebDriver.java:340)
	at businesscomponents.FunctionalComponents$2.apply(FunctionalComponents.java:3691)
	at businesscomponents.FunctionalComponents$2.apply(FunctionalComponents.java:1)
	at org.openqa.selenium.support.ui.FluentWait.until(FluentWait.java:208)
	... 15 more
Caused by: org.openqa.selenium.remote.ErrorHandler$UnknownServerException: Unable to locate element: {"method":"xpath","selector":"//div[@id='searchResult']//div[@class='row']//div//a[@class='cnet']//div"}
Build info: version: '2.41.0', revision: '3192d8a', time: '2014-03-27 17:18:15'
System info: host: 'CTSCE001372x', ip: '192.168.43.186', os.name: 'Windows 7', os.arch: 'amd64', os.version: '6.1', java.version: '1.7.0'
Driver info: driver.version: unknown
	at <anonymous class>.FirefoxDriver.prototype.findElementInternal_(file:///C:/Users/admin/AppData/Local/Temp/anonymous4392579066013567785webdriver-profile/extensions/fxdriver@googlecode.com/components/driver_component.js:8905)
	at <anonymous class>.FirefoxDriver.prototype.findElement(file:///C:/Users/admin/AppData/Local/Temp/anonymous4392579066013567785webdriver-profile/extensions/fxdriver@googlecode.com/components/driver_component.js:8914)
	at <anonymous class>.DelayedCommand.prototype.executeInternal_/h(file:///C:/Users/admin/AppData/Local/Temp/anonymous4392579066013567785webdriver-profile/extensions/fxdriver@googlecode.com/components/command_processor.js:10884)
	at <anonymous class>.DelayedCommand.prototype.executeInternal_(file:///C:/Users/admin/AppData/Local/Temp/anonymous4392579066013567785webdriver-profile/extensions/fxdriver@googlecode.com/components/command_processor.js:10889)
	at <anonymous class>.DelayedCommand.prototype.execute/<(file:///C:/Users/admin/AppData/Local/Temp/anonymous4392579066013567785webdriver-profile/extensions/fxdriver@googlecode.com/components/command_processor.js:10831)
org.openqa.selenium.NoSuchElementException: Unable to locate element: {"method":"xpath","selector":"//div[@id='mainmenu']//li[@class='section']//a[@class='sub' and contains(text(),'Bruker')]"}
Command duration or timeout: 6 milliseconds
For documentation on this error, please visit: http://seleniumhq.org/exceptions/no_such_element.html
Build info: version: '2.41.0', revision: '3192d8a', time: '2014-03-27 17:18:15'
System info: host: 'CTSCE001372x', ip: '192.168.43.186', os.name: 'Windows 7', os.arch: 'amd64', os.version: '6.1', java.version: '1.7.0'
Session ID: 79511dc1-5967-4a16-b366-9a1ceaa3edb5
Driver info: org.openqa.selenium.firefox.FirefoxDriver
Capabilities [{platform=XP, acceptSslCerts=true, javascriptEnabled=true, browserName=firefox, rotatable=false, locationContextEnabled=true, version=28.0, cssSelectorsEnabled=true, databaseEnabled=true, handlesAlerts=true, browserConnectionEnabled=true, nativeEvents=true, webStorageEnabled=true, applicationCacheEnabled=true, takesScreenshot=true}]
	at sun.reflect.GeneratedConstructorAccessor95.newInstance(Unknown Source)
	at sun.reflect.DelegatingConstructorAccessorImpl.newInstance(Unknown Source)
	at java.lang.reflect.Constructor.newInstance(Unknown Source)
	at org.openqa.selenium.remote.ErrorHandler.createThrowable(ErrorHandler.java:193)
	at org.openqa.selenium.remote.ErrorHandler.throwIfResponseFailed(ErrorHandler.java:145)
	at org.openqa.selenium.remote.RemoteWebDriver.execute(RemoteWebDriver.java:595)
	at org.openqa.selenium.remote.RemoteWebDriver.findElement(RemoteWebDriver.java:348)
	at org.openqa.selenium.remote.RemoteWebDriver.findElementByXPath(RemoteWebDriver.java:445)
	at org.openqa.selenium.By$ByXPath.findElement(By.java:357)
	at org.openqa.selenium.remote.RemoteWebDriver.findElement(RemoteWebDriver.java:340)
	at businesscomponents.FunctionalComponents.createUser(FunctionalComponents.java:1914)
	at sun.reflect.NativeMethodAccessorImpl.invoke0(Native Method)
	at sun.reflect.NativeMethodAccessorImpl.invoke(Unknown Source)
	at sun.reflect.DelegatingMethodAccessorImpl.invoke(Unknown Source)
	at java.lang.reflect.Method.invoke(Unknown Source)
	at supportlibraries.DriverScript.invokeBusinessComponent(DriverScript.java:473)
	at supportlibraries.DriverScript.executeTestcase(DriverScript.java:424)
	at supportlibraries.DriverScript.executeTestIterations(DriverScript.java:378)
	at supportlibraries.DriverScript.driveTestExecution(DriverScript.java:97)
	at allocator.ParallelRunner.invokeTestScript(ParallelRunner.java:59)
	at allocator.ParallelRunner.run(ParallelRunner.java:40)
	at java.util.concurrent.ThreadPoolExecutor.runWorker(Unknown Source)
	at java.util.concurrent.ThreadPoolExecutor$Worker.run(Unknown Source)
	at java.lang.Thread.run(Unknown Source)
Caused by: org.openqa.selenium.remote.ErrorHandler$UnknownServerException: Unable to locate element: {"method":"xpath","selector":"//div[@id='mainmenu']//li[@class='section']//a[@class='sub' and contains(text(),'Bruker')]"}
Build info: version: '2.41.0', revision: '3192d8a', time: '2014-03-27 17:18:15'
System info: host: 'CTSCE001372x', ip: '192.168.43.186', os.name: 'Windows 7', os.arch: 'amd64', os.version: '6.1', java.version: '1.7.0'
Driver info: driver.version: unknown
	at <anonymous class>.FirefoxDriver.prototype.findElementInternal_(file:///C:/Users/admin/AppData/Local/Temp/anonymous652117055859136802webdriver-profile/extensions/fxdriver@googlecode.com/components/driver_component.js:8905)
	at <anonymous class>.FirefoxDriver.prototype.findElement(file:///C:/Users/admin/AppData/Local/Temp/anonymous652117055859136802webdriver-profile/extensions/fxdriver@googlecode.com/components/driver_component.js:8914)
	at <anonymous class>.DelayedCommand.prototype.executeInternal_/h(file:///C:/Users/admin/AppData/Local/Temp/anonymous652117055859136802webdriver-profile/extensions/fxdriver@googlecode.com/components/command_processor.js:10884)
	at <anonymous class>.DelayedCommand.prototype.executeInternal_(file:///C:/Users/admin/AppData/Local/Temp/anonymous652117055859136802webdriver-profile/extensions/fxdriver@googlecode.com/components/command_processor.js:10889)
	at <anonymous class>.DelayedCommand.prototype.execute/<(file:///C:/Users/admin/AppData/Local/Temp/anonymous652117055859136802webdriver-profile/extensions/fxdriver@googlecode.com/components/command_processor.js:10831)
org.openqa.selenium.NoSuchElementException: Unable to locate element: {"method":"xpath","selector":"//div[@id='mainmenu']//ul//li[@class='section']//a[@class='sub' and contains(text(),'Admin')]"}
Command duration or timeout: 9 milliseconds
For documentation on this error, please visit: http://seleniumhq.org/exceptions/no_such_element.html
Build info: version: '2.41.0', revision: '3192d8a', time: '2014-03-27 17:18:15'
System info: host: 'CTSCE001372x', ip: '192.168.43.186', os.name: 'Windows 7', os.arch: 'amd64', os.version: '6.1', java.version: '1.7.0'
Session ID: 82388df7-f46c-4315-ace6-61b0643195ad
Driver info: org.openqa.selenium.firefox.FirefoxDriver
Capabilities [{platform=XP, acceptSslCerts=true, javascriptEnabled=true, browserName=firefox, rotatable=false, locationContextEnabled=true, version=28.0, cssSelectorsEnabled=true, databaseEnabled=true, handlesAlerts=true, browserConnectionEnabled=true, nativeEvents=true, webStorageEnabled=true, applicationCacheEnabled=true, takesScreenshot=true}]
	at sun.reflect.GeneratedConstructorAccessor95.newInstance(Unknown Source)
	at sun.reflect.DelegatingConstructorAccessorImpl.newInstance(Unknown Source)
	at java.lang.reflect.Constructor.newInstance(Unknown Source)
	at org.openqa.selenium.remote.ErrorHandler.createThrowable(ErrorHandler.java:193)
	at org.openqa.selenium.remote.ErrorHandler.throwIfResponseFailed(ErrorHandler.java:145)
	at org.openqa.selenium.remote.RemoteWebDriver.execute(RemoteWebDriver.java:595)
	at org.openqa.selenium.remote.RemoteWebDriver.findElement(RemoteWebDriver.java:348)
	at org.openqa.selenium.remote.RemoteWebDriver.findElementByXPath(RemoteWebDriver.java:445)
	at org.openqa.selenium.By$ByXPath.findElement(By.java:357)
	at org.openqa.selenium.remote.RemoteWebDriver.findElement(RemoteWebDriver.java:340)
	at businesscomponents.FunctionalComponents.addingCategories(FunctionalComponents.java:2335)
	at sun.reflect.NativeMethodAccessorImpl.invoke0(Native Method)
	at sun.reflect.NativeMethodAccessorImpl.invoke(Unknown Source)
	at sun.reflect.DelegatingMethodAccessorImpl.invoke(Unknown Source)
	at java.lang.reflect.Method.invoke(Unknown Source)
	at supportlibraries.DriverScript.invokeBusinessComponent(DriverScript.java:473)
	at supportlibraries.DriverScript.executeTestcase(DriverScript.java:424)
	at supportlibraries.DriverScript.executeTestIterations(DriverScript.java:378)
	at supportlibraries.DriverScript.driveTestExecution(DriverScript.java:97)
	at allocator.ParallelRunner.invokeTestScript(ParallelRunner.java:59)
	at allocator.ParallelRunner.run(ParallelRunner.java:40)
	at java.util.concurrent.ThreadPoolExecutor.runWorker(Unknown Source)
	at java.util.concurrent.ThreadPoolExecutor$Worker.run(Unknown Source)
	at java.lang.Thread.run(Unknown Source)
Caused by: org.openqa.selenium.remote.ErrorHandler$UnknownServerException: Unable to locate element: {"method":"xpath","selector":"//div[@id='mainmenu']//ul//li[@class='section']//a[@class='sub' and contains(text(),'Admin')]"}
Build info: version: '2.41.0', revision: '3192d8a', time: '2014-03-27 17:18:15'
System info: host: 'CTSCE001372x', ip: '192.168.43.186', os.name: 'Windows 7', os.arch: 'amd64', os.version: '6.1', java.version: '1.7.0'
Driver info: driver.version: unknown
	at <anonymous class>.FirefoxDriver.prototype.findElementInternal_(file:///C:/Users/admin/AppData/Local/Temp/anonymous813673915748158996webdriver-profile/extensions/fxdriver@googlecode.com/components/driver_component.js:8905)
	at <anonymous class>.FirefoxDriver.prototype.findElement(file:///C:/Users/admin/AppData/Local/Temp/anonymous813673915748158996webdriver-profile/extensions/fxdriver@googlecode.com/components/driver_component.js:8914)
	at <anonymous class>.DelayedCommand.prototype.executeInternal_/h(file:///C:/Users/admin/AppData/Local/Temp/anonymous813673915748158996webdriver-profile/extensions/fxdriver@googlecode.com/components/command_processor.js:10884)
	at <anonymous class>.DelayedCommand.prototype.executeInternal_(file:///C:/Users/admin/AppData/Local/Temp/anonymous813673915748158996webdriver-profile/extensions/fxdriver@googlecode.com/components/command_processor.js:10889)
	at <anonymous class>.DelayedCommand.prototype.execute/<(file:///C:/Users/admin/AppData/Local/Temp/anonymous813673915748158996webdriver-profile/extensions/fxdriver@googlecode.com/components/command_processor.js:10831)
org.openqa.selenium.NoSuchElementException: Unable to locate element: {"method":"xpath","selector":"//div[@id='mainmenu']//ul//li[@class='section']//a[@class='sub' and contains(text(),'Produkt')]"}
Command duration or timeout: 8 milliseconds
For documentation on this error, please visit: http://seleniumhq.org/exceptions/no_such_element.html
Build info: version: '2.41.0', revision: '3192d8a', time: '2014-03-27 17:18:15'
System info: host: 'CTSCE001372x', ip: '192.168.43.186', os.name: 'Windows 7', os.arch: 'amd64', os.version: '6.1', java.version: '1.7.0'
Session ID: 82388df7-f46c-4315-ace6-61b0643195ad
Driver info: org.openqa.selenium.firefox.FirefoxDriver
Capabilities [{platform=XP, acceptSslCerts=true, javascriptEnabled=true, browserName=firefox, rotatable=false, locationContextEnabled=true, version=28.0, cssSelectorsEnabled=true, databaseEnabled=true, handlesAlerts=true, browserConnectionEnabled=true, nativeEvents=true, webStorageEnabled=true, applicationCacheEnabled=true, takesScreenshot=true}]
	at sun.reflect.GeneratedConstructorAccessor95.newInstance(Unknown Source)
	at sun.reflect.DelegatingConstructorAccessorImpl.newInstance(Unknown Source)
	at java.lang.reflect.Constructor.newInstance(Unknown Source)
	at org.openqa.selenium.remote.ErrorHandler.createThrowable(ErrorHandler.java:193)
	at org.openqa.selenium.remote.ErrorHandler.throwIfResponseFailed(ErrorHandler.java:145)
	at org.openqa.selenium.remote.RemoteWebDriver.execute(RemoteWebDriver.java:595)
	at org.openqa.selenium.remote.RemoteWebDriver.findElement(RemoteWebDriver.java:348)
	at org.openqa.selenium.remote.RemoteWebDriver.findElementByXPath(RemoteWebDriver.java:445)
	at org.openqa.selenium.By$ByXPath.findElement(By.java:357)
	at org.openqa.selenium.remote.RemoteWebDriver.findElement(RemoteWebDriver.java:340)
	at businesscomponents.FunctionalComponents.addingCategories(FunctionalComponents.java:2366)
	at sun.reflect.NativeMethodAccessorImpl.invoke0(Native Method)
	at sun.reflect.NativeMethodAccessorImpl.invoke(Unknown Source)
	at sun.reflect.DelegatingMethodAccessorImpl.invoke(Unknown Source)
	at java.lang.reflect.Method.invoke(Unknown Source)
	at supportlibraries.DriverScript.invokeBusinessComponent(DriverScript.java:473)
	at supportlibraries.DriverScript.executeTestcase(DriverScript.java:424)
	at supportlibraries.DriverScript.executeTestIterations(DriverScript.java:378)
	at supportlibraries.DriverScript.driveTestExecution(DriverScript.java:97)
	at allocator.ParallelRunner.invokeTestScript(ParallelRunner.java:59)
	at allocator.ParallelRunner.run(ParallelRunner.java:40)
	at java.util.concurrent.ThreadPoolExecutor.runWorker(Unknown Source)
	at java.util.concurrent.ThreadPoolExecutor$Worker.run(Unknown Source)
	at java.lang.Thread.run(Unknown Source)
Caused by: org.openqa.selenium.remote.ErrorHandler$UnknownServerException: Unable to locate element: {"method":"xpath","selector":"//div[@id='mainmenu']//ul//li[@class='section']//a[@class='sub' and contains(text(),'Produkt')]"}
Build info: version: '2.41.0', revision: '3192d8a', time: '2014-03-27 17:18:15'
System info: host: 'CTSCE001372x', ip: '192.168.43.186', os.name: 'Windows 7', os.arch: 'amd64', os.version: '6.1', java.version: '1.7.0'
Driver info: driver.version: unknown
	at <anonymous class>.FirefoxDriver.prototype.findElementInternal_(file:///C:/Users/admin/AppData/Local/Temp/anonymous813673915748158996webdriver-profile/extensions/fxdriver@googlecode.com/components/driver_component.js:8905)
	at <anonymous class>.FirefoxDriver.prototype.findElement(file:///C:/Users/admin/AppData/Local/Temp/anonymous813673915748158996webdriver-profile/extensions/fxdriver@googlecode.com/components/driver_component.js:8914)
	at <anonymous class>.DelayedCommand.prototype.executeInternal_/h(file:///C:/Users/admin/AppData/Local/Temp/anonymous813673915748158996webdriver-profile/extensions/fxdriver@googlecode.com/components/command_processor.js:10884)
	at <anonymous class>.DelayedCommand.prototype.executeInternal_(file:///C:/Users/admin/AppData/Local/Temp/anonymous813673915748158996webdriver-profile/extensions/fxdriver@googlecode.com/components/command_processor.js:10889)
	at <anonymous class>.DelayedCommand.prototype.execute/<(file:///C:/Users/admin/AppData/Local/Temp/anonymous813673915748158996webdriver-profile/extensions/fxdriver@googlecode.com/components/command_processor.js:10831)
org.openqa.selenium.NoSuchElementException: Unable to locate element: {"method":"xpath","selector":"//div[@class='main-content']//ul[@id='thirdLevel']//li[last()]//input[1]"}
Command duration or timeout: 9 milliseconds
For documentation on this error, please visit: http://seleniumhq.org/exceptions/no_such_element.html
Build info: version: '2.41.0', revision: '3192d8a', time: '2014-03-27 17:18:15'
System info: host: 'CTSCE001372x', ip: '192.168.43.186', os.name: 'Windows 7', os.arch: 'amd64', os.version: '6.1', java.version: '1.7.0'
Session ID: 82388df7-f46c-4315-ace6-61b0643195ad
Driver info: org.openqa.selenium.firefox.FirefoxDriver
Capabilities [{platform=XP, acceptSslCerts=true, javascriptEnabled=true, browserName=firefox, rotatable=false, locationContextEnabled=true, version=28.0, cssSelectorsEnabled=true, databaseEnabled=true, handlesAlerts=true, browserConnectionEnabled=true, nativeEvents=true, webStorageEnabled=true, applicationCacheEnabled=true, takesScreenshot=true}]
	at sun.reflect.GeneratedConstructorAccessor95.newInstance(Unknown Source)
	at sun.reflect.DelegatingConstructorAccessorImpl.newInstance(Unknown Source)
	at java.lang.reflect.Constructor.newInstance(Unknown Source)
	at org.openqa.selenium.remote.ErrorHandler.createThrowable(ErrorHandler.java:193)
	at org.openqa.selenium.remote.ErrorHandler.throwIfResponseFailed(ErrorHandler.java:145)
	at org.openqa.selenium.remote.RemoteWebDriver.execute(RemoteWebDriver.java:595)
	at org.openqa.selenium.remote.RemoteWebDriver.findElement(RemoteWebDriver.java:348)
	at org.openqa.selenium.remote.RemoteWebDriver.findElementByXPath(RemoteWebDriver.java:445)
	at org.openqa.selenium.By$ByXPath.findElement(By.java:357)
	at org.openqa.selenium.remote.RemoteWebDriver.findElement(RemoteWebDriver.java:340)
	at webdriverhelper.WebElementVerificationUtils.verifyAndCheckCheckbox(WebElementVerificationUtils.java:256)
	at businesscomponents.FunctionalComponents.addingCategories(FunctionalComponents.java:2388)
	at sun.reflect.NativeMethodAccessorImpl.invoke0(Native Method)
	at sun.reflect.NativeMethodAccessorImpl.invoke(Unknown Source)
	at sun.reflect.DelegatingMethodAccessorImpl.invoke(Unknown Source)
	at java.lang.reflect.Method.invoke(Unknown Source)
	at supportlibraries.DriverScript.invokeBusinessComponent(DriverScript.java:473)
	at supportlibraries.DriverScript.executeTestcase(DriverScript.java:424)
	at supportlibraries.DriverScript.executeTestIterations(DriverScript.java:378)
	at supportlibraries.DriverScript.driveTestExecution(DriverScript.java:97)
	at allocator.ParallelRunner.invokeTestScript(ParallelRunner.java:59)
	at allocator.ParallelRunner.run(ParallelRunner.java:40)
	at java.util.concurrent.ThreadPoolExecutor.runWorker(Unknown Source)
	at java.util.concurrent.ThreadPoolExecutor$Worker.run(Unknown Source)
	at java.lang.Thread.run(Unknown Source)
Caused by: org.openqa.selenium.remote.ErrorHandler$UnknownServerException: Unable to locate element: {"method":"xpath","selector":"//div[@class='main-content']//ul[@id='thirdLevel']//li[last()]//input[1]"}
Build info: version: '2.41.0', revision: '3192d8a', time: '2014-03-27 17:18:15'
System info: host: 'CTSCE001372x', ip: '192.168.43.186', os.name: 'Windows 7', os.arch: 'amd64', os.version: '6.1', java.version: '1.7.0'
Driver info: driver.version: unknown
	at <anonymous class>.FirefoxDriver.prototype.findElementInternal_(file:///C:/Users/admin/AppData/Local/Temp/anonymous813673915748158996webdriver-profile/extensions/fxdriver@googlecode.com/components/driver_component.js:8905)
	at <anonymous class>.FirefoxDriver.prototype.findElement(file:///C:/Users/admin/AppData/Local/Temp/anonymous813673915748158996webdriver-profile/extensions/fxdriver@googlecode.com/components/driver_component.js:8914)
	at <anonymous class>.DelayedCommand.prototype.executeInternal_/h(file:///C:/Users/admin/AppData/Local/Temp/anonymous813673915748158996webdriver-profile/extensions/fxdriver@googlecode.com/components/command_processor.js:10884)
	at <anonymous class>.DelayedCommand.prototype.executeInternal_(file:///C:/Users/admin/AppData/Local/Temp/anonymous813673915748158996webdriver-profile/extensions/fxdriver@googlecode.com/components/command_processor.js:10889)
	at <anonymous class>.DelayedCommand.prototype.execute/<(file:///C:/Users/admin/AppData/Local/Temp/anonymous813673915748158996webdriver-profile/extensions/fxdriver@googlecode.com/components/command_processor.js:10831)
org.openqa.selenium.NoSuchElementException: Unable to locate element: {"method":"xpath","selector":"//div[@id='mainmenu']//ul//li[@class='section']//a[@class='sub' and contains(text(),'Admin')]"}
Command duration or timeout: 9 milliseconds
For documentation on this error, please visit: http://seleniumhq.org/exceptions/no_such_element.html
Build info: version: '2.41.0', revision: '3192d8a', time: '2014-03-27 17:18:15'
System info: host: 'CTSCE001372x', ip: '192.168.43.186', os.name: 'Windows 7', os.arch: 'amd64', os.version: '6.1', java.version: '1.7.0'
Session ID: 82388df7-f46c-4315-ace6-61b0643195ad
Driver info: org.openqa.selenium.firefox.FirefoxDriver
Capabilities [{platform=XP, acceptSslCerts=true, javascriptEnabled=true, browserName=firefox, rotatable=false, locationContextEnabled=true, version=28.0, cssSelectorsEnabled=true, databaseEnabled=true, handlesAlerts=true, browserConnectionEnabled=true, nativeEvents=true, webStorageEnabled=true, applicationCacheEnabled=true, takesScreenshot=true}]
	at sun.reflect.GeneratedConstructorAccessor95.newInstance(Unknown Source)
	at sun.reflect.DelegatingConstructorAccessorImpl.newInstance(Unknown Source)
	at java.lang.reflect.Constructor.newInstance(Unknown Source)
	at org.openqa.selenium.remote.ErrorHandler.createThrowable(ErrorHandler.java:193)
	at org.openqa.selenium.remote.ErrorHandler.throwIfResponseFailed(ErrorHandler.java:145)
	at org.openqa.selenium.remote.RemoteWebDriver.execute(RemoteWebDriver.java:595)
	at org.openqa.selenium.remote.RemoteWebDriver.findElement(RemoteWebDriver.java:348)
	at org.openqa.selenium.remote.RemoteWebDriver.findElementByXPath(RemoteWebDriver.java:445)
	at org.openqa.selenium.By$ByXPath.findElement(By.java:357)
	at org.openqa.selenium.remote.RemoteWebDriver.findElement(RemoteWebDriver.java:340)
	at businesscomponents.FunctionalComponents.addingCategories(FunctionalComponents.java:2472)
	at sun.reflect.NativeMethodAccessorImpl.invoke0(Native Method)
	at sun.reflect.NativeMethodAccessorImpl.invoke(Unknown Source)
	at sun.reflect.DelegatingMethodAccessorImpl.invoke(Unknown Source)
	at java.lang.reflect.Method.invoke(Unknown Source)
	at supportlibraries.DriverScript.invokeBusinessComponent(DriverScript.java:473)
	at supportlibraries.DriverScript.executeTestcase(DriverScript.java:424)
	at supportlibraries.DriverScript.executeTestIterations(DriverScript.java:378)
	at supportlibraries.DriverScript.driveTestExecution(DriverScript.java:97)
	at allocator.ParallelRunner.invokeTestScript(ParallelRunner.java:59)
	at allocator.ParallelRunner.run(ParallelRunner.java:40)
	at java.util.concurrent.ThreadPoolExecutor.runWorker(Unknown Source)
	at java.util.concurrent.ThreadPoolExecutor$Worker.run(Unknown Source)
	at java.lang.Thread.run(Unknown Source)
Caused by: org.openqa.selenium.remote.ErrorHandler$UnknownServerException: Unable to locate element: {"method":"xpath","selector":"//div[@id='mainmenu']//ul//li[@class='section']//a[@class='sub' and contains(text(),'Admin')]"}
Build info: version: '2.41.0', revision: '3192d8a', time: '2014-03-27 17:18:15'
System info: host: 'CTSCE001372x', ip: '192.168.43.186', os.name: 'Windows 7', os.arch: 'amd64', os.version: '6.1', java.version: '1.7.0'
Driver info: driver.version: unknown
	at <anonymous class>.FirefoxDriver.prototype.findElementInternal_(file:///C:/Users/admin/AppData/Local/Temp/anonymous813673915748158996webdriver-profile/extensions/fxdriver@googlecode.com/components/driver_component.js:8905)
	at <anonymous class>.FirefoxDriver.prototype.findElement(file:///C:/Users/admin/AppData/Local/Temp/anonymous813673915748158996webdriver-profile/extensions/fxdriver@googlecode.com/components/driver_component.js:8914)
	at <anonymous class>.DelayedCommand.prototype.executeInternal_/h(file:///C:/Users/admin/AppData/Local/Temp/anonymous813673915748158996webdriver-profile/extensions/fxdriver@googlecode.com/components/command_processor.js:10884)
	at <anonymous class>.DelayedCommand.prototype.executeInternal_(file:///C:/Users/admin/AppData/Local/Temp/anonymous813673915748158996webdriver-profile/extensions/fxdriver@googlecode.com/components/command_processor.js:10889)
	at <anonymous class>.DelayedCommand.prototype.execute/<(file:///C:/Users/admin/AppData/Local/Temp/anonymous813673915748158996webdriver-profile/extensions/fxdriver@googlecode.com/components/command_processor.js:10831)
org.openqa.selenium.NoSuchElementException: Unable to locate element: {"method":"xpath","selector":"//div[@id='mainmenu']//ul//li[@class='section']//a[@class='sub' and contains(text(),'Produkt')]"}
Command duration or timeout: 5 milliseconds
For documentation on this error, please visit: http://seleniumhq.org/exceptions/no_such_element.html
Build info: version: '2.41.0', revision: '3192d8a', time: '2014-03-27 17:18:15'
System info: host: 'CTSCE001372x', ip: '192.168.43.186', os.name: 'Windows 7', os.arch: 'amd64', os.version: '6.1', java.version: '1.7.0'
Session ID: 4dffbf9a-d88c-4535-8af9-ad7ef82cac5a
Driver info: org.openqa.selenium.firefox.FirefoxDriver
Capabilities [{platform=XP, acceptSslCerts=true, javascriptEnabled=true, browserName=firefox, rotatable=false, locationContextEnabled=true, version=28.0, cssSelectorsEnabled=true, databaseEnabled=true, handlesAlerts=true, browserConnectionEnabled=true, nativeEvents=true, webStorageEnabled=true, applicationCacheEnabled=true, takesScreenshot=true}]
	at sun.reflect.GeneratedConstructorAccessor95.newInstance(Unknown Source)
	at sun.reflect.DelegatingConstructorAccessorImpl.newInstance(Unknown Source)
	at java.lang.reflect.Constructor.newInstance(Unknown Source)
	at org.openqa.selenium.remote.ErrorHandler.createThrowable(ErrorHandler.java:193)
	at org.openqa.selenium.remote.ErrorHandler.throwIfResponseFailed(ErrorHandler.java:145)
	at org.openqa.selenium.remote.RemoteWebDriver.execute(RemoteWebDriver.java:595)
	at org.openqa.selenium.remote.RemoteWebDriver.findElement(RemoteWebDriver.java:348)
	at org.openqa.selenium.remote.RemoteWebDriver.findElementByXPath(RemoteWebDriver.java:445)
	at org.openqa.selenium.By$ByXPath.findElement(By.java:357)
	at org.openqa.selenium.remote.RemoteWebDriver.findElement(RemoteWebDriver.java:340)
	at businesscomponents.FunctionalComponents.updateProductCatalog(FunctionalComponents.java:2861)
	at sun.reflect.NativeMethodAccessorImpl.invoke0(Native Method)
	at sun.reflect.NativeMethodAccessorImpl.invoke(Unknown Source)
	at sun.reflect.DelegatingMethodAccessorImpl.invoke(Unknown Source)
	at java.lang.reflect.Method.invoke(Unknown Source)
	at supportlibraries.DriverScript.invokeBusinessComponent(DriverScript.java:473)
	at supportlibraries.DriverScript.executeTestcase(DriverScript.java:424)
	at supportlibraries.DriverScript.executeTestIterations(DriverScript.java:378)
	at supportlibraries.DriverScript.driveTestExecution(DriverScript.java:97)
	at allocator.ParallelRunner.invokeTestScript(ParallelRunner.java:59)
	at allocator.ParallelRunner.run(ParallelRunner.java:40)
	at java.util.concurrent.ThreadPoolExecutor.runWorker(Unknown Source)
	at java.util.concurrent.ThreadPoolExecutor$Worker.run(Unknown Source)
	at java.lang.Thread.run(Unknown Source)
Caused by: org.openqa.selenium.remote.ErrorHandler$UnknownServerException: Unable to locate element: {"method":"xpath","selector":"//div[@id='mainmenu']//ul//li[@class='section']//a[@class='sub' and contains(text(),'Produkt')]"}
Build info: version: '2.41.0', revision: '3192d8a', time: '2014-03-27 17:18:15'
System info: host: 'CTSCE001372x', ip: '192.168.43.186', os.name: 'Windows 7', os.arch: 'amd64', os.version: '6.1', java.version: '1.7.0'
Driver info: driver.version: unknown
	at <anonymous class>.FirefoxDriver.prototype.findElementInternal_(file:///C:/Users/admin/AppData/Local/Temp/anonymous5597594276501114379webdriver-profile/extensions/fxdriver@googlecode.com/components/driver_component.js:8905)
	at <anonymous class>.FirefoxDriver.prototype.findElement(file:///C:/Users/admin/AppData/Local/Temp/anonymous5597594276501114379webdriver-profile/extensions/fxdriver@googlecode.com/components/driver_component.js:8914)
	at <anonymous class>.DelayedCommand.prototype.executeInternal_/h(file:///C:/Users/admin/AppData/Local/Temp/anonymous5597594276501114379webdriver-profile/extensions/fxdriver@googlecode.com/components/command_processor.js:10884)
	at <anonymous class>.DelayedCommand.prototype.executeInternal_(file:///C:/Users/admin/AppData/Local/Temp/anonymous5597594276501114379webdriver-profile/extensions/fxdriver@googlecode.com/components/command_processor.js:10889)
	at <anonymous class>.DelayedCommand.prototype.execute/<(file:///C:/Users/admin/AppData/Local/Temp/anonymous5597594276501114379webdriver-profile/extensions/fxdriver@googlecode.com/components/command_processor.js:10831)
org.openqa.selenium.NoSuchElementException: Unable to locate element: {"method":"xpath","selector":"//div[@class='colgroup']//div[@class='abcdefCol']//div[@class='wizard-title']//h3"}
Command duration or timeout: 6 milliseconds
For documentation on this error, please visit: http://seleniumhq.org/exceptions/no_such_element.html
Build info: version: '2.41.0', revision: '3192d8a', time: '2014-03-27 17:18:15'
System info: host: 'CTSCE001372x', ip: '192.168.43.186', os.name: 'Windows 7', os.arch: 'amd64', os.version: '6.1', java.version: '1.7.0'
Session ID: 8c7c8c94-178b-42c5-ab68-0160222c99d9
Driver info: org.openqa.selenium.firefox.FirefoxDriver
Capabilities [{platform=XP, acceptSslCerts=true, javascriptEnabled=true, browserName=firefox, rotatable=false, locationContextEnabled=true, version=28.0, cssSelectorsEnabled=true, databaseEnabled=true, handlesAlerts=true, browserConnectionEnabled=true, nativeEvents=true, webStorageEnabled=true, applicationCacheEnabled=true, takesScreenshot=true}]
	at sun.reflect.GeneratedConstructorAccessor95.newInstance(Unknown Source)
	at sun.reflect.DelegatingConstructorAccessorImpl.newInstance(Unknown Source)
	at java.lang.reflect.Constructor.newInstance(Unknown Source)
	at org.openqa.selenium.remote.ErrorHandler.createThrowable(ErrorHandler.java:193)
	at org.openqa.selenium.remote.ErrorHandler.throwIfResponseFailed(ErrorHandler.java:145)
	at org.openqa.selenium.remote.RemoteWebDriver.execute(RemoteWebDriver.java:595)
	at org.openqa.selenium.remote.RemoteWebDriver.findElement(RemoteWebDriver.java:348)
	at org.openqa.selenium.remote.RemoteWebDriver.findElementByXPath(RemoteWebDriver.java:445)
	at org.openqa.selenium.By$ByXPath.findElement(By.java:357)
	at org.openqa.selenium.remote.RemoteWebDriver.findElement(RemoteWebDriver.java:340)
	at businesscomponents.FunctionalComponents.createAgent(FunctionalComponents.java:1091)
	at sun.reflect.NativeMethodAccessorImpl.invoke0(Native Method)
	at sun.reflect.NativeMethodAccessorImpl.invoke(Unknown Source)
	at sun.reflect.DelegatingMethodAccessorImpl.invoke(Unknown Source)
	at java.lang.reflect.Method.invoke(Unknown Source)
	at supportlibraries.DriverScript.invokeBusinessComponent(DriverScript.java:473)
	at supportlibraries.DriverScript.executeTestcase(DriverScript.java:424)
	at supportlibraries.DriverScript.executeTestIterations(DriverScript.java:378)
	at supportlibraries.DriverScript.driveTestExecution(DriverScript.java:97)
	at allocator.ParallelRunner.invokeTestScript(ParallelRunner.java:59)
	at allocator.ParallelRunner.run(ParallelRunner.java:40)
	at java.util.concurrent.ThreadPoolExecutor.runWorker(Unknown Source)
	at java.util.concurrent.ThreadPoolExecutor$Worker.run(Unknown Source)
	at java.lang.Thread.run(Unknown Source)
Caused by: org.openqa.selenium.remote.ErrorHandler$UnknownServerException: Unable to locate element: {"method":"xpath","selector":"//div[@class='colgroup']//div[@class='abcdefCol']//div[@class='wizard-title']//h3"}
Build info: version: '2.41.0', revision: '3192d8a', time: '2014-03-27 17:18:15'
System info: host: 'CTSCE001372x', ip: '192.168.43.186', os.name: 'Windows 7', os.arch: 'amd64', os.version: '6.1', java.version: '1.7.0'
Driver info: driver.version: unknown
	at <anonymous class>.FirefoxDriver.prototype.findElementInternal_(file:///C:/Users/admin/AppData/Local/Temp/anonymous4548385512381896281webdriver-profile/extensions/fxdriver@googlecode.com/components/driver_component.js:8905)
	at <anonymous class>.FirefoxDriver.prototype.findElement(file:///C:/Users/admin/AppData/Local/Temp/anonymous4548385512381896281webdriver-profile/extensions/fxdriver@googlecode.com/components/driver_component.js:8914)
	at <anonymous class>.DelayedCommand.prototype.executeInternal_/h(file:///C:/Users/admin/AppData/Local/Temp/anonymous4548385512381896281webdriver-profile/extensions/fxdriver@googlecode.com/components/command_processor.js:10884)
	at <anonymous class>.DelayedCommand.prototype.executeInternal_(file:///C:/Users/admin/AppData/Local/Temp/anonymous4548385512381896281webdriver-profile/extensions/fxdriver@googlecode.com/components/command_processor.js:10889)
	at <anonymous class>.DelayedCommand.prototype.execute/<(file:///C:/Users/admin/AppData/Local/Temp/anonymous4548385512381896281webdriver-profile/extensions/fxdriver@googlecode.com/components/command_processor.js:10831)
org.openqa.selenium.NoSuchElementException: Unable to locate element: {"method":"xpath","selector":"//div[@id='mainmenu']//ul//li[@class='section']//a[@class='sub' and  contains(text(),'Forhandler')]"}
Command duration or timeout: 10 milliseconds
For documentation on this error, please visit: http://seleniumhq.org/exceptions/no_such_element.html
Build info: version: '2.41.0', revision: '3192d8a', time: '2014-03-27 17:18:15'
System info: host: 'CTSCE001372x', ip: '192.168.43.186', os.name: 'Windows 7', os.arch: 'amd64', os.version: '6.1', java.version: '1.7.0'
Session ID: c27c8db7-0401-4e48-95ab-4f4e9a2dc254
Driver info: org.openqa.selenium.firefox.FirefoxDriver
Capabilities [{platform=XP, acceptSslCerts=true, javascriptEnabled=true, browserName=firefox, rotatable=false, locationContextEnabled=true, version=28.0, cssSelectorsEnabled=true, databaseEnabled=true, handlesAlerts=true, browserConnectionEnabled=true, nativeEvents=true, webStorageEnabled=true, applicationCacheEnabled=true, takesScreenshot=true}]
	at sun.reflect.GeneratedConstructorAccessor95.newInstance(Unknown Source)
	at sun.reflect.DelegatingConstructorAccessorImpl.newInstance(Unknown Source)
	at java.lang.reflect.Constructor.newInstance(Unknown Source)
	at org.openqa.selenium.remote.ErrorHandler.createThrowable(ErrorHandler.java:193)
	at org.openqa.selenium.remote.ErrorHandler.throwIfResponseFailed(ErrorHandler.java:145)
	at org.openqa.selenium.remote.RemoteWebDriver.execute(RemoteWebDriver.java:595)
	at org.openqa.selenium.remote.RemoteWebDriver.findElement(RemoteWebDriver.java:348)
	at org.openqa.selenium.remote.RemoteWebDriver.findElementByXPath(RemoteWebDriver.java:445)
	at org.openqa.selenium.By$ByXPath.findElement(By.java:357)
	at org.openqa.selenium.remote.RemoteWebDriver.findElement(RemoteWebDriver.java:340)
	at businesscomponents.FunctionalComponents.createNewStore(FunctionalComponents.java:3177)
	at sun.reflect.NativeMethodAccessorImpl.invoke0(Native Method)
	at sun.reflect.NativeMethodAccessorImpl.invoke(Unknown Source)
	at sun.reflect.DelegatingMethodAccessorImpl.invoke(Unknown Source)
	at java.lang.reflect.Method.invoke(Unknown Source)
	at supportlibraries.DriverScript.invokeBusinessComponent(DriverScript.java:473)
	at supportlibraries.DriverScript.executeTestcase(DriverScript.java:424)
	at supportlibraries.DriverScript.executeTestIterations(DriverScript.java:378)
	at supportlibraries.DriverScript.driveTestExecution(DriverScript.java:97)
	at allocator.ParallelRunner.invokeTestScript(ParallelRunner.java:59)
	at allocator.ParallelRunner.run(ParallelRunner.java:40)
	at java.util.concurrent.ThreadPoolExecutor.runWorker(Unknown Source)
	at java.util.concurrent.ThreadPoolExecutor$Worker.run(Unknown Source)
	at java.lang.Thread.run(Unknown Source)
Caused by: org.openqa.selenium.remote.ErrorHandler$UnknownServerException: Unable to locate element: {"method":"xpath","selector":"//div[@id='mainmenu']//ul//li[@class='section']//a[@class='sub' and  contains(text(),'Forhandler')]"}
Build info: version: '2.41.0', revision: '3192d8a', time: '2014-03-27 17:18:15'
System info: host: 'CTSCE001372x', ip: '192.168.43.186', os.name: 'Windows 7', os.arch: 'amd64', os.version: '6.1', java.version: '1.7.0'
Driver info: driver.version: unknown
	at <anonymous class>.FirefoxDriver.prototype.findElementInternal_(file:///C:/Users/admin/AppData/Local/Temp/anonymous3779342951330791946webdriver-profile/extensions/fxdriver@googlecode.com/components/driver_component.js:8905)
	at <anonymous class>.FirefoxDriver.prototype.findElement(file:///C:/Users/admin/AppData/Local/Temp/anonymous3779342951330791946webdriver-profile/extensions/fxdriver@googlecode.com/components/driver_component.js:8914)
	at <anonymous class>.DelayedCommand.prototype.executeInternal_/h(file:///C:/Users/admin/AppData/Local/Temp/anonymous3779342951330791946webdriver-profile/extensions/fxdriver@googlecode.com/components/command_processor.js:10884)
	at <anonymous class>.DelayedCommand.prototype.executeInternal_(file:///C:/Users/admin/AppData/Local/Temp/anonymous3779342951330791946webdriver-profile/extensions/fxdriver@googlecode.com/components/command_processor.js:10889)
	at <anonymous class>.DelayedCommand.prototype.execute/<(file:///C:/Users/admin/AppData/Local/Temp/anonymous3779342951330791946webdriver-profile/extensions/fxdriver@googlecode.com/components/command_processor.js:10831)
org.openqa.selenium.NoSuchElementException: Unable to locate element: {"method":"xpath","selector":"//div[@class='container']//div[@style='margin-left:20px']//input[1]"}
Command duration or timeout: 9 milliseconds
For documentation on this error, please visit: http://seleniumhq.org/exceptions/no_such_element.html
Build info: version: '2.41.0', revision: '3192d8a', time: '2014-03-27 17:18:15'
System info: host: 'CTSCE001372x', ip: '192.168.43.186', os.name: 'Windows 7', os.arch: 'amd64', os.version: '6.1', java.version: '1.7.0'
Session ID: c27c8db7-0401-4e48-95ab-4f4e9a2dc254
Driver info: org.openqa.selenium.firefox.FirefoxDriver
Capabilities [{platform=XP, acceptSslCerts=true, javascriptEnabled=true, browserName=firefox, rotatable=false, locationContextEnabled=true, version=28.0, cssSelectorsEnabled=true, databaseEnabled=true, handlesAlerts=true, browserConnectionEnabled=true, nativeEvents=true, webStorageEnabled=true, applicationCacheEnabled=true, takesScreenshot=true}]
	at sun.reflect.GeneratedConstructorAccessor95.newInstance(Unknown Source)
	at sun.reflect.DelegatingConstructorAccessorImpl.newInstance(Unknown Source)
	at java.lang.reflect.Constructor.newInstance(Unknown Source)
	at org.openqa.selenium.remote.ErrorHandler.createThrowable(ErrorHandler.java:193)
	at org.openqa.selenium.remote.ErrorHandler.throwIfResponseFailed(ErrorHandler.java:145)
	at org.openqa.selenium.remote.RemoteWebDriver.execute(RemoteWebDriver.java:595)
	at org.openqa.selenium.remote.RemoteWebDriver.findElement(RemoteWebDriver.java:348)
	at org.openqa.selenium.remote.RemoteWebDriver.findElementByXPath(RemoteWebDriver.java:445)
	at org.openqa.selenium.By$ByXPath.findElement(By.java:357)
	at org.openqa.selenium.remote.RemoteWebDriver.findElement(RemoteWebDriver.java:340)
	at webdriverhelper.WebElementVerificationUtils.verifyAndCheckCheckbox(WebElementVerificationUtils.java:256)
	at businesscomponents.FunctionalComponents.createNewStore(FunctionalComponents.java:3222)
	at sun.reflect.NativeMethodAccessorImpl.invoke0(Native Method)
	at sun.reflect.NativeMethodAccessorImpl.invoke(Unknown Source)
	at sun.reflect.DelegatingMethodAccessorImpl.invoke(Unknown Source)
	at java.lang.reflect.Method.invoke(Unknown Source)
	at supportlibraries.DriverScript.invokeBusinessComponent(DriverScript.java:473)
	at supportlibraries.DriverScript.executeTestcase(DriverScript.java:424)
	at supportlibraries.DriverScript.executeTestIterations(DriverScript.java:378)
	at supportlibraries.DriverScript.driveTestExecution(DriverScript.java:97)
	at allocator.ParallelRunner.invokeTestScript(ParallelRunner.java:59)
	at allocator.ParallelRunner.run(ParallelRunner.java:40)
	at java.util.concurrent.ThreadPoolExecutor.runWorker(Unknown Source)
	at java.util.concurrent.ThreadPoolExecutor$Worker.run(Unknown Source)
	at java.lang.Thread.run(Unknown Source)
Caused by: org.openqa.selenium.remote.ErrorHandler$UnknownServerException: Unable to locate element: {"method":"xpath","selector":"//div[@class='container']//div[@style='margin-left:20px']//input[1]"}
Build info: version: '2.41.0', revision: '3192d8a', time: '2014-03-27 17:18:15'
System info: host: 'CTSCE001372x', ip: '192.168.43.186', os.name: 'Windows 7', os.arch: 'amd64', os.version: '6.1', java.version: '1.7.0'
Driver info: driver.version: unknown
	at <anonymous class>.FirefoxDriver.prototype.findElementInternal_(file:///C:/Users/admin/AppData/Local/Temp/anonymous3779342951330791946webdriver-profile/extensions/fxdriver@googlecode.com/components/driver_component.js:8905)
	at <anonymous class>.FirefoxDriver.prototype.findElement(file:///C:/Users/admin/AppData/Local/Temp/anonymous3779342951330791946webdriver-profile/extensions/fxdriver@googlecode.com/components/driver_component.js:8914)
	at <anonymous class>.DelayedCommand.prototype.executeInternal_/h(file:///C:/Users/admin/AppData/Local/Temp/anonymous3779342951330791946webdriver-profile/extensions/fxdriver@googlecode.com/components/command_processor.js:10884)
	at <anonymous class>.DelayedCommand.prototype.executeInternal_(file:///C:/Users/admin/AppData/Local/Temp/anonymous3779342951330791946webdriver-profile/extensions/fxdriver@googlecode.com/components/command_processor.js:10889)
	at <anonymous class>.DelayedCommand.prototype.execute/<(file:///C:/Users/admin/AppData/Local/Temp/anonymous3779342951330791946webdriver-profile/extensions/fxdriver@googlecode.com/components/command_processor.js:10831)
org.openqa.selenium.NoSuchElementException: Unable to locate element: {"method":"xpath","selector":"//div[@class='container']//div[@style='margin-left:20px']//input[1]"}
Command duration or timeout: 14 milliseconds
For documentation on this error, please visit: http://seleniumhq.org/exceptions/no_such_element.html
Build info: version: '2.41.0', revision: '3192d8a', time: '2014-03-27 17:18:15'
System info: host: 'CTSCE001372x', ip: '192.168.43.186', os.name: 'Windows 7', os.arch: 'amd64', os.version: '6.1', java.version: '1.7.0'
Session ID: c27c8db7-0401-4e48-95ab-4f4e9a2dc254
Driver info: org.openqa.selenium.firefox.FirefoxDriver
Capabilities [{platform=XP, acceptSslCerts=true, javascriptEnabled=true, browserName=firefox, rotatable=false, locationContextEnabled=true, version=28.0, cssSelectorsEnabled=true, databaseEnabled=true, handlesAlerts=true, browserConnectionEnabled=true, nativeEvents=true, webStorageEnabled=true, applicationCacheEnabled=true, takesScreenshot=true}]
	at sun.reflect.GeneratedConstructorAccessor95.newInstance(Unknown Source)
	at sun.reflect.DelegatingConstructorAccessorImpl.newInstance(Unknown Source)
	at java.lang.reflect.Constructor.newInstance(Unknown Source)
	at org.openqa.selenium.remote.ErrorHandler.createThrowable(ErrorHandler.java:193)
	at org.openqa.selenium.remote.ErrorHandler.throwIfResponseFailed(ErrorHandler.java:145)
	at org.openqa.selenium.remote.RemoteWebDriver.execute(RemoteWebDriver.java:595)
	at org.openqa.selenium.remote.RemoteWebDriver.findElement(RemoteWebDriver.java:348)
	at org.openqa.selenium.remote.RemoteWebDriver.findElementByXPath(RemoteWebDriver.java:445)
	at org.openqa.selenium.By$ByXPath.findElement(By.java:357)
	at org.openqa.selenium.remote.RemoteWebDriver.findElement(RemoteWebDriver.java:340)
	at webdriverhelper.WebElementVerificationUtils.verifyAndCheckCheckbox(WebElementVerificationUtils.java:256)
	at businesscomponents.FunctionalComponents.createNewStore(FunctionalComponents.java:3229)
	at sun.reflect.NativeMethodAccessorImpl.invoke0(Native Method)
	at sun.reflect.NativeMethodAccessorImpl.invoke(Unknown Source)
	at sun.reflect.DelegatingMethodAccessorImpl.invoke(Unknown Source)
	at java.lang.reflect.Method.invoke(Unknown Source)
	at supportlibraries.DriverScript.invokeBusinessComponent(DriverScript.java:473)
	at supportlibraries.DriverScript.executeTestcase(DriverScript.java:424)
	at supportlibraries.DriverScript.executeTestIterations(DriverScript.java:378)
	at supportlibraries.DriverScript.driveTestExecution(DriverScript.java:97)
	at allocator.ParallelRunner.invokeTestScript(ParallelRunner.java:59)
	at allocator.ParallelRunner.run(ParallelRunner.java:40)
	at java.util.concurrent.ThreadPoolExecutor.runWorker(Unknown Source)
	at java.util.concurrent.ThreadPoolExecutor$Worker.run(Unknown Source)
	at java.lang.Thread.run(Unknown Source)
Caused by: org.openqa.selenium.remote.ErrorHandler$UnknownServerException: Unable to locate element: {"method":"xpath","selector":"//div[@class='container']//div[@style='margin-left:20px']//input[1]"}
Build info: version: '2.41.0', revision: '3192d8a', time: '2014-03-27 17:18:15'
System info: host: 'CTSCE001372x', ip: '192.168.43.186', os.name: 'Windows 7', os.arch: 'amd64', os.version: '6.1', java.version: '1.7.0'
Driver info: driver.version: unknown
	at <anonymous class>.FirefoxDriver.prototype.findElementInternal_(file:///C:/Users/admin/AppData/Local/Temp/anonymous3779342951330791946webdriver-profile/extensions/fxdriver@googlecode.com/components/driver_component.js:8905)
	at <anonymous class>.FirefoxDriver.prototype.findElement(file:///C:/Users/admin/AppData/Local/Temp/anonymous3779342951330791946webdriver-profile/extensions/fxdriver@googlecode.com/components/driver_component.js:8914)
	at <anonymous class>.DelayedCommand.prototype.executeInternal_/h(file:///C:/Users/admin/AppData/Local/Temp/anonymous3779342951330791946webdriver-profile/extensions/fxdriver@googlecode.com/components/command_processor.js:10884)
	at <anonymous class>.DelayedCommand.prototype.executeInternal_(file:///C:/Users/admin/AppData/Local/Temp/anonymous3779342951330791946webdriver-profile/extensions/fxdriver@googlecode.com/components/command_processor.js:10889)
	at <anonymous class>.DelayedCommand.prototype.execute/<(file:///C:/Users/admin/AppData/Local/Temp/anonymous3779342951330791946webdriver-profile/extensions/fxdriver@googlecode.com/components/command_processor.js:10831)
org.openqa.selenium.NoSuchElementException: Unable to locate element: {"method":"xpath","selector":"//div[@class='main-content']//div[2][@class='form']//fieldset//p[@data-visibleifvalueis='True']//span//a[@id='SharedUserLoginUrl']"}
Command duration or timeout: 7 milliseconds
For documentation on this error, please visit: http://seleniumhq.org/exceptions/no_such_element.html
Build info: version: '2.41.0', revision: '3192d8a', time: '2014-03-27 17:18:15'
System info: host: 'CTSCE001372x', ip: '192.168.43.186', os.name: 'Windows 7', os.arch: 'amd64', os.version: '6.1', java.version: '1.7.0'
Session ID: d10689b5-03cf-4788-8c87-b06b08171610
Driver info: org.openqa.selenium.firefox.FirefoxDriver
Capabilities [{platform=XP, acceptSslCerts=true, javascriptEnabled=true, browserName=firefox, rotatable=false, locationContextEnabled=true, version=28.0, cssSelectorsEnabled=true, databaseEnabled=true, handlesAlerts=true, browserConnectionEnabled=true, nativeEvents=true, webStorageEnabled=true, applicationCacheEnabled=true, takesScreenshot=true}]
	at sun.reflect.GeneratedConstructorAccessor95.newInstance(Unknown Source)
	at sun.reflect.DelegatingConstructorAccessorImpl.newInstance(Unknown Source)
	at java.lang.reflect.Constructor.newInstance(Unknown Source)
	at org.openqa.selenium.remote.ErrorHandler.createThrowable(ErrorHandler.java:193)
	at org.openqa.selenium.remote.ErrorHandler.throwIfResponseFailed(ErrorHandler.java:145)
	at org.openqa.selenium.remote.RemoteWebDriver.execute(RemoteWebDriver.java:595)
	at org.openqa.selenium.remote.RemoteWebDriver.findElement(RemoteWebDriver.java:348)
	at org.openqa.selenium.remote.RemoteWebDriver.findElementByXPath(RemoteWebDriver.java:445)
	at org.openqa.selenium.By$ByXPath.findElement(By.java:357)
	at org.openqa.selenium.remote.RemoteWebDriver.findElement(RemoteWebDriver.java:340)
	at businesscomponents.FunctionalComponents.sharedLoginStore(FunctionalComponents.java:4191)
	at sun.reflect.NativeMethodAccessorImpl.invoke0(Native Method)
	at sun.reflect.NativeMethodAccessorImpl.invoke(Unknown Source)
	at sun.reflect.DelegatingMethodAccessorImpl.invoke(Unknown Source)
	at java.lang.reflect.Method.invoke(Unknown Source)
	at supportlibraries.DriverScript.invokeBusinessComponent(DriverScript.java:473)
	at supportlibraries.DriverScript.executeTestcase(DriverScript.java:424)
	at supportlibraries.DriverScript.executeTestIterations(DriverScript.java:378)
	at supportlibraries.DriverScript.driveTestExecution(DriverScript.java:97)
	at allocator.ParallelRunner.invokeTestScript(ParallelRunner.java:59)
	at allocator.ParallelRunner.run(ParallelRunner.java:40)
	at java.util.concurrent.ThreadPoolExecutor.runWorker(Unknown Source)
	at java.util.concurrent.ThreadPoolExecutor$Worker.run(Unknown Source)
	at java.lang.Thread.run(Unknown Source)
Caused by: org.openqa.selenium.remote.ErrorHandler$UnknownServerException: Unable to locate element: {"method":"xpath","selector":"//div[@class='main-content']//div[2][@class='form']//fieldset//p[@data-visibleifvalueis='True']//span//a[@id='SharedUserLoginUrl']"}
Build info: version: '2.41.0', revision: '3192d8a', time: '2014-03-27 17:18:15'
System info: host: 'CTSCE001372x', ip: '192.168.43.186', os.name: 'Windows 7', os.arch: 'amd64', os.version: '6.1', java.version: '1.7.0'
Driver info: driver.version: unknown
	at <anonymous class>.FirefoxDriver.prototype.findElementInternal_(file:///C:/Users/admin/AppData/Local/Temp/anonymous6294303540981577296webdriver-profile/extensions/fxdriver@googlecode.com/components/driver_component.js:8905)
	at <anonymous class>.FirefoxDriver.prototype.findElement(file:///C:/Users/admin/AppData/Local/Temp/anonymous6294303540981577296webdriver-profile/extensions/fxdriver@googlecode.com/components/driver_component.js:8914)
	at <anonymous class>.DelayedCommand.prototype.executeInternal_/h(file:///C:/Users/admin/AppData/Local/Temp/anonymous6294303540981577296webdriver-profile/extensions/fxdriver@googlecode.com/components/command_processor.js:10884)
	at <anonymous class>.DelayedCommand.prototype.executeInternal_(file:///C:/Users/admin/AppData/Local/Temp/anonymous6294303540981577296webdriver-profile/extensions/fxdriver@googlecode.com/components/command_processor.js:10889)
	at <anonymous class>.DelayedCommand.prototype.execute/<(file:///C:/Users/admin/AppData/Local/Temp/anonymous6294303540981577296webdriver-profile/extensions/fxdriver@googlecode.com/components/command_processor.js:10831)
com.cognizant.framework.FrameworkException: The specified column header "SharedUser" is not found in the sheet "General_Data"!
	at com.cognizant.framework.ExcelDataAccess.getValue(ExcelDataAccess.java:331)
	at com.cognizant.framework.CraftDataTable.getData(CraftDataTable.java:96)
	at businesscomponents.VerificationComponents.verifyHomePageValidations(VerificationComponents.java:1759)
	at sun.reflect.NativeMethodAccessorImpl.invoke0(Native Method)
	at sun.reflect.NativeMethodAccessorImpl.invoke(Unknown Source)
	at sun.reflect.DelegatingMethodAccessorImpl.invoke(Unknown Source)
	at java.lang.reflect.Method.invoke(Unknown Source)
	at supportlibraries.DriverScript.invokeBusinessComponent(DriverScript.java:473)
	at supportlibraries.DriverScript.executeTestcase(DriverScript.java:424)
	at supportlibraries.DriverScript.executeTestIterations(DriverScript.java:378)
	at supportlibraries.DriverScript.driveTestExecution(DriverScript.java:97)
	at allocator.ParallelRunner.invokeTestScript(ParallelRunner.java:59)
	at allocator.ParallelRunner.run(ParallelRunner.java:40)
	at java.util.concurrent.ThreadPoolExecutor.runWorker(Unknown Source)
	at java.util.concurrent.ThreadPoolExecutor$Worker.run(Unknown Source)
	at java.lang.Thread.run(Unknown Source)
