org.openqa.selenium.NoSuchElementException: Unable to locate element: {"method":"xpath","selector":"//div[@id='col1']//table[@id='shippingtable']//input[@value='2PILOT']"}
Command duration or timeout: 12 milliseconds
For documentation on this error, please visit: http://seleniumhq.org/exceptions/no_such_element.html
Build info: version: '2.47.1', revision: '411b314', time: '2015-07-30 02:56:46'
System info: host: 'PC275317', ip: '10.207.61.69', os.name: 'Windows 7', os.arch: 'x86', os.version: '6.1', java.version: '1.8.0_25'
Driver info: org.openqa.selenium.firefox.FirefoxDriver
Capabilities [{applicationCacheEnabled=true, rotatable=false, handlesAlerts=true, databaseEnabled=true, version=39.0.3, platform=WINDOWS, nativeEvents=false, acceptSslCerts=true, webStorageEnabled=true, locationContextEnabled=true, browserName=firefox, takesScreenshot=true, javascriptEnabled=true, cssSelectorsEnabled=true}]
Session ID: 40dbdc8e-6e56-4f23-b810-8fcd830db880
*** Element info: {Using=xpath, value=//div[@id='col1']//table[@id='shippingtable']//input[@value='2PILOT']}
	at sun.reflect.NativeConstructorAccessorImpl.newInstance0(Native Method)
	at sun.reflect.NativeConstructorAccessorImpl.newInstance(Unknown Source)
	at sun.reflect.DelegatingConstructorAccessorImpl.newInstance(Unknown Source)
	at java.lang.reflect.Constructor.newInstance(Unknown Source)
	at org.openqa.selenium.remote.ErrorHandler.createThrowable(ErrorHandler.java:206)
	at org.openqa.selenium.remote.ErrorHandler.throwIfResponseFailed(ErrorHandler.java:158)
	at org.openqa.selenium.remote.RemoteWebDriver.execute(RemoteWebDriver.java:595)
	at org.openqa.selenium.remote.RemoteWebDriver.findElement(RemoteWebDriver.java:348)
	at org.openqa.selenium.remote.RemoteWebDriver.findElementByXPath(RemoteWebDriver.java:445)
	at org.openqa.selenium.By$ByXPath.findElement(By.java:358)
	at org.openqa.selenium.remote.RemoteWebDriver.findElement(RemoteWebDriver.java:340)
	at webdriverhelper.WebElementVerificationUtils.verifyAndCheckCheckbox(WebElementVerificationUtils.java:256)
	at businesscomponents.FunctionalComponents.deliveryAndPayments(FunctionalComponents.java:2172)
	at sun.reflect.NativeMethodAccessorImpl.invoke0(Native Method)
	at sun.reflect.NativeMethodAccessorImpl.invoke(Unknown Source)
	at sun.reflect.DelegatingMethodAccessorImpl.invoke(Unknown Source)
	at java.lang.reflect.Method.invoke(Unknown Source)
	at supportlibraries.DriverScript.invokeBusinessComponent(DriverScript.java:473)
	at supportlibraries.DriverScript.executeTestcase(DriverScript.java:424)
	at supportlibraries.DriverScript.executeTestIterations(DriverScript.java:378)
	at supportlibraries.DriverScript.driveTestExecution(DriverScript.java:97)
	at allocator.ParallelRunner.invokeTestScript(ParallelRunner.java:59)
	at allocator.ParallelRunner.run(ParallelRunner.java:40)
	at java.util.concurrent.ThreadPoolExecutor.runWorker(Unknown Source)
	at java.util.concurrent.ThreadPoolExecutor$Worker.run(Unknown Source)
	at java.lang.Thread.run(Unknown Source)
Caused by: org.openqa.selenium.NoSuchElementException: Unable to locate element: {"method":"xpath","selector":"//div[@id='col1']//table[@id='shippingtable']//input[@value='2PILOT']"}
For documentation on this error, please visit: http://seleniumhq.org/exceptions/no_such_element.html
Build info: version: '2.47.1', revision: '411b314', time: '2015-07-30 02:56:46'
System info: host: 'PC275317', ip: '10.207.61.69', os.name: 'Windows 7', os.arch: 'x86', os.version: '6.1', java.version: '1.8.0_25'
Driver info: driver.version: unknown
	at <anonymous class>.FirefoxDriver.prototype.findElementInternal_(file:///C:/Users/248292/AppData/Local/Temp/anonymous7583148267995713330webdriver-profile/extensions/fxdriver@googlecode.com/components/driver-component.js:10667)
	at <anonymous class>.FirefoxDriver.prototype.findElement(file:///C:/Users/248292/AppData/Local/Temp/anonymous7583148267995713330webdriver-profile/extensions/fxdriver@googlecode.com/components/driver-component.js:10676)
	at <anonymous class>.DelayedCommand.prototype.executeInternal_/h(file:///C:/Users/248292/AppData/Local/Temp/anonymous7583148267995713330webdriver-profile/extensions/fxdriver@googlecode.com/components/command-processor.js:12643)
	at <anonymous class>.DelayedCommand.prototype.executeInternal_(file:///C:/Users/248292/AppData/Local/Temp/anonymous7583148267995713330webdriver-profile/extensions/fxdriver@googlecode.com/components/command-processor.js:12648)
	at <anonymous class>.DelayedCommand.prototype.execute/<(file:///C:/Users/248292/AppData/Local/Temp/anonymous7583148267995713330webdriver-profile/extensions/fxdriver@googlecode.com/components/command-processor.js:12590)
org.openqa.selenium.NoSuchElementException: Unable to locate element: {"method":"xpath","selector":"//div[@class='row error errorMessages']//div[@class='errorMessagesList']//p"}
Command duration or timeout: 12 milliseconds
For documentation on this error, please visit: http://seleniumhq.org/exceptions/no_such_element.html
Build info: version: '2.47.1', revision: '411b314', time: '2015-07-30 02:56:46'
System info: host: 'PC275317', ip: '10.207.61.69', os.name: 'Windows 7', os.arch: 'x86', os.version: '6.1', java.version: '1.8.0_25'
Driver info: org.openqa.selenium.firefox.FirefoxDriver
Capabilities [{applicationCacheEnabled=true, rotatable=false, handlesAlerts=true, databaseEnabled=true, version=39.0.3, platform=WINDOWS, nativeEvents=false, acceptSslCerts=true, webStorageEnabled=true, locationContextEnabled=true, browserName=firefox, takesScreenshot=true, javascriptEnabled=true, cssSelectorsEnabled=true}]
Session ID: 40dbdc8e-6e56-4f23-b810-8fcd830db880
*** Element info: {Using=xpath, value=//div[@class='row error errorMessages']//div[@class='errorMessagesList']//p}
	at sun.reflect.NativeConstructorAccessorImpl.newInstance0(Native Method)
	at sun.reflect.NativeConstructorAccessorImpl.newInstance(Unknown Source)
	at sun.reflect.DelegatingConstructorAccessorImpl.newInstance(Unknown Source)
	at java.lang.reflect.Constructor.newInstance(Unknown Source)
	at org.openqa.selenium.remote.ErrorHandler.createThrowable(ErrorHandler.java:206)
	at org.openqa.selenium.remote.ErrorHandler.throwIfResponseFailed(ErrorHandler.java:158)
	at org.openqa.selenium.remote.RemoteWebDriver.execute(RemoteWebDriver.java:595)
	at org.openqa.selenium.remote.RemoteWebDriver.findElement(RemoteWebDriver.java:348)
	at org.openqa.selenium.remote.RemoteWebDriver.findElementByXPath(RemoteWebDriver.java:445)
	at org.openqa.selenium.By$ByXPath.findElement(By.java:358)
	at org.openqa.selenium.remote.RemoteWebDriver.findElement(RemoteWebDriver.java:340)
	at businesscomponents.FunctionalComponents.clickOnFinishOrder(FunctionalComponents.java:1354)
	at sun.reflect.NativeMethodAccessorImpl.invoke0(Native Method)
	at sun.reflect.NativeMethodAccessorImpl.invoke(Unknown Source)
	at sun.reflect.DelegatingMethodAccessorImpl.invoke(Unknown Source)
	at java.lang.reflect.Method.invoke(Unknown Source)
	at supportlibraries.DriverScript.invokeBusinessComponent(DriverScript.java:473)
	at supportlibraries.DriverScript.executeTestcase(DriverScript.java:424)
	at supportlibraries.DriverScript.executeTestIterations(DriverScript.java:378)
	at supportlibraries.DriverScript.driveTestExecution(DriverScript.java:97)
	at allocator.ParallelRunner.invokeTestScript(ParallelRunner.java:59)
	at allocator.ParallelRunner.run(ParallelRunner.java:40)
	at java.util.concurrent.ThreadPoolExecutor.runWorker(Unknown Source)
	at java.util.concurrent.ThreadPoolExecutor$Worker.run(Unknown Source)
	at java.lang.Thread.run(Unknown Source)
Caused by: org.openqa.selenium.NoSuchElementException: Unable to locate element: {"method":"xpath","selector":"//div[@class='row error errorMessages']//div[@class='errorMessagesList']//p"}
For documentation on this error, please visit: http://seleniumhq.org/exceptions/no_such_element.html
Build info: version: '2.47.1', revision: '411b314', time: '2015-07-30 02:56:46'
System info: host: 'PC275317', ip: '10.207.61.69', os.name: 'Windows 7', os.arch: 'x86', os.version: '6.1', java.version: '1.8.0_25'
Driver info: driver.version: unknown
	at <anonymous class>.FirefoxDriver.prototype.findElementInternal_(file:///C:/Users/248292/AppData/Local/Temp/anonymous7583148267995713330webdriver-profile/extensions/fxdriver@googlecode.com/components/driver-component.js:10667)
	at <anonymous class>.FirefoxDriver.prototype.findElement(file:///C:/Users/248292/AppData/Local/Temp/anonymous7583148267995713330webdriver-profile/extensions/fxdriver@googlecode.com/components/driver-component.js:10676)
	at <anonymous class>.DelayedCommand.prototype.executeInternal_/h(file:///C:/Users/248292/AppData/Local/Temp/anonymous7583148267995713330webdriver-profile/extensions/fxdriver@googlecode.com/components/command-processor.js:12643)
	at <anonymous class>.DelayedCommand.prototype.executeInternal_(file:///C:/Users/248292/AppData/Local/Temp/anonymous7583148267995713330webdriver-profile/extensions/fxdriver@googlecode.com/components/command-processor.js:12648)
	at <anonymous class>.DelayedCommand.prototype.execute/<(file:///C:/Users/248292/AppData/Local/Temp/anonymous7583148267995713330webdriver-profile/extensions/fxdriver@googlecode.com/components/command-processor.js:12590)
org.openqa.selenium.NoSuchElementException: Unable to locate element: {"method":"xpath","selector":"//div[@id='col1']//table[@id='shippingtable']//input[@value='2PILOT']"}
Command duration or timeout: 12 milliseconds
For documentation on this error, please visit: http://seleniumhq.org/exceptions/no_such_element.html
Build info: version: '2.47.1', revision: '411b314', time: '2015-07-30 02:56:46'
System info: host: 'PC275317', ip: '10.207.61.69', os.name: 'Windows 7', os.arch: 'x86', os.version: '6.1', java.version: '1.8.0_25'
Driver info: org.openqa.selenium.firefox.FirefoxDriver
Capabilities [{applicationCacheEnabled=true, rotatable=false, handlesAlerts=true, databaseEnabled=true, version=39.0.3, platform=WINDOWS, nativeEvents=false, acceptSslCerts=true, webStorageEnabled=true, locationContextEnabled=true, browserName=firefox, takesScreenshot=true, javascriptEnabled=true, cssSelectorsEnabled=true}]
Session ID: b0241e49-78d8-4d6d-a566-f2f96a7201cf
*** Element info: {Using=xpath, value=//div[@id='col1']//table[@id='shippingtable']//input[@value='2PILOT']}
	at sun.reflect.NativeConstructorAccessorImpl.newInstance0(Native Method)
	at sun.reflect.NativeConstructorAccessorImpl.newInstance(Unknown Source)
	at sun.reflect.DelegatingConstructorAccessorImpl.newInstance(Unknown Source)
	at java.lang.reflect.Constructor.newInstance(Unknown Source)
	at org.openqa.selenium.remote.ErrorHandler.createThrowable(ErrorHandler.java:206)
	at org.openqa.selenium.remote.ErrorHandler.throwIfResponseFailed(ErrorHandler.java:158)
	at org.openqa.selenium.remote.RemoteWebDriver.execute(RemoteWebDriver.java:595)
	at org.openqa.selenium.remote.RemoteWebDriver.findElement(RemoteWebDriver.java:348)
	at org.openqa.selenium.remote.RemoteWebDriver.findElementByXPath(RemoteWebDriver.java:445)
	at org.openqa.selenium.By$ByXPath.findElement(By.java:358)
	at org.openqa.selenium.remote.RemoteWebDriver.findElement(RemoteWebDriver.java:340)
	at webdriverhelper.WebElementVerificationUtils.verifyAndCheckCheckbox(WebElementVerificationUtils.java:256)
	at businesscomponents.FunctionalComponents.deliveryAndPayments(FunctionalComponents.java:2172)
	at sun.reflect.NativeMethodAccessorImpl.invoke0(Native Method)
	at sun.reflect.NativeMethodAccessorImpl.invoke(Unknown Source)
	at sun.reflect.DelegatingMethodAccessorImpl.invoke(Unknown Source)
	at java.lang.reflect.Method.invoke(Unknown Source)
	at supportlibraries.DriverScript.invokeBusinessComponent(DriverScript.java:473)
	at supportlibraries.DriverScript.executeTestcase(DriverScript.java:424)
	at supportlibraries.DriverScript.executeTestIterations(DriverScript.java:378)
	at supportlibraries.DriverScript.driveTestExecution(DriverScript.java:97)
	at allocator.ParallelRunner.invokeTestScript(ParallelRunner.java:59)
	at allocator.ParallelRunner.run(ParallelRunner.java:40)
	at java.util.concurrent.ThreadPoolExecutor.runWorker(Unknown Source)
	at java.util.concurrent.ThreadPoolExecutor$Worker.run(Unknown Source)
	at java.lang.Thread.run(Unknown Source)
Caused by: org.openqa.selenium.NoSuchElementException: Unable to locate element: {"method":"xpath","selector":"//div[@id='col1']//table[@id='shippingtable']//input[@value='2PILOT']"}
For documentation on this error, please visit: http://seleniumhq.org/exceptions/no_such_element.html
Build info: version: '2.47.1', revision: '411b314', time: '2015-07-30 02:56:46'
System info: host: 'PC275317', ip: '10.207.61.69', os.name: 'Windows 7', os.arch: 'x86', os.version: '6.1', java.version: '1.8.0_25'
Driver info: driver.version: unknown
	at <anonymous class>.FirefoxDriver.prototype.findElementInternal_(file:///C:/Users/248292/AppData/Local/Temp/anonymous2554720635469127720webdriver-profile/extensions/fxdriver@googlecode.com/components/driver-component.js:10667)
	at <anonymous class>.FirefoxDriver.prototype.findElement(file:///C:/Users/248292/AppData/Local/Temp/anonymous2554720635469127720webdriver-profile/extensions/fxdriver@googlecode.com/components/driver-component.js:10676)
	at <anonymous class>.DelayedCommand.prototype.executeInternal_/h(file:///C:/Users/248292/AppData/Local/Temp/anonymous2554720635469127720webdriver-profile/extensions/fxdriver@googlecode.com/components/command-processor.js:12643)
	at <anonymous class>.DelayedCommand.prototype.executeInternal_(file:///C:/Users/248292/AppData/Local/Temp/anonymous2554720635469127720webdriver-profile/extensions/fxdriver@googlecode.com/components/command-processor.js:12648)
	at <anonymous class>.DelayedCommand.prototype.execute/<(file:///C:/Users/248292/AppData/Local/Temp/anonymous2554720635469127720webdriver-profile/extensions/fxdriver@googlecode.com/components/command-processor.js:12590)
org.openqa.selenium.NoSuchElementException: Unable to locate element: {"method":"xpath","selector":"//div[@class='row error errorMessages']//div[@class='errorMessagesList']//p"}
Command duration or timeout: 14 milliseconds
For documentation on this error, please visit: http://seleniumhq.org/exceptions/no_such_element.html
Build info: version: '2.47.1', revision: '411b314', time: '2015-07-30 02:56:46'
System info: host: 'PC275317', ip: '10.207.61.69', os.name: 'Windows 7', os.arch: 'x86', os.version: '6.1', java.version: '1.8.0_25'
Driver info: org.openqa.selenium.firefox.FirefoxDriver
Capabilities [{applicationCacheEnabled=true, rotatable=false, handlesAlerts=true, databaseEnabled=true, version=39.0.3, platform=WINDOWS, nativeEvents=false, acceptSslCerts=true, webStorageEnabled=true, locationContextEnabled=true, browserName=firefox, takesScreenshot=true, javascriptEnabled=true, cssSelectorsEnabled=true}]
Session ID: b0241e49-78d8-4d6d-a566-f2f96a7201cf
*** Element info: {Using=xpath, value=//div[@class='row error errorMessages']//div[@class='errorMessagesList']//p}
	at sun.reflect.NativeConstructorAccessorImpl.newInstance0(Native Method)
	at sun.reflect.NativeConstructorAccessorImpl.newInstance(Unknown Source)
	at sun.reflect.DelegatingConstructorAccessorImpl.newInstance(Unknown Source)
	at java.lang.reflect.Constructor.newInstance(Unknown Source)
	at org.openqa.selenium.remote.ErrorHandler.createThrowable(ErrorHandler.java:206)
	at org.openqa.selenium.remote.ErrorHandler.throwIfResponseFailed(ErrorHandler.java:158)
	at org.openqa.selenium.remote.RemoteWebDriver.execute(RemoteWebDriver.java:595)
	at org.openqa.selenium.remote.RemoteWebDriver.findElement(RemoteWebDriver.java:348)
	at org.openqa.selenium.remote.RemoteWebDriver.findElementByXPath(RemoteWebDriver.java:445)
	at org.openqa.selenium.By$ByXPath.findElement(By.java:358)
	at org.openqa.selenium.remote.RemoteWebDriver.findElement(RemoteWebDriver.java:340)
	at businesscomponents.FunctionalComponents.clickOnFinishOrder(FunctionalComponents.java:1354)
	at sun.reflect.NativeMethodAccessorImpl.invoke0(Native Method)
	at sun.reflect.NativeMethodAccessorImpl.invoke(Unknown Source)
	at sun.reflect.DelegatingMethodAccessorImpl.invoke(Unknown Source)
	at java.lang.reflect.Method.invoke(Unknown Source)
	at supportlibraries.DriverScript.invokeBusinessComponent(DriverScript.java:473)
	at supportlibraries.DriverScript.executeTestcase(DriverScript.java:424)
	at supportlibraries.DriverScript.executeTestIterations(DriverScript.java:378)
	at supportlibraries.DriverScript.driveTestExecution(DriverScript.java:97)
	at allocator.ParallelRunner.invokeTestScript(ParallelRunner.java:59)
	at allocator.ParallelRunner.run(ParallelRunner.java:40)
	at java.util.concurrent.ThreadPoolExecutor.runWorker(Unknown Source)
	at java.util.concurrent.ThreadPoolExecutor$Worker.run(Unknown Source)
	at java.lang.Thread.run(Unknown Source)
Caused by: org.openqa.selenium.NoSuchElementException: Unable to locate element: {"method":"xpath","selector":"//div[@class='row error errorMessages']//div[@class='errorMessagesList']//p"}
For documentation on this error, please visit: http://seleniumhq.org/exceptions/no_such_element.html
Build info: version: '2.47.1', revision: '411b314', time: '2015-07-30 02:56:46'
System info: host: 'PC275317', ip: '10.207.61.69', os.name: 'Windows 7', os.arch: 'x86', os.version: '6.1', java.version: '1.8.0_25'
Driver info: driver.version: unknown
	at <anonymous class>.FirefoxDriver.prototype.findElementInternal_(file:///C:/Users/248292/AppData/Local/Temp/anonymous2554720635469127720webdriver-profile/extensions/fxdriver@googlecode.com/components/driver-component.js:10667)
	at <anonymous class>.FirefoxDriver.prototype.findElement(file:///C:/Users/248292/AppData/Local/Temp/anonymous2554720635469127720webdriver-profile/extensions/fxdriver@googlecode.com/components/driver-component.js:10676)
	at <anonymous class>.DelayedCommand.prototype.executeInternal_/h(file:///C:/Users/248292/AppData/Local/Temp/anonymous2554720635469127720webdriver-profile/extensions/fxdriver@googlecode.com/components/command-processor.js:12643)
	at <anonymous class>.DelayedCommand.prototype.executeInternal_(file:///C:/Users/248292/AppData/Local/Temp/anonymous2554720635469127720webdriver-profile/extensions/fxdriver@googlecode.com/components/command-processor.js:12648)
	at <anonymous class>.DelayedCommand.prototype.execute/<(file:///C:/Users/248292/AppData/Local/Temp/anonymous2554720635469127720webdriver-profile/extensions/fxdriver@googlecode.com/components/command-processor.js:12590)
com.cognizant.framework.FrameworkException: The specified column header "SharedUser" is not found in the sheet "General_Data"!
	at com.cognizant.framework.ExcelDataAccess.getValue(ExcelDataAccess.java:331)
	at com.cognizant.framework.CraftDataTable.getData(CraftDataTable.java:96)
	at businesscomponents.VerificationComponents.verifyHomePageValidations(VerificationComponents.java:1940)
	at sun.reflect.NativeMethodAccessorImpl.invoke0(Native Method)
	at sun.reflect.NativeMethodAccessorImpl.invoke(Unknown Source)
	at sun.reflect.DelegatingMethodAccessorImpl.invoke(Unknown Source)
	at java.lang.reflect.Method.invoke(Unknown Source)
	at supportlibraries.DriverScript.invokeBusinessComponent(DriverScript.java:473)
	at supportlibraries.DriverScript.executeTestcase(DriverScript.java:424)
	at supportlibraries.DriverScript.executeTestIterations(DriverScript.java:378)
	at supportlibraries.DriverScript.driveTestExecution(DriverScript.java:97)
	at allocator.ParallelRunner.invokeTestScript(ParallelRunner.java:59)
	at allocator.ParallelRunner.run(ParallelRunner.java:40)
	at java.util.concurrent.ThreadPoolExecutor.runWorker(Unknown Source)
	at java.util.concurrent.ThreadPoolExecutor$Worker.run(Unknown Source)
	at java.lang.Thread.run(Unknown Source)
org.openqa.selenium.NoSuchElementException: Unable to locate element: {"method":"xpath","selector":"//div[@id='col1']//table[@id='shippingtable']//input[@value='2PILOT']"}
Command duration or timeout: 21 milliseconds
For documentation on this error, please visit: http://seleniumhq.org/exceptions/no_such_element.html
Build info: version: '2.47.1', revision: '411b314', time: '2015-07-30 02:56:46'
System info: host: 'PC275317', ip: '10.207.61.69', os.name: 'Windows 7', os.arch: 'x86', os.version: '6.1', java.version: '1.8.0_25'
Driver info: org.openqa.selenium.firefox.FirefoxDriver
Capabilities [{applicationCacheEnabled=true, rotatable=false, handlesAlerts=true, databaseEnabled=true, version=39.0.3, platform=WINDOWS, nativeEvents=false, acceptSslCerts=true, webStorageEnabled=true, locationContextEnabled=true, browserName=firefox, takesScreenshot=true, javascriptEnabled=true, cssSelectorsEnabled=true}]
Session ID: 3fea1920-ef64-4228-81da-7d87f65b4333
*** Element info: {Using=xpath, value=//div[@id='col1']//table[@id='shippingtable']//input[@value='2PILOT']}
	at sun.reflect.NativeConstructorAccessorImpl.newInstance0(Native Method)
	at sun.reflect.NativeConstructorAccessorImpl.newInstance(Unknown Source)
	at sun.reflect.DelegatingConstructorAccessorImpl.newInstance(Unknown Source)
	at java.lang.reflect.Constructor.newInstance(Unknown Source)
	at org.openqa.selenium.remote.ErrorHandler.createThrowable(ErrorHandler.java:206)
	at org.openqa.selenium.remote.ErrorHandler.throwIfResponseFailed(ErrorHandler.java:158)
	at org.openqa.selenium.remote.RemoteWebDriver.execute(RemoteWebDriver.java:595)
	at org.openqa.selenium.remote.RemoteWebDriver.findElement(RemoteWebDriver.java:348)
	at org.openqa.selenium.remote.RemoteWebDriver.findElementByXPath(RemoteWebDriver.java:445)
	at org.openqa.selenium.By$ByXPath.findElement(By.java:358)
	at org.openqa.selenium.remote.RemoteWebDriver.findElement(RemoteWebDriver.java:340)
	at webdriverhelper.WebElementVerificationUtils.verifyAndCheckCheckbox(WebElementVerificationUtils.java:256)
	at businesscomponents.FunctionalComponents.deliveryAndPayments(FunctionalComponents.java:2172)
	at sun.reflect.NativeMethodAccessorImpl.invoke0(Native Method)
	at sun.reflect.NativeMethodAccessorImpl.invoke(Unknown Source)
	at sun.reflect.DelegatingMethodAccessorImpl.invoke(Unknown Source)
	at java.lang.reflect.Method.invoke(Unknown Source)
	at supportlibraries.DriverScript.invokeBusinessComponent(DriverScript.java:473)
	at supportlibraries.DriverScript.executeTestcase(DriverScript.java:424)
	at supportlibraries.DriverScript.executeTestIterations(DriverScript.java:378)
	at supportlibraries.DriverScript.driveTestExecution(DriverScript.java:97)
	at allocator.ParallelRunner.invokeTestScript(ParallelRunner.java:59)
	at allocator.ParallelRunner.run(ParallelRunner.java:40)
	at java.util.concurrent.ThreadPoolExecutor.runWorker(Unknown Source)
	at java.util.concurrent.ThreadPoolExecutor$Worker.run(Unknown Source)
	at java.lang.Thread.run(Unknown Source)
Caused by: org.openqa.selenium.NoSuchElementException: Unable to locate element: {"method":"xpath","selector":"//div[@id='col1']//table[@id='shippingtable']//input[@value='2PILOT']"}
For documentation on this error, please visit: http://seleniumhq.org/exceptions/no_such_element.html
Build info: version: '2.47.1', revision: '411b314', time: '2015-07-30 02:56:46'
System info: host: 'PC275317', ip: '10.207.61.69', os.name: 'Windows 7', os.arch: 'x86', os.version: '6.1', java.version: '1.8.0_25'
Driver info: driver.version: unknown
	at <anonymous class>.FirefoxDriver.prototype.findElementInternal_(file:///C:/Users/248292/AppData/Local/Temp/anonymous8287006768688873319webdriver-profile/extensions/fxdriver@googlecode.com/components/driver-component.js:10667)
	at <anonymous class>.FirefoxDriver.prototype.findElement(file:///C:/Users/248292/AppData/Local/Temp/anonymous8287006768688873319webdriver-profile/extensions/fxdriver@googlecode.com/components/driver-component.js:10676)
	at <anonymous class>.DelayedCommand.prototype.executeInternal_/h(file:///C:/Users/248292/AppData/Local/Temp/anonymous8287006768688873319webdriver-profile/extensions/fxdriver@googlecode.com/components/command-processor.js:12643)
	at <anonymous class>.DelayedCommand.prototype.executeInternal_(file:///C:/Users/248292/AppData/Local/Temp/anonymous8287006768688873319webdriver-profile/extensions/fxdriver@googlecode.com/components/command-processor.js:12648)
	at <anonymous class>.DelayedCommand.prototype.execute/<(file:///C:/Users/248292/AppData/Local/Temp/anonymous8287006768688873319webdriver-profile/extensions/fxdriver@googlecode.com/components/command-processor.js:12590)
org.openqa.selenium.NoSuchElementException: Unable to locate element: {"method":"xpath","selector":"//div[@class='row error errorMessages']//div[@class='errorMessagesList']//p"}
Command duration or timeout: 14 milliseconds
For documentation on this error, please visit: http://seleniumhq.org/exceptions/no_such_element.html
Build info: version: '2.47.1', revision: '411b314', time: '2015-07-30 02:56:46'
System info: host: 'PC275317', ip: '10.207.61.69', os.name: 'Windows 7', os.arch: 'x86', os.version: '6.1', java.version: '1.8.0_25'
Driver info: org.openqa.selenium.firefox.FirefoxDriver
Capabilities [{applicationCacheEnabled=true, rotatable=false, handlesAlerts=true, databaseEnabled=true, version=39.0.3, platform=WINDOWS, nativeEvents=false, acceptSslCerts=true, webStorageEnabled=true, locationContextEnabled=true, browserName=firefox, takesScreenshot=true, javascriptEnabled=true, cssSelectorsEnabled=true}]
Session ID: 3fea1920-ef64-4228-81da-7d87f65b4333
*** Element info: {Using=xpath, value=//div[@class='row error errorMessages']//div[@class='errorMessagesList']//p}
	at sun.reflect.NativeConstructorAccessorImpl.newInstance0(Native Method)
	at sun.reflect.NativeConstructorAccessorImpl.newInstance(Unknown Source)
	at sun.reflect.DelegatingConstructorAccessorImpl.newInstance(Unknown Source)
	at java.lang.reflect.Constructor.newInstance(Unknown Source)
	at org.openqa.selenium.remote.ErrorHandler.createThrowable(ErrorHandler.java:206)
	at org.openqa.selenium.remote.ErrorHandler.throwIfResponseFailed(ErrorHandler.java:158)
	at org.openqa.selenium.remote.RemoteWebDriver.execute(RemoteWebDriver.java:595)
	at org.openqa.selenium.remote.RemoteWebDriver.findElement(RemoteWebDriver.java:348)
	at org.openqa.selenium.remote.RemoteWebDriver.findElementByXPath(RemoteWebDriver.java:445)
	at org.openqa.selenium.By$ByXPath.findElement(By.java:358)
	at org.openqa.selenium.remote.RemoteWebDriver.findElement(RemoteWebDriver.java:340)
	at businesscomponents.FunctionalComponents.clickOnFinishOrder(FunctionalComponents.java:1354)
	at sun.reflect.NativeMethodAccessorImpl.invoke0(Native Method)
	at sun.reflect.NativeMethodAccessorImpl.invoke(Unknown Source)
	at sun.reflect.DelegatingMethodAccessorImpl.invoke(Unknown Source)
	at java.lang.reflect.Method.invoke(Unknown Source)
	at supportlibraries.DriverScript.invokeBusinessComponent(DriverScript.java:473)
	at supportlibraries.DriverScript.executeTestcase(DriverScript.java:424)
	at supportlibraries.DriverScript.executeTestIterations(DriverScript.java:378)
	at supportlibraries.DriverScript.driveTestExecution(DriverScript.java:97)
	at allocator.ParallelRunner.invokeTestScript(ParallelRunner.java:59)
	at allocator.ParallelRunner.run(ParallelRunner.java:40)
	at java.util.concurrent.ThreadPoolExecutor.runWorker(Unknown Source)
	at java.util.concurrent.ThreadPoolExecutor$Worker.run(Unknown Source)
	at java.lang.Thread.run(Unknown Source)
Caused by: org.openqa.selenium.NoSuchElementException: Unable to locate element: {"method":"xpath","selector":"//div[@class='row error errorMessages']//div[@class='errorMessagesList']//p"}
For documentation on this error, please visit: http://seleniumhq.org/exceptions/no_such_element.html
Build info: version: '2.47.1', revision: '411b314', time: '2015-07-30 02:56:46'
System info: host: 'PC275317', ip: '10.207.61.69', os.name: 'Windows 7', os.arch: 'x86', os.version: '6.1', java.version: '1.8.0_25'
Driver info: driver.version: unknown
	at <anonymous class>.FirefoxDriver.prototype.findElementInternal_(file:///C:/Users/248292/AppData/Local/Temp/anonymous8287006768688873319webdriver-profile/extensions/fxdriver@googlecode.com/components/driver-component.js:10667)
	at <anonymous class>.FirefoxDriver.prototype.findElement(file:///C:/Users/248292/AppData/Local/Temp/anonymous8287006768688873319webdriver-profile/extensions/fxdriver@googlecode.com/components/driver-component.js:10676)
	at <anonymous class>.DelayedCommand.prototype.executeInternal_/h(file:///C:/Users/248292/AppData/Local/Temp/anonymous8287006768688873319webdriver-profile/extensions/fxdriver@googlecode.com/components/command-processor.js:12643)
	at <anonymous class>.DelayedCommand.prototype.executeInternal_(file:///C:/Users/248292/AppData/Local/Temp/anonymous8287006768688873319webdriver-profile/extensions/fxdriver@googlecode.com/components/command-processor.js:12648)
	at <anonymous class>.DelayedCommand.prototype.execute/<(file:///C:/Users/248292/AppData/Local/Temp/anonymous8287006768688873319webdriver-profile/extensions/fxdriver@googlecode.com/components/command-processor.js:12590)
com.cognizant.framework.FrameworkException: The specified column header "SharedUser" is not found in the sheet "General_Data"!
	at com.cognizant.framework.ExcelDataAccess.getValue(ExcelDataAccess.java:331)
	at com.cognizant.framework.CraftDataTable.getData(CraftDataTable.java:96)
	at businesscomponents.VerificationComponents.verifyHomePageValidations(VerificationComponents.java:1940)
	at sun.reflect.NativeMethodAccessorImpl.invoke0(Native Method)
	at sun.reflect.NativeMethodAccessorImpl.invoke(Unknown Source)
	at sun.reflect.DelegatingMethodAccessorImpl.invoke(Unknown Source)
	at java.lang.reflect.Method.invoke(Unknown Source)
	at supportlibraries.DriverScript.invokeBusinessComponent(DriverScript.java:473)
	at supportlibraries.DriverScript.executeTestcase(DriverScript.java:424)
	at supportlibraries.DriverScript.executeTestIterations(DriverScript.java:378)
	at supportlibraries.DriverScript.driveTestExecution(DriverScript.java:97)
	at allocator.ParallelRunner.invokeTestScript(ParallelRunner.java:59)
	at allocator.ParallelRunner.run(ParallelRunner.java:40)
	at java.util.concurrent.ThreadPoolExecutor.runWorker(Unknown Source)
	at java.util.concurrent.ThreadPoolExecutor$Worker.run(Unknown Source)
	at java.lang.Thread.run(Unknown Source)
org.openqa.selenium.NoSuchElementException: Unable to locate element: {"method":"xpath","selector":"//div[@class='product-images advanced-product-gallery']//div[@id='ccs-gallery']//div[@class='ccs-ds-zoomGallery-main-bottom ccs-ds-zoomGallery-class-main ']//img"}
Command duration or timeout: 1.71 seconds
For documentation on this error, please visit: http://seleniumhq.org/exceptions/no_such_element.html
Build info: version: '2.47.1', revision: '411b314', time: '2015-07-30 02:56:46'
System info: host: 'PC275317', ip: '10.207.61.69', os.name: 'Windows 7', os.arch: 'x86', os.version: '6.1', java.version: '1.8.0_25'
Driver info: org.openqa.selenium.firefox.FirefoxDriver
Capabilities [{applicationCacheEnabled=true, rotatable=false, handlesAlerts=true, databaseEnabled=true, version=39.0.3, platform=WINDOWS, nativeEvents=false, acceptSslCerts=true, webStorageEnabled=true, locationContextEnabled=true, browserName=firefox, takesScreenshot=true, javascriptEnabled=true, cssSelectorsEnabled=true}]
Session ID: d884bcea-2c0d-4c8a-911f-99b92baf67c3
*** Element info: {Using=xpath, value=//div[@class='product-images advanced-product-gallery']//div[@id='ccs-gallery']//div[@class='ccs-ds-zoomGallery-main-bottom ccs-ds-zoomGallery-class-main ']//img}
	at sun.reflect.GeneratedConstructorAccessor95.newInstance(Unknown Source)
	at sun.reflect.DelegatingConstructorAccessorImpl.newInstance(Unknown Source)
	at java.lang.reflect.Constructor.newInstance(Unknown Source)
	at org.openqa.selenium.remote.ErrorHandler.createThrowable(ErrorHandler.java:206)
	at org.openqa.selenium.remote.ErrorHandler.throwIfResponseFailed(ErrorHandler.java:158)
	at org.openqa.selenium.remote.RemoteWebDriver.execute(RemoteWebDriver.java:595)
	at org.openqa.selenium.remote.RemoteWebDriver.findElement(RemoteWebDriver.java:348)
	at org.openqa.selenium.remote.RemoteWebDriver.findElementByXPath(RemoteWebDriver.java:445)
	at org.openqa.selenium.By$ByXPath.findElement(By.java:358)
	at org.openqa.selenium.remote.RemoteWebDriver.findElement(RemoteWebDriver.java:340)
	at businesscomponents.FunctionalComponents.productSelect(FunctionalComponents.java:673)
	at sun.reflect.NativeMethodAccessorImpl.invoke0(Native Method)
	at sun.reflect.NativeMethodAccessorImpl.invoke(Unknown Source)
	at sun.reflect.DelegatingMethodAccessorImpl.invoke(Unknown Source)
	at java.lang.reflect.Method.invoke(Unknown Source)
	at supportlibraries.DriverScript.invokeBusinessComponent(DriverScript.java:473)
	at supportlibraries.DriverScript.executeTestcase(DriverScript.java:424)
	at supportlibraries.DriverScript.executeTestIterations(DriverScript.java:378)
	at supportlibraries.DriverScript.driveTestExecution(DriverScript.java:97)
	at allocator.ParallelRunner.invokeTestScript(ParallelRunner.java:59)
	at allocator.ParallelRunner.run(ParallelRunner.java:40)
	at java.util.concurrent.ThreadPoolExecutor.runWorker(Unknown Source)
	at java.util.concurrent.ThreadPoolExecutor$Worker.run(Unknown Source)
	at java.lang.Thread.run(Unknown Source)
Caused by: org.openqa.selenium.NoSuchElementException: Unable to locate element: {"method":"xpath","selector":"//div[@class='product-images advanced-product-gallery']//div[@id='ccs-gallery']//div[@class='ccs-ds-zoomGallery-main-bottom ccs-ds-zoomGallery-class-main ']//img"}
For documentation on this error, please visit: http://seleniumhq.org/exceptions/no_such_element.html
Build info: version: '2.47.1', revision: '411b314', time: '2015-07-30 02:56:46'
System info: host: 'PC275317', ip: '10.207.61.69', os.name: 'Windows 7', os.arch: 'x86', os.version: '6.1', java.version: '1.8.0_25'
Driver info: driver.version: unknown
	at <anonymous class>.FirefoxDriver.prototype.findElementInternal_(file:///C:/Users/248292/AppData/Local/Temp/anonymous2485354199290492382webdriver-profile/extensions/fxdriver@googlecode.com/components/driver-component.js:10667)
	at <anonymous class>.FirefoxDriver.prototype.findElement(file:///C:/Users/248292/AppData/Local/Temp/anonymous2485354199290492382webdriver-profile/extensions/fxdriver@googlecode.com/components/driver-component.js:10676)
	at <anonymous class>.DelayedCommand.prototype.executeInternal_/h(file:///C:/Users/248292/AppData/Local/Temp/anonymous2485354199290492382webdriver-profile/extensions/fxdriver@googlecode.com/components/command-processor.js:12643)
	at <anonymous class>.DelayedCommand.prototype.executeInternal_(file:///C:/Users/248292/AppData/Local/Temp/anonymous2485354199290492382webdriver-profile/extensions/fxdriver@googlecode.com/components/command-processor.js:12648)
	at <anonymous class>.DelayedCommand.prototype.execute/<(file:///C:/Users/248292/AppData/Local/Temp/anonymous2485354199290492382webdriver-profile/extensions/fxdriver@googlecode.com/components/command-processor.js:12590)
java.lang.NullPointerException
	at java.lang.String.contains(Unknown Source)
	at businesscomponents.VerificationComponents.verifyOrderNumberDisplayedDashBoard(VerificationComponents.java:1224)
	at sun.reflect.NativeMethodAccessorImpl.invoke0(Native Method)
	at sun.reflect.NativeMethodAccessorImpl.invoke(Unknown Source)
	at sun.reflect.DelegatingMethodAccessorImpl.invoke(Unknown Source)
	at java.lang.reflect.Method.invoke(Unknown Source)
	at supportlibraries.DriverScript.invokeBusinessComponent(DriverScript.java:473)
	at supportlibraries.DriverScript.executeTestcase(DriverScript.java:424)
	at supportlibraries.DriverScript.executeTestIterations(DriverScript.java:378)
	at supportlibraries.DriverScript.driveTestExecution(DriverScript.java:97)
	at allocator.ParallelRunner.invokeTestScript(ParallelRunner.java:59)
	at allocator.ParallelRunner.run(ParallelRunner.java:40)
	at java.util.concurrent.ThreadPoolExecutor.runWorker(Unknown Source)
	at java.util.concurrent.ThreadPoolExecutor$Worker.run(Unknown Source)
	at java.lang.Thread.run(Unknown Source)
org.openqa.selenium.NoSuchElementException: Unable to locate element: {"method":"xpath","selector":"//div[@id='page']//div//table[@id='Body_ReplaceMainContent_gvShowOrderLines']//tbody//tr[2]//td[3]"}
Command duration or timeout: 9 milliseconds
For documentation on this error, please visit: http://seleniumhq.org/exceptions/no_such_element.html
Build info: version: '2.47.1', revision: '411b314', time: '2015-07-30 02:56:46'
System info: host: 'PC275317', ip: '10.207.61.69', os.name: 'Windows 7', os.arch: 'x86', os.version: '6.1', java.version: '1.8.0_25'
Driver info: org.openqa.selenium.firefox.FirefoxDriver
Capabilities [{applicationCacheEnabled=true, rotatable=false, handlesAlerts=true, databaseEnabled=true, version=39.0.3, platform=WINDOWS, nativeEvents=false, acceptSslCerts=true, webStorageEnabled=true, locationContextEnabled=true, browserName=firefox, takesScreenshot=true, javascriptEnabled=true, cssSelectorsEnabled=true}]
Session ID: c49bc6c0-223a-4736-917f-8cbbd4b6d5b3
*** Element info: {Using=xpath, value=//div[@id='page']//div//table[@id='Body_ReplaceMainContent_gvShowOrderLines']//tbody//tr[2]//td[3]}
	at sun.reflect.GeneratedConstructorAccessor95.newInstance(Unknown Source)
	at sun.reflect.DelegatingConstructorAccessorImpl.newInstance(Unknown Source)
	at java.lang.reflect.Constructor.newInstance(Unknown Source)
	at org.openqa.selenium.remote.ErrorHandler.createThrowable(ErrorHandler.java:206)
	at org.openqa.selenium.remote.ErrorHandler.throwIfResponseFailed(ErrorHandler.java:158)
	at org.openqa.selenium.remote.RemoteWebDriver.execute(RemoteWebDriver.java:595)
	at org.openqa.selenium.remote.RemoteWebDriver.findElement(RemoteWebDriver.java:348)
	at org.openqa.selenium.remote.RemoteWebDriver.findElementByXPath(RemoteWebDriver.java:445)
	at org.openqa.selenium.By$ByXPath.findElement(By.java:358)
	at org.openqa.selenium.remote.RemoteWebDriver.findElement(RemoteWebDriver.java:340)
	at businesscomponents.FunctionalComponents.processOrder(FunctionalComponents.java:1492)
	at sun.reflect.NativeMethodAccessorImpl.invoke0(Native Method)
	at sun.reflect.NativeMethodAccessorImpl.invoke(Unknown Source)
	at sun.reflect.DelegatingMethodAccessorImpl.invoke(Unknown Source)
	at java.lang.reflect.Method.invoke(Unknown Source)
	at supportlibraries.DriverScript.invokeBusinessComponent(DriverScript.java:473)
	at supportlibraries.DriverScript.executeTestcase(DriverScript.java:424)
	at supportlibraries.DriverScript.executeTestIterations(DriverScript.java:378)
	at supportlibraries.DriverScript.driveTestExecution(DriverScript.java:97)
	at allocator.ParallelRunner.invokeTestScript(ParallelRunner.java:59)
	at allocator.ParallelRunner.run(ParallelRunner.java:40)
	at java.util.concurrent.ThreadPoolExecutor.runWorker(Unknown Source)
	at java.util.concurrent.ThreadPoolExecutor$Worker.run(Unknown Source)
	at java.lang.Thread.run(Unknown Source)
Caused by: org.openqa.selenium.NoSuchElementException: Unable to locate element: {"method":"xpath","selector":"//div[@id='page']//div//table[@id='Body_ReplaceMainContent_gvShowOrderLines']//tbody//tr[2]//td[3]"}
For documentation on this error, please visit: http://seleniumhq.org/exceptions/no_such_element.html
Build info: version: '2.47.1', revision: '411b314', time: '2015-07-30 02:56:46'
System info: host: 'PC275317', ip: '10.207.61.69', os.name: 'Windows 7', os.arch: 'x86', os.version: '6.1', java.version: '1.8.0_25'
Driver info: driver.version: unknown
	at <anonymous class>.FirefoxDriver.prototype.findElementInternal_(file:///C:/Users/248292/AppData/Local/Temp/anonymous2435238768090064759webdriver-profile/extensions/fxdriver@googlecode.com/components/driver-component.js:10667)
	at <anonymous class>.FirefoxDriver.prototype.findElement(file:///C:/Users/248292/AppData/Local/Temp/anonymous2435238768090064759webdriver-profile/extensions/fxdriver@googlecode.com/components/driver-component.js:10676)
	at <anonymous class>.DelayedCommand.prototype.executeInternal_/h(file:///C:/Users/248292/AppData/Local/Temp/anonymous2435238768090064759webdriver-profile/extensions/fxdriver@googlecode.com/components/command-processor.js:12643)
	at <anonymous class>.DelayedCommand.prototype.executeInternal_(file:///C:/Users/248292/AppData/Local/Temp/anonymous2435238768090064759webdriver-profile/extensions/fxdriver@googlecode.com/components/command-processor.js:12648)
	at <anonymous class>.DelayedCommand.prototype.execute/<(file:///C:/Users/248292/AppData/Local/Temp/anonymous2435238768090064759webdriver-profile/extensions/fxdriver@googlecode.com/components/command-processor.js:12590)
com.cognizant.framework.FrameworkException: The specified column header "SharedUser" is not found in the sheet "General_Data"!
	at com.cognizant.framework.ExcelDataAccess.getValue(ExcelDataAccess.java:331)
	at com.cognizant.framework.CraftDataTable.getData(CraftDataTable.java:96)
	at businesscomponents.VerificationComponents.verifyHomePageValidations(VerificationComponents.java:1940)
	at sun.reflect.NativeMethodAccessorImpl.invoke0(Native Method)
	at sun.reflect.NativeMethodAccessorImpl.invoke(Unknown Source)
	at sun.reflect.DelegatingMethodAccessorImpl.invoke(Unknown Source)
	at java.lang.reflect.Method.invoke(Unknown Source)
	at supportlibraries.DriverScript.invokeBusinessComponent(DriverScript.java:473)
	at supportlibraries.DriverScript.executeTestcase(DriverScript.java:424)
	at supportlibraries.DriverScript.executeTestIterations(DriverScript.java:378)
	at supportlibraries.DriverScript.driveTestExecution(DriverScript.java:97)
	at allocator.ParallelRunner.invokeTestScript(ParallelRunner.java:59)
	at allocator.ParallelRunner.run(ParallelRunner.java:40)
	at java.util.concurrent.ThreadPoolExecutor.runWorker(Unknown Source)
	at java.util.concurrent.ThreadPoolExecutor$Worker.run(Unknown Source)
	at java.lang.Thread.run(Unknown Source)
org.openqa.selenium.NoSuchElementException: Unable to locate element: {"method":"xpath","selector":"//div[@id='col1']//table[@id='shippingtable']//input[@value='2PILOT']"}
Command duration or timeout: 26 milliseconds
For documentation on this error, please visit: http://seleniumhq.org/exceptions/no_such_element.html
Build info: version: '2.47.1', revision: '411b314', time: '2015-07-30 02:56:46'
System info: host: 'PC275317', ip: '10.207.61.69', os.name: 'Windows 7', os.arch: 'x86', os.version: '6.1', java.version: '1.8.0_25'
Driver info: org.openqa.selenium.firefox.FirefoxDriver
Capabilities [{applicationCacheEnabled=true, rotatable=false, handlesAlerts=true, databaseEnabled=true, version=39.0.3, platform=WINDOWS, nativeEvents=false, acceptSslCerts=true, webStorageEnabled=true, locationContextEnabled=true, browserName=firefox, takesScreenshot=true, javascriptEnabled=true, cssSelectorsEnabled=true}]
Session ID: 6cb05eb9-5704-404b-9b85-2b8918c53d18
*** Element info: {Using=xpath, value=//div[@id='col1']//table[@id='shippingtable']//input[@value='2PILOT']}
	at sun.reflect.GeneratedConstructorAccessor95.newInstance(Unknown Source)
	at sun.reflect.DelegatingConstructorAccessorImpl.newInstance(Unknown Source)
	at java.lang.reflect.Constructor.newInstance(Unknown Source)
	at org.openqa.selenium.remote.ErrorHandler.createThrowable(ErrorHandler.java:206)
	at org.openqa.selenium.remote.ErrorHandler.throwIfResponseFailed(ErrorHandler.java:158)
	at org.openqa.selenium.remote.RemoteWebDriver.execute(RemoteWebDriver.java:595)
	at org.openqa.selenium.remote.RemoteWebDriver.findElement(RemoteWebDriver.java:348)
	at org.openqa.selenium.remote.RemoteWebDriver.findElementByXPath(RemoteWebDriver.java:445)
	at org.openqa.selenium.By$ByXPath.findElement(By.java:358)
	at org.openqa.selenium.remote.RemoteWebDriver.findElement(RemoteWebDriver.java:340)
	at webdriverhelper.WebElementVerificationUtils.verifyAndCheckCheckbox(WebElementVerificationUtils.java:256)
	at businesscomponents.FunctionalComponents.deliveryAndPayments(FunctionalComponents.java:2172)
	at sun.reflect.NativeMethodAccessorImpl.invoke0(Native Method)
	at sun.reflect.NativeMethodAccessorImpl.invoke(Unknown Source)
	at sun.reflect.DelegatingMethodAccessorImpl.invoke(Unknown Source)
	at java.lang.reflect.Method.invoke(Unknown Source)
	at supportlibraries.DriverScript.invokeBusinessComponent(DriverScript.java:473)
	at supportlibraries.DriverScript.executeTestcase(DriverScript.java:424)
	at supportlibraries.DriverScript.executeTestIterations(DriverScript.java:378)
	at supportlibraries.DriverScript.driveTestExecution(DriverScript.java:97)
	at allocator.ParallelRunner.invokeTestScript(ParallelRunner.java:59)
	at allocator.ParallelRunner.run(ParallelRunner.java:40)
	at java.util.concurrent.ThreadPoolExecutor.runWorker(Unknown Source)
	at java.util.concurrent.ThreadPoolExecutor$Worker.run(Unknown Source)
	at java.lang.Thread.run(Unknown Source)
Caused by: org.openqa.selenium.NoSuchElementException: Unable to locate element: {"method":"xpath","selector":"//div[@id='col1']//table[@id='shippingtable']//input[@value='2PILOT']"}
For documentation on this error, please visit: http://seleniumhq.org/exceptions/no_such_element.html
Build info: version: '2.47.1', revision: '411b314', time: '2015-07-30 02:56:46'
System info: host: 'PC275317', ip: '10.207.61.69', os.name: 'Windows 7', os.arch: 'x86', os.version: '6.1', java.version: '1.8.0_25'
Driver info: driver.version: unknown
	at <anonymous class>.FirefoxDriver.prototype.findElementInternal_(file:///C:/Users/248292/AppData/Local/Temp/anonymous8196090495043397669webdriver-profile/extensions/fxdriver@googlecode.com/components/driver-component.js:10667)
	at <anonymous class>.FirefoxDriver.prototype.findElement(file:///C:/Users/248292/AppData/Local/Temp/anonymous8196090495043397669webdriver-profile/extensions/fxdriver@googlecode.com/components/driver-component.js:10676)
	at <anonymous class>.DelayedCommand.prototype.executeInternal_/h(file:///C:/Users/248292/AppData/Local/Temp/anonymous8196090495043397669webdriver-profile/extensions/fxdriver@googlecode.com/components/command-processor.js:12643)
	at <anonymous class>.DelayedCommand.prototype.executeInternal_(file:///C:/Users/248292/AppData/Local/Temp/anonymous8196090495043397669webdriver-profile/extensions/fxdriver@googlecode.com/components/command-processor.js:12648)
	at <anonymous class>.DelayedCommand.prototype.execute/<(file:///C:/Users/248292/AppData/Local/Temp/anonymous8196090495043397669webdriver-profile/extensions/fxdriver@googlecode.com/components/command-processor.js:12590)
org.openqa.selenium.NoSuchElementException: Unable to locate element: {"method":"xpath","selector":"//div[@class='row error errorMessages']//div[@class='errorMessagesList']//p"}
Command duration or timeout: 14 milliseconds
For documentation on this error, please visit: http://seleniumhq.org/exceptions/no_such_element.html
Build info: version: '2.47.1', revision: '411b314', time: '2015-07-30 02:56:46'
System info: host: 'PC275317', ip: '10.207.61.69', os.name: 'Windows 7', os.arch: 'x86', os.version: '6.1', java.version: '1.8.0_25'
Driver info: org.openqa.selenium.firefox.FirefoxDriver
Capabilities [{applicationCacheEnabled=true, rotatable=false, handlesAlerts=true, databaseEnabled=true, version=39.0.3, platform=WINDOWS, nativeEvents=false, acceptSslCerts=true, webStorageEnabled=true, locationContextEnabled=true, browserName=firefox, takesScreenshot=true, javascriptEnabled=true, cssSelectorsEnabled=true}]
Session ID: 6cb05eb9-5704-404b-9b85-2b8918c53d18
*** Element info: {Using=xpath, value=//div[@class='row error errorMessages']//div[@class='errorMessagesList']//p}
	at sun.reflect.GeneratedConstructorAccessor95.newInstance(Unknown Source)
	at sun.reflect.DelegatingConstructorAccessorImpl.newInstance(Unknown Source)
	at java.lang.reflect.Constructor.newInstance(Unknown Source)
	at org.openqa.selenium.remote.ErrorHandler.createThrowable(ErrorHandler.java:206)
	at org.openqa.selenium.remote.ErrorHandler.throwIfResponseFailed(ErrorHandler.java:158)
	at org.openqa.selenium.remote.RemoteWebDriver.execute(RemoteWebDriver.java:595)
	at org.openqa.selenium.remote.RemoteWebDriver.findElement(RemoteWebDriver.java:348)
	at org.openqa.selenium.remote.RemoteWebDriver.findElementByXPath(RemoteWebDriver.java:445)
	at org.openqa.selenium.By$ByXPath.findElement(By.java:358)
	at org.openqa.selenium.remote.RemoteWebDriver.findElement(RemoteWebDriver.java:340)
	at businesscomponents.FunctionalComponents.clickOnFinishOrder(FunctionalComponents.java:1354)
	at sun.reflect.NativeMethodAccessorImpl.invoke0(Native Method)
	at sun.reflect.NativeMethodAccessorImpl.invoke(Unknown Source)
	at sun.reflect.DelegatingMethodAccessorImpl.invoke(Unknown Source)
	at java.lang.reflect.Method.invoke(Unknown Source)
	at supportlibraries.DriverScript.invokeBusinessComponent(DriverScript.java:473)
	at supportlibraries.DriverScript.executeTestcase(DriverScript.java:424)
	at supportlibraries.DriverScript.executeTestIterations(DriverScript.java:378)
	at supportlibraries.DriverScript.driveTestExecution(DriverScript.java:97)
	at allocator.ParallelRunner.invokeTestScript(ParallelRunner.java:59)
	at allocator.ParallelRunner.run(ParallelRunner.java:40)
	at java.util.concurrent.ThreadPoolExecutor.runWorker(Unknown Source)
	at java.util.concurrent.ThreadPoolExecutor$Worker.run(Unknown Source)
	at java.lang.Thread.run(Unknown Source)
Caused by: org.openqa.selenium.NoSuchElementException: Unable to locate element: {"method":"xpath","selector":"//div[@class='row error errorMessages']//div[@class='errorMessagesList']//p"}
For documentation on this error, please visit: http://seleniumhq.org/exceptions/no_such_element.html
Build info: version: '2.47.1', revision: '411b314', time: '2015-07-30 02:56:46'
System info: host: 'PC275317', ip: '10.207.61.69', os.name: 'Windows 7', os.arch: 'x86', os.version: '6.1', java.version: '1.8.0_25'
Driver info: driver.version: unknown
	at <anonymous class>.FirefoxDriver.prototype.findElementInternal_(file:///C:/Users/248292/AppData/Local/Temp/anonymous8196090495043397669webdriver-profile/extensions/fxdriver@googlecode.com/components/driver-component.js:10667)
	at <anonymous class>.FirefoxDriver.prototype.findElement(file:///C:/Users/248292/AppData/Local/Temp/anonymous8196090495043397669webdriver-profile/extensions/fxdriver@googlecode.com/components/driver-component.js:10676)
	at <anonymous class>.DelayedCommand.prototype.executeInternal_/h(file:///C:/Users/248292/AppData/Local/Temp/anonymous8196090495043397669webdriver-profile/extensions/fxdriver@googlecode.com/components/command-processor.js:12643)
	at <anonymous class>.DelayedCommand.prototype.executeInternal_(file:///C:/Users/248292/AppData/Local/Temp/anonymous8196090495043397669webdriver-profile/extensions/fxdriver@googlecode.com/components/command-processor.js:12648)
	at <anonymous class>.DelayedCommand.prototype.execute/<(file:///C:/Users/248292/AppData/Local/Temp/anonymous8196090495043397669webdriver-profile/extensions/fxdriver@googlecode.com/components/command-processor.js:12590)
org.openqa.selenium.NoSuchElementException: Unable to locate element: {"method":"xpath","selector":"//div[@id='col1']//table[@id='shippingtable']//input[@value='2PILOT']"}
Command duration or timeout: 12 milliseconds
For documentation on this error, please visit: http://seleniumhq.org/exceptions/no_such_element.html
Build info: version: '2.47.1', revision: '411b314', time: '2015-07-30 02:56:46'
System info: host: 'PC275317', ip: '10.207.61.69', os.name: 'Windows 7', os.arch: 'x86', os.version: '6.1', java.version: '1.8.0_25'
Driver info: org.openqa.selenium.firefox.FirefoxDriver
Capabilities [{applicationCacheEnabled=true, rotatable=false, handlesAlerts=true, databaseEnabled=true, version=39.0.3, platform=WINDOWS, nativeEvents=false, acceptSslCerts=true, webStorageEnabled=true, locationContextEnabled=true, browserName=firefox, takesScreenshot=true, javascriptEnabled=true, cssSelectorsEnabled=true}]
Session ID: 3539a01a-4e54-4b2d-8f19-ed2926b5adde
*** Element info: {Using=xpath, value=//div[@id='col1']//table[@id='shippingtable']//input[@value='2PILOT']}
	at sun.reflect.GeneratedConstructorAccessor95.newInstance(Unknown Source)
	at sun.reflect.DelegatingConstructorAccessorImpl.newInstance(Unknown Source)
	at java.lang.reflect.Constructor.newInstance(Unknown Source)
	at org.openqa.selenium.remote.ErrorHandler.createThrowable(ErrorHandler.java:206)
	at org.openqa.selenium.remote.ErrorHandler.throwIfResponseFailed(ErrorHandler.java:158)
	at org.openqa.selenium.remote.RemoteWebDriver.execute(RemoteWebDriver.java:595)
	at org.openqa.selenium.remote.RemoteWebDriver.findElement(RemoteWebDriver.java:348)
	at org.openqa.selenium.remote.RemoteWebDriver.findElementByXPath(RemoteWebDriver.java:445)
	at org.openqa.selenium.By$ByXPath.findElement(By.java:358)
	at org.openqa.selenium.remote.RemoteWebDriver.findElement(RemoteWebDriver.java:340)
	at webdriverhelper.WebElementVerificationUtils.verifyAndCheckCheckbox(WebElementVerificationUtils.java:256)
	at businesscomponents.FunctionalComponents.deliveryAndPayments(FunctionalComponents.java:2172)
	at sun.reflect.NativeMethodAccessorImpl.invoke0(Native Method)
	at sun.reflect.NativeMethodAccessorImpl.invoke(Unknown Source)
	at sun.reflect.DelegatingMethodAccessorImpl.invoke(Unknown Source)
	at java.lang.reflect.Method.invoke(Unknown Source)
	at supportlibraries.DriverScript.invokeBusinessComponent(DriverScript.java:473)
	at supportlibraries.DriverScript.executeTestcase(DriverScript.java:424)
	at supportlibraries.DriverScript.executeTestIterations(DriverScript.java:378)
	at supportlibraries.DriverScript.driveTestExecution(DriverScript.java:97)
	at allocator.ParallelRunner.invokeTestScript(ParallelRunner.java:59)
	at allocator.ParallelRunner.run(ParallelRunner.java:40)
	at java.util.concurrent.ThreadPoolExecutor.runWorker(Unknown Source)
	at java.util.concurrent.ThreadPoolExecutor$Worker.run(Unknown Source)
	at java.lang.Thread.run(Unknown Source)
Caused by: org.openqa.selenium.NoSuchElementException: Unable to locate element: {"method":"xpath","selector":"//div[@id='col1']//table[@id='shippingtable']//input[@value='2PILOT']"}
For documentation on this error, please visit: http://seleniumhq.org/exceptions/no_such_element.html
Build info: version: '2.47.1', revision: '411b314', time: '2015-07-30 02:56:46'
System info: host: 'PC275317', ip: '10.207.61.69', os.name: 'Windows 7', os.arch: 'x86', os.version: '6.1', java.version: '1.8.0_25'
Driver info: driver.version: unknown
	at <anonymous class>.FirefoxDriver.prototype.findElementInternal_(file:///C:/Users/248292/AppData/Local/Temp/anonymous6226050287195087554webdriver-profile/extensions/fxdriver@googlecode.com/components/driver-component.js:10667)
	at <anonymous class>.FirefoxDriver.prototype.findElement(file:///C:/Users/248292/AppData/Local/Temp/anonymous6226050287195087554webdriver-profile/extensions/fxdriver@googlecode.com/components/driver-component.js:10676)
	at <anonymous class>.DelayedCommand.prototype.executeInternal_/h(file:///C:/Users/248292/AppData/Local/Temp/anonymous6226050287195087554webdriver-profile/extensions/fxdriver@googlecode.com/components/command-processor.js:12643)
	at <anonymous class>.DelayedCommand.prototype.executeInternal_(file:///C:/Users/248292/AppData/Local/Temp/anonymous6226050287195087554webdriver-profile/extensions/fxdriver@googlecode.com/components/command-processor.js:12648)
	at <anonymous class>.DelayedCommand.prototype.execute/<(file:///C:/Users/248292/AppData/Local/Temp/anonymous6226050287195087554webdriver-profile/extensions/fxdriver@googlecode.com/components/command-processor.js:12590)
org.openqa.selenium.NoSuchElementException: Unable to locate element: {"method":"xpath","selector":"//div[@class='row error errorMessages']//div[@class='errorMessagesList']//p"}
Command duration or timeout: 7 milliseconds
For documentation on this error, please visit: http://seleniumhq.org/exceptions/no_such_element.html
Build info: version: '2.47.1', revision: '411b314', time: '2015-07-30 02:56:46'
System info: host: 'PC275317', ip: '10.207.61.69', os.name: 'Windows 7', os.arch: 'x86', os.version: '6.1', java.version: '1.8.0_25'
Driver info: org.openqa.selenium.firefox.FirefoxDriver
Capabilities [{applicationCacheEnabled=true, rotatable=false, handlesAlerts=true, databaseEnabled=true, version=39.0.3, platform=WINDOWS, nativeEvents=false, acceptSslCerts=true, webStorageEnabled=true, locationContextEnabled=true, browserName=firefox, takesScreenshot=true, javascriptEnabled=true, cssSelectorsEnabled=true}]
Session ID: 3539a01a-4e54-4b2d-8f19-ed2926b5adde
*** Element info: {Using=xpath, value=//div[@class='row error errorMessages']//div[@class='errorMessagesList']//p}
	at sun.reflect.GeneratedConstructorAccessor95.newInstance(Unknown Source)
	at sun.reflect.DelegatingConstructorAccessorImpl.newInstance(Unknown Source)
	at java.lang.reflect.Constructor.newInstance(Unknown Source)
	at org.openqa.selenium.remote.ErrorHandler.createThrowable(ErrorHandler.java:206)
	at org.openqa.selenium.remote.ErrorHandler.throwIfResponseFailed(ErrorHandler.java:158)
	at org.openqa.selenium.remote.RemoteWebDriver.execute(RemoteWebDriver.java:595)
	at org.openqa.selenium.remote.RemoteWebDriver.findElement(RemoteWebDriver.java:348)
	at org.openqa.selenium.remote.RemoteWebDriver.findElementByXPath(RemoteWebDriver.java:445)
	at org.openqa.selenium.By$ByXPath.findElement(By.java:358)
	at org.openqa.selenium.remote.RemoteWebDriver.findElement(RemoteWebDriver.java:340)
	at businesscomponents.FunctionalComponents.clickOnFinishOrder(FunctionalComponents.java:1354)
	at sun.reflect.NativeMethodAccessorImpl.invoke0(Native Method)
	at sun.reflect.NativeMethodAccessorImpl.invoke(Unknown Source)
	at sun.reflect.DelegatingMethodAccessorImpl.invoke(Unknown Source)
	at java.lang.reflect.Method.invoke(Unknown Source)
	at supportlibraries.DriverScript.invokeBusinessComponent(DriverScript.java:473)
	at supportlibraries.DriverScript.executeTestcase(DriverScript.java:424)
	at supportlibraries.DriverScript.executeTestIterations(DriverScript.java:378)
	at supportlibraries.DriverScript.driveTestExecution(DriverScript.java:97)
	at allocator.ParallelRunner.invokeTestScript(ParallelRunner.java:59)
	at allocator.ParallelRunner.run(ParallelRunner.java:40)
	at java.util.concurrent.ThreadPoolExecutor.runWorker(Unknown Source)
	at java.util.concurrent.ThreadPoolExecutor$Worker.run(Unknown Source)
	at java.lang.Thread.run(Unknown Source)
Caused by: org.openqa.selenium.NoSuchElementException: Unable to locate element: {"method":"xpath","selector":"//div[@class='row error errorMessages']//div[@class='errorMessagesList']//p"}
For documentation on this error, please visit: http://seleniumhq.org/exceptions/no_such_element.html
Build info: version: '2.47.1', revision: '411b314', time: '2015-07-30 02:56:46'
System info: host: 'PC275317', ip: '10.207.61.69', os.name: 'Windows 7', os.arch: 'x86', os.version: '6.1', java.version: '1.8.0_25'
Driver info: driver.version: unknown
	at <anonymous class>.FirefoxDriver.prototype.findElementInternal_(file:///C:/Users/248292/AppData/Local/Temp/anonymous6226050287195087554webdriver-profile/extensions/fxdriver@googlecode.com/components/driver-component.js:10667)
	at <anonymous class>.FirefoxDriver.prototype.findElement(file:///C:/Users/248292/AppData/Local/Temp/anonymous6226050287195087554webdriver-profile/extensions/fxdriver@googlecode.com/components/driver-component.js:10676)
	at <anonymous class>.DelayedCommand.prototype.executeInternal_/h(file:///C:/Users/248292/AppData/Local/Temp/anonymous6226050287195087554webdriver-profile/extensions/fxdriver@googlecode.com/components/command-processor.js:12643)
	at <anonymous class>.DelayedCommand.prototype.executeInternal_(file:///C:/Users/248292/AppData/Local/Temp/anonymous6226050287195087554webdriver-profile/extensions/fxdriver@googlecode.com/components/command-processor.js:12648)
	at <anonymous class>.DelayedCommand.prototype.execute/<(file:///C:/Users/248292/AppData/Local/Temp/anonymous6226050287195087554webdriver-profile/extensions/fxdriver@googlecode.com/components/command-processor.js:12590)
com.cognizant.framework.FrameworkException: The specified column header "SharedUser" is not found in the sheet "General_Data"!
	at com.cognizant.framework.ExcelDataAccess.getValue(ExcelDataAccess.java:331)
	at com.cognizant.framework.CraftDataTable.getData(CraftDataTable.java:96)
	at businesscomponents.VerificationComponents.verifyHomePageValidations(VerificationComponents.java:1940)
	at sun.reflect.NativeMethodAccessorImpl.invoke0(Native Method)
	at sun.reflect.NativeMethodAccessorImpl.invoke(Unknown Source)
	at sun.reflect.DelegatingMethodAccessorImpl.invoke(Unknown Source)
	at java.lang.reflect.Method.invoke(Unknown Source)
	at supportlibraries.DriverScript.invokeBusinessComponent(DriverScript.java:473)
	at supportlibraries.DriverScript.executeTestcase(DriverScript.java:424)
	at supportlibraries.DriverScript.executeTestIterations(DriverScript.java:378)
	at supportlibraries.DriverScript.driveTestExecution(DriverScript.java:97)
	at allocator.ParallelRunner.invokeTestScript(ParallelRunner.java:59)
	at allocator.ParallelRunner.run(ParallelRunner.java:40)
	at java.util.concurrent.ThreadPoolExecutor.runWorker(Unknown Source)
	at java.util.concurrent.ThreadPoolExecutor$Worker.run(Unknown Source)
	at java.lang.Thread.run(Unknown Source)
org.openqa.selenium.NoSuchElementException: Unable to locate element: {"method":"xpath","selector":"//div[@id='col1']//table[@id='shippingtable']//input[@value='2PILOT']"}
Command duration or timeout: 16 milliseconds
For documentation on this error, please visit: http://seleniumhq.org/exceptions/no_such_element.html
Build info: version: '2.47.1', revision: '411b314', time: '2015-07-30 02:56:46'
System info: host: 'PC275317', ip: '10.207.61.69', os.name: 'Windows 7', os.arch: 'x86', os.version: '6.1', java.version: '1.8.0_25'
Driver info: org.openqa.selenium.firefox.FirefoxDriver
Capabilities [{applicationCacheEnabled=true, rotatable=false, handlesAlerts=true, databaseEnabled=true, version=39.0.3, platform=WINDOWS, nativeEvents=false, acceptSslCerts=true, webStorageEnabled=true, locationContextEnabled=true, browserName=firefox, takesScreenshot=true, javascriptEnabled=true, cssSelectorsEnabled=true}]
Session ID: 2d9fe0f4-6116-486a-a743-d992f7b3835c
*** Element info: {Using=xpath, value=//div[@id='col1']//table[@id='shippingtable']//input[@value='2PILOT']}
	at sun.reflect.GeneratedConstructorAccessor95.newInstance(Unknown Source)
	at sun.reflect.DelegatingConstructorAccessorImpl.newInstance(Unknown Source)
	at java.lang.reflect.Constructor.newInstance(Unknown Source)
	at org.openqa.selenium.remote.ErrorHandler.createThrowable(ErrorHandler.java:206)
	at org.openqa.selenium.remote.ErrorHandler.throwIfResponseFailed(ErrorHandler.java:158)
	at org.openqa.selenium.remote.RemoteWebDriver.execute(RemoteWebDriver.java:595)
	at org.openqa.selenium.remote.RemoteWebDriver.findElement(RemoteWebDriver.java:348)
	at org.openqa.selenium.remote.RemoteWebDriver.findElementByXPath(RemoteWebDriver.java:445)
	at org.openqa.selenium.By$ByXPath.findElement(By.java:358)
	at org.openqa.selenium.remote.RemoteWebDriver.findElement(RemoteWebDriver.java:340)
	at webdriverhelper.WebElementVerificationUtils.verifyAndCheckCheckbox(WebElementVerificationUtils.java:256)
	at businesscomponents.FunctionalComponents.deliveryAndPayments(FunctionalComponents.java:2172)
	at sun.reflect.NativeMethodAccessorImpl.invoke0(Native Method)
	at sun.reflect.NativeMethodAccessorImpl.invoke(Unknown Source)
	at sun.reflect.DelegatingMethodAccessorImpl.invoke(Unknown Source)
	at java.lang.reflect.Method.invoke(Unknown Source)
	at supportlibraries.DriverScript.invokeBusinessComponent(DriverScript.java:473)
	at supportlibraries.DriverScript.executeTestcase(DriverScript.java:424)
	at supportlibraries.DriverScript.executeTestIterations(DriverScript.java:378)
	at supportlibraries.DriverScript.driveTestExecution(DriverScript.java:97)
	at allocator.ParallelRunner.invokeTestScript(ParallelRunner.java:59)
	at allocator.ParallelRunner.run(ParallelRunner.java:40)
	at java.util.concurrent.ThreadPoolExecutor.runWorker(Unknown Source)
	at java.util.concurrent.ThreadPoolExecutor$Worker.run(Unknown Source)
	at java.lang.Thread.run(Unknown Source)
Caused by: org.openqa.selenium.NoSuchElementException: Unable to locate element: {"method":"xpath","selector":"//div[@id='col1']//table[@id='shippingtable']//input[@value='2PILOT']"}
For documentation on this error, please visit: http://seleniumhq.org/exceptions/no_such_element.html
Build info: version: '2.47.1', revision: '411b314', time: '2015-07-30 02:56:46'
System info: host: 'PC275317', ip: '10.207.61.69', os.name: 'Windows 7', os.arch: 'x86', os.version: '6.1', java.version: '1.8.0_25'
Driver info: driver.version: unknown
	at <anonymous class>.FirefoxDriver.prototype.findElementInternal_(file:///C:/Users/248292/AppData/Local/Temp/anonymous4079444933289415614webdriver-profile/extensions/fxdriver@googlecode.com/components/driver-component.js:10667)
	at <anonymous class>.FirefoxDriver.prototype.findElement(file:///C:/Users/248292/AppData/Local/Temp/anonymous4079444933289415614webdriver-profile/extensions/fxdriver@googlecode.com/components/driver-component.js:10676)
	at <anonymous class>.DelayedCommand.prototype.executeInternal_/h(file:///C:/Users/248292/AppData/Local/Temp/anonymous4079444933289415614webdriver-profile/extensions/fxdriver@googlecode.com/components/command-processor.js:12643)
	at <anonymous class>.DelayedCommand.prototype.executeInternal_(file:///C:/Users/248292/AppData/Local/Temp/anonymous4079444933289415614webdriver-profile/extensions/fxdriver@googlecode.com/components/command-processor.js:12648)
	at <anonymous class>.DelayedCommand.prototype.execute/<(file:///C:/Users/248292/AppData/Local/Temp/anonymous4079444933289415614webdriver-profile/extensions/fxdriver@googlecode.com/components/command-processor.js:12590)
org.openqa.selenium.NoSuchElementException: Unable to locate element: {"method":"xpath","selector":"//div[@class='row error errorMessages']//div[@class='errorMessagesList']//p"}
Command duration or timeout: 17 milliseconds
For documentation on this error, please visit: http://seleniumhq.org/exceptions/no_such_element.html
Build info: version: '2.47.1', revision: '411b314', time: '2015-07-30 02:56:46'
System info: host: 'PC275317', ip: '10.207.61.69', os.name: 'Windows 7', os.arch: 'x86', os.version: '6.1', java.version: '1.8.0_25'
Driver info: org.openqa.selenium.firefox.FirefoxDriver
Capabilities [{applicationCacheEnabled=true, rotatable=false, handlesAlerts=true, databaseEnabled=true, version=39.0.3, platform=WINDOWS, nativeEvents=false, acceptSslCerts=true, webStorageEnabled=true, locationContextEnabled=true, browserName=firefox, takesScreenshot=true, javascriptEnabled=true, cssSelectorsEnabled=true}]
Session ID: 2d9fe0f4-6116-486a-a743-d992f7b3835c
*** Element info: {Using=xpath, value=//div[@class='row error errorMessages']//div[@class='errorMessagesList']//p}
	at sun.reflect.GeneratedConstructorAccessor95.newInstance(Unknown Source)
	at sun.reflect.DelegatingConstructorAccessorImpl.newInstance(Unknown Source)
	at java.lang.reflect.Constructor.newInstance(Unknown Source)
	at org.openqa.selenium.remote.ErrorHandler.createThrowable(ErrorHandler.java:206)
	at org.openqa.selenium.remote.ErrorHandler.throwIfResponseFailed(ErrorHandler.java:158)
	at org.openqa.selenium.remote.RemoteWebDriver.execute(RemoteWebDriver.java:595)
	at org.openqa.selenium.remote.RemoteWebDriver.findElement(RemoteWebDriver.java:348)
	at org.openqa.selenium.remote.RemoteWebDriver.findElementByXPath(RemoteWebDriver.java:445)
	at org.openqa.selenium.By$ByXPath.findElement(By.java:358)
	at org.openqa.selenium.remote.RemoteWebDriver.findElement(RemoteWebDriver.java:340)
	at businesscomponents.FunctionalComponents.clickOnFinishOrder(FunctionalComponents.java:1354)
	at sun.reflect.NativeMethodAccessorImpl.invoke0(Native Method)
	at sun.reflect.NativeMethodAccessorImpl.invoke(Unknown Source)
	at sun.reflect.DelegatingMethodAccessorImpl.invoke(Unknown Source)
	at java.lang.reflect.Method.invoke(Unknown Source)
	at supportlibraries.DriverScript.invokeBusinessComponent(DriverScript.java:473)
	at supportlibraries.DriverScript.executeTestcase(DriverScript.java:424)
	at supportlibraries.DriverScript.executeTestIterations(DriverScript.java:378)
	at supportlibraries.DriverScript.driveTestExecution(DriverScript.java:97)
	at allocator.ParallelRunner.invokeTestScript(ParallelRunner.java:59)
	at allocator.ParallelRunner.run(ParallelRunner.java:40)
	at java.util.concurrent.ThreadPoolExecutor.runWorker(Unknown Source)
	at java.util.concurrent.ThreadPoolExecutor$Worker.run(Unknown Source)
	at java.lang.Thread.run(Unknown Source)
Caused by: org.openqa.selenium.NoSuchElementException: Unable to locate element: {"method":"xpath","selector":"//div[@class='row error errorMessages']//div[@class='errorMessagesList']//p"}
For documentation on this error, please visit: http://seleniumhq.org/exceptions/no_such_element.html
Build info: version: '2.47.1', revision: '411b314', time: '2015-07-30 02:56:46'
System info: host: 'PC275317', ip: '10.207.61.69', os.name: 'Windows 7', os.arch: 'x86', os.version: '6.1', java.version: '1.8.0_25'
Driver info: driver.version: unknown
	at <anonymous class>.FirefoxDriver.prototype.findElementInternal_(file:///C:/Users/248292/AppData/Local/Temp/anonymous4079444933289415614webdriver-profile/extensions/fxdriver@googlecode.com/components/driver-component.js:10667)
	at <anonymous class>.FirefoxDriver.prototype.findElement(file:///C:/Users/248292/AppData/Local/Temp/anonymous4079444933289415614webdriver-profile/extensions/fxdriver@googlecode.com/components/driver-component.js:10676)
	at <anonymous class>.DelayedCommand.prototype.executeInternal_/h(file:///C:/Users/248292/AppData/Local/Temp/anonymous4079444933289415614webdriver-profile/extensions/fxdriver@googlecode.com/components/command-processor.js:12643)
	at <anonymous class>.DelayedCommand.prototype.executeInternal_(file:///C:/Users/248292/AppData/Local/Temp/anonymous4079444933289415614webdriver-profile/extensions/fxdriver@googlecode.com/components/command-processor.js:12648)
	at <anonymous class>.DelayedCommand.prototype.execute/<(file:///C:/Users/248292/AppData/Local/Temp/anonymous4079444933289415614webdriver-profile/extensions/fxdriver@googlecode.com/components/command-processor.js:12590)
com.cognizant.framework.FrameworkException: The specified column header "SharedUser" is not found in the sheet "General_Data"!
	at com.cognizant.framework.ExcelDataAccess.getValue(ExcelDataAccess.java:331)
	at com.cognizant.framework.CraftDataTable.getData(CraftDataTable.java:96)
	at businesscomponents.VerificationComponents.verifyHomePageValidations(VerificationComponents.java:1940)
	at sun.reflect.NativeMethodAccessorImpl.invoke0(Native Method)
	at sun.reflect.NativeMethodAccessorImpl.invoke(Unknown Source)
	at sun.reflect.DelegatingMethodAccessorImpl.invoke(Unknown Source)
	at java.lang.reflect.Method.invoke(Unknown Source)
	at supportlibraries.DriverScript.invokeBusinessComponent(DriverScript.java:473)
	at supportlibraries.DriverScript.executeTestcase(DriverScript.java:424)
	at supportlibraries.DriverScript.executeTestIterations(DriverScript.java:378)
	at supportlibraries.DriverScript.driveTestExecution(DriverScript.java:97)
	at allocator.ParallelRunner.invokeTestScript(ParallelRunner.java:59)
	at allocator.ParallelRunner.run(ParallelRunner.java:40)
	at java.util.concurrent.ThreadPoolExecutor.runWorker(Unknown Source)
	at java.util.concurrent.ThreadPoolExecutor$Worker.run(Unknown Source)
	at java.lang.Thread.run(Unknown Source)
com.cognizant.framework.FrameworkException: The specified column header "SharedUser" is not found in the sheet "General_Data"!
	at com.cognizant.framework.ExcelDataAccess.getValue(ExcelDataAccess.java:331)
	at com.cognizant.framework.CraftDataTable.getData(CraftDataTable.java:96)
	at businesscomponents.VerificationComponents.verifyHomePageValidations(VerificationComponents.java:1940)
	at sun.reflect.NativeMethodAccessorImpl.invoke0(Native Method)
	at sun.reflect.NativeMethodAccessorImpl.invoke(Unknown Source)
	at sun.reflect.DelegatingMethodAccessorImpl.invoke(Unknown Source)
	at java.lang.reflect.Method.invoke(Unknown Source)
	at supportlibraries.DriverScript.invokeBusinessComponent(DriverScript.java:473)
	at supportlibraries.DriverScript.executeTestcase(DriverScript.java:424)
	at supportlibraries.DriverScript.executeTestIterations(DriverScript.java:378)
	at supportlibraries.DriverScript.driveTestExecution(DriverScript.java:97)
	at allocator.ParallelRunner.invokeTestScript(ParallelRunner.java:59)
	at allocator.ParallelRunner.run(ParallelRunner.java:40)
	at java.util.concurrent.ThreadPoolExecutor.runWorker(Unknown Source)
	at java.util.concurrent.ThreadPoolExecutor$Worker.run(Unknown Source)
	at java.lang.Thread.run(Unknown Source)
org.openqa.selenium.NoSuchElementException: Unable to locate element: {"method":"xpath","selector":"//div[@id='col1']//table[@id='shippingtable']//input[@value='2PILOT']"}
Command duration or timeout: 12 milliseconds
For documentation on this error, please visit: http://seleniumhq.org/exceptions/no_such_element.html
Build info: version: '2.47.1', revision: '411b314', time: '2015-07-30 02:56:46'
System info: host: 'PC275317', ip: '10.207.61.69', os.name: 'Windows 7', os.arch: 'x86', os.version: '6.1', java.version: '1.8.0_25'
Driver info: org.openqa.selenium.firefox.FirefoxDriver
Capabilities [{applicationCacheEnabled=true, rotatable=false, handlesAlerts=true, databaseEnabled=true, version=39.0.3, platform=WINDOWS, nativeEvents=false, acceptSslCerts=true, webStorageEnabled=true, locationContextEnabled=true, browserName=firefox, takesScreenshot=true, javascriptEnabled=true, cssSelectorsEnabled=true}]
Session ID: 809d17b7-7cef-4433-9065-e49f1d7b4b13
*** Element info: {Using=xpath, value=//div[@id='col1']//table[@id='shippingtable']//input[@value='2PILOT']}
	at sun.reflect.GeneratedConstructorAccessor95.newInstance(Unknown Source)
	at sun.reflect.DelegatingConstructorAccessorImpl.newInstance(Unknown Source)
	at java.lang.reflect.Constructor.newInstance(Unknown Source)
	at org.openqa.selenium.remote.ErrorHandler.createThrowable(ErrorHandler.java:206)
	at org.openqa.selenium.remote.ErrorHandler.throwIfResponseFailed(ErrorHandler.java:158)
	at org.openqa.selenium.remote.RemoteWebDriver.execute(RemoteWebDriver.java:595)
	at org.openqa.selenium.remote.RemoteWebDriver.findElement(RemoteWebDriver.java:348)
	at org.openqa.selenium.remote.RemoteWebDriver.findElementByXPath(RemoteWebDriver.java:445)
	at org.openqa.selenium.By$ByXPath.findElement(By.java:358)
	at org.openqa.selenium.remote.RemoteWebDriver.findElement(RemoteWebDriver.java:340)
	at webdriverhelper.WebElementVerificationUtils.verifyAndCheckCheckbox(WebElementVerificationUtils.java:256)
	at businesscomponents.FunctionalComponents.deliveryAndPayments(FunctionalComponents.java:2172)
	at sun.reflect.NativeMethodAccessorImpl.invoke0(Native Method)
	at sun.reflect.NativeMethodAccessorImpl.invoke(Unknown Source)
	at sun.reflect.DelegatingMethodAccessorImpl.invoke(Unknown Source)
	at java.lang.reflect.Method.invoke(Unknown Source)
	at supportlibraries.DriverScript.invokeBusinessComponent(DriverScript.java:473)
	at supportlibraries.DriverScript.executeTestcase(DriverScript.java:424)
	at supportlibraries.DriverScript.executeTestIterations(DriverScript.java:378)
	at supportlibraries.DriverScript.driveTestExecution(DriverScript.java:97)
	at allocator.ParallelRunner.invokeTestScript(ParallelRunner.java:59)
	at allocator.ParallelRunner.run(ParallelRunner.java:40)
	at java.util.concurrent.ThreadPoolExecutor.runWorker(Unknown Source)
	at java.util.concurrent.ThreadPoolExecutor$Worker.run(Unknown Source)
	at java.lang.Thread.run(Unknown Source)
Caused by: org.openqa.selenium.NoSuchElementException: Unable to locate element: {"method":"xpath","selector":"//div[@id='col1']//table[@id='shippingtable']//input[@value='2PILOT']"}
For documentation on this error, please visit: http://seleniumhq.org/exceptions/no_such_element.html
Build info: version: '2.47.1', revision: '411b314', time: '2015-07-30 02:56:46'
System info: host: 'PC275317', ip: '10.207.61.69', os.name: 'Windows 7', os.arch: 'x86', os.version: '6.1', java.version: '1.8.0_25'
Driver info: driver.version: unknown
	at <anonymous class>.FirefoxDriver.prototype.findElementInternal_(file:///C:/Users/248292/AppData/Local/Temp/anonymous7801959852566874946webdriver-profile/extensions/fxdriver@googlecode.com/components/driver-component.js:10667)
	at <anonymous class>.FirefoxDriver.prototype.findElement(file:///C:/Users/248292/AppData/Local/Temp/anonymous7801959852566874946webdriver-profile/extensions/fxdriver@googlecode.com/components/driver-component.js:10676)
	at <anonymous class>.DelayedCommand.prototype.executeInternal_/h(file:///C:/Users/248292/AppData/Local/Temp/anonymous7801959852566874946webdriver-profile/extensions/fxdriver@googlecode.com/components/command-processor.js:12643)
	at <anonymous class>.DelayedCommand.prototype.executeInternal_(file:///C:/Users/248292/AppData/Local/Temp/anonymous7801959852566874946webdriver-profile/extensions/fxdriver@googlecode.com/components/command-processor.js:12648)
	at <anonymous class>.DelayedCommand.prototype.execute/<(file:///C:/Users/248292/AppData/Local/Temp/anonymous7801959852566874946webdriver-profile/extensions/fxdriver@googlecode.com/components/command-processor.js:12590)
org.openqa.selenium.NoSuchElementException: Unable to locate element: {"method":"xpath","selector":"//div[@class='row error errorMessages']//div[@class='errorMessagesList']//p"}
Command duration or timeout: 13 milliseconds
For documentation on this error, please visit: http://seleniumhq.org/exceptions/no_such_element.html
Build info: version: '2.47.1', revision: '411b314', time: '2015-07-30 02:56:46'
System info: host: 'PC275317', ip: '10.207.61.69', os.name: 'Windows 7', os.arch: 'x86', os.version: '6.1', java.version: '1.8.0_25'
Driver info: org.openqa.selenium.firefox.FirefoxDriver
Capabilities [{applicationCacheEnabled=true, rotatable=false, handlesAlerts=true, databaseEnabled=true, version=39.0.3, platform=WINDOWS, nativeEvents=false, acceptSslCerts=true, webStorageEnabled=true, locationContextEnabled=true, browserName=firefox, takesScreenshot=true, javascriptEnabled=true, cssSelectorsEnabled=true}]
Session ID: 809d17b7-7cef-4433-9065-e49f1d7b4b13
*** Element info: {Using=xpath, value=//div[@class='row error errorMessages']//div[@class='errorMessagesList']//p}
	at sun.reflect.GeneratedConstructorAccessor95.newInstance(Unknown Source)
	at sun.reflect.DelegatingConstructorAccessorImpl.newInstance(Unknown Source)
	at java.lang.reflect.Constructor.newInstance(Unknown Source)
	at org.openqa.selenium.remote.ErrorHandler.createThrowable(ErrorHandler.java:206)
	at org.openqa.selenium.remote.ErrorHandler.throwIfResponseFailed(ErrorHandler.java:158)
	at org.openqa.selenium.remote.RemoteWebDriver.execute(RemoteWebDriver.java:595)
	at org.openqa.selenium.remote.RemoteWebDriver.findElement(RemoteWebDriver.java:348)
	at org.openqa.selenium.remote.RemoteWebDriver.findElementByXPath(RemoteWebDriver.java:445)
	at org.openqa.selenium.By$ByXPath.findElement(By.java:358)
	at org.openqa.selenium.remote.RemoteWebDriver.findElement(RemoteWebDriver.java:340)
	at businesscomponents.FunctionalComponents.clickOnFinishOrder(FunctionalComponents.java:1354)
	at sun.reflect.NativeMethodAccessorImpl.invoke0(Native Method)
	at sun.reflect.NativeMethodAccessorImpl.invoke(Unknown Source)
	at sun.reflect.DelegatingMethodAccessorImpl.invoke(Unknown Source)
	at java.lang.reflect.Method.invoke(Unknown Source)
	at supportlibraries.DriverScript.invokeBusinessComponent(DriverScript.java:473)
	at supportlibraries.DriverScript.executeTestcase(DriverScript.java:424)
	at supportlibraries.DriverScript.executeTestIterations(DriverScript.java:378)
	at supportlibraries.DriverScript.driveTestExecution(DriverScript.java:97)
	at allocator.ParallelRunner.invokeTestScript(ParallelRunner.java:59)
	at allocator.ParallelRunner.run(ParallelRunner.java:40)
	at java.util.concurrent.ThreadPoolExecutor.runWorker(Unknown Source)
	at java.util.concurrent.ThreadPoolExecutor$Worker.run(Unknown Source)
	at java.lang.Thread.run(Unknown Source)
Caused by: org.openqa.selenium.NoSuchElementException: Unable to locate element: {"method":"xpath","selector":"//div[@class='row error errorMessages']//div[@class='errorMessagesList']//p"}
For documentation on this error, please visit: http://seleniumhq.org/exceptions/no_such_element.html
Build info: version: '2.47.1', revision: '411b314', time: '2015-07-30 02:56:46'
System info: host: 'PC275317', ip: '10.207.61.69', os.name: 'Windows 7', os.arch: 'x86', os.version: '6.1', java.version: '1.8.0_25'
Driver info: driver.version: unknown
	at <anonymous class>.FirefoxDriver.prototype.findElementInternal_(file:///C:/Users/248292/AppData/Local/Temp/anonymous7801959852566874946webdriver-profile/extensions/fxdriver@googlecode.com/components/driver-component.js:10667)
	at <anonymous class>.FirefoxDriver.prototype.findElement(file:///C:/Users/248292/AppData/Local/Temp/anonymous7801959852566874946webdriver-profile/extensions/fxdriver@googlecode.com/components/driver-component.js:10676)
	at <anonymous class>.DelayedCommand.prototype.executeInternal_/h(file:///C:/Users/248292/AppData/Local/Temp/anonymous7801959852566874946webdriver-profile/extensions/fxdriver@googlecode.com/components/command-processor.js:12643)
	at <anonymous class>.DelayedCommand.prototype.executeInternal_(file:///C:/Users/248292/AppData/Local/Temp/anonymous7801959852566874946webdriver-profile/extensions/fxdriver@googlecode.com/components/command-processor.js:12648)
	at <anonymous class>.DelayedCommand.prototype.execute/<(file:///C:/Users/248292/AppData/Local/Temp/anonymous7801959852566874946webdriver-profile/extensions/fxdriver@googlecode.com/components/command-processor.js:12590)
com.cognizant.framework.FrameworkException: The specified column header "SharedUser" is not found in the sheet "General_Data"!
	at com.cognizant.framework.ExcelDataAccess.getValue(ExcelDataAccess.java:331)
	at com.cognizant.framework.CraftDataTable.getData(CraftDataTable.java:96)
	at businesscomponents.VerificationComponents.verifyHomePageValidations(VerificationComponents.java:1940)
	at sun.reflect.NativeMethodAccessorImpl.invoke0(Native Method)
	at sun.reflect.NativeMethodAccessorImpl.invoke(Unknown Source)
	at sun.reflect.DelegatingMethodAccessorImpl.invoke(Unknown Source)
	at java.lang.reflect.Method.invoke(Unknown Source)
	at supportlibraries.DriverScript.invokeBusinessComponent(DriverScript.java:473)
	at supportlibraries.DriverScript.executeTestcase(DriverScript.java:424)
	at supportlibraries.DriverScript.executeTestIterations(DriverScript.java:378)
	at supportlibraries.DriverScript.driveTestExecution(DriverScript.java:97)
	at allocator.ParallelRunner.invokeTestScript(ParallelRunner.java:59)
	at allocator.ParallelRunner.run(ParallelRunner.java:40)
	at java.util.concurrent.ThreadPoolExecutor.runWorker(Unknown Source)
	at java.util.concurrent.ThreadPoolExecutor$Worker.run(Unknown Source)
	at java.lang.Thread.run(Unknown Source)
org.openqa.selenium.NoSuchElementException: Unable to locate element: {"method":"xpath","selector":"//div//input[@id='Body_MainContent_productList_accessoriesRepeater_cbSelected_0']"}
Command duration or timeout: 14 milliseconds
For documentation on this error, please visit: http://seleniumhq.org/exceptions/no_such_element.html
Build info: version: '2.47.1', revision: '411b314', time: '2015-07-30 02:56:46'
System info: host: 'PC275317', ip: '10.207.61.69', os.name: 'Windows 7', os.arch: 'x86', os.version: '6.1', java.version: '1.8.0_25'
Driver info: org.openqa.selenium.firefox.FirefoxDriver
Capabilities [{applicationCacheEnabled=true, rotatable=false, handlesAlerts=true, databaseEnabled=true, version=39.0.3, platform=WINDOWS, nativeEvents=false, acceptSslCerts=true, webStorageEnabled=true, locationContextEnabled=true, browserName=firefox, takesScreenshot=true, javascriptEnabled=true, cssSelectorsEnabled=true}]
Session ID: 4a5fc5c3-8b04-434a-ac8f-17845467827d
*** Element info: {Using=xpath, value=//div//input[@id='Body_MainContent_productList_accessoriesRepeater_cbSelected_0']}
	at sun.reflect.GeneratedConstructorAccessor95.newInstance(Unknown Source)
	at sun.reflect.DelegatingConstructorAccessorImpl.newInstance(Unknown Source)
	at java.lang.reflect.Constructor.newInstance(Unknown Source)
	at org.openqa.selenium.remote.ErrorHandler.createThrowable(ErrorHandler.java:206)
	at org.openqa.selenium.remote.ErrorHandler.throwIfResponseFailed(ErrorHandler.java:158)
	at org.openqa.selenium.remote.RemoteWebDriver.execute(RemoteWebDriver.java:595)
	at org.openqa.selenium.remote.RemoteWebDriver.findElement(RemoteWebDriver.java:348)
	at org.openqa.selenium.remote.RemoteWebDriver.findElementByXPath(RemoteWebDriver.java:445)
	at org.openqa.selenium.By$ByXPath.findElement(By.java:358)
	at org.openqa.selenium.remote.RemoteWebDriver.findElement(RemoteWebDriver.java:340)
	at webdriverhelper.WebElementVerificationUtils.verifyAndCheckCheckbox(WebElementVerificationUtils.java:256)
	at businesscomponents.FunctionalComponents.clickOnAddToBasketWithNewAccessories(FunctionalComponents.java:807)
	at sun.reflect.NativeMethodAccessorImpl.invoke0(Native Method)
	at sun.reflect.NativeMethodAccessorImpl.invoke(Unknown Source)
	at sun.reflect.DelegatingMethodAccessorImpl.invoke(Unknown Source)
	at java.lang.reflect.Method.invoke(Unknown Source)
	at supportlibraries.DriverScript.invokeBusinessComponent(DriverScript.java:473)
	at supportlibraries.DriverScript.executeTestcase(DriverScript.java:424)
	at supportlibraries.DriverScript.executeTestIterations(DriverScript.java:378)
	at supportlibraries.DriverScript.driveTestExecution(DriverScript.java:97)
	at allocator.ParallelRunner.invokeTestScript(ParallelRunner.java:59)
	at allocator.ParallelRunner.run(ParallelRunner.java:40)
	at java.util.concurrent.ThreadPoolExecutor.runWorker(Unknown Source)
	at java.util.concurrent.ThreadPoolExecutor$Worker.run(Unknown Source)
	at java.lang.Thread.run(Unknown Source)
Caused by: org.openqa.selenium.NoSuchElementException: Unable to locate element: {"method":"xpath","selector":"//div//input[@id='Body_MainContent_productList_accessoriesRepeater_cbSelected_0']"}
For documentation on this error, please visit: http://seleniumhq.org/exceptions/no_such_element.html
Build info: version: '2.47.1', revision: '411b314', time: '2015-07-30 02:56:46'
System info: host: 'PC275317', ip: '10.207.61.69', os.name: 'Windows 7', os.arch: 'x86', os.version: '6.1', java.version: '1.8.0_25'
Driver info: driver.version: unknown
	at <anonymous class>.FirefoxDriver.prototype.findElementInternal_(file:///C:/Users/248292/AppData/Local/Temp/anonymous9183386046989035139webdriver-profile/extensions/fxdriver@googlecode.com/components/driver-component.js:10667)
	at <anonymous class>.FirefoxDriver.prototype.findElement(file:///C:/Users/248292/AppData/Local/Temp/anonymous9183386046989035139webdriver-profile/extensions/fxdriver@googlecode.com/components/driver-component.js:10676)
	at <anonymous class>.DelayedCommand.prototype.executeInternal_/h(file:///C:/Users/248292/AppData/Local/Temp/anonymous9183386046989035139webdriver-profile/extensions/fxdriver@googlecode.com/components/command-processor.js:12643)
	at <anonymous class>.DelayedCommand.prototype.executeInternal_(file:///C:/Users/248292/AppData/Local/Temp/anonymous9183386046989035139webdriver-profile/extensions/fxdriver@googlecode.com/components/command-processor.js:12648)
	at <anonymous class>.DelayedCommand.prototype.execute/<(file:///C:/Users/248292/AppData/Local/Temp/anonymous9183386046989035139webdriver-profile/extensions/fxdriver@googlecode.com/components/command-processor.js:12590)
org.openqa.selenium.NoSuchElementException: Unable to locate element: {"method":"xpath","selector":"//div//input[@id='Body_MainContent_productList_accessoriesRepeater_cbSelected_1']"}
Command duration or timeout: 13 milliseconds
For documentation on this error, please visit: http://seleniumhq.org/exceptions/no_such_element.html
Build info: version: '2.47.1', revision: '411b314', time: '2015-07-30 02:56:46'
System info: host: 'PC275317', ip: '10.207.61.69', os.name: 'Windows 7', os.arch: 'x86', os.version: '6.1', java.version: '1.8.0_25'
Driver info: org.openqa.selenium.firefox.FirefoxDriver
Capabilities [{applicationCacheEnabled=true, rotatable=false, handlesAlerts=true, databaseEnabled=true, version=39.0.3, platform=WINDOWS, nativeEvents=false, acceptSslCerts=true, webStorageEnabled=true, locationContextEnabled=true, browserName=firefox, takesScreenshot=true, javascriptEnabled=true, cssSelectorsEnabled=true}]
Session ID: 4a5fc5c3-8b04-434a-ac8f-17845467827d
*** Element info: {Using=xpath, value=//div//input[@id='Body_MainContent_productList_accessoriesRepeater_cbSelected_1']}
	at sun.reflect.GeneratedConstructorAccessor95.newInstance(Unknown Source)
	at sun.reflect.DelegatingConstructorAccessorImpl.newInstance(Unknown Source)
	at java.lang.reflect.Constructor.newInstance(Unknown Source)
	at org.openqa.selenium.remote.ErrorHandler.createThrowable(ErrorHandler.java:206)
	at org.openqa.selenium.remote.ErrorHandler.throwIfResponseFailed(ErrorHandler.java:158)
	at org.openqa.selenium.remote.RemoteWebDriver.execute(RemoteWebDriver.java:595)
	at org.openqa.selenium.remote.RemoteWebDriver.findElement(RemoteWebDriver.java:348)
	at org.openqa.selenium.remote.RemoteWebDriver.findElementByXPath(RemoteWebDriver.java:445)
	at org.openqa.selenium.By$ByXPath.findElement(By.java:358)
	at org.openqa.selenium.remote.RemoteWebDriver.findElement(RemoteWebDriver.java:340)
	at webdriverhelper.WebElementVerificationUtils.verifyAndCheckCheckbox(WebElementVerificationUtils.java:256)
	at businesscomponents.FunctionalComponents.clickOnAddToBasketWithNewAccessories(FunctionalComponents.java:808)
	at sun.reflect.NativeMethodAccessorImpl.invoke0(Native Method)
	at sun.reflect.NativeMethodAccessorImpl.invoke(Unknown Source)
	at sun.reflect.DelegatingMethodAccessorImpl.invoke(Unknown Source)
	at java.lang.reflect.Method.invoke(Unknown Source)
	at supportlibraries.DriverScript.invokeBusinessComponent(DriverScript.java:473)
	at supportlibraries.DriverScript.executeTestcase(DriverScript.java:424)
	at supportlibraries.DriverScript.executeTestIterations(DriverScript.java:378)
	at supportlibraries.DriverScript.driveTestExecution(DriverScript.java:97)
	at allocator.ParallelRunner.invokeTestScript(ParallelRunner.java:59)
	at allocator.ParallelRunner.run(ParallelRunner.java:40)
	at java.util.concurrent.ThreadPoolExecutor.runWorker(Unknown Source)
	at java.util.concurrent.ThreadPoolExecutor$Worker.run(Unknown Source)
	at java.lang.Thread.run(Unknown Source)
Caused by: org.openqa.selenium.NoSuchElementException: Unable to locate element: {"method":"xpath","selector":"//div//input[@id='Body_MainContent_productList_accessoriesRepeater_cbSelected_1']"}
For documentation on this error, please visit: http://seleniumhq.org/exceptions/no_such_element.html
Build info: version: '2.47.1', revision: '411b314', time: '2015-07-30 02:56:46'
System info: host: 'PC275317', ip: '10.207.61.69', os.name: 'Windows 7', os.arch: 'x86', os.version: '6.1', java.version: '1.8.0_25'
Driver info: driver.version: unknown
	at <anonymous class>.FirefoxDriver.prototype.findElementInternal_(file:///C:/Users/248292/AppData/Local/Temp/anonymous9183386046989035139webdriver-profile/extensions/fxdriver@googlecode.com/components/driver-component.js:10667)
	at <anonymous class>.FirefoxDriver.prototype.findElement(file:///C:/Users/248292/AppData/Local/Temp/anonymous9183386046989035139webdriver-profile/extensions/fxdriver@googlecode.com/components/driver-component.js:10676)
	at <anonymous class>.DelayedCommand.prototype.executeInternal_/h(file:///C:/Users/248292/AppData/Local/Temp/anonymous9183386046989035139webdriver-profile/extensions/fxdriver@googlecode.com/components/command-processor.js:12643)
	at <anonymous class>.DelayedCommand.prototype.executeInternal_(file:///C:/Users/248292/AppData/Local/Temp/anonymous9183386046989035139webdriver-profile/extensions/fxdriver@googlecode.com/components/command-processor.js:12648)
	at <anonymous class>.DelayedCommand.prototype.execute/<(file:///C:/Users/248292/AppData/Local/Temp/anonymous9183386046989035139webdriver-profile/extensions/fxdriver@googlecode.com/components/command-processor.js:12590)
org.openqa.selenium.NoSuchElementException: Unable to locate element: {"method":"xpath","selector":"//div//input[@id='Body_MainContent_productList_accessoriesRepeater_cbSelected_2']"}
Command duration or timeout: 12 milliseconds
For documentation on this error, please visit: http://seleniumhq.org/exceptions/no_such_element.html
Build info: version: '2.47.1', revision: '411b314', time: '2015-07-30 02:56:46'
System info: host: 'PC275317', ip: '10.207.61.69', os.name: 'Windows 7', os.arch: 'x86', os.version: '6.1', java.version: '1.8.0_25'
Driver info: org.openqa.selenium.firefox.FirefoxDriver
Capabilities [{applicationCacheEnabled=true, rotatable=false, handlesAlerts=true, databaseEnabled=true, version=39.0.3, platform=WINDOWS, nativeEvents=false, acceptSslCerts=true, webStorageEnabled=true, locationContextEnabled=true, browserName=firefox, takesScreenshot=true, javascriptEnabled=true, cssSelectorsEnabled=true}]
Session ID: 4a5fc5c3-8b04-434a-ac8f-17845467827d
*** Element info: {Using=xpath, value=//div//input[@id='Body_MainContent_productList_accessoriesRepeater_cbSelected_2']}
	at sun.reflect.GeneratedConstructorAccessor95.newInstance(Unknown Source)
	at sun.reflect.DelegatingConstructorAccessorImpl.newInstance(Unknown Source)
	at java.lang.reflect.Constructor.newInstance(Unknown Source)
	at org.openqa.selenium.remote.ErrorHandler.createThrowable(ErrorHandler.java:206)
	at org.openqa.selenium.remote.ErrorHandler.throwIfResponseFailed(ErrorHandler.java:158)
	at org.openqa.selenium.remote.RemoteWebDriver.execute(RemoteWebDriver.java:595)
	at org.openqa.selenium.remote.RemoteWebDriver.findElement(RemoteWebDriver.java:348)
	at org.openqa.selenium.remote.RemoteWebDriver.findElementByXPath(RemoteWebDriver.java:445)
	at org.openqa.selenium.By$ByXPath.findElement(By.java:358)
	at org.openqa.selenium.remote.RemoteWebDriver.findElement(RemoteWebDriver.java:340)
	at webdriverhelper.WebElementVerificationUtils.verifyAndCheckCheckbox(WebElementVerificationUtils.java:256)
	at businesscomponents.FunctionalComponents.clickOnAddToBasketWithNewAccessories(FunctionalComponents.java:809)
	at sun.reflect.NativeMethodAccessorImpl.invoke0(Native Method)
	at sun.reflect.NativeMethodAccessorImpl.invoke(Unknown Source)
	at sun.reflect.DelegatingMethodAccessorImpl.invoke(Unknown Source)
	at java.lang.reflect.Method.invoke(Unknown Source)
	at supportlibraries.DriverScript.invokeBusinessComponent(DriverScript.java:473)
	at supportlibraries.DriverScript.executeTestcase(DriverScript.java:424)
	at supportlibraries.DriverScript.executeTestIterations(DriverScript.java:378)
	at supportlibraries.DriverScript.driveTestExecution(DriverScript.java:97)
	at allocator.ParallelRunner.invokeTestScript(ParallelRunner.java:59)
	at allocator.ParallelRunner.run(ParallelRunner.java:40)
	at java.util.concurrent.ThreadPoolExecutor.runWorker(Unknown Source)
	at java.util.concurrent.ThreadPoolExecutor$Worker.run(Unknown Source)
	at java.lang.Thread.run(Unknown Source)
Caused by: org.openqa.selenium.NoSuchElementException: Unable to locate element: {"method":"xpath","selector":"//div//input[@id='Body_MainContent_productList_accessoriesRepeater_cbSelected_2']"}
For documentation on this error, please visit: http://seleniumhq.org/exceptions/no_such_element.html
Build info: version: '2.47.1', revision: '411b314', time: '2015-07-30 02:56:46'
System info: host: 'PC275317', ip: '10.207.61.69', os.name: 'Windows 7', os.arch: 'x86', os.version: '6.1', java.version: '1.8.0_25'
Driver info: driver.version: unknown
	at <anonymous class>.FirefoxDriver.prototype.findElementInternal_(file:///C:/Users/248292/AppData/Local/Temp/anonymous9183386046989035139webdriver-profile/extensions/fxdriver@googlecode.com/components/driver-component.js:10667)
	at <anonymous class>.FirefoxDriver.prototype.findElement(file:///C:/Users/248292/AppData/Local/Temp/anonymous9183386046989035139webdriver-profile/extensions/fxdriver@googlecode.com/components/driver-component.js:10676)
	at <anonymous class>.DelayedCommand.prototype.executeInternal_/h(file:///C:/Users/248292/AppData/Local/Temp/anonymous9183386046989035139webdriver-profile/extensions/fxdriver@googlecode.com/components/command-processor.js:12643)
	at <anonymous class>.DelayedCommand.prototype.executeInternal_(file:///C:/Users/248292/AppData/Local/Temp/anonymous9183386046989035139webdriver-profile/extensions/fxdriver@googlecode.com/components/command-processor.js:12648)
	at <anonymous class>.DelayedCommand.prototype.execute/<(file:///C:/Users/248292/AppData/Local/Temp/anonymous9183386046989035139webdriver-profile/extensions/fxdriver@googlecode.com/components/command-processor.js:12590)
com.cognizant.framework.FrameworkException: Error in Editing the Product Count
	at businesscomponents.FunctionalComponents.editProductCount(FunctionalComponents.java:1041)
	at sun.reflect.NativeMethodAccessorImpl.invoke0(Native Method)
	at sun.reflect.NativeMethodAccessorImpl.invoke(Unknown Source)
	at sun.reflect.DelegatingMethodAccessorImpl.invoke(Unknown Source)
	at java.lang.reflect.Method.invoke(Unknown Source)
	at supportlibraries.DriverScript.invokeBusinessComponent(DriverScript.java:473)
	at supportlibraries.DriverScript.executeTestcase(DriverScript.java:424)
	at supportlibraries.DriverScript.executeTestIterations(DriverScript.java:378)
	at supportlibraries.DriverScript.driveTestExecution(DriverScript.java:97)
	at allocator.ParallelRunner.invokeTestScript(ParallelRunner.java:59)
	at allocator.ParallelRunner.run(ParallelRunner.java:40)
	at java.util.concurrent.ThreadPoolExecutor.runWorker(Unknown Source)
	at java.util.concurrent.ThreadPoolExecutor$Worker.run(Unknown Source)
	at java.lang.Thread.run(Unknown Source)
java.lang.NullPointerException
	at java.lang.String.contains(Unknown Source)
	at businesscomponents.VerificationComponents.verifyOrderNumberDisplayedDashBoard(VerificationComponents.java:1224)
	at sun.reflect.NativeMethodAccessorImpl.invoke0(Native Method)
	at sun.reflect.NativeMethodAccessorImpl.invoke(Unknown Source)
	at sun.reflect.DelegatingMethodAccessorImpl.invoke(Unknown Source)
	at java.lang.reflect.Method.invoke(Unknown Source)
	at supportlibraries.DriverScript.invokeBusinessComponent(DriverScript.java:473)
	at supportlibraries.DriverScript.executeTestcase(DriverScript.java:424)
	at supportlibraries.DriverScript.executeTestIterations(DriverScript.java:378)
	at supportlibraries.DriverScript.driveTestExecution(DriverScript.java:97)
	at allocator.ParallelRunner.invokeTestScript(ParallelRunner.java:59)
	at allocator.ParallelRunner.run(ParallelRunner.java:40)
	at java.util.concurrent.ThreadPoolExecutor.runWorker(Unknown Source)
	at java.util.concurrent.ThreadPoolExecutor$Worker.run(Unknown Source)
	at java.lang.Thread.run(Unknown Source)
org.openqa.selenium.NoSuchElementException: Unable to locate element: {"method":"xpath","selector":"//div[@id='page']//div//table[@id='Body_ReplaceMainContent_gvShowOrderLines']//tbody//tr[2]//td[3]"}
Command duration or timeout: 13 milliseconds
For documentation on this error, please visit: http://seleniumhq.org/exceptions/no_such_element.html
Build info: version: '2.47.1', revision: '411b314', time: '2015-07-30 02:56:46'
System info: host: 'PC275317', ip: '10.207.61.69', os.name: 'Windows 7', os.arch: 'x86', os.version: '6.1', java.version: '1.8.0_25'
Driver info: org.openqa.selenium.firefox.FirefoxDriver
Capabilities [{applicationCacheEnabled=true, rotatable=false, handlesAlerts=true, databaseEnabled=true, version=39.0.3, platform=WINDOWS, nativeEvents=false, acceptSslCerts=true, webStorageEnabled=true, locationContextEnabled=true, browserName=firefox, takesScreenshot=true, javascriptEnabled=true, cssSelectorsEnabled=true}]
Session ID: 28b6c355-95f8-4034-af3a-06b4a3f69441
*** Element info: {Using=xpath, value=//div[@id='page']//div//table[@id='Body_ReplaceMainContent_gvShowOrderLines']//tbody//tr[2]//td[3]}
	at sun.reflect.GeneratedConstructorAccessor95.newInstance(Unknown Source)
	at sun.reflect.DelegatingConstructorAccessorImpl.newInstance(Unknown Source)
	at java.lang.reflect.Constructor.newInstance(Unknown Source)
	at org.openqa.selenium.remote.ErrorHandler.createThrowable(ErrorHandler.java:206)
	at org.openqa.selenium.remote.ErrorHandler.throwIfResponseFailed(ErrorHandler.java:158)
	at org.openqa.selenium.remote.RemoteWebDriver.execute(RemoteWebDriver.java:595)
	at org.openqa.selenium.remote.RemoteWebDriver.findElement(RemoteWebDriver.java:348)
	at org.openqa.selenium.remote.RemoteWebDriver.findElementByXPath(RemoteWebDriver.java:445)
	at org.openqa.selenium.By$ByXPath.findElement(By.java:358)
	at org.openqa.selenium.remote.RemoteWebDriver.findElement(RemoteWebDriver.java:340)
	at businesscomponents.FunctionalComponents.processOrder(FunctionalComponents.java:1492)
	at sun.reflect.NativeMethodAccessorImpl.invoke0(Native Method)
	at sun.reflect.NativeMethodAccessorImpl.invoke(Unknown Source)
	at sun.reflect.DelegatingMethodAccessorImpl.invoke(Unknown Source)
	at java.lang.reflect.Method.invoke(Unknown Source)
	at supportlibraries.DriverScript.invokeBusinessComponent(DriverScript.java:473)
	at supportlibraries.DriverScript.executeTestcase(DriverScript.java:424)
	at supportlibraries.DriverScript.executeTestIterations(DriverScript.java:378)
	at supportlibraries.DriverScript.driveTestExecution(DriverScript.java:97)
	at allocator.ParallelRunner.invokeTestScript(ParallelRunner.java:59)
	at allocator.ParallelRunner.run(ParallelRunner.java:40)
	at java.util.concurrent.ThreadPoolExecutor.runWorker(Unknown Source)
	at java.util.concurrent.ThreadPoolExecutor$Worker.run(Unknown Source)
	at java.lang.Thread.run(Unknown Source)
Caused by: org.openqa.selenium.NoSuchElementException: Unable to locate element: {"method":"xpath","selector":"//div[@id='page']//div//table[@id='Body_ReplaceMainContent_gvShowOrderLines']//tbody//tr[2]//td[3]"}
For documentation on this error, please visit: http://seleniumhq.org/exceptions/no_such_element.html
Build info: version: '2.47.1', revision: '411b314', time: '2015-07-30 02:56:46'
System info: host: 'PC275317', ip: '10.207.61.69', os.name: 'Windows 7', os.arch: 'x86', os.version: '6.1', java.version: '1.8.0_25'
Driver info: driver.version: unknown
	at <anonymous class>.FirefoxDriver.prototype.findElementInternal_(file:///C:/Users/248292/AppData/Local/Temp/anonymous8290052715479844683webdriver-profile/extensions/fxdriver@googlecode.com/components/driver-component.js:10667)
	at <anonymous class>.FirefoxDriver.prototype.findElement(file:///C:/Users/248292/AppData/Local/Temp/anonymous8290052715479844683webdriver-profile/extensions/fxdriver@googlecode.com/components/driver-component.js:10676)
	at <anonymous class>.DelayedCommand.prototype.executeInternal_/h(file:///C:/Users/248292/AppData/Local/Temp/anonymous8290052715479844683webdriver-profile/extensions/fxdriver@googlecode.com/components/command-processor.js:12643)
	at <anonymous class>.DelayedCommand.prototype.executeInternal_(file:///C:/Users/248292/AppData/Local/Temp/anonymous8290052715479844683webdriver-profile/extensions/fxdriver@googlecode.com/components/command-processor.js:12648)
	at <anonymous class>.DelayedCommand.prototype.execute/<(file:///C:/Users/248292/AppData/Local/Temp/anonymous8290052715479844683webdriver-profile/extensions/fxdriver@googlecode.com/components/command-processor.js:12590)
com.cognizant.framework.FrameworkException: The specified column header "SharedUser" is not found in the sheet "General_Data"!
	at com.cognizant.framework.ExcelDataAccess.getValue(ExcelDataAccess.java:331)
	at com.cognizant.framework.CraftDataTable.getData(CraftDataTable.java:96)
	at businesscomponents.VerificationComponents.verifyHomePageValidations(VerificationComponents.java:1940)
	at sun.reflect.NativeMethodAccessorImpl.invoke0(Native Method)
	at sun.reflect.NativeMethodAccessorImpl.invoke(Unknown Source)
	at sun.reflect.DelegatingMethodAccessorImpl.invoke(Unknown Source)
	at java.lang.reflect.Method.invoke(Unknown Source)
	at supportlibraries.DriverScript.invokeBusinessComponent(DriverScript.java:473)
	at supportlibraries.DriverScript.executeTestcase(DriverScript.java:424)
	at supportlibraries.DriverScript.executeTestIterations(DriverScript.java:378)
	at supportlibraries.DriverScript.driveTestExecution(DriverScript.java:97)
	at allocator.ParallelRunner.invokeTestScript(ParallelRunner.java:59)
	at allocator.ParallelRunner.run(ParallelRunner.java:40)
	at java.util.concurrent.ThreadPoolExecutor.runWorker(Unknown Source)
	at java.util.concurrent.ThreadPoolExecutor$Worker.run(Unknown Source)
	at java.lang.Thread.run(Unknown Source)
org.openqa.selenium.NoSuchElementException: Unable to locate element: {"method":"xpath","selector":"//div[@id='col1']//table[@id='shippingtable']//input[@value='2PILOT']"}
Command duration or timeout: 14 milliseconds
For documentation on this error, please visit: http://seleniumhq.org/exceptions/no_such_element.html
Build info: version: '2.47.1', revision: '411b314', time: '2015-07-30 02:56:46'
System info: host: 'PC275317', ip: '10.207.61.69', os.name: 'Windows 7', os.arch: 'x86', os.version: '6.1', java.version: '1.8.0_25'
Driver info: org.openqa.selenium.firefox.FirefoxDriver
Capabilities [{applicationCacheEnabled=true, rotatable=false, handlesAlerts=true, databaseEnabled=true, version=39.0.3, platform=WINDOWS, nativeEvents=false, acceptSslCerts=true, webStorageEnabled=true, locationContextEnabled=true, browserName=firefox, takesScreenshot=true, javascriptEnabled=true, cssSelectorsEnabled=true}]
Session ID: 9107093f-3f01-4f01-9e56-9f0e1618b0b6
*** Element info: {Using=xpath, value=//div[@id='col1']//table[@id='shippingtable']//input[@value='2PILOT']}
	at sun.reflect.GeneratedConstructorAccessor95.newInstance(Unknown Source)
	at sun.reflect.DelegatingConstructorAccessorImpl.newInstance(Unknown Source)
	at java.lang.reflect.Constructor.newInstance(Unknown Source)
	at org.openqa.selenium.remote.ErrorHandler.createThrowable(ErrorHandler.java:206)
	at org.openqa.selenium.remote.ErrorHandler.throwIfResponseFailed(ErrorHandler.java:158)
	at org.openqa.selenium.remote.RemoteWebDriver.execute(RemoteWebDriver.java:595)
	at org.openqa.selenium.remote.RemoteWebDriver.findElement(RemoteWebDriver.java:348)
	at org.openqa.selenium.remote.RemoteWebDriver.findElementByXPath(RemoteWebDriver.java:445)
	at org.openqa.selenium.By$ByXPath.findElement(By.java:358)
	at org.openqa.selenium.remote.RemoteWebDriver.findElement(RemoteWebDriver.java:340)
	at webdriverhelper.WebElementVerificationUtils.verifyAndCheckCheckbox(WebElementVerificationUtils.java:256)
	at businesscomponents.FunctionalComponents.deliveryAndPayments(FunctionalComponents.java:2172)
	at sun.reflect.NativeMethodAccessorImpl.invoke0(Native Method)
	at sun.reflect.NativeMethodAccessorImpl.invoke(Unknown Source)
	at sun.reflect.DelegatingMethodAccessorImpl.invoke(Unknown Source)
	at java.lang.reflect.Method.invoke(Unknown Source)
	at supportlibraries.DriverScript.invokeBusinessComponent(DriverScript.java:473)
	at supportlibraries.DriverScript.executeTestcase(DriverScript.java:424)
	at supportlibraries.DriverScript.executeTestIterations(DriverScript.java:378)
	at supportlibraries.DriverScript.driveTestExecution(DriverScript.java:97)
	at allocator.ParallelRunner.invokeTestScript(ParallelRunner.java:59)
	at allocator.ParallelRunner.run(ParallelRunner.java:40)
	at java.util.concurrent.ThreadPoolExecutor.runWorker(Unknown Source)
	at java.util.concurrent.ThreadPoolExecutor$Worker.run(Unknown Source)
	at java.lang.Thread.run(Unknown Source)
Caused by: org.openqa.selenium.NoSuchElementException: Unable to locate element: {"method":"xpath","selector":"//div[@id='col1']//table[@id='shippingtable']//input[@value='2PILOT']"}
For documentation on this error, please visit: http://seleniumhq.org/exceptions/no_such_element.html
Build info: version: '2.47.1', revision: '411b314', time: '2015-07-30 02:56:46'
System info: host: 'PC275317', ip: '10.207.61.69', os.name: 'Windows 7', os.arch: 'x86', os.version: '6.1', java.version: '1.8.0_25'
Driver info: driver.version: unknown
	at <anonymous class>.FirefoxDriver.prototype.findElementInternal_(file:///C:/Users/248292/AppData/Local/Temp/anonymous3657911293915795695webdriver-profile/extensions/fxdriver@googlecode.com/components/driver-component.js:10667)
	at <anonymous class>.FirefoxDriver.prototype.findElement(file:///C:/Users/248292/AppData/Local/Temp/anonymous3657911293915795695webdriver-profile/extensions/fxdriver@googlecode.com/components/driver-component.js:10676)
	at <anonymous class>.DelayedCommand.prototype.executeInternal_/h(file:///C:/Users/248292/AppData/Local/Temp/anonymous3657911293915795695webdriver-profile/extensions/fxdriver@googlecode.com/components/command-processor.js:12643)
	at <anonymous class>.DelayedCommand.prototype.executeInternal_(file:///C:/Users/248292/AppData/Local/Temp/anonymous3657911293915795695webdriver-profile/extensions/fxdriver@googlecode.com/components/command-processor.js:12648)
	at <anonymous class>.DelayedCommand.prototype.execute/<(file:///C:/Users/248292/AppData/Local/Temp/anonymous3657911293915795695webdriver-profile/extensions/fxdriver@googlecode.com/components/command-processor.js:12590)
org.openqa.selenium.NoSuchElementException: Unable to locate element: {"method":"xpath","selector":"//div[@class='row error errorMessages']//div[@class='errorMessagesList']//p"}
Command duration or timeout: 10 milliseconds
For documentation on this error, please visit: http://seleniumhq.org/exceptions/no_such_element.html
Build info: version: '2.47.1', revision: '411b314', time: '2015-07-30 02:56:46'
System info: host: 'PC275317', ip: '10.207.61.69', os.name: 'Windows 7', os.arch: 'x86', os.version: '6.1', java.version: '1.8.0_25'
Driver info: org.openqa.selenium.firefox.FirefoxDriver
Capabilities [{applicationCacheEnabled=true, rotatable=false, handlesAlerts=true, databaseEnabled=true, version=39.0.3, platform=WINDOWS, nativeEvents=false, acceptSslCerts=true, webStorageEnabled=true, locationContextEnabled=true, browserName=firefox, takesScreenshot=true, javascriptEnabled=true, cssSelectorsEnabled=true}]
Session ID: 9107093f-3f01-4f01-9e56-9f0e1618b0b6
*** Element info: {Using=xpath, value=//div[@class='row error errorMessages']//div[@class='errorMessagesList']//p}
	at sun.reflect.GeneratedConstructorAccessor95.newInstance(Unknown Source)
	at sun.reflect.DelegatingConstructorAccessorImpl.newInstance(Unknown Source)
	at java.lang.reflect.Constructor.newInstance(Unknown Source)
	at org.openqa.selenium.remote.ErrorHandler.createThrowable(ErrorHandler.java:206)
	at org.openqa.selenium.remote.ErrorHandler.throwIfResponseFailed(ErrorHandler.java:158)
	at org.openqa.selenium.remote.RemoteWebDriver.execute(RemoteWebDriver.java:595)
	at org.openqa.selenium.remote.RemoteWebDriver.findElement(RemoteWebDriver.java:348)
	at org.openqa.selenium.remote.RemoteWebDriver.findElementByXPath(RemoteWebDriver.java:445)
	at org.openqa.selenium.By$ByXPath.findElement(By.java:358)
	at org.openqa.selenium.remote.RemoteWebDriver.findElement(RemoteWebDriver.java:340)
	at businesscomponents.FunctionalComponents.clickOnFinishOrder(FunctionalComponents.java:1354)
	at sun.reflect.NativeMethodAccessorImpl.invoke0(Native Method)
	at sun.reflect.NativeMethodAccessorImpl.invoke(Unknown Source)
	at sun.reflect.DelegatingMethodAccessorImpl.invoke(Unknown Source)
	at java.lang.reflect.Method.invoke(Unknown Source)
	at supportlibraries.DriverScript.invokeBusinessComponent(DriverScript.java:473)
	at supportlibraries.DriverScript.executeTestcase(DriverScript.java:424)
	at supportlibraries.DriverScript.executeTestIterations(DriverScript.java:378)
	at supportlibraries.DriverScript.driveTestExecution(DriverScript.java:97)
	at allocator.ParallelRunner.invokeTestScript(ParallelRunner.java:59)
	at allocator.ParallelRunner.run(ParallelRunner.java:40)
	at java.util.concurrent.ThreadPoolExecutor.runWorker(Unknown Source)
	at java.util.concurrent.ThreadPoolExecutor$Worker.run(Unknown Source)
	at java.lang.Thread.run(Unknown Source)
Caused by: org.openqa.selenium.NoSuchElementException: Unable to locate element: {"method":"xpath","selector":"//div[@class='row error errorMessages']//div[@class='errorMessagesList']//p"}
For documentation on this error, please visit: http://seleniumhq.org/exceptions/no_such_element.html
Build info: version: '2.47.1', revision: '411b314', time: '2015-07-30 02:56:46'
System info: host: 'PC275317', ip: '10.207.61.69', os.name: 'Windows 7', os.arch: 'x86', os.version: '6.1', java.version: '1.8.0_25'
Driver info: driver.version: unknown
	at <anonymous class>.FirefoxDriver.prototype.findElementInternal_(file:///C:/Users/248292/AppData/Local/Temp/anonymous3657911293915795695webdriver-profile/extensions/fxdriver@googlecode.com/components/driver-component.js:10667)
	at <anonymous class>.FirefoxDriver.prototype.findElement(file:///C:/Users/248292/AppData/Local/Temp/anonymous3657911293915795695webdriver-profile/extensions/fxdriver@googlecode.com/components/driver-component.js:10676)
	at <anonymous class>.DelayedCommand.prototype.executeInternal_/h(file:///C:/Users/248292/AppData/Local/Temp/anonymous3657911293915795695webdriver-profile/extensions/fxdriver@googlecode.com/components/command-processor.js:12643)
	at <anonymous class>.DelayedCommand.prototype.executeInternal_(file:///C:/Users/248292/AppData/Local/Temp/anonymous3657911293915795695webdriver-profile/extensions/fxdriver@googlecode.com/components/command-processor.js:12648)
	at <anonymous class>.DelayedCommand.prototype.execute/<(file:///C:/Users/248292/AppData/Local/Temp/anonymous3657911293915795695webdriver-profile/extensions/fxdriver@googlecode.com/components/command-processor.js:12590)
com.cognizant.framework.FrameworkException: The specified column header "SharedUser" is not found in the sheet "General_Data"!
	at com.cognizant.framework.ExcelDataAccess.getValue(ExcelDataAccess.java:331)
	at com.cognizant.framework.CraftDataTable.getData(CraftDataTable.java:96)
	at businesscomponents.VerificationComponents.verifyHomePageValidations(VerificationComponents.java:1940)
	at sun.reflect.NativeMethodAccessorImpl.invoke0(Native Method)
	at sun.reflect.NativeMethodAccessorImpl.invoke(Unknown Source)
	at sun.reflect.DelegatingMethodAccessorImpl.invoke(Unknown Source)
	at java.lang.reflect.Method.invoke(Unknown Source)
	at supportlibraries.DriverScript.invokeBusinessComponent(DriverScript.java:473)
	at supportlibraries.DriverScript.executeTestcase(DriverScript.java:424)
	at supportlibraries.DriverScript.executeTestIterations(DriverScript.java:378)
	at supportlibraries.DriverScript.driveTestExecution(DriverScript.java:97)
	at allocator.ParallelRunner.invokeTestScript(ParallelRunner.java:59)
	at allocator.ParallelRunner.run(ParallelRunner.java:40)
	at java.util.concurrent.ThreadPoolExecutor.runWorker(Unknown Source)
	at java.util.concurrent.ThreadPoolExecutor$Worker.run(Unknown Source)
	at java.lang.Thread.run(Unknown Source)
org.openqa.selenium.NoSuchElementException: Unable to locate element: {"method":"xpath","selector":"//div[@id='col1']//table[@id='shippingtable']//input[@value='2PILOT']"}
Command duration or timeout: 25 milliseconds
For documentation on this error, please visit: http://seleniumhq.org/exceptions/no_such_element.html
Build info: version: '2.47.1', revision: '411b314', time: '2015-07-30 02:56:46'
System info: host: 'PC275317', ip: '10.207.61.69', os.name: 'Windows 7', os.arch: 'x86', os.version: '6.1', java.version: '1.8.0_25'
Driver info: org.openqa.selenium.firefox.FirefoxDriver
Capabilities [{applicationCacheEnabled=true, rotatable=false, handlesAlerts=true, databaseEnabled=true, version=39.0.3, platform=WINDOWS, nativeEvents=false, acceptSslCerts=true, webStorageEnabled=true, locationContextEnabled=true, browserName=firefox, takesScreenshot=true, javascriptEnabled=true, cssSelectorsEnabled=true}]
Session ID: 211d11b8-c5bb-45ab-be03-eb878a5d6b5c
*** Element info: {Using=xpath, value=//div[@id='col1']//table[@id='shippingtable']//input[@value='2PILOT']}
	at sun.reflect.GeneratedConstructorAccessor95.newInstance(Unknown Source)
	at sun.reflect.DelegatingConstructorAccessorImpl.newInstance(Unknown Source)
	at java.lang.reflect.Constructor.newInstance(Unknown Source)
	at org.openqa.selenium.remote.ErrorHandler.createThrowable(ErrorHandler.java:206)
	at org.openqa.selenium.remote.ErrorHandler.throwIfResponseFailed(ErrorHandler.java:158)
	at org.openqa.selenium.remote.RemoteWebDriver.execute(RemoteWebDriver.java:595)
	at org.openqa.selenium.remote.RemoteWebDriver.findElement(RemoteWebDriver.java:348)
	at org.openqa.selenium.remote.RemoteWebDriver.findElementByXPath(RemoteWebDriver.java:445)
	at org.openqa.selenium.By$ByXPath.findElement(By.java:358)
	at org.openqa.selenium.remote.RemoteWebDriver.findElement(RemoteWebDriver.java:340)
	at webdriverhelper.WebElementVerificationUtils.verifyAndCheckCheckbox(WebElementVerificationUtils.java:256)
	at businesscomponents.FunctionalComponents.deliveryAndPayments(FunctionalComponents.java:2172)
	at sun.reflect.NativeMethodAccessorImpl.invoke0(Native Method)
	at sun.reflect.NativeMethodAccessorImpl.invoke(Unknown Source)
	at sun.reflect.DelegatingMethodAccessorImpl.invoke(Unknown Source)
	at java.lang.reflect.Method.invoke(Unknown Source)
	at supportlibraries.DriverScript.invokeBusinessComponent(DriverScript.java:473)
	at supportlibraries.DriverScript.executeTestcase(DriverScript.java:424)
	at supportlibraries.DriverScript.executeTestIterations(DriverScript.java:378)
	at supportlibraries.DriverScript.driveTestExecution(DriverScript.java:97)
	at allocator.ParallelRunner.invokeTestScript(ParallelRunner.java:59)
	at allocator.ParallelRunner.run(ParallelRunner.java:40)
	at java.util.concurrent.ThreadPoolExecutor.runWorker(Unknown Source)
	at java.util.concurrent.ThreadPoolExecutor$Worker.run(Unknown Source)
	at java.lang.Thread.run(Unknown Source)
Caused by: org.openqa.selenium.NoSuchElementException: Unable to locate element: {"method":"xpath","selector":"//div[@id='col1']//table[@id='shippingtable']//input[@value='2PILOT']"}
For documentation on this error, please visit: http://seleniumhq.org/exceptions/no_such_element.html
Build info: version: '2.47.1', revision: '411b314', time: '2015-07-30 02:56:46'
System info: host: 'PC275317', ip: '10.207.61.69', os.name: 'Windows 7', os.arch: 'x86', os.version: '6.1', java.version: '1.8.0_25'
Driver info: driver.version: unknown
	at <anonymous class>.FirefoxDriver.prototype.findElementInternal_(file:///C:/Users/248292/AppData/Local/Temp/anonymous2495290590071911790webdriver-profile/extensions/fxdriver@googlecode.com/components/driver-component.js:10667)
	at <anonymous class>.FirefoxDriver.prototype.findElement(file:///C:/Users/248292/AppData/Local/Temp/anonymous2495290590071911790webdriver-profile/extensions/fxdriver@googlecode.com/components/driver-component.js:10676)
	at <anonymous class>.DelayedCommand.prototype.executeInternal_/h(file:///C:/Users/248292/AppData/Local/Temp/anonymous2495290590071911790webdriver-profile/extensions/fxdriver@googlecode.com/components/command-processor.js:12643)
	at <anonymous class>.DelayedCommand.prototype.executeInternal_(file:///C:/Users/248292/AppData/Local/Temp/anonymous2495290590071911790webdriver-profile/extensions/fxdriver@googlecode.com/components/command-processor.js:12648)
	at <anonymous class>.DelayedCommand.prototype.execute/<(file:///C:/Users/248292/AppData/Local/Temp/anonymous2495290590071911790webdriver-profile/extensions/fxdriver@googlecode.com/components/command-processor.js:12590)
org.openqa.selenium.NoSuchElementException: Unable to locate element: {"method":"xpath","selector":"//div[@class='row error errorMessages']//div[@class='errorMessagesList']//p"}
Command duration or timeout: 9 milliseconds
For documentation on this error, please visit: http://seleniumhq.org/exceptions/no_such_element.html
Build info: version: '2.47.1', revision: '411b314', time: '2015-07-30 02:56:46'
System info: host: 'PC275317', ip: '10.207.61.69', os.name: 'Windows 7', os.arch: 'x86', os.version: '6.1', java.version: '1.8.0_25'
Driver info: org.openqa.selenium.firefox.FirefoxDriver
Capabilities [{applicationCacheEnabled=true, rotatable=false, handlesAlerts=true, databaseEnabled=true, version=39.0.3, platform=WINDOWS, nativeEvents=false, acceptSslCerts=true, webStorageEnabled=true, locationContextEnabled=true, browserName=firefox, takesScreenshot=true, javascriptEnabled=true, cssSelectorsEnabled=true}]
Session ID: 211d11b8-c5bb-45ab-be03-eb878a5d6b5c
*** Element info: {Using=xpath, value=//div[@class='row error errorMessages']//div[@class='errorMessagesList']//p}
	at sun.reflect.GeneratedConstructorAccessor95.newInstance(Unknown Source)
	at sun.reflect.DelegatingConstructorAccessorImpl.newInstance(Unknown Source)
	at java.lang.reflect.Constructor.newInstance(Unknown Source)
	at org.openqa.selenium.remote.ErrorHandler.createThrowable(ErrorHandler.java:206)
	at org.openqa.selenium.remote.ErrorHandler.throwIfResponseFailed(ErrorHandler.java:158)
	at org.openqa.selenium.remote.RemoteWebDriver.execute(RemoteWebDriver.java:595)
	at org.openqa.selenium.remote.RemoteWebDriver.findElement(RemoteWebDriver.java:348)
	at org.openqa.selenium.remote.RemoteWebDriver.findElementByXPath(RemoteWebDriver.java:445)
	at org.openqa.selenium.By$ByXPath.findElement(By.java:358)
	at org.openqa.selenium.remote.RemoteWebDriver.findElement(RemoteWebDriver.java:340)
	at businesscomponents.FunctionalComponents.clickOnFinishOrder(FunctionalComponents.java:1354)
	at sun.reflect.NativeMethodAccessorImpl.invoke0(Native Method)
	at sun.reflect.NativeMethodAccessorImpl.invoke(Unknown Source)
	at sun.reflect.DelegatingMethodAccessorImpl.invoke(Unknown Source)
	at java.lang.reflect.Method.invoke(Unknown Source)
	at supportlibraries.DriverScript.invokeBusinessComponent(DriverScript.java:473)
	at supportlibraries.DriverScript.executeTestcase(DriverScript.java:424)
	at supportlibraries.DriverScript.executeTestIterations(DriverScript.java:378)
	at supportlibraries.DriverScript.driveTestExecution(DriverScript.java:97)
	at allocator.ParallelRunner.invokeTestScript(ParallelRunner.java:59)
	at allocator.ParallelRunner.run(ParallelRunner.java:40)
	at java.util.concurrent.ThreadPoolExecutor.runWorker(Unknown Source)
	at java.util.concurrent.ThreadPoolExecutor$Worker.run(Unknown Source)
	at java.lang.Thread.run(Unknown Source)
Caused by: org.openqa.selenium.NoSuchElementException: Unable to locate element: {"method":"xpath","selector":"//div[@class='row error errorMessages']//div[@class='errorMessagesList']//p"}
For documentation on this error, please visit: http://seleniumhq.org/exceptions/no_such_element.html
Build info: version: '2.47.1', revision: '411b314', time: '2015-07-30 02:56:46'
System info: host: 'PC275317', ip: '10.207.61.69', os.name: 'Windows 7', os.arch: 'x86', os.version: '6.1', java.version: '1.8.0_25'
Driver info: driver.version: unknown
	at <anonymous class>.FirefoxDriver.prototype.findElementInternal_(file:///C:/Users/248292/AppData/Local/Temp/anonymous2495290590071911790webdriver-profile/extensions/fxdriver@googlecode.com/components/driver-component.js:10667)
	at <anonymous class>.FirefoxDriver.prototype.findElement(file:///C:/Users/248292/AppData/Local/Temp/anonymous2495290590071911790webdriver-profile/extensions/fxdriver@googlecode.com/components/driver-component.js:10676)
	at <anonymous class>.DelayedCommand.prototype.executeInternal_/h(file:///C:/Users/248292/AppData/Local/Temp/anonymous2495290590071911790webdriver-profile/extensions/fxdriver@googlecode.com/components/command-processor.js:12643)
	at <anonymous class>.DelayedCommand.prototype.executeInternal_(file:///C:/Users/248292/AppData/Local/Temp/anonymous2495290590071911790webdriver-profile/extensions/fxdriver@googlecode.com/components/command-processor.js:12648)
	at <anonymous class>.DelayedCommand.prototype.execute/<(file:///C:/Users/248292/AppData/Local/Temp/anonymous2495290590071911790webdriver-profile/extensions/fxdriver@googlecode.com/components/command-processor.js:12590)
com.cognizant.framework.FrameworkException: The specified column header "SharedUser" is not found in the sheet "General_Data"!
	at com.cognizant.framework.ExcelDataAccess.getValue(ExcelDataAccess.java:331)
	at com.cognizant.framework.CraftDataTable.getData(CraftDataTable.java:96)
	at businesscomponents.VerificationComponents.verifyHomePageValidations(VerificationComponents.java:1940)
	at sun.reflect.NativeMethodAccessorImpl.invoke0(Native Method)
	at sun.reflect.NativeMethodAccessorImpl.invoke(Unknown Source)
	at sun.reflect.DelegatingMethodAccessorImpl.invoke(Unknown Source)
	at java.lang.reflect.Method.invoke(Unknown Source)
	at supportlibraries.DriverScript.invokeBusinessComponent(DriverScript.java:473)
	at supportlibraries.DriverScript.executeTestcase(DriverScript.java:424)
	at supportlibraries.DriverScript.executeTestIterations(DriverScript.java:378)
	at supportlibraries.DriverScript.driveTestExecution(DriverScript.java:97)
	at allocator.ParallelRunner.invokeTestScript(ParallelRunner.java:59)
	at allocator.ParallelRunner.run(ParallelRunner.java:40)
	at java.util.concurrent.ThreadPoolExecutor.runWorker(Unknown Source)
	at java.util.concurrent.ThreadPoolExecutor$Worker.run(Unknown Source)
	at java.lang.Thread.run(Unknown Source)
org.openqa.selenium.NoSuchElementException: Unable to locate element: {"method":"xpath","selector":"//div[@id='col1']//table[@id='shippingtable']//input[@value='2PILOT']"}
Command duration or timeout: 17 milliseconds
For documentation on this error, please visit: http://seleniumhq.org/exceptions/no_such_element.html
Build info: version: '2.47.1', revision: '411b314', time: '2015-07-30 02:56:46'
System info: host: 'PC275317', ip: '10.207.61.69', os.name: 'Windows 7', os.arch: 'x86', os.version: '6.1', java.version: '1.8.0_25'
Driver info: org.openqa.selenium.firefox.FirefoxDriver
Capabilities [{applicationCacheEnabled=true, rotatable=false, handlesAlerts=true, databaseEnabled=true, version=39.0.3, platform=WINDOWS, nativeEvents=false, acceptSslCerts=true, webStorageEnabled=true, locationContextEnabled=true, browserName=firefox, takesScreenshot=true, javascriptEnabled=true, cssSelectorsEnabled=true}]
Session ID: 80f3e53c-4819-4072-b4c3-d32b053608c0
*** Element info: {Using=xpath, value=//div[@id='col1']//table[@id='shippingtable']//input[@value='2PILOT']}
	at sun.reflect.GeneratedConstructorAccessor95.newInstance(Unknown Source)
	at sun.reflect.DelegatingConstructorAccessorImpl.newInstance(Unknown Source)
	at java.lang.reflect.Constructor.newInstance(Unknown Source)
	at org.openqa.selenium.remote.ErrorHandler.createThrowable(ErrorHandler.java:206)
	at org.openqa.selenium.remote.ErrorHandler.throwIfResponseFailed(ErrorHandler.java:158)
	at org.openqa.selenium.remote.RemoteWebDriver.execute(RemoteWebDriver.java:595)
	at org.openqa.selenium.remote.RemoteWebDriver.findElement(RemoteWebDriver.java:348)
	at org.openqa.selenium.remote.RemoteWebDriver.findElementByXPath(RemoteWebDriver.java:445)
	at org.openqa.selenium.By$ByXPath.findElement(By.java:358)
	at org.openqa.selenium.remote.RemoteWebDriver.findElement(RemoteWebDriver.java:340)
	at webdriverhelper.WebElementVerificationUtils.verifyAndCheckCheckbox(WebElementVerificationUtils.java:256)
	at businesscomponents.FunctionalComponents.deliveryAndPayments(FunctionalComponents.java:2172)
	at sun.reflect.NativeMethodAccessorImpl.invoke0(Native Method)
	at sun.reflect.NativeMethodAccessorImpl.invoke(Unknown Source)
	at sun.reflect.DelegatingMethodAccessorImpl.invoke(Unknown Source)
	at java.lang.reflect.Method.invoke(Unknown Source)
	at supportlibraries.DriverScript.invokeBusinessComponent(DriverScript.java:473)
	at supportlibraries.DriverScript.executeTestcase(DriverScript.java:424)
	at supportlibraries.DriverScript.executeTestIterations(DriverScript.java:378)
	at supportlibraries.DriverScript.driveTestExecution(DriverScript.java:97)
	at allocator.ParallelRunner.invokeTestScript(ParallelRunner.java:59)
	at allocator.ParallelRunner.run(ParallelRunner.java:40)
	at java.util.concurrent.ThreadPoolExecutor.runWorker(Unknown Source)
	at java.util.concurrent.ThreadPoolExecutor$Worker.run(Unknown Source)
	at java.lang.Thread.run(Unknown Source)
Caused by: org.openqa.selenium.NoSuchElementException: Unable to locate element: {"method":"xpath","selector":"//div[@id='col1']//table[@id='shippingtable']//input[@value='2PILOT']"}
For documentation on this error, please visit: http://seleniumhq.org/exceptions/no_such_element.html
Build info: version: '2.47.1', revision: '411b314', time: '2015-07-30 02:56:46'
System info: host: 'PC275317', ip: '10.207.61.69', os.name: 'Windows 7', os.arch: 'x86', os.version: '6.1', java.version: '1.8.0_25'
Driver info: driver.version: unknown
	at <anonymous class>.FirefoxDriver.prototype.findElementInternal_(file:///C:/Users/248292/AppData/Local/Temp/anonymous6914250682839472301webdriver-profile/extensions/fxdriver@googlecode.com/components/driver-component.js:10667)
	at <anonymous class>.FirefoxDriver.prototype.findElement(file:///C:/Users/248292/AppData/Local/Temp/anonymous6914250682839472301webdriver-profile/extensions/fxdriver@googlecode.com/components/driver-component.js:10676)
	at <anonymous class>.DelayedCommand.prototype.executeInternal_/h(file:///C:/Users/248292/AppData/Local/Temp/anonymous6914250682839472301webdriver-profile/extensions/fxdriver@googlecode.com/components/command-processor.js:12643)
	at <anonymous class>.DelayedCommand.prototype.executeInternal_(file:///C:/Users/248292/AppData/Local/Temp/anonymous6914250682839472301webdriver-profile/extensions/fxdriver@googlecode.com/components/command-processor.js:12648)
	at <anonymous class>.DelayedCommand.prototype.execute/<(file:///C:/Users/248292/AppData/Local/Temp/anonymous6914250682839472301webdriver-profile/extensions/fxdriver@googlecode.com/components/command-processor.js:12590)
org.openqa.selenium.NoSuchElementException: Unable to locate element: {"method":"xpath","selector":"//div[@class='row error errorMessages']//div[@class='errorMessagesList']//p"}
Command duration or timeout: 14 milliseconds
For documentation on this error, please visit: http://seleniumhq.org/exceptions/no_such_element.html
Build info: version: '2.47.1', revision: '411b314', time: '2015-07-30 02:56:46'
System info: host: 'PC275317', ip: '10.207.61.69', os.name: 'Windows 7', os.arch: 'x86', os.version: '6.1', java.version: '1.8.0_25'
Driver info: org.openqa.selenium.firefox.FirefoxDriver
Capabilities [{applicationCacheEnabled=true, rotatable=false, handlesAlerts=true, databaseEnabled=true, version=39.0.3, platform=WINDOWS, nativeEvents=false, acceptSslCerts=true, webStorageEnabled=true, locationContextEnabled=true, browserName=firefox, takesScreenshot=true, javascriptEnabled=true, cssSelectorsEnabled=true}]
Session ID: 80f3e53c-4819-4072-b4c3-d32b053608c0
*** Element info: {Using=xpath, value=//div[@class='row error errorMessages']//div[@class='errorMessagesList']//p}
	at sun.reflect.GeneratedConstructorAccessor95.newInstance(Unknown Source)
	at sun.reflect.DelegatingConstructorAccessorImpl.newInstance(Unknown Source)
	at java.lang.reflect.Constructor.newInstance(Unknown Source)
	at org.openqa.selenium.remote.ErrorHandler.createThrowable(ErrorHandler.java:206)
	at org.openqa.selenium.remote.ErrorHandler.throwIfResponseFailed(ErrorHandler.java:158)
	at org.openqa.selenium.remote.RemoteWebDriver.execute(RemoteWebDriver.java:595)
	at org.openqa.selenium.remote.RemoteWebDriver.findElement(RemoteWebDriver.java:348)
	at org.openqa.selenium.remote.RemoteWebDriver.findElementByXPath(RemoteWebDriver.java:445)
	at org.openqa.selenium.By$ByXPath.findElement(By.java:358)
	at org.openqa.selenium.remote.RemoteWebDriver.findElement(RemoteWebDriver.java:340)
	at businesscomponents.FunctionalComponents.clickOnFinishOrder(FunctionalComponents.java:1354)
	at sun.reflect.NativeMethodAccessorImpl.invoke0(Native Method)
	at sun.reflect.NativeMethodAccessorImpl.invoke(Unknown Source)
	at sun.reflect.DelegatingMethodAccessorImpl.invoke(Unknown Source)
	at java.lang.reflect.Method.invoke(Unknown Source)
	at supportlibraries.DriverScript.invokeBusinessComponent(DriverScript.java:473)
	at supportlibraries.DriverScript.executeTestcase(DriverScript.java:424)
	at supportlibraries.DriverScript.executeTestIterations(DriverScript.java:378)
	at supportlibraries.DriverScript.driveTestExecution(DriverScript.java:97)
	at allocator.ParallelRunner.invokeTestScript(ParallelRunner.java:59)
	at allocator.ParallelRunner.run(ParallelRunner.java:40)
	at java.util.concurrent.ThreadPoolExecutor.runWorker(Unknown Source)
	at java.util.concurrent.ThreadPoolExecutor$Worker.run(Unknown Source)
	at java.lang.Thread.run(Unknown Source)
Caused by: org.openqa.selenium.NoSuchElementException: Unable to locate element: {"method":"xpath","selector":"//div[@class='row error errorMessages']//div[@class='errorMessagesList']//p"}
For documentation on this error, please visit: http://seleniumhq.org/exceptions/no_such_element.html
Build info: version: '2.47.1', revision: '411b314', time: '2015-07-30 02:56:46'
System info: host: 'PC275317', ip: '10.207.61.69', os.name: 'Windows 7', os.arch: 'x86', os.version: '6.1', java.version: '1.8.0_25'
Driver info: driver.version: unknown
	at <anonymous class>.FirefoxDriver.prototype.findElementInternal_(file:///C:/Users/248292/AppData/Local/Temp/anonymous6914250682839472301webdriver-profile/extensions/fxdriver@googlecode.com/components/driver-component.js:10667)
	at <anonymous class>.FirefoxDriver.prototype.findElement(file:///C:/Users/248292/AppData/Local/Temp/anonymous6914250682839472301webdriver-profile/extensions/fxdriver@googlecode.com/components/driver-component.js:10676)
	at <anonymous class>.DelayedCommand.prototype.executeInternal_/h(file:///C:/Users/248292/AppData/Local/Temp/anonymous6914250682839472301webdriver-profile/extensions/fxdriver@googlecode.com/components/command-processor.js:12643)
	at <anonymous class>.DelayedCommand.prototype.executeInternal_(file:///C:/Users/248292/AppData/Local/Temp/anonymous6914250682839472301webdriver-profile/extensions/fxdriver@googlecode.com/components/command-processor.js:12648)
	at <anonymous class>.DelayedCommand.prototype.execute/<(file:///C:/Users/248292/AppData/Local/Temp/anonymous6914250682839472301webdriver-profile/extensions/fxdriver@googlecode.com/components/command-processor.js:12590)
org.openqa.selenium.NoSuchElementException: Unable to locate element: {"method":"xpath","selector":"//div[@id='result']//table//tbody//tr[2]//td[contains(text(),'Successful')]"}
Command duration or timeout: 18 milliseconds
For documentation on this error, please visit: http://seleniumhq.org/exceptions/no_such_element.html
Build info: version: '2.47.1', revision: '411b314', time: '2015-07-30 02:56:46'
System info: host: 'PC275317', ip: '10.207.61.69', os.name: 'Windows 7', os.arch: 'x86', os.version: '6.1', java.version: '1.8.0_25'
Driver info: org.openqa.selenium.firefox.FirefoxDriver
Capabilities [{applicationCacheEnabled=true, rotatable=false, handlesAlerts=true, databaseEnabled=true, version=39.0.3, platform=WINDOWS, nativeEvents=false, acceptSslCerts=true, webStorageEnabled=true, locationContextEnabled=true, browserName=firefox, takesScreenshot=true, javascriptEnabled=true, cssSelectorsEnabled=true}]
Session ID: d205e399-6631-4f3f-8130-1025b19e7076
*** Element info: {Using=xpath, value=//div[@id='result']//table//tbody//tr[2]//td[contains(text(),'Successful')]}
	at sun.reflect.GeneratedConstructorAccessor95.newInstance(Unknown Source)
	at sun.reflect.DelegatingConstructorAccessorImpl.newInstance(Unknown Source)
	at java.lang.reflect.Constructor.newInstance(Unknown Source)
	at org.openqa.selenium.remote.ErrorHandler.createThrowable(ErrorHandler.java:206)
	at org.openqa.selenium.remote.ErrorHandler.throwIfResponseFailed(ErrorHandler.java:158)
	at org.openqa.selenium.remote.RemoteWebDriver.execute(RemoteWebDriver.java:595)
	at org.openqa.selenium.remote.RemoteWebDriver.findElement(RemoteWebDriver.java:348)
	at org.openqa.selenium.remote.RemoteWebDriver.findElementByXPath(RemoteWebDriver.java:445)
	at org.openqa.selenium.By$ByXPath.findElement(By.java:358)
	at org.openqa.selenium.remote.RemoteWebDriver.findElement(RemoteWebDriver.java:340)
	at businesscomponents.FunctionalComponents.hapiOrderCheck1(FunctionalComponents.java:512)
	at sun.reflect.NativeMethodAccessorImpl.invoke0(Native Method)
	at sun.reflect.NativeMethodAccessorImpl.invoke(Unknown Source)
	at sun.reflect.DelegatingMethodAccessorImpl.invoke(Unknown Source)
	at java.lang.reflect.Method.invoke(Unknown Source)
	at supportlibraries.DriverScript.invokeBusinessComponent(DriverScript.java:473)
	at supportlibraries.DriverScript.executeTestcase(DriverScript.java:424)
	at supportlibraries.DriverScript.executeTestIterations(DriverScript.java:378)
	at supportlibraries.DriverScript.driveTestExecution(DriverScript.java:97)
	at allocator.ParallelRunner.invokeTestScript(ParallelRunner.java:59)
	at allocator.ParallelRunner.run(ParallelRunner.java:40)
	at java.util.concurrent.ThreadPoolExecutor.runWorker(Unknown Source)
	at java.util.concurrent.ThreadPoolExecutor$Worker.run(Unknown Source)
	at java.lang.Thread.run(Unknown Source)
Caused by: org.openqa.selenium.NoSuchElementException: Unable to locate element: {"method":"xpath","selector":"//div[@id='result']//table//tbody//tr[2]//td[contains(text(),'Successful')]"}
For documentation on this error, please visit: http://seleniumhq.org/exceptions/no_such_element.html
Build info: version: '2.47.1', revision: '411b314', time: '2015-07-30 02:56:46'
System info: host: 'PC275317', ip: '10.207.61.69', os.name: 'Windows 7', os.arch: 'x86', os.version: '6.1', java.version: '1.8.0_25'
Driver info: driver.version: unknown
	at <anonymous class>.FirefoxDriver.prototype.findElementInternal_(file:///C:/Users/248292/AppData/Local/Temp/anonymous4433946799692016059webdriver-profile/extensions/fxdriver@googlecode.com/components/driver-component.js:10667)
	at <anonymous class>.FirefoxDriver.prototype.findElement(file:///C:/Users/248292/AppData/Local/Temp/anonymous4433946799692016059webdriver-profile/extensions/fxdriver@googlecode.com/components/driver-component.js:10676)
	at <anonymous class>.DelayedCommand.prototype.executeInternal_/h(file:///C:/Users/248292/AppData/Local/Temp/anonymous4433946799692016059webdriver-profile/extensions/fxdriver@googlecode.com/components/command-processor.js:12643)
	at <anonymous class>.DelayedCommand.prototype.executeInternal_(file:///C:/Users/248292/AppData/Local/Temp/anonymous4433946799692016059webdriver-profile/extensions/fxdriver@googlecode.com/components/command-processor.js:12648)
	at <anonymous class>.DelayedCommand.prototype.execute/<(file:///C:/Users/248292/AppData/Local/Temp/anonymous4433946799692016059webdriver-profile/extensions/fxdriver@googlecode.com/components/command-processor.js:12590)
