org.openqa.selenium.NoSuchElementException: Unable to locate element: {"method":"xpath","selector":"//div[@id='col1']//table[@id='shippingtable']//input[@value='2PILOT']"}
Command duration or timeout: 16 milliseconds
For documentation on this error, please visit: http://seleniumhq.org/exceptions/no_such_element.html
Build info: version: '2.47.1', revision: '411b314', time: '2015-07-30 02:56:46'
System info: host: 'PC275317', ip: '10.207.61.69', os.name: 'Windows 7', os.arch: 'x86', os.version: '6.1', java.version: '1.8.0_25'
Driver info: org.openqa.selenium.firefox.FirefoxDriver
Capabilities [{applicationCacheEnabled=true, rotatable=false, handlesAlerts=true, databaseEnabled=true, version=39.0.3, platform=WINDOWS, nativeEvents=false, acceptSslCerts=true, webStorageEnabled=true, locationContextEnabled=true, browserName=firefox, takesScreenshot=true, javascriptEnabled=true, cssSelectorsEnabled=true}]
Session ID: 2a4309ff-ae2d-4e64-a5f9-da0f9413f914
*** Element info: {Using=xpath, value=//div[@id='col1']//table[@id='shippingtable']//input[@value='2PILOT']}
	at sun.reflect.NativeConstructorAccessorImpl.newInstance0(Native Method)
	at sun.reflect.NativeConstructorAccessorImpl.newInstance(Unknown Source)
	at sun.reflect.DelegatingConstructorAccessorImpl.newInstance(Unknown Source)
	at java.lang.reflect.Constructor.newInstance(Unknown Source)
	at org.openqa.selenium.remote.ErrorHandler.createThrowable(ErrorHandler.java:206)
	at org.openqa.selenium.remote.ErrorHandler.throwIfResponseFailed(ErrorHandler.java:158)
	at org.openqa.selenium.remote.RemoteWebDriver.execute(RemoteWebDriver.java:595)
	at org.openqa.selenium.remote.RemoteWebDriver.findElement(RemoteWebDriver.java:348)
	at org.openqa.selenium.remote.RemoteWebDriver.findElementByXPath(RemoteWebDriver.java:445)
	at org.openqa.selenium.By$ByXPath.findElement(By.java:358)
	at org.openqa.selenium.remote.RemoteWebDriver.findElement(RemoteWebDriver.java:340)
	at webdriverhelper.WebElementVerificationUtils.verifyAndCheckCheckbox(WebElementVerificationUtils.java:256)
	at businesscomponents.FunctionalComponents.deliveryAndPayments(FunctionalComponents.java:2161)
	at sun.reflect.NativeMethodAccessorImpl.invoke0(Native Method)
	at sun.reflect.NativeMethodAccessorImpl.invoke(Unknown Source)
	at sun.reflect.DelegatingMethodAccessorImpl.invoke(Unknown Source)
	at java.lang.reflect.Method.invoke(Unknown Source)
	at supportlibraries.DriverScript.invokeBusinessComponent(DriverScript.java:473)
	at supportlibraries.DriverScript.executeTestcase(DriverScript.java:424)
	at supportlibraries.DriverScript.executeTestIterations(DriverScript.java:378)
	at supportlibraries.DriverScript.driveTestExecution(DriverScript.java:97)
	at allocator.ParallelRunner.invokeTestScript(ParallelRunner.java:59)
	at allocator.ParallelRunner.run(ParallelRunner.java:40)
	at java.util.concurrent.ThreadPoolExecutor.runWorker(Unknown Source)
	at java.util.concurrent.ThreadPoolExecutor$Worker.run(Unknown Source)
	at java.lang.Thread.run(Unknown Source)
Caused by: org.openqa.selenium.NoSuchElementException: Unable to locate element: {"method":"xpath","selector":"//div[@id='col1']//table[@id='shippingtable']//input[@value='2PILOT']"}
For documentation on this error, please visit: http://seleniumhq.org/exceptions/no_such_element.html
Build info: version: '2.47.1', revision: '411b314', time: '2015-07-30 02:56:46'
System info: host: 'PC275317', ip: '10.207.61.69', os.name: 'Windows 7', os.arch: 'x86', os.version: '6.1', java.version: '1.8.0_25'
Driver info: driver.version: unknown
	at <anonymous class>.FirefoxDriver.prototype.findElementInternal_(file:///C:/Users/248292/AppData/Local/Temp/anonymous8419415760482414607webdriver-profile/extensions/fxdriver@googlecode.com/components/driver-component.js:10667)
	at <anonymous class>.FirefoxDriver.prototype.findElement(file:///C:/Users/248292/AppData/Local/Temp/anonymous8419415760482414607webdriver-profile/extensions/fxdriver@googlecode.com/components/driver-component.js:10676)
	at <anonymous class>.DelayedCommand.prototype.executeInternal_/h(file:///C:/Users/248292/AppData/Local/Temp/anonymous8419415760482414607webdriver-profile/extensions/fxdriver@googlecode.com/components/command-processor.js:12643)
	at <anonymous class>.DelayedCommand.prototype.executeInternal_(file:///C:/Users/248292/AppData/Local/Temp/anonymous8419415760482414607webdriver-profile/extensions/fxdriver@googlecode.com/components/command-processor.js:12648)
	at <anonymous class>.DelayedCommand.prototype.execute/<(file:///C:/Users/248292/AppData/Local/Temp/anonymous8419415760482414607webdriver-profile/extensions/fxdriver@googlecode.com/components/command-processor.js:12590)
org.openqa.selenium.NoSuchElementException: Unable to locate element: {"method":"xpath","selector":"//div[@class='row error errorMessages']//div[@class='errorMessagesList']//p"}
Command duration or timeout: 16 milliseconds
For documentation on this error, please visit: http://seleniumhq.org/exceptions/no_such_element.html
Build info: version: '2.47.1', revision: '411b314', time: '2015-07-30 02:56:46'
System info: host: 'PC275317', ip: '10.207.61.69', os.name: 'Windows 7', os.arch: 'x86', os.version: '6.1', java.version: '1.8.0_25'
Driver info: org.openqa.selenium.firefox.FirefoxDriver
Capabilities [{applicationCacheEnabled=true, rotatable=false, handlesAlerts=true, databaseEnabled=true, version=39.0.3, platform=WINDOWS, nativeEvents=false, acceptSslCerts=true, webStorageEnabled=true, locationContextEnabled=true, browserName=firefox, takesScreenshot=true, javascriptEnabled=true, cssSelectorsEnabled=true}]
Session ID: 2a4309ff-ae2d-4e64-a5f9-da0f9413f914
*** Element info: {Using=xpath, value=//div[@class='row error errorMessages']//div[@class='errorMessagesList']//p}
	at sun.reflect.NativeConstructorAccessorImpl.newInstance0(Native Method)
	at sun.reflect.NativeConstructorAccessorImpl.newInstance(Unknown Source)
	at sun.reflect.DelegatingConstructorAccessorImpl.newInstance(Unknown Source)
	at java.lang.reflect.Constructor.newInstance(Unknown Source)
	at org.openqa.selenium.remote.ErrorHandler.createThrowable(ErrorHandler.java:206)
	at org.openqa.selenium.remote.ErrorHandler.throwIfResponseFailed(ErrorHandler.java:158)
	at org.openqa.selenium.remote.RemoteWebDriver.execute(RemoteWebDriver.java:595)
	at org.openqa.selenium.remote.RemoteWebDriver.findElement(RemoteWebDriver.java:348)
	at org.openqa.selenium.remote.RemoteWebDriver.findElementByXPath(RemoteWebDriver.java:445)
	at org.openqa.selenium.By$ByXPath.findElement(By.java:358)
	at org.openqa.selenium.remote.RemoteWebDriver.findElement(RemoteWebDriver.java:340)
	at businesscomponents.FunctionalComponents.clickOnFinishOrder(FunctionalComponents.java:1343)
	at sun.reflect.NativeMethodAccessorImpl.invoke0(Native Method)
	at sun.reflect.NativeMethodAccessorImpl.invoke(Unknown Source)
	at sun.reflect.DelegatingMethodAccessorImpl.invoke(Unknown Source)
	at java.lang.reflect.Method.invoke(Unknown Source)
	at supportlibraries.DriverScript.invokeBusinessComponent(DriverScript.java:473)
	at supportlibraries.DriverScript.executeTestcase(DriverScript.java:424)
	at supportlibraries.DriverScript.executeTestIterations(DriverScript.java:378)
	at supportlibraries.DriverScript.driveTestExecution(DriverScript.java:97)
	at allocator.ParallelRunner.invokeTestScript(ParallelRunner.java:59)
	at allocator.ParallelRunner.run(ParallelRunner.java:40)
	at java.util.concurrent.ThreadPoolExecutor.runWorker(Unknown Source)
	at java.util.concurrent.ThreadPoolExecutor$Worker.run(Unknown Source)
	at java.lang.Thread.run(Unknown Source)
Caused by: org.openqa.selenium.NoSuchElementException: Unable to locate element: {"method":"xpath","selector":"//div[@class='row error errorMessages']//div[@class='errorMessagesList']//p"}
For documentation on this error, please visit: http://seleniumhq.org/exceptions/no_such_element.html
Build info: version: '2.47.1', revision: '411b314', time: '2015-07-30 02:56:46'
System info: host: 'PC275317', ip: '10.207.61.69', os.name: 'Windows 7', os.arch: 'x86', os.version: '6.1', java.version: '1.8.0_25'
Driver info: driver.version: unknown
	at <anonymous class>.FirefoxDriver.prototype.findElementInternal_(file:///C:/Users/248292/AppData/Local/Temp/anonymous8419415760482414607webdriver-profile/extensions/fxdriver@googlecode.com/components/driver-component.js:10667)
	at <anonymous class>.FirefoxDriver.prototype.findElement(file:///C:/Users/248292/AppData/Local/Temp/anonymous8419415760482414607webdriver-profile/extensions/fxdriver@googlecode.com/components/driver-component.js:10676)
	at <anonymous class>.DelayedCommand.prototype.executeInternal_/h(file:///C:/Users/248292/AppData/Local/Temp/anonymous8419415760482414607webdriver-profile/extensions/fxdriver@googlecode.com/components/command-processor.js:12643)
	at <anonymous class>.DelayedCommand.prototype.executeInternal_(file:///C:/Users/248292/AppData/Local/Temp/anonymous8419415760482414607webdriver-profile/extensions/fxdriver@googlecode.com/components/command-processor.js:12648)
	at <anonymous class>.DelayedCommand.prototype.execute/<(file:///C:/Users/248292/AppData/Local/Temp/anonymous8419415760482414607webdriver-profile/extensions/fxdriver@googlecode.com/components/command-processor.js:12590)
org.openqa.selenium.NoSuchElementException: Unable to locate element: {"method":"xpath","selector":"//div[@id='col1']//table[@id='shippingtable']//input[@value='2PILOT']"}
Command duration or timeout: 31 milliseconds
For documentation on this error, please visit: http://seleniumhq.org/exceptions/no_such_element.html
Build info: version: '2.47.1', revision: '411b314', time: '2015-07-30 02:56:46'
System info: host: 'PC275317', ip: '10.207.61.69', os.name: 'Windows 7', os.arch: 'x86', os.version: '6.1', java.version: '1.8.0_25'
Driver info: org.openqa.selenium.firefox.FirefoxDriver
Capabilities [{applicationCacheEnabled=true, rotatable=false, handlesAlerts=true, databaseEnabled=true, version=39.0.3, platform=WINDOWS, nativeEvents=false, acceptSslCerts=true, webStorageEnabled=true, locationContextEnabled=true, browserName=firefox, takesScreenshot=true, javascriptEnabled=true, cssSelectorsEnabled=true}]
Session ID: d285a8d2-c153-4ffb-9952-4f4861dab296
*** Element info: {Using=xpath, value=//div[@id='col1']//table[@id='shippingtable']//input[@value='2PILOT']}
	at sun.reflect.NativeConstructorAccessorImpl.newInstance0(Native Method)
	at sun.reflect.NativeConstructorAccessorImpl.newInstance(Unknown Source)
	at sun.reflect.DelegatingConstructorAccessorImpl.newInstance(Unknown Source)
	at java.lang.reflect.Constructor.newInstance(Unknown Source)
	at org.openqa.selenium.remote.ErrorHandler.createThrowable(ErrorHandler.java:206)
	at org.openqa.selenium.remote.ErrorHandler.throwIfResponseFailed(ErrorHandler.java:158)
	at org.openqa.selenium.remote.RemoteWebDriver.execute(RemoteWebDriver.java:595)
	at org.openqa.selenium.remote.RemoteWebDriver.findElement(RemoteWebDriver.java:348)
	at org.openqa.selenium.remote.RemoteWebDriver.findElementByXPath(RemoteWebDriver.java:445)
	at org.openqa.selenium.By$ByXPath.findElement(By.java:358)
	at org.openqa.selenium.remote.RemoteWebDriver.findElement(RemoteWebDriver.java:340)
	at webdriverhelper.WebElementVerificationUtils.verifyAndCheckCheckbox(WebElementVerificationUtils.java:256)
	at businesscomponents.FunctionalComponents.deliveryAndPayments(FunctionalComponents.java:2161)
	at sun.reflect.NativeMethodAccessorImpl.invoke0(Native Method)
	at sun.reflect.NativeMethodAccessorImpl.invoke(Unknown Source)
	at sun.reflect.DelegatingMethodAccessorImpl.invoke(Unknown Source)
	at java.lang.reflect.Method.invoke(Unknown Source)
	at supportlibraries.DriverScript.invokeBusinessComponent(DriverScript.java:473)
	at supportlibraries.DriverScript.executeTestcase(DriverScript.java:424)
	at supportlibraries.DriverScript.executeTestIterations(DriverScript.java:378)
	at supportlibraries.DriverScript.driveTestExecution(DriverScript.java:97)
	at allocator.ParallelRunner.invokeTestScript(ParallelRunner.java:59)
	at allocator.ParallelRunner.run(ParallelRunner.java:40)
	at java.util.concurrent.ThreadPoolExecutor.runWorker(Unknown Source)
	at java.util.concurrent.ThreadPoolExecutor$Worker.run(Unknown Source)
	at java.lang.Thread.run(Unknown Source)
Caused by: org.openqa.selenium.NoSuchElementException: Unable to locate element: {"method":"xpath","selector":"//div[@id='col1']//table[@id='shippingtable']//input[@value='2PILOT']"}
For documentation on this error, please visit: http://seleniumhq.org/exceptions/no_such_element.html
Build info: version: '2.47.1', revision: '411b314', time: '2015-07-30 02:56:46'
System info: host: 'PC275317', ip: '10.207.61.69', os.name: 'Windows 7', os.arch: 'x86', os.version: '6.1', java.version: '1.8.0_25'
Driver info: driver.version: unknown
	at <anonymous class>.FirefoxDriver.prototype.findElementInternal_(file:///C:/Users/248292/AppData/Local/Temp/anonymous8074171470808980632webdriver-profile/extensions/fxdriver@googlecode.com/components/driver-component.js:10667)
	at <anonymous class>.FirefoxDriver.prototype.findElement(file:///C:/Users/248292/AppData/Local/Temp/anonymous8074171470808980632webdriver-profile/extensions/fxdriver@googlecode.com/components/driver-component.js:10676)
	at <anonymous class>.DelayedCommand.prototype.executeInternal_/h(file:///C:/Users/248292/AppData/Local/Temp/anonymous8074171470808980632webdriver-profile/extensions/fxdriver@googlecode.com/components/command-processor.js:12643)
	at <anonymous class>.DelayedCommand.prototype.executeInternal_(file:///C:/Users/248292/AppData/Local/Temp/anonymous8074171470808980632webdriver-profile/extensions/fxdriver@googlecode.com/components/command-processor.js:12648)
	at <anonymous class>.DelayedCommand.prototype.execute/<(file:///C:/Users/248292/AppData/Local/Temp/anonymous8074171470808980632webdriver-profile/extensions/fxdriver@googlecode.com/components/command-processor.js:12590)
org.openqa.selenium.NoSuchElementException: Unable to locate element: {"method":"xpath","selector":"//div[@class='row error errorMessages']//div[@class='errorMessagesList']//p"}
Command duration or timeout: 1 milliseconds
For documentation on this error, please visit: http://seleniumhq.org/exceptions/no_such_element.html
Build info: version: '2.47.1', revision: '411b314', time: '2015-07-30 02:56:46'
System info: host: 'PC275317', ip: '10.207.61.69', os.name: 'Windows 7', os.arch: 'x86', os.version: '6.1', java.version: '1.8.0_25'
Driver info: org.openqa.selenium.firefox.FirefoxDriver
Capabilities [{applicationCacheEnabled=true, rotatable=false, handlesAlerts=true, databaseEnabled=true, version=39.0.3, platform=WINDOWS, nativeEvents=false, acceptSslCerts=true, webStorageEnabled=true, locationContextEnabled=true, browserName=firefox, takesScreenshot=true, javascriptEnabled=true, cssSelectorsEnabled=true}]
Session ID: d285a8d2-c153-4ffb-9952-4f4861dab296
*** Element info: {Using=xpath, value=//div[@class='row error errorMessages']//div[@class='errorMessagesList']//p}
	at sun.reflect.NativeConstructorAccessorImpl.newInstance0(Native Method)
	at sun.reflect.NativeConstructorAccessorImpl.newInstance(Unknown Source)
	at sun.reflect.DelegatingConstructorAccessorImpl.newInstance(Unknown Source)
	at java.lang.reflect.Constructor.newInstance(Unknown Source)
	at org.openqa.selenium.remote.ErrorHandler.createThrowable(ErrorHandler.java:206)
	at org.openqa.selenium.remote.ErrorHandler.throwIfResponseFailed(ErrorHandler.java:158)
	at org.openqa.selenium.remote.RemoteWebDriver.execute(RemoteWebDriver.java:595)
	at org.openqa.selenium.remote.RemoteWebDriver.findElement(RemoteWebDriver.java:348)
	at org.openqa.selenium.remote.RemoteWebDriver.findElementByXPath(RemoteWebDriver.java:445)
	at org.openqa.selenium.By$ByXPath.findElement(By.java:358)
	at org.openqa.selenium.remote.RemoteWebDriver.findElement(RemoteWebDriver.java:340)
	at businesscomponents.FunctionalComponents.clickOnFinishOrder(FunctionalComponents.java:1343)
	at sun.reflect.NativeMethodAccessorImpl.invoke0(Native Method)
	at sun.reflect.NativeMethodAccessorImpl.invoke(Unknown Source)
	at sun.reflect.DelegatingMethodAccessorImpl.invoke(Unknown Source)
	at java.lang.reflect.Method.invoke(Unknown Source)
	at supportlibraries.DriverScript.invokeBusinessComponent(DriverScript.java:473)
	at supportlibraries.DriverScript.executeTestcase(DriverScript.java:424)
	at supportlibraries.DriverScript.executeTestIterations(DriverScript.java:378)
	at supportlibraries.DriverScript.driveTestExecution(DriverScript.java:97)
	at allocator.ParallelRunner.invokeTestScript(ParallelRunner.java:59)
	at allocator.ParallelRunner.run(ParallelRunner.java:40)
	at java.util.concurrent.ThreadPoolExecutor.runWorker(Unknown Source)
	at java.util.concurrent.ThreadPoolExecutor$Worker.run(Unknown Source)
	at java.lang.Thread.run(Unknown Source)
Caused by: org.openqa.selenium.NoSuchElementException: Unable to locate element: {"method":"xpath","selector":"//div[@class='row error errorMessages']//div[@class='errorMessagesList']//p"}
For documentation on this error, please visit: http://seleniumhq.org/exceptions/no_such_element.html
Build info: version: '2.47.1', revision: '411b314', time: '2015-07-30 02:56:46'
System info: host: 'PC275317', ip: '10.207.61.69', os.name: 'Windows 7', os.arch: 'x86', os.version: '6.1', java.version: '1.8.0_25'
Driver info: driver.version: unknown
	at <anonymous class>.FirefoxDriver.prototype.findElementInternal_(file:///C:/Users/248292/AppData/Local/Temp/anonymous8074171470808980632webdriver-profile/extensions/fxdriver@googlecode.com/components/driver-component.js:10667)
	at <anonymous class>.FirefoxDriver.prototype.findElement(file:///C:/Users/248292/AppData/Local/Temp/anonymous8074171470808980632webdriver-profile/extensions/fxdriver@googlecode.com/components/driver-component.js:10676)
	at <anonymous class>.DelayedCommand.prototype.executeInternal_/h(file:///C:/Users/248292/AppData/Local/Temp/anonymous8074171470808980632webdriver-profile/extensions/fxdriver@googlecode.com/components/command-processor.js:12643)
	at <anonymous class>.DelayedCommand.prototype.executeInternal_(file:///C:/Users/248292/AppData/Local/Temp/anonymous8074171470808980632webdriver-profile/extensions/fxdriver@googlecode.com/components/command-processor.js:12648)
	at <anonymous class>.DelayedCommand.prototype.execute/<(file:///C:/Users/248292/AppData/Local/Temp/anonymous8074171470808980632webdriver-profile/extensions/fxdriver@googlecode.com/components/command-processor.js:12590)
org.openqa.selenium.ElementNotVisibleException: Element is not currently visible and so may not be interacted with
Command duration or timeout: 10 milliseconds
Build info: version: '2.47.1', revision: '411b314', time: '2015-07-30 02:56:46'
System info: host: 'PC275317', ip: '10.207.61.69', os.name: 'Windows 7', os.arch: 'x86', os.version: '6.1', java.version: '1.8.0_25'
Driver info: org.openqa.selenium.firefox.FirefoxDriver
Capabilities [{applicationCacheEnabled=true, rotatable=false, handlesAlerts=true, databaseEnabled=true, version=39.0.3, platform=WINDOWS, nativeEvents=false, acceptSslCerts=true, webStorageEnabled=true, locationContextEnabled=true, browserName=firefox, takesScreenshot=true, javascriptEnabled=true, cssSelectorsEnabled=true}]
Session ID: 7df1bcd3-6ff7-4a39-a437-343102e7e645
	at sun.reflect.NativeConstructorAccessorImpl.newInstance0(Native Method)
	at sun.reflect.NativeConstructorAccessorImpl.newInstance(Unknown Source)
	at sun.reflect.DelegatingConstructorAccessorImpl.newInstance(Unknown Source)
	at java.lang.reflect.Constructor.newInstance(Unknown Source)
	at org.openqa.selenium.remote.ErrorHandler.createThrowable(ErrorHandler.java:206)
	at org.openqa.selenium.remote.ErrorHandler.throwIfResponseFailed(ErrorHandler.java:158)
	at org.openqa.selenium.remote.RemoteWebDriver.execute(RemoteWebDriver.java:595)
	at org.openqa.selenium.remote.RemoteWebElement.execute(RemoteWebElement.java:273)
	at org.openqa.selenium.remote.RemoteWebElement.click(RemoteWebElement.java:84)
	at businesscomponents.FunctionalComponents.logout(FunctionalComponents.java:2275)
	at sun.reflect.NativeMethodAccessorImpl.invoke0(Native Method)
	at sun.reflect.NativeMethodAccessorImpl.invoke(Unknown Source)
	at sun.reflect.DelegatingMethodAccessorImpl.invoke(Unknown Source)
	at java.lang.reflect.Method.invoke(Unknown Source)
	at supportlibraries.DriverScript.invokeBusinessComponent(DriverScript.java:473)
	at supportlibraries.DriverScript.executeTestcase(DriverScript.java:424)
	at supportlibraries.DriverScript.executeTestIterations(DriverScript.java:378)
	at supportlibraries.DriverScript.driveTestExecution(DriverScript.java:97)
	at allocator.ParallelRunner.invokeTestScript(ParallelRunner.java:59)
	at allocator.ParallelRunner.run(ParallelRunner.java:40)
	at java.util.concurrent.ThreadPoolExecutor.runWorker(Unknown Source)
	at java.util.concurrent.ThreadPoolExecutor$Worker.run(Unknown Source)
	at java.lang.Thread.run(Unknown Source)
Caused by: org.openqa.selenium.ElementNotVisibleException: Element is not currently visible and so may not be interacted with
Build info: version: '2.47.1', revision: '411b314', time: '2015-07-30 02:56:46'
System info: host: 'PC275317', ip: '10.207.61.69', os.name: 'Windows 7', os.arch: 'x86', os.version: '6.1', java.version: '1.8.0_25'
Driver info: driver.version: unknown
	at <anonymous class>.fxdriver.preconditions.visible(file:///C:/Users/248292/AppData/Local/Temp/anonymous3329404547477595056webdriver-profile/extensions/fxdriver@googlecode.com/components/command-processor.js:9982)
	at <anonymous class>.DelayedCommand.prototype.checkPreconditions_(file:///C:/Users/248292/AppData/Local/Temp/anonymous3329404547477595056webdriver-profile/extensions/fxdriver@googlecode.com/components/command-processor.js:12626)
	at <anonymous class>.DelayedCommand.prototype.executeInternal_/h(file:///C:/Users/248292/AppData/Local/Temp/anonymous3329404547477595056webdriver-profile/extensions/fxdriver@googlecode.com/components/command-processor.js:12643)
	at <anonymous class>.DelayedCommand.prototype.executeInternal_(file:///C:/Users/248292/AppData/Local/Temp/anonymous3329404547477595056webdriver-profile/extensions/fxdriver@googlecode.com/components/command-processor.js:12648)
	at <anonymous class>.DelayedCommand.prototype.execute/<(file:///C:/Users/248292/AppData/Local/Temp/anonymous3329404547477595056webdriver-profile/extensions/fxdriver@googlecode.com/components/command-processor.js:12590)
com.cognizant.framework.FrameworkException: The specified column header "SharedUser" is not found in the sheet "General_Data"!
	at com.cognizant.framework.ExcelDataAccess.getValue(ExcelDataAccess.java:331)
	at com.cognizant.framework.CraftDataTable.getData(CraftDataTable.java:96)
	at businesscomponents.VerificationComponents.verifyHomePageValidations(VerificationComponents.java:1920)
	at sun.reflect.NativeMethodAccessorImpl.invoke0(Native Method)
	at sun.reflect.NativeMethodAccessorImpl.invoke(Unknown Source)
	at sun.reflect.DelegatingMethodAccessorImpl.invoke(Unknown Source)
	at java.lang.reflect.Method.invoke(Unknown Source)
	at supportlibraries.DriverScript.invokeBusinessComponent(DriverScript.java:473)
	at supportlibraries.DriverScript.executeTestcase(DriverScript.java:424)
	at supportlibraries.DriverScript.executeTestIterations(DriverScript.java:378)
	at supportlibraries.DriverScript.driveTestExecution(DriverScript.java:97)
	at allocator.ParallelRunner.invokeTestScript(ParallelRunner.java:59)
	at allocator.ParallelRunner.run(ParallelRunner.java:40)
	at java.util.concurrent.ThreadPoolExecutor.runWorker(Unknown Source)
	at java.util.concurrent.ThreadPoolExecutor$Worker.run(Unknown Source)
	at java.lang.Thread.run(Unknown Source)
org.openqa.selenium.NoSuchElementException: Unable to locate element: {"method":"xpath","selector":"//div[@id='col1']//table[@id='shippingtable']//input[@value='2PILOT']"}
Command duration or timeout: 15 milliseconds
For documentation on this error, please visit: http://seleniumhq.org/exceptions/no_such_element.html
Build info: version: '2.47.1', revision: '411b314', time: '2015-07-30 02:56:46'
System info: host: 'PC275317', ip: '10.207.61.69', os.name: 'Windows 7', os.arch: 'x86', os.version: '6.1', java.version: '1.8.0_25'
Driver info: org.openqa.selenium.firefox.FirefoxDriver
Capabilities [{applicationCacheEnabled=true, rotatable=false, handlesAlerts=true, databaseEnabled=true, version=39.0.3, platform=WINDOWS, nativeEvents=false, acceptSslCerts=true, webStorageEnabled=true, locationContextEnabled=true, browserName=firefox, takesScreenshot=true, javascriptEnabled=true, cssSelectorsEnabled=true}]
Session ID: 29cb7cee-8f94-4278-af77-d7d3c43fcfe6
*** Element info: {Using=xpath, value=//div[@id='col1']//table[@id='shippingtable']//input[@value='2PILOT']}
	at sun.reflect.NativeConstructorAccessorImpl.newInstance0(Native Method)
	at sun.reflect.NativeConstructorAccessorImpl.newInstance(Unknown Source)
	at sun.reflect.DelegatingConstructorAccessorImpl.newInstance(Unknown Source)
	at java.lang.reflect.Constructor.newInstance(Unknown Source)
	at org.openqa.selenium.remote.ErrorHandler.createThrowable(ErrorHandler.java:206)
	at org.openqa.selenium.remote.ErrorHandler.throwIfResponseFailed(ErrorHandler.java:158)
	at org.openqa.selenium.remote.RemoteWebDriver.execute(RemoteWebDriver.java:595)
	at org.openqa.selenium.remote.RemoteWebDriver.findElement(RemoteWebDriver.java:348)
	at org.openqa.selenium.remote.RemoteWebDriver.findElementByXPath(RemoteWebDriver.java:445)
	at org.openqa.selenium.By$ByXPath.findElement(By.java:358)
	at org.openqa.selenium.remote.RemoteWebDriver.findElement(RemoteWebDriver.java:340)
	at webdriverhelper.WebElementVerificationUtils.verifyAndCheckCheckbox(WebElementVerificationUtils.java:256)
	at businesscomponents.FunctionalComponents.deliveryAndPayments(FunctionalComponents.java:2161)
	at sun.reflect.NativeMethodAccessorImpl.invoke0(Native Method)
	at sun.reflect.NativeMethodAccessorImpl.invoke(Unknown Source)
	at sun.reflect.DelegatingMethodAccessorImpl.invoke(Unknown Source)
	at java.lang.reflect.Method.invoke(Unknown Source)
	at supportlibraries.DriverScript.invokeBusinessComponent(DriverScript.java:473)
	at supportlibraries.DriverScript.executeTestcase(DriverScript.java:424)
	at supportlibraries.DriverScript.executeTestIterations(DriverScript.java:378)
	at supportlibraries.DriverScript.driveTestExecution(DriverScript.java:97)
	at allocator.ParallelRunner.invokeTestScript(ParallelRunner.java:59)
	at allocator.ParallelRunner.run(ParallelRunner.java:40)
	at java.util.concurrent.ThreadPoolExecutor.runWorker(Unknown Source)
	at java.util.concurrent.ThreadPoolExecutor$Worker.run(Unknown Source)
	at java.lang.Thread.run(Unknown Source)
Caused by: org.openqa.selenium.NoSuchElementException: Unable to locate element: {"method":"xpath","selector":"//div[@id='col1']//table[@id='shippingtable']//input[@value='2PILOT']"}
For documentation on this error, please visit: http://seleniumhq.org/exceptions/no_such_element.html
Build info: version: '2.47.1', revision: '411b314', time: '2015-07-30 02:56:46'
System info: host: 'PC275317', ip: '10.207.61.69', os.name: 'Windows 7', os.arch: 'x86', os.version: '6.1', java.version: '1.8.0_25'
Driver info: driver.version: unknown
	at <anonymous class>.FirefoxDriver.prototype.findElementInternal_(file:///C:/Users/248292/AppData/Local/Temp/anonymous1612335044371347071webdriver-profile/extensions/fxdriver@googlecode.com/components/driver-component.js:10667)
	at <anonymous class>.FirefoxDriver.prototype.findElement(file:///C:/Users/248292/AppData/Local/Temp/anonymous1612335044371347071webdriver-profile/extensions/fxdriver@googlecode.com/components/driver-component.js:10676)
	at <anonymous class>.DelayedCommand.prototype.executeInternal_/h(file:///C:/Users/248292/AppData/Local/Temp/anonymous1612335044371347071webdriver-profile/extensions/fxdriver@googlecode.com/components/command-processor.js:12643)
	at <anonymous class>.DelayedCommand.prototype.executeInternal_(file:///C:/Users/248292/AppData/Local/Temp/anonymous1612335044371347071webdriver-profile/extensions/fxdriver@googlecode.com/components/command-processor.js:12648)
	at <anonymous class>.DelayedCommand.prototype.execute/<(file:///C:/Users/248292/AppData/Local/Temp/anonymous1612335044371347071webdriver-profile/extensions/fxdriver@googlecode.com/components/command-processor.js:12590)
org.openqa.selenium.NoSuchElementException: Unable to locate element: {"method":"xpath","selector":"//div[@class='row error errorMessages']//div[@class='errorMessagesList']//p"}
Command duration or timeout: 15 milliseconds
For documentation on this error, please visit: http://seleniumhq.org/exceptions/no_such_element.html
Build info: version: '2.47.1', revision: '411b314', time: '2015-07-30 02:56:46'
System info: host: 'PC275317', ip: '10.207.61.69', os.name: 'Windows 7', os.arch: 'x86', os.version: '6.1', java.version: '1.8.0_25'
Driver info: org.openqa.selenium.firefox.FirefoxDriver
Capabilities [{applicationCacheEnabled=true, rotatable=false, handlesAlerts=true, databaseEnabled=true, version=39.0.3, platform=WINDOWS, nativeEvents=false, acceptSslCerts=true, webStorageEnabled=true, locationContextEnabled=true, browserName=firefox, takesScreenshot=true, javascriptEnabled=true, cssSelectorsEnabled=true}]
Session ID: 29cb7cee-8f94-4278-af77-d7d3c43fcfe6
*** Element info: {Using=xpath, value=//div[@class='row error errorMessages']//div[@class='errorMessagesList']//p}
	at sun.reflect.NativeConstructorAccessorImpl.newInstance0(Native Method)
	at sun.reflect.NativeConstructorAccessorImpl.newInstance(Unknown Source)
	at sun.reflect.DelegatingConstructorAccessorImpl.newInstance(Unknown Source)
	at java.lang.reflect.Constructor.newInstance(Unknown Source)
	at org.openqa.selenium.remote.ErrorHandler.createThrowable(ErrorHandler.java:206)
	at org.openqa.selenium.remote.ErrorHandler.throwIfResponseFailed(ErrorHandler.java:158)
	at org.openqa.selenium.remote.RemoteWebDriver.execute(RemoteWebDriver.java:595)
	at org.openqa.selenium.remote.RemoteWebDriver.findElement(RemoteWebDriver.java:348)
	at org.openqa.selenium.remote.RemoteWebDriver.findElementByXPath(RemoteWebDriver.java:445)
	at org.openqa.selenium.By$ByXPath.findElement(By.java:358)
	at org.openqa.selenium.remote.RemoteWebDriver.findElement(RemoteWebDriver.java:340)
	at businesscomponents.FunctionalComponents.clickOnFinishOrder(FunctionalComponents.java:1343)
	at sun.reflect.NativeMethodAccessorImpl.invoke0(Native Method)
	at sun.reflect.NativeMethodAccessorImpl.invoke(Unknown Source)
	at sun.reflect.DelegatingMethodAccessorImpl.invoke(Unknown Source)
	at java.lang.reflect.Method.invoke(Unknown Source)
	at supportlibraries.DriverScript.invokeBusinessComponent(DriverScript.java:473)
	at supportlibraries.DriverScript.executeTestcase(DriverScript.java:424)
	at supportlibraries.DriverScript.executeTestIterations(DriverScript.java:378)
	at supportlibraries.DriverScript.driveTestExecution(DriverScript.java:97)
	at allocator.ParallelRunner.invokeTestScript(ParallelRunner.java:59)
	at allocator.ParallelRunner.run(ParallelRunner.java:40)
	at java.util.concurrent.ThreadPoolExecutor.runWorker(Unknown Source)
	at java.util.concurrent.ThreadPoolExecutor$Worker.run(Unknown Source)
	at java.lang.Thread.run(Unknown Source)
Caused by: org.openqa.selenium.NoSuchElementException: Unable to locate element: {"method":"xpath","selector":"//div[@class='row error errorMessages']//div[@class='errorMessagesList']//p"}
For documentation on this error, please visit: http://seleniumhq.org/exceptions/no_such_element.html
Build info: version: '2.47.1', revision: '411b314', time: '2015-07-30 02:56:46'
System info: host: 'PC275317', ip: '10.207.61.69', os.name: 'Windows 7', os.arch: 'x86', os.version: '6.1', java.version: '1.8.0_25'
Driver info: driver.version: unknown
	at <anonymous class>.FirefoxDriver.prototype.findElementInternal_(file:///C:/Users/248292/AppData/Local/Temp/anonymous1612335044371347071webdriver-profile/extensions/fxdriver@googlecode.com/components/driver-component.js:10667)
	at <anonymous class>.FirefoxDriver.prototype.findElement(file:///C:/Users/248292/AppData/Local/Temp/anonymous1612335044371347071webdriver-profile/extensions/fxdriver@googlecode.com/components/driver-component.js:10676)
	at <anonymous class>.DelayedCommand.prototype.executeInternal_/h(file:///C:/Users/248292/AppData/Local/Temp/anonymous1612335044371347071webdriver-profile/extensions/fxdriver@googlecode.com/components/command-processor.js:12643)
	at <anonymous class>.DelayedCommand.prototype.executeInternal_(file:///C:/Users/248292/AppData/Local/Temp/anonymous1612335044371347071webdriver-profile/extensions/fxdriver@googlecode.com/components/command-processor.js:12648)
	at <anonymous class>.DelayedCommand.prototype.execute/<(file:///C:/Users/248292/AppData/Local/Temp/anonymous1612335044371347071webdriver-profile/extensions/fxdriver@googlecode.com/components/command-processor.js:12590)
org.openqa.selenium.ElementNotVisibleException: Element is not currently visible and so may not be interacted with
Command duration or timeout: 16 milliseconds
Build info: version: '2.47.1', revision: '411b314', time: '2015-07-30 02:56:46'
System info: host: 'PC275317', ip: '10.207.61.69', os.name: 'Windows 7', os.arch: 'x86', os.version: '6.1', java.version: '1.8.0_25'
Driver info: org.openqa.selenium.firefox.FirefoxDriver
Capabilities [{applicationCacheEnabled=true, rotatable=false, handlesAlerts=true, databaseEnabled=true, version=39.0.3, platform=WINDOWS, nativeEvents=false, acceptSslCerts=true, webStorageEnabled=true, locationContextEnabled=true, browserName=firefox, takesScreenshot=true, javascriptEnabled=true, cssSelectorsEnabled=true}]
Session ID: 7b2be767-0f4f-4b70-ab84-dc45dc389c68
	at sun.reflect.NativeConstructorAccessorImpl.newInstance0(Native Method)
	at sun.reflect.NativeConstructorAccessorImpl.newInstance(Unknown Source)
	at sun.reflect.DelegatingConstructorAccessorImpl.newInstance(Unknown Source)
	at java.lang.reflect.Constructor.newInstance(Unknown Source)
	at org.openqa.selenium.remote.ErrorHandler.createThrowable(ErrorHandler.java:206)
	at org.openqa.selenium.remote.ErrorHandler.throwIfResponseFailed(ErrorHandler.java:158)
	at org.openqa.selenium.remote.RemoteWebDriver.execute(RemoteWebDriver.java:595)
	at org.openqa.selenium.remote.RemoteWebElement.execute(RemoteWebElement.java:273)
	at org.openqa.selenium.remote.RemoteWebElement.click(RemoteWebElement.java:84)
	at businesscomponents.FunctionalComponents.logout(FunctionalComponents.java:2275)
	at sun.reflect.NativeMethodAccessorImpl.invoke0(Native Method)
	at sun.reflect.NativeMethodAccessorImpl.invoke(Unknown Source)
	at sun.reflect.DelegatingMethodAccessorImpl.invoke(Unknown Source)
	at java.lang.reflect.Method.invoke(Unknown Source)
	at supportlibraries.DriverScript.invokeBusinessComponent(DriverScript.java:473)
	at supportlibraries.DriverScript.executeTestcase(DriverScript.java:424)
	at supportlibraries.DriverScript.executeTestIterations(DriverScript.java:378)
	at supportlibraries.DriverScript.driveTestExecution(DriverScript.java:97)
	at allocator.ParallelRunner.invokeTestScript(ParallelRunner.java:59)
	at allocator.ParallelRunner.run(ParallelRunner.java:40)
	at java.util.concurrent.ThreadPoolExecutor.runWorker(Unknown Source)
	at java.util.concurrent.ThreadPoolExecutor$Worker.run(Unknown Source)
	at java.lang.Thread.run(Unknown Source)
Caused by: org.openqa.selenium.ElementNotVisibleException: Element is not currently visible and so may not be interacted with
Build info: version: '2.47.1', revision: '411b314', time: '2015-07-30 02:56:46'
System info: host: 'PC275317', ip: '10.207.61.69', os.name: 'Windows 7', os.arch: 'x86', os.version: '6.1', java.version: '1.8.0_25'
Driver info: driver.version: unknown
	at <anonymous class>.fxdriver.preconditions.visible(file:///C:/Users/248292/AppData/Local/Temp/anonymous3507043244713324233webdriver-profile/extensions/fxdriver@googlecode.com/components/command-processor.js:9982)
	at <anonymous class>.DelayedCommand.prototype.checkPreconditions_(file:///C:/Users/248292/AppData/Local/Temp/anonymous3507043244713324233webdriver-profile/extensions/fxdriver@googlecode.com/components/command-processor.js:12626)
	at <anonymous class>.DelayedCommand.prototype.executeInternal_/h(file:///C:/Users/248292/AppData/Local/Temp/anonymous3507043244713324233webdriver-profile/extensions/fxdriver@googlecode.com/components/command-processor.js:12643)
	at <anonymous class>.DelayedCommand.prototype.executeInternal_(file:///C:/Users/248292/AppData/Local/Temp/anonymous3507043244713324233webdriver-profile/extensions/fxdriver@googlecode.com/components/command-processor.js:12648)
	at <anonymous class>.DelayedCommand.prototype.execute/<(file:///C:/Users/248292/AppData/Local/Temp/anonymous3507043244713324233webdriver-profile/extensions/fxdriver@googlecode.com/components/command-processor.js:12590)
com.cognizant.framework.FrameworkException: The specified column header "SharedUser" is not found in the sheet "General_Data"!
	at com.cognizant.framework.ExcelDataAccess.getValue(ExcelDataAccess.java:331)
	at com.cognizant.framework.CraftDataTable.getData(CraftDataTable.java:96)
	at businesscomponents.VerificationComponents.verifyHomePageValidations(VerificationComponents.java:1920)
	at sun.reflect.NativeMethodAccessorImpl.invoke0(Native Method)
	at sun.reflect.NativeMethodAccessorImpl.invoke(Unknown Source)
	at sun.reflect.DelegatingMethodAccessorImpl.invoke(Unknown Source)
	at java.lang.reflect.Method.invoke(Unknown Source)
	at supportlibraries.DriverScript.invokeBusinessComponent(DriverScript.java:473)
	at supportlibraries.DriverScript.executeTestcase(DriverScript.java:424)
	at supportlibraries.DriverScript.executeTestIterations(DriverScript.java:378)
	at supportlibraries.DriverScript.driveTestExecution(DriverScript.java:97)
	at allocator.ParallelRunner.invokeTestScript(ParallelRunner.java:59)
	at allocator.ParallelRunner.run(ParallelRunner.java:40)
	at java.util.concurrent.ThreadPoolExecutor.runWorker(Unknown Source)
	at java.util.concurrent.ThreadPoolExecutor$Worker.run(Unknown Source)
	at java.lang.Thread.run(Unknown Source)
org.openqa.selenium.NoSuchElementException: Unable to locate element: {"method":"xpath","selector":"//div[@id='col1']//table[@id='shippingtable']//input[@value='2PILOT']"}
Command duration or timeout: 31 milliseconds
For documentation on this error, please visit: http://seleniumhq.org/exceptions/no_such_element.html
Build info: version: '2.47.1', revision: '411b314', time: '2015-07-30 02:56:46'
System info: host: 'PC275317', ip: '10.207.61.69', os.name: 'Windows 7', os.arch: 'x86', os.version: '6.1', java.version: '1.8.0_25'
Driver info: org.openqa.selenium.firefox.FirefoxDriver
Capabilities [{applicationCacheEnabled=true, rotatable=false, handlesAlerts=true, databaseEnabled=true, version=39.0.3, platform=WINDOWS, nativeEvents=false, acceptSslCerts=true, webStorageEnabled=true, locationContextEnabled=true, browserName=firefox, takesScreenshot=true, javascriptEnabled=true, cssSelectorsEnabled=true}]
Session ID: 5dffbe11-3593-4a54-b781-9178347ef636
*** Element info: {Using=xpath, value=//div[@id='col1']//table[@id='shippingtable']//input[@value='2PILOT']}
	at sun.reflect.GeneratedConstructorAccessor95.newInstance(Unknown Source)
	at sun.reflect.DelegatingConstructorAccessorImpl.newInstance(Unknown Source)
	at java.lang.reflect.Constructor.newInstance(Unknown Source)
	at org.openqa.selenium.remote.ErrorHandler.createThrowable(ErrorHandler.java:206)
	at org.openqa.selenium.remote.ErrorHandler.throwIfResponseFailed(ErrorHandler.java:158)
	at org.openqa.selenium.remote.RemoteWebDriver.execute(RemoteWebDriver.java:595)
	at org.openqa.selenium.remote.RemoteWebDriver.findElement(RemoteWebDriver.java:348)
	at org.openqa.selenium.remote.RemoteWebDriver.findElementByXPath(RemoteWebDriver.java:445)
	at org.openqa.selenium.By$ByXPath.findElement(By.java:358)
	at org.openqa.selenium.remote.RemoteWebDriver.findElement(RemoteWebDriver.java:340)
	at webdriverhelper.WebElementVerificationUtils.verifyAndCheckCheckbox(WebElementVerificationUtils.java:256)
	at businesscomponents.FunctionalComponents.deliveryAndPayments(FunctionalComponents.java:2161)
	at sun.reflect.NativeMethodAccessorImpl.invoke0(Native Method)
	at sun.reflect.NativeMethodAccessorImpl.invoke(Unknown Source)
	at sun.reflect.DelegatingMethodAccessorImpl.invoke(Unknown Source)
	at java.lang.reflect.Method.invoke(Unknown Source)
	at supportlibraries.DriverScript.invokeBusinessComponent(DriverScript.java:473)
	at supportlibraries.DriverScript.executeTestcase(DriverScript.java:424)
	at supportlibraries.DriverScript.executeTestIterations(DriverScript.java:378)
	at supportlibraries.DriverScript.driveTestExecution(DriverScript.java:97)
	at allocator.ParallelRunner.invokeTestScript(ParallelRunner.java:59)
	at allocator.ParallelRunner.run(ParallelRunner.java:40)
	at java.util.concurrent.ThreadPoolExecutor.runWorker(Unknown Source)
	at java.util.concurrent.ThreadPoolExecutor$Worker.run(Unknown Source)
	at java.lang.Thread.run(Unknown Source)
Caused by: org.openqa.selenium.NoSuchElementException: Unable to locate element: {"method":"xpath","selector":"//div[@id='col1']//table[@id='shippingtable']//input[@value='2PILOT']"}
For documentation on this error, please visit: http://seleniumhq.org/exceptions/no_such_element.html
Build info: version: '2.47.1', revision: '411b314', time: '2015-07-30 02:56:46'
System info: host: 'PC275317', ip: '10.207.61.69', os.name: 'Windows 7', os.arch: 'x86', os.version: '6.1', java.version: '1.8.0_25'
Driver info: driver.version: unknown
	at <anonymous class>.FirefoxDriver.prototype.findElementInternal_(file:///C:/Users/248292/AppData/Local/Temp/anonymous511024193922617806webdriver-profile/extensions/fxdriver@googlecode.com/components/driver-component.js:10667)
	at <anonymous class>.FirefoxDriver.prototype.findElement(file:///C:/Users/248292/AppData/Local/Temp/anonymous511024193922617806webdriver-profile/extensions/fxdriver@googlecode.com/components/driver-component.js:10676)
	at <anonymous class>.DelayedCommand.prototype.executeInternal_/h(file:///C:/Users/248292/AppData/Local/Temp/anonymous511024193922617806webdriver-profile/extensions/fxdriver@googlecode.com/components/command-processor.js:12643)
	at <anonymous class>.DelayedCommand.prototype.executeInternal_(file:///C:/Users/248292/AppData/Local/Temp/anonymous511024193922617806webdriver-profile/extensions/fxdriver@googlecode.com/components/command-processor.js:12648)
	at <anonymous class>.DelayedCommand.prototype.execute/<(file:///C:/Users/248292/AppData/Local/Temp/anonymous511024193922617806webdriver-profile/extensions/fxdriver@googlecode.com/components/command-processor.js:12590)
org.openqa.selenium.NoSuchElementException: Unable to locate element: {"method":"xpath","selector":"//div[@class='row error errorMessages']//div[@class='errorMessagesList']//p"}
Command duration or timeout: 15 milliseconds
For documentation on this error, please visit: http://seleniumhq.org/exceptions/no_such_element.html
Build info: version: '2.47.1', revision: '411b314', time: '2015-07-30 02:56:46'
System info: host: 'PC275317', ip: '10.207.61.69', os.name: 'Windows 7', os.arch: 'x86', os.version: '6.1', java.version: '1.8.0_25'
Driver info: org.openqa.selenium.firefox.FirefoxDriver
Capabilities [{applicationCacheEnabled=true, rotatable=false, handlesAlerts=true, databaseEnabled=true, version=39.0.3, platform=WINDOWS, nativeEvents=false, acceptSslCerts=true, webStorageEnabled=true, locationContextEnabled=true, browserName=firefox, takesScreenshot=true, javascriptEnabled=true, cssSelectorsEnabled=true}]
Session ID: 5dffbe11-3593-4a54-b781-9178347ef636
*** Element info: {Using=xpath, value=//div[@class='row error errorMessages']//div[@class='errorMessagesList']//p}
	at sun.reflect.GeneratedConstructorAccessor95.newInstance(Unknown Source)
	at sun.reflect.DelegatingConstructorAccessorImpl.newInstance(Unknown Source)
	at java.lang.reflect.Constructor.newInstance(Unknown Source)
	at org.openqa.selenium.remote.ErrorHandler.createThrowable(ErrorHandler.java:206)
	at org.openqa.selenium.remote.ErrorHandler.throwIfResponseFailed(ErrorHandler.java:158)
	at org.openqa.selenium.remote.RemoteWebDriver.execute(RemoteWebDriver.java:595)
	at org.openqa.selenium.remote.RemoteWebDriver.findElement(RemoteWebDriver.java:348)
	at org.openqa.selenium.remote.RemoteWebDriver.findElementByXPath(RemoteWebDriver.java:445)
	at org.openqa.selenium.By$ByXPath.findElement(By.java:358)
	at org.openqa.selenium.remote.RemoteWebDriver.findElement(RemoteWebDriver.java:340)
	at businesscomponents.FunctionalComponents.clickOnFinishOrder(FunctionalComponents.java:1343)
	at sun.reflect.NativeMethodAccessorImpl.invoke0(Native Method)
	at sun.reflect.NativeMethodAccessorImpl.invoke(Unknown Source)
	at sun.reflect.DelegatingMethodAccessorImpl.invoke(Unknown Source)
	at java.lang.reflect.Method.invoke(Unknown Source)
	at supportlibraries.DriverScript.invokeBusinessComponent(DriverScript.java:473)
	at supportlibraries.DriverScript.executeTestcase(DriverScript.java:424)
	at supportlibraries.DriverScript.executeTestIterations(DriverScript.java:378)
	at supportlibraries.DriverScript.driveTestExecution(DriverScript.java:97)
	at allocator.ParallelRunner.invokeTestScript(ParallelRunner.java:59)
	at allocator.ParallelRunner.run(ParallelRunner.java:40)
	at java.util.concurrent.ThreadPoolExecutor.runWorker(Unknown Source)
	at java.util.concurrent.ThreadPoolExecutor$Worker.run(Unknown Source)
	at java.lang.Thread.run(Unknown Source)
Caused by: org.openqa.selenium.NoSuchElementException: Unable to locate element: {"method":"xpath","selector":"//div[@class='row error errorMessages']//div[@class='errorMessagesList']//p"}
For documentation on this error, please visit: http://seleniumhq.org/exceptions/no_such_element.html
Build info: version: '2.47.1', revision: '411b314', time: '2015-07-30 02:56:46'
System info: host: 'PC275317', ip: '10.207.61.69', os.name: 'Windows 7', os.arch: 'x86', os.version: '6.1', java.version: '1.8.0_25'
Driver info: driver.version: unknown
	at <anonymous class>.FirefoxDriver.prototype.findElementInternal_(file:///C:/Users/248292/AppData/Local/Temp/anonymous511024193922617806webdriver-profile/extensions/fxdriver@googlecode.com/components/driver-component.js:10667)
	at <anonymous class>.FirefoxDriver.prototype.findElement(file:///C:/Users/248292/AppData/Local/Temp/anonymous511024193922617806webdriver-profile/extensions/fxdriver@googlecode.com/components/driver-component.js:10676)
	at <anonymous class>.DelayedCommand.prototype.executeInternal_/h(file:///C:/Users/248292/AppData/Local/Temp/anonymous511024193922617806webdriver-profile/extensions/fxdriver@googlecode.com/components/command-processor.js:12643)
	at <anonymous class>.DelayedCommand.prototype.executeInternal_(file:///C:/Users/248292/AppData/Local/Temp/anonymous511024193922617806webdriver-profile/extensions/fxdriver@googlecode.com/components/command-processor.js:12648)
	at <anonymous class>.DelayedCommand.prototype.execute/<(file:///C:/Users/248292/AppData/Local/Temp/anonymous511024193922617806webdriver-profile/extensions/fxdriver@googlecode.com/components/command-processor.js:12590)
org.openqa.selenium.ElementNotVisibleException: Element is not currently visible and so may not be interacted with
Command duration or timeout: 13 milliseconds
Build info: version: '2.47.1', revision: '411b314', time: '2015-07-30 02:56:46'
System info: host: 'PC275317', ip: '10.207.61.69', os.name: 'Windows 7', os.arch: 'x86', os.version: '6.1', java.version: '1.8.0_25'
Driver info: org.openqa.selenium.firefox.FirefoxDriver
Capabilities [{applicationCacheEnabled=true, rotatable=false, handlesAlerts=true, databaseEnabled=true, version=39.0.3, platform=WINDOWS, nativeEvents=false, acceptSslCerts=true, webStorageEnabled=true, locationContextEnabled=true, browserName=firefox, takesScreenshot=true, javascriptEnabled=true, cssSelectorsEnabled=true}]
Session ID: d32aea69-4fdc-4ab8-a095-4f56c2512d39
	at sun.reflect.NativeConstructorAccessorImpl.newInstance0(Native Method)
	at sun.reflect.NativeConstructorAccessorImpl.newInstance(Unknown Source)
	at sun.reflect.DelegatingConstructorAccessorImpl.newInstance(Unknown Source)
	at java.lang.reflect.Constructor.newInstance(Unknown Source)
	at org.openqa.selenium.remote.ErrorHandler.createThrowable(ErrorHandler.java:206)
	at org.openqa.selenium.remote.ErrorHandler.throwIfResponseFailed(ErrorHandler.java:158)
	at org.openqa.selenium.remote.RemoteWebDriver.execute(RemoteWebDriver.java:595)
	at org.openqa.selenium.remote.RemoteWebElement.execute(RemoteWebElement.java:273)
	at org.openqa.selenium.remote.RemoteWebElement.click(RemoteWebElement.java:84)
	at businesscomponents.FunctionalComponents.logout(FunctionalComponents.java:2275)
	at sun.reflect.GeneratedMethodAccessor8.invoke(Unknown Source)
	at sun.reflect.DelegatingMethodAccessorImpl.invoke(Unknown Source)
	at java.lang.reflect.Method.invoke(Unknown Source)
	at supportlibraries.DriverScript.invokeBusinessComponent(DriverScript.java:473)
	at supportlibraries.DriverScript.executeTestcase(DriverScript.java:424)
	at supportlibraries.DriverScript.executeTestIterations(DriverScript.java:378)
	at supportlibraries.DriverScript.driveTestExecution(DriverScript.java:97)
	at allocator.ParallelRunner.invokeTestScript(ParallelRunner.java:59)
	at allocator.ParallelRunner.run(ParallelRunner.java:40)
	at java.util.concurrent.ThreadPoolExecutor.runWorker(Unknown Source)
	at java.util.concurrent.ThreadPoolExecutor$Worker.run(Unknown Source)
	at java.lang.Thread.run(Unknown Source)
Caused by: org.openqa.selenium.ElementNotVisibleException: Element is not currently visible and so may not be interacted with
Build info: version: '2.47.1', revision: '411b314', time: '2015-07-30 02:56:46'
System info: host: 'PC275317', ip: '10.207.61.69', os.name: 'Windows 7', os.arch: 'x86', os.version: '6.1', java.version: '1.8.0_25'
Driver info: driver.version: unknown
	at <anonymous class>.fxdriver.preconditions.visible(file:///C:/Users/248292/AppData/Local/Temp/anonymous5427496415837694213webdriver-profile/extensions/fxdriver@googlecode.com/components/command-processor.js:9982)
	at <anonymous class>.DelayedCommand.prototype.checkPreconditions_(file:///C:/Users/248292/AppData/Local/Temp/anonymous5427496415837694213webdriver-profile/extensions/fxdriver@googlecode.com/components/command-processor.js:12626)
	at <anonymous class>.DelayedCommand.prototype.executeInternal_/h(file:///C:/Users/248292/AppData/Local/Temp/anonymous5427496415837694213webdriver-profile/extensions/fxdriver@googlecode.com/components/command-processor.js:12643)
	at <anonymous class>.DelayedCommand.prototype.executeInternal_(file:///C:/Users/248292/AppData/Local/Temp/anonymous5427496415837694213webdriver-profile/extensions/fxdriver@googlecode.com/components/command-processor.js:12648)
	at <anonymous class>.DelayedCommand.prototype.execute/<(file:///C:/Users/248292/AppData/Local/Temp/anonymous5427496415837694213webdriver-profile/extensions/fxdriver@googlecode.com/components/command-processor.js:12590)
com.cognizant.framework.FrameworkException: The specified column header "SharedUser" is not found in the sheet "General_Data"!
	at com.cognizant.framework.ExcelDataAccess.getValue(ExcelDataAccess.java:331)
	at com.cognizant.framework.CraftDataTable.getData(CraftDataTable.java:96)
	at businesscomponents.VerificationComponents.verifyHomePageValidations(VerificationComponents.java:1920)
	at sun.reflect.NativeMethodAccessorImpl.invoke0(Native Method)
	at sun.reflect.NativeMethodAccessorImpl.invoke(Unknown Source)
	at sun.reflect.DelegatingMethodAccessorImpl.invoke(Unknown Source)
	at java.lang.reflect.Method.invoke(Unknown Source)
	at supportlibraries.DriverScript.invokeBusinessComponent(DriverScript.java:473)
	at supportlibraries.DriverScript.executeTestcase(DriverScript.java:424)
	at supportlibraries.DriverScript.executeTestIterations(DriverScript.java:378)
	at supportlibraries.DriverScript.driveTestExecution(DriverScript.java:97)
	at allocator.ParallelRunner.invokeTestScript(ParallelRunner.java:59)
	at allocator.ParallelRunner.run(ParallelRunner.java:40)
	at java.util.concurrent.ThreadPoolExecutor.runWorker(Unknown Source)
	at java.util.concurrent.ThreadPoolExecutor$Worker.run(Unknown Source)
	at java.lang.Thread.run(Unknown Source)
org.openqa.selenium.NoSuchElementException: Unable to locate element: {"method":"xpath","selector":"//div[@id='col1']//table[@id='shippingtable']//input[@value='2PILOT']"}
Command duration or timeout: 16 milliseconds
For documentation on this error, please visit: http://seleniumhq.org/exceptions/no_such_element.html
Build info: version: '2.47.1', revision: '411b314', time: '2015-07-30 02:56:46'
System info: host: 'PC275317', ip: '10.207.61.69', os.name: 'Windows 7', os.arch: 'x86', os.version: '6.1', java.version: '1.8.0_25'
Driver info: org.openqa.selenium.firefox.FirefoxDriver
Capabilities [{applicationCacheEnabled=true, rotatable=false, handlesAlerts=true, databaseEnabled=true, version=39.0.3, platform=WINDOWS, nativeEvents=false, acceptSslCerts=true, webStorageEnabled=true, locationContextEnabled=true, browserName=firefox, takesScreenshot=true, javascriptEnabled=true, cssSelectorsEnabled=true}]
Session ID: 929a4c76-5141-48ec-8082-41be97cf1a04
*** Element info: {Using=xpath, value=//div[@id='col1']//table[@id='shippingtable']//input[@value='2PILOT']}
	at sun.reflect.GeneratedConstructorAccessor95.newInstance(Unknown Source)
	at sun.reflect.DelegatingConstructorAccessorImpl.newInstance(Unknown Source)
	at java.lang.reflect.Constructor.newInstance(Unknown Source)
	at org.openqa.selenium.remote.ErrorHandler.createThrowable(ErrorHandler.java:206)
	at org.openqa.selenium.remote.ErrorHandler.throwIfResponseFailed(ErrorHandler.java:158)
	at org.openqa.selenium.remote.RemoteWebDriver.execute(RemoteWebDriver.java:595)
	at org.openqa.selenium.remote.RemoteWebDriver.findElement(RemoteWebDriver.java:348)
	at org.openqa.selenium.remote.RemoteWebDriver.findElementByXPath(RemoteWebDriver.java:445)
	at org.openqa.selenium.By$ByXPath.findElement(By.java:358)
	at org.openqa.selenium.remote.RemoteWebDriver.findElement(RemoteWebDriver.java:340)
	at webdriverhelper.WebElementVerificationUtils.verifyAndCheckCheckbox(WebElementVerificationUtils.java:256)
	at businesscomponents.FunctionalComponents.deliveryAndPayments(FunctionalComponents.java:2161)
	at sun.reflect.NativeMethodAccessorImpl.invoke0(Native Method)
	at sun.reflect.NativeMethodAccessorImpl.invoke(Unknown Source)
	at sun.reflect.DelegatingMethodAccessorImpl.invoke(Unknown Source)
	at java.lang.reflect.Method.invoke(Unknown Source)
	at supportlibraries.DriverScript.invokeBusinessComponent(DriverScript.java:473)
	at supportlibraries.DriverScript.executeTestcase(DriverScript.java:424)
	at supportlibraries.DriverScript.executeTestIterations(DriverScript.java:378)
	at supportlibraries.DriverScript.driveTestExecution(DriverScript.java:97)
	at allocator.ParallelRunner.invokeTestScript(ParallelRunner.java:59)
	at allocator.ParallelRunner.run(ParallelRunner.java:40)
	at java.util.concurrent.ThreadPoolExecutor.runWorker(Unknown Source)
	at java.util.concurrent.ThreadPoolExecutor$Worker.run(Unknown Source)
	at java.lang.Thread.run(Unknown Source)
Caused by: org.openqa.selenium.NoSuchElementException: Unable to locate element: {"method":"xpath","selector":"//div[@id='col1']//table[@id='shippingtable']//input[@value='2PILOT']"}
For documentation on this error, please visit: http://seleniumhq.org/exceptions/no_such_element.html
Build info: version: '2.47.1', revision: '411b314', time: '2015-07-30 02:56:46'
System info: host: 'PC275317', ip: '10.207.61.69', os.name: 'Windows 7', os.arch: 'x86', os.version: '6.1', java.version: '1.8.0_25'
Driver info: driver.version: unknown
	at <anonymous class>.FirefoxDriver.prototype.findElementInternal_(file:///C:/Users/248292/AppData/Local/Temp/anonymous7685097100727905947webdriver-profile/extensions/fxdriver@googlecode.com/components/driver-component.js:10667)
	at <anonymous class>.FirefoxDriver.prototype.findElement(file:///C:/Users/248292/AppData/Local/Temp/anonymous7685097100727905947webdriver-profile/extensions/fxdriver@googlecode.com/components/driver-component.js:10676)
	at <anonymous class>.DelayedCommand.prototype.executeInternal_/h(file:///C:/Users/248292/AppData/Local/Temp/anonymous7685097100727905947webdriver-profile/extensions/fxdriver@googlecode.com/components/command-processor.js:12643)
	at <anonymous class>.DelayedCommand.prototype.executeInternal_(file:///C:/Users/248292/AppData/Local/Temp/anonymous7685097100727905947webdriver-profile/extensions/fxdriver@googlecode.com/components/command-processor.js:12648)
	at <anonymous class>.DelayedCommand.prototype.execute/<(file:///C:/Users/248292/AppData/Local/Temp/anonymous7685097100727905947webdriver-profile/extensions/fxdriver@googlecode.com/components/command-processor.js:12590)
org.openqa.selenium.NoSuchElementException: Unable to locate element: {"method":"xpath","selector":"//div[@class='row error errorMessages']//div[@class='errorMessagesList']//p"}
Command duration or timeout: 16 milliseconds
For documentation on this error, please visit: http://seleniumhq.org/exceptions/no_such_element.html
Build info: version: '2.47.1', revision: '411b314', time: '2015-07-30 02:56:46'
System info: host: 'PC275317', ip: '10.207.61.69', os.name: 'Windows 7', os.arch: 'x86', os.version: '6.1', java.version: '1.8.0_25'
Driver info: org.openqa.selenium.firefox.FirefoxDriver
Capabilities [{applicationCacheEnabled=true, rotatable=false, handlesAlerts=true, databaseEnabled=true, version=39.0.3, platform=WINDOWS, nativeEvents=false, acceptSslCerts=true, webStorageEnabled=true, locationContextEnabled=true, browserName=firefox, takesScreenshot=true, javascriptEnabled=true, cssSelectorsEnabled=true}]
Session ID: 929a4c76-5141-48ec-8082-41be97cf1a04
*** Element info: {Using=xpath, value=//div[@class='row error errorMessages']//div[@class='errorMessagesList']//p}
	at sun.reflect.GeneratedConstructorAccessor95.newInstance(Unknown Source)
	at sun.reflect.DelegatingConstructorAccessorImpl.newInstance(Unknown Source)
	at java.lang.reflect.Constructor.newInstance(Unknown Source)
	at org.openqa.selenium.remote.ErrorHandler.createThrowable(ErrorHandler.java:206)
	at org.openqa.selenium.remote.ErrorHandler.throwIfResponseFailed(ErrorHandler.java:158)
	at org.openqa.selenium.remote.RemoteWebDriver.execute(RemoteWebDriver.java:595)
	at org.openqa.selenium.remote.RemoteWebDriver.findElement(RemoteWebDriver.java:348)
	at org.openqa.selenium.remote.RemoteWebDriver.findElementByXPath(RemoteWebDriver.java:445)
	at org.openqa.selenium.By$ByXPath.findElement(By.java:358)
	at org.openqa.selenium.remote.RemoteWebDriver.findElement(RemoteWebDriver.java:340)
	at businesscomponents.FunctionalComponents.clickOnFinishOrder(FunctionalComponents.java:1343)
	at sun.reflect.NativeMethodAccessorImpl.invoke0(Native Method)
	at sun.reflect.NativeMethodAccessorImpl.invoke(Unknown Source)
	at sun.reflect.DelegatingMethodAccessorImpl.invoke(Unknown Source)
	at java.lang.reflect.Method.invoke(Unknown Source)
	at supportlibraries.DriverScript.invokeBusinessComponent(DriverScript.java:473)
	at supportlibraries.DriverScript.executeTestcase(DriverScript.java:424)
	at supportlibraries.DriverScript.executeTestIterations(DriverScript.java:378)
	at supportlibraries.DriverScript.driveTestExecution(DriverScript.java:97)
	at allocator.ParallelRunner.invokeTestScript(ParallelRunner.java:59)
	at allocator.ParallelRunner.run(ParallelRunner.java:40)
	at java.util.concurrent.ThreadPoolExecutor.runWorker(Unknown Source)
	at java.util.concurrent.ThreadPoolExecutor$Worker.run(Unknown Source)
	at java.lang.Thread.run(Unknown Source)
Caused by: org.openqa.selenium.NoSuchElementException: Unable to locate element: {"method":"xpath","selector":"//div[@class='row error errorMessages']//div[@class='errorMessagesList']//p"}
For documentation on this error, please visit: http://seleniumhq.org/exceptions/no_such_element.html
Build info: version: '2.47.1', revision: '411b314', time: '2015-07-30 02:56:46'
System info: host: 'PC275317', ip: '10.207.61.69', os.name: 'Windows 7', os.arch: 'x86', os.version: '6.1', java.version: '1.8.0_25'
Driver info: driver.version: unknown
	at <anonymous class>.FirefoxDriver.prototype.findElementInternal_(file:///C:/Users/248292/AppData/Local/Temp/anonymous7685097100727905947webdriver-profile/extensions/fxdriver@googlecode.com/components/driver-component.js:10667)
	at <anonymous class>.FirefoxDriver.prototype.findElement(file:///C:/Users/248292/AppData/Local/Temp/anonymous7685097100727905947webdriver-profile/extensions/fxdriver@googlecode.com/components/driver-component.js:10676)
	at <anonymous class>.DelayedCommand.prototype.executeInternal_/h(file:///C:/Users/248292/AppData/Local/Temp/anonymous7685097100727905947webdriver-profile/extensions/fxdriver@googlecode.com/components/command-processor.js:12643)
	at <anonymous class>.DelayedCommand.prototype.executeInternal_(file:///C:/Users/248292/AppData/Local/Temp/anonymous7685097100727905947webdriver-profile/extensions/fxdriver@googlecode.com/components/command-processor.js:12648)
	at <anonymous class>.DelayedCommand.prototype.execute/<(file:///C:/Users/248292/AppData/Local/Temp/anonymous7685097100727905947webdriver-profile/extensions/fxdriver@googlecode.com/components/command-processor.js:12590)
org.openqa.selenium.ElementNotVisibleException: Element is not currently visible and so may not be interacted with
Command duration or timeout: 13 milliseconds
Build info: version: '2.47.1', revision: '411b314', time: '2015-07-30 02:56:46'
System info: host: 'PC275317', ip: '10.207.61.69', os.name: 'Windows 7', os.arch: 'x86', os.version: '6.1', java.version: '1.8.0_25'
Driver info: org.openqa.selenium.firefox.FirefoxDriver
Capabilities [{applicationCacheEnabled=true, rotatable=false, handlesAlerts=true, databaseEnabled=true, version=39.0.3, platform=WINDOWS, nativeEvents=false, acceptSslCerts=true, webStorageEnabled=true, locationContextEnabled=true, browserName=firefox, takesScreenshot=true, javascriptEnabled=true, cssSelectorsEnabled=true}]
Session ID: 638573ca-48f2-4443-9b3a-a56e9adbbd8a
	at sun.reflect.NativeConstructorAccessorImpl.newInstance0(Native Method)
	at sun.reflect.NativeConstructorAccessorImpl.newInstance(Unknown Source)
	at sun.reflect.DelegatingConstructorAccessorImpl.newInstance(Unknown Source)
	at java.lang.reflect.Constructor.newInstance(Unknown Source)
	at org.openqa.selenium.remote.ErrorHandler.createThrowable(ErrorHandler.java:206)
	at org.openqa.selenium.remote.ErrorHandler.throwIfResponseFailed(ErrorHandler.java:158)
	at org.openqa.selenium.remote.RemoteWebDriver.execute(RemoteWebDriver.java:595)
	at org.openqa.selenium.remote.RemoteWebElement.execute(RemoteWebElement.java:273)
	at org.openqa.selenium.remote.RemoteWebElement.click(RemoteWebElement.java:84)
	at businesscomponents.FunctionalComponents.logout(FunctionalComponents.java:2275)
	at sun.reflect.GeneratedMethodAccessor8.invoke(Unknown Source)
	at sun.reflect.DelegatingMethodAccessorImpl.invoke(Unknown Source)
	at java.lang.reflect.Method.invoke(Unknown Source)
	at supportlibraries.DriverScript.invokeBusinessComponent(DriverScript.java:473)
	at supportlibraries.DriverScript.executeTestcase(DriverScript.java:424)
	at supportlibraries.DriverScript.executeTestIterations(DriverScript.java:378)
	at supportlibraries.DriverScript.driveTestExecution(DriverScript.java:97)
	at allocator.ParallelRunner.invokeTestScript(ParallelRunner.java:59)
	at allocator.ParallelRunner.run(ParallelRunner.java:40)
	at java.util.concurrent.ThreadPoolExecutor.runWorker(Unknown Source)
	at java.util.concurrent.ThreadPoolExecutor$Worker.run(Unknown Source)
	at java.lang.Thread.run(Unknown Source)
Caused by: org.openqa.selenium.ElementNotVisibleException: Element is not currently visible and so may not be interacted with
Build info: version: '2.47.1', revision: '411b314', time: '2015-07-30 02:56:46'
System info: host: 'PC275317', ip: '10.207.61.69', os.name: 'Windows 7', os.arch: 'x86', os.version: '6.1', java.version: '1.8.0_25'
Driver info: driver.version: unknown
	at <anonymous class>.fxdriver.preconditions.visible(file:///C:/Users/248292/AppData/Local/Temp/anonymous3678509183268735624webdriver-profile/extensions/fxdriver@googlecode.com/components/command-processor.js:9982)
	at <anonymous class>.DelayedCommand.prototype.checkPreconditions_(file:///C:/Users/248292/AppData/Local/Temp/anonymous3678509183268735624webdriver-profile/extensions/fxdriver@googlecode.com/components/command-processor.js:12626)
	at <anonymous class>.DelayedCommand.prototype.executeInternal_/h(file:///C:/Users/248292/AppData/Local/Temp/anonymous3678509183268735624webdriver-profile/extensions/fxdriver@googlecode.com/components/command-processor.js:12643)
	at <anonymous class>.DelayedCommand.prototype.executeInternal_(file:///C:/Users/248292/AppData/Local/Temp/anonymous3678509183268735624webdriver-profile/extensions/fxdriver@googlecode.com/components/command-processor.js:12648)
	at <anonymous class>.DelayedCommand.prototype.execute/<(file:///C:/Users/248292/AppData/Local/Temp/anonymous3678509183268735624webdriver-profile/extensions/fxdriver@googlecode.com/components/command-processor.js:12590)
org.openqa.selenium.TimeoutException: Timed out after 120 seconds waiting for businesscomponents.VerificationComponents$2@1fd5eec
Build info: version: '2.47.1', revision: '411b314', time: '2015-07-30 02:56:46'
System info: host: 'PC275317', ip: '10.207.61.69', os.name: 'Windows 7', os.arch: 'x86', os.version: '6.1', java.version: '1.8.0_25'
Driver info: driver.version: unknown
	at org.openqa.selenium.support.ui.FluentWait.timeoutException(FluentWait.java:260)
	at org.openqa.selenium.support.ui.FluentWait.until(FluentWait.java:229)
	at businesscomponents.VerificationComponents.fluentwait(VerificationComponents.java:2747)
	at businesscomponents.VerificationComponents.verifyTaskStatusOk(VerificationComponents.java:2621)
	at sun.reflect.NativeMethodAccessorImpl.invoke0(Native Method)
	at sun.reflect.NativeMethodAccessorImpl.invoke(Unknown Source)
	at sun.reflect.DelegatingMethodAccessorImpl.invoke(Unknown Source)
	at java.lang.reflect.Method.invoke(Unknown Source)
	at supportlibraries.DriverScript.invokeBusinessComponent(DriverScript.java:473)
	at supportlibraries.DriverScript.executeTestcase(DriverScript.java:424)
	at supportlibraries.DriverScript.executeTestIterations(DriverScript.java:378)
	at supportlibraries.DriverScript.driveTestExecution(DriverScript.java:97)
	at allocator.ParallelRunner.invokeTestScript(ParallelRunner.java:59)
	at allocator.ParallelRunner.run(ParallelRunner.java:40)
	at java.util.concurrent.ThreadPoolExecutor.runWorker(Unknown Source)
	at java.util.concurrent.ThreadPoolExecutor$Worker.run(Unknown Source)
	at java.lang.Thread.run(Unknown Source)
Caused by: org.openqa.selenium.NoSuchElementException: Unable to locate element: {"method":"xpath","selector":"//div[@id='completedOrderFilter']//form//div[@class='form']//fieldset[@class='container']//img[@style='display: none;']"}
Command duration or timeout: 16 milliseconds
For documentation on this error, please visit: http://seleniumhq.org/exceptions/no_such_element.html
Build info: version: '2.47.1', revision: '411b314', time: '2015-07-30 02:56:46'
System info: host: 'PC275317', ip: '10.207.61.69', os.name: 'Windows 7', os.arch: 'x86', os.version: '6.1', java.version: '1.8.0_25'
Driver info: org.openqa.selenium.firefox.FirefoxDriver
Capabilities [{applicationCacheEnabled=true, rotatable=false, handlesAlerts=true, databaseEnabled=true, version=39.0.3, platform=WINDOWS, nativeEvents=false, acceptSslCerts=true, webStorageEnabled=true, locationContextEnabled=true, browserName=firefox, takesScreenshot=true, javascriptEnabled=true, cssSelectorsEnabled=true}]
Session ID: 7181dc78-2d55-4153-bcab-dbc0e864c498
*** Element info: {Using=xpath, value=//div[@id='completedOrderFilter']//form//div[@class='form']//fieldset[@class='container']//img[@style='display: none;']}
	at sun.reflect.GeneratedConstructorAccessor95.newInstance(Unknown Source)
	at sun.reflect.DelegatingConstructorAccessorImpl.newInstance(Unknown Source)
	at java.lang.reflect.Constructor.newInstance(Unknown Source)
	at org.openqa.selenium.remote.ErrorHandler.createThrowable(ErrorHandler.java:206)
	at org.openqa.selenium.remote.ErrorHandler.throwIfResponseFailed(ErrorHandler.java:158)
	at org.openqa.selenium.remote.RemoteWebDriver.execute(RemoteWebDriver.java:595)
	at org.openqa.selenium.remote.RemoteWebDriver.findElement(RemoteWebDriver.java:348)
	at org.openqa.selenium.remote.RemoteWebDriver.findElementByXPath(RemoteWebDriver.java:445)
	at org.openqa.selenium.By$ByXPath.findElement(By.java:358)
	at org.openqa.selenium.remote.RemoteWebDriver.findElement(RemoteWebDriver.java:340)
	at businesscomponents.VerificationComponents$2.apply(VerificationComponents.java:2749)
	at businesscomponents.VerificationComponents$2.apply(VerificationComponents.java:1)
	at org.openqa.selenium.support.ui.FluentWait.until(FluentWait.java:209)
	... 15 more
Caused by: org.openqa.selenium.NoSuchElementException: Unable to locate element: {"method":"xpath","selector":"//div[@id='completedOrderFilter']//form//div[@class='form']//fieldset[@class='container']//img[@style='display: none;']"}
For documentation on this error, please visit: http://seleniumhq.org/exceptions/no_such_element.html
Build info: version: '2.47.1', revision: '411b314', time: '2015-07-30 02:56:46'
System info: host: 'PC275317', ip: '10.207.61.69', os.name: 'Windows 7', os.arch: 'x86', os.version: '6.1', java.version: '1.8.0_25'
Driver info: driver.version: unknown
	at <anonymous class>.FirefoxDriver.prototype.findElementInternal_(file:///C:/Users/248292/AppData/Local/Temp/anonymous5373903404132198900webdriver-profile/extensions/fxdriver@googlecode.com/components/driver-component.js:10667)
	at <anonymous class>.FirefoxDriver.prototype.findElement(file:///C:/Users/248292/AppData/Local/Temp/anonymous5373903404132198900webdriver-profile/extensions/fxdriver@googlecode.com/components/driver-component.js:10676)
	at <anonymous class>.DelayedCommand.prototype.executeInternal_/h(file:///C:/Users/248292/AppData/Local/Temp/anonymous5373903404132198900webdriver-profile/extensions/fxdriver@googlecode.com/components/command-processor.js:12643)
	at <anonymous class>.DelayedCommand.prototype.executeInternal_(file:///C:/Users/248292/AppData/Local/Temp/anonymous5373903404132198900webdriver-profile/extensions/fxdriver@googlecode.com/components/command-processor.js:12648)
	at <anonymous class>.DelayedCommand.prototype.execute/<(file:///C:/Users/248292/AppData/Local/Temp/anonymous5373903404132198900webdriver-profile/extensions/fxdriver@googlecode.com/components/command-processor.js:12590)
org.openqa.selenium.NoSuchElementException: Unable to locate element: {"method":"xpath","selector":"//div[@id='mainmenu']//li[@class='section']//a[@class='sub' and contains(text(),'Bruker')]"}
Command duration or timeout: 10 milliseconds
For documentation on this error, please visit: http://seleniumhq.org/exceptions/no_such_element.html
Build info: version: '2.47.1', revision: '411b314', time: '2015-07-30 02:56:46'
System info: host: 'PC275317', ip: '10.207.61.69', os.name: 'Windows 7', os.arch: 'x86', os.version: '6.1', java.version: '1.8.0_25'
Driver info: org.openqa.selenium.firefox.FirefoxDriver
Capabilities [{applicationCacheEnabled=true, rotatable=false, handlesAlerts=true, databaseEnabled=true, version=39.0.3, platform=WINDOWS, nativeEvents=false, acceptSslCerts=true, webStorageEnabled=true, locationContextEnabled=true, browserName=firefox, takesScreenshot=true, javascriptEnabled=true, cssSelectorsEnabled=true}]
Session ID: 0d469d21-d2c1-414e-86a9-0814c47d86ec
*** Element info: {Using=xpath, value=//div[@id='mainmenu']//li[@class='section']//a[@class='sub' and contains(text(),'Bruker')]}
	at sun.reflect.GeneratedConstructorAccessor95.newInstance(Unknown Source)
	at sun.reflect.DelegatingConstructorAccessorImpl.newInstance(Unknown Source)
	at java.lang.reflect.Constructor.newInstance(Unknown Source)
	at org.openqa.selenium.remote.ErrorHandler.createThrowable(ErrorHandler.java:206)
	at org.openqa.selenium.remote.ErrorHandler.throwIfResponseFailed(ErrorHandler.java:158)
	at org.openqa.selenium.remote.RemoteWebDriver.execute(RemoteWebDriver.java:595)
	at org.openqa.selenium.remote.RemoteWebDriver.findElement(RemoteWebDriver.java:348)
	at org.openqa.selenium.remote.RemoteWebDriver.findElementByXPath(RemoteWebDriver.java:445)
	at org.openqa.selenium.By$ByXPath.findElement(By.java:358)
	at org.openqa.selenium.remote.RemoteWebDriver.findElement(RemoteWebDriver.java:340)
	at businesscomponents.FunctionalComponents.createUser(FunctionalComponents.java:2595)
	at sun.reflect.NativeMethodAccessorImpl.invoke0(Native Method)
	at sun.reflect.NativeMethodAccessorImpl.invoke(Unknown Source)
	at sun.reflect.DelegatingMethodAccessorImpl.invoke(Unknown Source)
	at java.lang.reflect.Method.invoke(Unknown Source)
	at supportlibraries.DriverScript.invokeBusinessComponent(DriverScript.java:473)
	at supportlibraries.DriverScript.executeTestcase(DriverScript.java:424)
	at supportlibraries.DriverScript.executeTestIterations(DriverScript.java:378)
	at supportlibraries.DriverScript.driveTestExecution(DriverScript.java:97)
	at allocator.ParallelRunner.invokeTestScript(ParallelRunner.java:59)
	at allocator.ParallelRunner.run(ParallelRunner.java:40)
	at java.util.concurrent.ThreadPoolExecutor.runWorker(Unknown Source)
	at java.util.concurrent.ThreadPoolExecutor$Worker.run(Unknown Source)
	at java.lang.Thread.run(Unknown Source)
Caused by: org.openqa.selenium.NoSuchElementException: Unable to locate element: {"method":"xpath","selector":"//div[@id='mainmenu']//li[@class='section']//a[@class='sub' and contains(text(),'Bruker')]"}
For documentation on this error, please visit: http://seleniumhq.org/exceptions/no_such_element.html
Build info: version: '2.47.1', revision: '411b314', time: '2015-07-30 02:56:46'
System info: host: 'PC275317', ip: '10.207.61.69', os.name: 'Windows 7', os.arch: 'x86', os.version: '6.1', java.version: '1.8.0_25'
Driver info: driver.version: unknown
	at <anonymous class>.FirefoxDriver.prototype.findElementInternal_(file:///C:/Users/248292/AppData/Local/Temp/anonymous5689568469136936223webdriver-profile/extensions/fxdriver@googlecode.com/components/driver-component.js:10667)
	at <anonymous class>.FirefoxDriver.prototype.findElement(file:///C:/Users/248292/AppData/Local/Temp/anonymous5689568469136936223webdriver-profile/extensions/fxdriver@googlecode.com/components/driver-component.js:10676)
	at <anonymous class>.DelayedCommand.prototype.executeInternal_/h(file:///C:/Users/248292/AppData/Local/Temp/anonymous5689568469136936223webdriver-profile/extensions/fxdriver@googlecode.com/components/command-processor.js:12643)
	at <anonymous class>.DelayedCommand.prototype.executeInternal_(file:///C:/Users/248292/AppData/Local/Temp/anonymous5689568469136936223webdriver-profile/extensions/fxdriver@googlecode.com/components/command-processor.js:12648)
	at <anonymous class>.DelayedCommand.prototype.execute/<(file:///C:/Users/248292/AppData/Local/Temp/anonymous5689568469136936223webdriver-profile/extensions/fxdriver@googlecode.com/components/command-processor.js:12590)
org.openqa.selenium.ElementNotVisibleException: Element is not currently visible and so may not be interacted with
Command duration or timeout: 15 milliseconds
Build info: version: '2.47.1', revision: '411b314', time: '2015-07-30 02:56:46'
System info: host: 'PC275317', ip: '10.207.61.69', os.name: 'Windows 7', os.arch: 'x86', os.version: '6.1', java.version: '1.8.0_25'
Driver info: org.openqa.selenium.firefox.FirefoxDriver
Capabilities [{applicationCacheEnabled=true, rotatable=false, handlesAlerts=true, databaseEnabled=true, version=39.0.3, platform=WINDOWS, nativeEvents=false, acceptSslCerts=true, webStorageEnabled=true, locationContextEnabled=true, browserName=firefox, takesScreenshot=true, javascriptEnabled=true, cssSelectorsEnabled=true}]
Session ID: 0d469d21-d2c1-414e-86a9-0814c47d86ec
	at sun.reflect.NativeConstructorAccessorImpl.newInstance0(Native Method)
	at sun.reflect.NativeConstructorAccessorImpl.newInstance(Unknown Source)
	at sun.reflect.DelegatingConstructorAccessorImpl.newInstance(Unknown Source)
	at java.lang.reflect.Constructor.newInstance(Unknown Source)
	at org.openqa.selenium.remote.ErrorHandler.createThrowable(ErrorHandler.java:206)
	at org.openqa.selenium.remote.ErrorHandler.throwIfResponseFailed(ErrorHandler.java:158)
	at org.openqa.selenium.remote.RemoteWebDriver.execute(RemoteWebDriver.java:595)
	at org.openqa.selenium.remote.RemoteWebElement.execute(RemoteWebElement.java:273)
	at org.openqa.selenium.remote.RemoteWebElement.click(RemoteWebElement.java:84)
	at businesscomponents.FunctionalComponents.logout(FunctionalComponents.java:2275)
	at sun.reflect.GeneratedMethodAccessor8.invoke(Unknown Source)
	at sun.reflect.DelegatingMethodAccessorImpl.invoke(Unknown Source)
	at java.lang.reflect.Method.invoke(Unknown Source)
	at supportlibraries.DriverScript.invokeBusinessComponent(DriverScript.java:473)
	at supportlibraries.DriverScript.executeTestcase(DriverScript.java:424)
	at supportlibraries.DriverScript.executeTestIterations(DriverScript.java:378)
	at supportlibraries.DriverScript.driveTestExecution(DriverScript.java:97)
	at allocator.ParallelRunner.invokeTestScript(ParallelRunner.java:59)
	at allocator.ParallelRunner.run(ParallelRunner.java:40)
	at java.util.concurrent.ThreadPoolExecutor.runWorker(Unknown Source)
	at java.util.concurrent.ThreadPoolExecutor$Worker.run(Unknown Source)
	at java.lang.Thread.run(Unknown Source)
Caused by: org.openqa.selenium.ElementNotVisibleException: Element is not currently visible and so may not be interacted with
Build info: version: '2.47.1', revision: '411b314', time: '2015-07-30 02:56:46'
System info: host: 'PC275317', ip: '10.207.61.69', os.name: 'Windows 7', os.arch: 'x86', os.version: '6.1', java.version: '1.8.0_25'
Driver info: driver.version: unknown
	at <anonymous class>.fxdriver.preconditions.visible(file:///C:/Users/248292/AppData/Local/Temp/anonymous5689568469136936223webdriver-profile/extensions/fxdriver@googlecode.com/components/command-processor.js:9982)
	at <anonymous class>.DelayedCommand.prototype.checkPreconditions_(file:///C:/Users/248292/AppData/Local/Temp/anonymous5689568469136936223webdriver-profile/extensions/fxdriver@googlecode.com/components/command-processor.js:12626)
	at <anonymous class>.DelayedCommand.prototype.executeInternal_/h(file:///C:/Users/248292/AppData/Local/Temp/anonymous5689568469136936223webdriver-profile/extensions/fxdriver@googlecode.com/components/command-processor.js:12643)
	at <anonymous class>.DelayedCommand.prototype.executeInternal_(file:///C:/Users/248292/AppData/Local/Temp/anonymous5689568469136936223webdriver-profile/extensions/fxdriver@googlecode.com/components/command-processor.js:12648)
	at <anonymous class>.DelayedCommand.prototype.execute/<(file:///C:/Users/248292/AppData/Local/Temp/anonymous5689568469136936223webdriver-profile/extensions/fxdriver@googlecode.com/components/command-processor.js:12590)
Exception in thread "pool-1-thread-1" java.lang.ClassCastException: java.lang.UnsatisfiedLinkError cannot be cast to java.lang.Exception
	at supportlibraries.DriverScript.executeTestIterations(DriverScript.java:382)
	at supportlibraries.DriverScript.driveTestExecution(DriverScript.java:97)
	at allocator.ParallelRunner.invokeTestScript(ParallelRunner.java:59)
	at allocator.ParallelRunner.run(ParallelRunner.java:40)
	at java.util.concurrent.ThreadPoolExecutor.runWorker(Unknown Source)
	at java.util.concurrent.ThreadPoolExecutor$Worker.run(Unknown Source)
	at java.lang.Thread.run(Unknown Source)
org.openqa.selenium.NoSuchElementException: Unable to locate element: {"method":"xpath","selector":"//div[@id='mainmenu']//ul//li[@class='section']//a[@class='sub' and contains(text(),'Kunder')]"}
Command duration or timeout: 12 milliseconds
For documentation on this error, please visit: http://seleniumhq.org/exceptions/no_such_element.html
Build info: version: '2.47.1', revision: '411b314', time: '2015-07-30 02:56:46'
System info: host: 'PC275317', ip: '10.207.61.69', os.name: 'Windows 7', os.arch: 'x86', os.version: '6.1', java.version: '1.8.0_25'
Driver info: org.openqa.selenium.firefox.FirefoxDriver
Capabilities [{applicationCacheEnabled=true, rotatable=false, handlesAlerts=true, databaseEnabled=true, version=39.0.3, platform=WINDOWS, nativeEvents=false, acceptSslCerts=true, webStorageEnabled=true, locationContextEnabled=true, browserName=firefox, takesScreenshot=true, javascriptEnabled=true, cssSelectorsEnabled=true}]
Session ID: 21400d2d-ba7a-4881-bb2c-297c8bba9415
*** Element info: {Using=xpath, value=//div[@id='mainmenu']//ul//li[@class='section']//a[@class='sub' and contains(text(),'Kunder')]}
	at sun.reflect.GeneratedConstructorAccessor95.newInstance(Unknown Source)
	at sun.reflect.DelegatingConstructorAccessorImpl.newInstance(Unknown Source)
	at java.lang.reflect.Constructor.newInstance(Unknown Source)
	at org.openqa.selenium.remote.ErrorHandler.createThrowable(ErrorHandler.java:206)
	at org.openqa.selenium.remote.ErrorHandler.throwIfResponseFailed(ErrorHandler.java:158)
	at org.openqa.selenium.remote.RemoteWebDriver.execute(RemoteWebDriver.java:595)
	at org.openqa.selenium.remote.RemoteWebDriver.findElement(RemoteWebDriver.java:348)
	at org.openqa.selenium.remote.RemoteWebDriver.findElementByXPath(RemoteWebDriver.java:445)
	at org.openqa.selenium.By$ByXPath.findElement(By.java:358)
	at org.openqa.selenium.remote.RemoteWebDriver.findElement(RemoteWebDriver.java:340)
	at businesscomponents.FunctionalComponents.updateCustomers(FunctionalComponents.java:2919)
	at sun.reflect.NativeMethodAccessorImpl.invoke0(Native Method)
	at sun.reflect.NativeMethodAccessorImpl.invoke(Unknown Source)
	at sun.reflect.DelegatingMethodAccessorImpl.invoke(Unknown Source)
	at java.lang.reflect.Method.invoke(Unknown Source)
	at supportlibraries.DriverScript.invokeBusinessComponent(DriverScript.java:473)
	at supportlibraries.DriverScript.executeTestcase(DriverScript.java:424)
	at supportlibraries.DriverScript.executeTestIterations(DriverScript.java:378)
	at supportlibraries.DriverScript.driveTestExecution(DriverScript.java:97)
	at allocator.ParallelRunner.invokeTestScript(ParallelRunner.java:59)
	at allocator.ParallelRunner.run(ParallelRunner.java:40)
	at java.util.concurrent.ThreadPoolExecutor.runWorker(Unknown Source)
	at java.util.concurrent.ThreadPoolExecutor$Worker.run(Unknown Source)
	at java.lang.Thread.run(Unknown Source)
Caused by: org.openqa.selenium.NoSuchElementException: Unable to locate element: {"method":"xpath","selector":"//div[@id='mainmenu']//ul//li[@class='section']//a[@class='sub' and contains(text(),'Kunder')]"}
For documentation on this error, please visit: http://seleniumhq.org/exceptions/no_such_element.html
Build info: version: '2.47.1', revision: '411b314', time: '2015-07-30 02:56:46'
System info: host: 'PC275317', ip: '10.207.61.69', os.name: 'Windows 7', os.arch: 'x86', os.version: '6.1', java.version: '1.8.0_25'
Driver info: driver.version: unknown
	at <anonymous class>.FirefoxDriver.prototype.findElementInternal_(file:///C:/Users/248292/AppData/Local/Temp/anonymous1965486908075685757webdriver-profile/extensions/fxdriver@googlecode.com/components/driver-component.js:10667)
	at <anonymous class>.FirefoxDriver.prototype.findElement(file:///C:/Users/248292/AppData/Local/Temp/anonymous1965486908075685757webdriver-profile/extensions/fxdriver@googlecode.com/components/driver-component.js:10676)
	at <anonymous class>.DelayedCommand.prototype.executeInternal_/h(file:///C:/Users/248292/AppData/Local/Temp/anonymous1965486908075685757webdriver-profile/extensions/fxdriver@googlecode.com/components/command-processor.js:12643)
	at <anonymous class>.DelayedCommand.prototype.executeInternal_(file:///C:/Users/248292/AppData/Local/Temp/anonymous1965486908075685757webdriver-profile/extensions/fxdriver@googlecode.com/components/command-processor.js:12648)
	at <anonymous class>.DelayedCommand.prototype.execute/<(file:///C:/Users/248292/AppData/Local/Temp/anonymous1965486908075685757webdriver-profile/extensions/fxdriver@googlecode.com/components/command-processor.js:12590)
org.openqa.selenium.ElementNotVisibleException: Element is not currently visible and so may not be interacted with
Command duration or timeout: 14 milliseconds
Build info: version: '2.47.1', revision: '411b314', time: '2015-07-30 02:56:46'
System info: host: 'PC275317', ip: '10.207.61.69', os.name: 'Windows 7', os.arch: 'x86', os.version: '6.1', java.version: '1.8.0_25'
Driver info: org.openqa.selenium.firefox.FirefoxDriver
Capabilities [{applicationCacheEnabled=true, rotatable=false, handlesAlerts=true, databaseEnabled=true, version=39.0.3, platform=WINDOWS, nativeEvents=false, acceptSslCerts=true, webStorageEnabled=true, locationContextEnabled=true, browserName=firefox, takesScreenshot=true, javascriptEnabled=true, cssSelectorsEnabled=true}]
Session ID: 21400d2d-ba7a-4881-bb2c-297c8bba9415
	at sun.reflect.NativeConstructorAccessorImpl.newInstance0(Native Method)
	at sun.reflect.NativeConstructorAccessorImpl.newInstance(Unknown Source)
	at sun.reflect.DelegatingConstructorAccessorImpl.newInstance(Unknown Source)
	at java.lang.reflect.Constructor.newInstance(Unknown Source)
	at org.openqa.selenium.remote.ErrorHandler.createThrowable(ErrorHandler.java:206)
	at org.openqa.selenium.remote.ErrorHandler.throwIfResponseFailed(ErrorHandler.java:158)
	at org.openqa.selenium.remote.RemoteWebDriver.execute(RemoteWebDriver.java:595)
	at org.openqa.selenium.remote.RemoteWebElement.execute(RemoteWebElement.java:273)
	at org.openqa.selenium.remote.RemoteWebElement.click(RemoteWebElement.java:84)
	at businesscomponents.FunctionalComponents.logout(FunctionalComponents.java:2275)
	at sun.reflect.GeneratedMethodAccessor8.invoke(Unknown Source)
	at sun.reflect.DelegatingMethodAccessorImpl.invoke(Unknown Source)
	at java.lang.reflect.Method.invoke(Unknown Source)
	at supportlibraries.DriverScript.invokeBusinessComponent(DriverScript.java:473)
	at supportlibraries.DriverScript.executeTestcase(DriverScript.java:424)
	at supportlibraries.DriverScript.executeTestIterations(DriverScript.java:378)
	at supportlibraries.DriverScript.driveTestExecution(DriverScript.java:97)
	at allocator.ParallelRunner.invokeTestScript(ParallelRunner.java:59)
	at allocator.ParallelRunner.run(ParallelRunner.java:40)
	at java.util.concurrent.ThreadPoolExecutor.runWorker(Unknown Source)
	at java.util.concurrent.ThreadPoolExecutor$Worker.run(Unknown Source)
	at java.lang.Thread.run(Unknown Source)
Caused by: org.openqa.selenium.ElementNotVisibleException: Element is not currently visible and so may not be interacted with
Build info: version: '2.47.1', revision: '411b314', time: '2015-07-30 02:56:46'
System info: host: 'PC275317', ip: '10.207.61.69', os.name: 'Windows 7', os.arch: 'x86', os.version: '6.1', java.version: '1.8.0_25'
Driver info: driver.version: unknown
	at <anonymous class>.fxdriver.preconditions.visible(file:///C:/Users/248292/AppData/Local/Temp/anonymous1965486908075685757webdriver-profile/extensions/fxdriver@googlecode.com/components/command-processor.js:9982)
	at <anonymous class>.DelayedCommand.prototype.checkPreconditions_(file:///C:/Users/248292/AppData/Local/Temp/anonymous1965486908075685757webdriver-profile/extensions/fxdriver@googlecode.com/components/command-processor.js:12626)
	at <anonymous class>.DelayedCommand.prototype.executeInternal_/h(file:///C:/Users/248292/AppData/Local/Temp/anonymous1965486908075685757webdriver-profile/extensions/fxdriver@googlecode.com/components/command-processor.js:12643)
	at <anonymous class>.DelayedCommand.prototype.executeInternal_(file:///C:/Users/248292/AppData/Local/Temp/anonymous1965486908075685757webdriver-profile/extensions/fxdriver@googlecode.com/components/command-processor.js:12648)
	at <anonymous class>.DelayedCommand.prototype.execute/<(file:///C:/Users/248292/AppData/Local/Temp/anonymous1965486908075685757webdriver-profile/extensions/fxdriver@googlecode.com/components/command-processor.js:12590)
org.openqa.selenium.NoSuchElementException: Unable to locate element: {"method":"xpath","selector":"//div[@id='mainmenu']//ul//li[@class='section']//a[@class='sub' and contains(text(),'Produkt')]"}
Command duration or timeout: 15 milliseconds
For documentation on this error, please visit: http://seleniumhq.org/exceptions/no_such_element.html
Build info: version: '2.47.1', revision: '411b314', time: '2015-07-30 02:56:46'
System info: host: 'PC275317', ip: '10.207.61.69', os.name: 'Windows 7', os.arch: 'x86', os.version: '6.1', java.version: '1.8.0_25'
Driver info: org.openqa.selenium.firefox.FirefoxDriver
Capabilities [{applicationCacheEnabled=true, rotatable=false, handlesAlerts=true, databaseEnabled=true, version=39.0.3, platform=WINDOWS, nativeEvents=false, acceptSslCerts=true, webStorageEnabled=true, locationContextEnabled=true, browserName=firefox, takesScreenshot=true, javascriptEnabled=true, cssSelectorsEnabled=true}]
Session ID: 42928510-e5a6-4e3c-9a92-ec75095528bd
*** Element info: {Using=xpath, value=//div[@id='mainmenu']//ul//li[@class='section']//a[@class='sub' and contains(text(),'Produkt')]}
	at sun.reflect.GeneratedConstructorAccessor95.newInstance(Unknown Source)
	at sun.reflect.DelegatingConstructorAccessorImpl.newInstance(Unknown Source)
	at java.lang.reflect.Constructor.newInstance(Unknown Source)
	at org.openqa.selenium.remote.ErrorHandler.createThrowable(ErrorHandler.java:206)
	at org.openqa.selenium.remote.ErrorHandler.throwIfResponseFailed(ErrorHandler.java:158)
	at org.openqa.selenium.remote.RemoteWebDriver.execute(RemoteWebDriver.java:595)
	at org.openqa.selenium.remote.RemoteWebDriver.findElement(RemoteWebDriver.java:348)
	at org.openqa.selenium.remote.RemoteWebDriver.findElementByXPath(RemoteWebDriver.java:445)
	at org.openqa.selenium.By$ByXPath.findElement(By.java:358)
	at org.openqa.selenium.remote.RemoteWebDriver.findElement(RemoteWebDriver.java:340)
	at businesscomponents.FunctionalComponents.updateProductCatalog(FunctionalComponents.java:3605)
	at sun.reflect.NativeMethodAccessorImpl.invoke0(Native Method)
	at sun.reflect.NativeMethodAccessorImpl.invoke(Unknown Source)
	at sun.reflect.DelegatingMethodAccessorImpl.invoke(Unknown Source)
	at java.lang.reflect.Method.invoke(Unknown Source)
	at supportlibraries.DriverScript.invokeBusinessComponent(DriverScript.java:473)
	at supportlibraries.DriverScript.executeTestcase(DriverScript.java:424)
	at supportlibraries.DriverScript.executeTestIterations(DriverScript.java:378)
	at supportlibraries.DriverScript.driveTestExecution(DriverScript.java:97)
	at allocator.ParallelRunner.invokeTestScript(ParallelRunner.java:59)
	at allocator.ParallelRunner.run(ParallelRunner.java:40)
	at java.util.concurrent.ThreadPoolExecutor.runWorker(Unknown Source)
	at java.util.concurrent.ThreadPoolExecutor$Worker.run(Unknown Source)
	at java.lang.Thread.run(Unknown Source)
Caused by: org.openqa.selenium.NoSuchElementException: Unable to locate element: {"method":"xpath","selector":"//div[@id='mainmenu']//ul//li[@class='section']//a[@class='sub' and contains(text(),'Produkt')]"}
For documentation on this error, please visit: http://seleniumhq.org/exceptions/no_such_element.html
Build info: version: '2.47.1', revision: '411b314', time: '2015-07-30 02:56:46'
System info: host: 'PC275317', ip: '10.207.61.69', os.name: 'Windows 7', os.arch: 'x86', os.version: '6.1', java.version: '1.8.0_25'
Driver info: driver.version: unknown
	at <anonymous class>.FirefoxDriver.prototype.findElementInternal_(file:///C:/Users/248292/AppData/Local/Temp/anonymous8683819318644252801webdriver-profile/extensions/fxdriver@googlecode.com/components/driver-component.js:10667)
	at <anonymous class>.FirefoxDriver.prototype.findElement(file:///C:/Users/248292/AppData/Local/Temp/anonymous8683819318644252801webdriver-profile/extensions/fxdriver@googlecode.com/components/driver-component.js:10676)
	at <anonymous class>.DelayedCommand.prototype.executeInternal_/h(file:///C:/Users/248292/AppData/Local/Temp/anonymous8683819318644252801webdriver-profile/extensions/fxdriver@googlecode.com/components/command-processor.js:12643)
	at <anonymous class>.DelayedCommand.prototype.executeInternal_(file:///C:/Users/248292/AppData/Local/Temp/anonymous8683819318644252801webdriver-profile/extensions/fxdriver@googlecode.com/components/command-processor.js:12648)
	at <anonymous class>.DelayedCommand.prototype.execute/<(file:///C:/Users/248292/AppData/Local/Temp/anonymous8683819318644252801webdriver-profile/extensions/fxdriver@googlecode.com/components/command-processor.js:12590)
org.openqa.selenium.NoSuchElementException: Unable to locate element: {"method":"xpath","selector":"//div[@class='main-content']//ul//li[contains(text(),'Bedrift (B)')]//input[1]"}
Command duration or timeout: 62 milliseconds
For documentation on this error, please visit: http://seleniumhq.org/exceptions/no_such_element.html
Build info: version: '2.47.1', revision: '411b314', time: '2015-07-30 02:56:46'
System info: host: 'PC275317', ip: '10.207.61.69', os.name: 'Windows 7', os.arch: 'x86', os.version: '6.1', java.version: '1.8.0_25'
Driver info: org.openqa.selenium.firefox.FirefoxDriver
Capabilities [{applicationCacheEnabled=true, rotatable=false, handlesAlerts=true, databaseEnabled=true, version=39.0.3, platform=WINDOWS, nativeEvents=false, acceptSslCerts=true, webStorageEnabled=true, locationContextEnabled=true, browserName=firefox, takesScreenshot=true, javascriptEnabled=true, cssSelectorsEnabled=true}]
Session ID: 42928510-e5a6-4e3c-9a92-ec75095528bd
*** Element info: {Using=xpath, value=//div[@class='main-content']//ul//li[contains(text(),'Bedrift (B)')]//input[1]}
	at sun.reflect.GeneratedConstructorAccessor95.newInstance(Unknown Source)
	at sun.reflect.DelegatingConstructorAccessorImpl.newInstance(Unknown Source)
	at java.lang.reflect.Constructor.newInstance(Unknown Source)
	at org.openqa.selenium.remote.ErrorHandler.createThrowable(ErrorHandler.java:206)
	at org.openqa.selenium.remote.ErrorHandler.throwIfResponseFailed(ErrorHandler.java:158)
	at org.openqa.selenium.remote.RemoteWebDriver.execute(RemoteWebDriver.java:595)
	at org.openqa.selenium.remote.RemoteWebDriver.findElement(RemoteWebDriver.java:348)
	at org.openqa.selenium.remote.RemoteWebDriver.findElementByXPath(RemoteWebDriver.java:445)
	at org.openqa.selenium.By$ByXPath.findElement(By.java:358)
	at org.openqa.selenium.remote.RemoteWebDriver.findElement(RemoteWebDriver.java:340)
	at businesscomponents.FunctionalComponents.updateProductCatalog(FunctionalComponents.java:3682)
	at sun.reflect.NativeMethodAccessorImpl.invoke0(Native Method)
	at sun.reflect.NativeMethodAccessorImpl.invoke(Unknown Source)
	at sun.reflect.DelegatingMethodAccessorImpl.invoke(Unknown Source)
	at java.lang.reflect.Method.invoke(Unknown Source)
	at supportlibraries.DriverScript.invokeBusinessComponent(DriverScript.java:473)
	at supportlibraries.DriverScript.executeTestcase(DriverScript.java:424)
	at supportlibraries.DriverScript.executeTestIterations(DriverScript.java:378)
	at supportlibraries.DriverScript.driveTestExecution(DriverScript.java:97)
	at allocator.ParallelRunner.invokeTestScript(ParallelRunner.java:59)
	at allocator.ParallelRunner.run(ParallelRunner.java:40)
	at java.util.concurrent.ThreadPoolExecutor.runWorker(Unknown Source)
	at java.util.concurrent.ThreadPoolExecutor$Worker.run(Unknown Source)
	at java.lang.Thread.run(Unknown Source)
Caused by: org.openqa.selenium.NoSuchElementException: Unable to locate element: {"method":"xpath","selector":"//div[@class='main-content']//ul//li[contains(text(),'Bedrift (B)')]//input[1]"}
For documentation on this error, please visit: http://seleniumhq.org/exceptions/no_such_element.html
Build info: version: '2.47.1', revision: '411b314', time: '2015-07-30 02:56:46'
System info: host: 'PC275317', ip: '10.207.61.69', os.name: 'Windows 7', os.arch: 'x86', os.version: '6.1', java.version: '1.8.0_25'
Driver info: driver.version: unknown
	at <anonymous class>.FirefoxDriver.prototype.findElementInternal_(file:///C:/Users/248292/AppData/Local/Temp/anonymous8683819318644252801webdriver-profile/extensions/fxdriver@googlecode.com/components/driver-component.js:10667)
	at <anonymous class>.FirefoxDriver.prototype.findElement(file:///C:/Users/248292/AppData/Local/Temp/anonymous8683819318644252801webdriver-profile/extensions/fxdriver@googlecode.com/components/driver-component.js:10676)
	at <anonymous class>.DelayedCommand.prototype.executeInternal_/h(file:///C:/Users/248292/AppData/Local/Temp/anonymous8683819318644252801webdriver-profile/extensions/fxdriver@googlecode.com/components/command-processor.js:12643)
	at <anonymous class>.DelayedCommand.prototype.executeInternal_(file:///C:/Users/248292/AppData/Local/Temp/anonymous8683819318644252801webdriver-profile/extensions/fxdriver@googlecode.com/components/command-processor.js:12648)
	at <anonymous class>.DelayedCommand.prototype.execute/<(file:///C:/Users/248292/AppData/Local/Temp/anonymous8683819318644252801webdriver-profile/extensions/fxdriver@googlecode.com/components/command-processor.js:12590)
org.openqa.selenium.NoSuchElementException: Unable to locate element: {"method":"xpath","selector":"//div[@id='mainmenu']//ul//li[@class='section']//a[@class='sub' and  contains(text(),'Agent')]"}
Command duration or timeout: 13 milliseconds
For documentation on this error, please visit: http://seleniumhq.org/exceptions/no_such_element.html
Build info: version: '2.47.1', revision: '411b314', time: '2015-07-30 02:56:46'
System info: host: 'PC275317', ip: '10.207.61.69', os.name: 'Windows 7', os.arch: 'x86', os.version: '6.1', java.version: '1.8.0_25'
Driver info: org.openqa.selenium.firefox.FirefoxDriver
Capabilities [{applicationCacheEnabled=true, rotatable=false, handlesAlerts=true, databaseEnabled=true, version=39.0.3, platform=WINDOWS, nativeEvents=false, acceptSslCerts=true, webStorageEnabled=true, locationContextEnabled=true, browserName=firefox, takesScreenshot=true, javascriptEnabled=true, cssSelectorsEnabled=true}]
Session ID: 27790fd2-25af-46ab-a633-a65a67d05090
*** Element info: {Using=xpath, value=//div[@id='mainmenu']//ul//li[@class='section']//a[@class='sub' and  contains(text(),'Agent')]}
	at sun.reflect.GeneratedConstructorAccessor95.newInstance(Unknown Source)
	at sun.reflect.DelegatingConstructorAccessorImpl.newInstance(Unknown Source)
	at java.lang.reflect.Constructor.newInstance(Unknown Source)
	at org.openqa.selenium.remote.ErrorHandler.createThrowable(ErrorHandler.java:206)
	at org.openqa.selenium.remote.ErrorHandler.throwIfResponseFailed(ErrorHandler.java:158)
	at org.openqa.selenium.remote.RemoteWebDriver.execute(RemoteWebDriver.java:595)
	at org.openqa.selenium.remote.RemoteWebDriver.findElement(RemoteWebDriver.java:348)
	at org.openqa.selenium.remote.RemoteWebDriver.findElementByXPath(RemoteWebDriver.java:445)
	at org.openqa.selenium.By$ByXPath.findElement(By.java:358)
	at org.openqa.selenium.remote.RemoteWebDriver.findElement(RemoteWebDriver.java:340)
	at businesscomponents.FunctionalComponents.createAgent(FunctionalComponents.java:1683)
	at sun.reflect.NativeMethodAccessorImpl.invoke0(Native Method)
	at sun.reflect.NativeMethodAccessorImpl.invoke(Unknown Source)
	at sun.reflect.DelegatingMethodAccessorImpl.invoke(Unknown Source)
	at java.lang.reflect.Method.invoke(Unknown Source)
	at supportlibraries.DriverScript.invokeBusinessComponent(DriverScript.java:473)
	at supportlibraries.DriverScript.executeTestcase(DriverScript.java:424)
	at supportlibraries.DriverScript.executeTestIterations(DriverScript.java:378)
	at supportlibraries.DriverScript.driveTestExecution(DriverScript.java:97)
	at allocator.ParallelRunner.invokeTestScript(ParallelRunner.java:59)
	at allocator.ParallelRunner.run(ParallelRunner.java:40)
	at java.util.concurrent.ThreadPoolExecutor.runWorker(Unknown Source)
	at java.util.concurrent.ThreadPoolExecutor$Worker.run(Unknown Source)
	at java.lang.Thread.run(Unknown Source)
Caused by: org.openqa.selenium.NoSuchElementException: Unable to locate element: {"method":"xpath","selector":"//div[@id='mainmenu']//ul//li[@class='section']//a[@class='sub' and  contains(text(),'Agent')]"}
For documentation on this error, please visit: http://seleniumhq.org/exceptions/no_such_element.html
Build info: version: '2.47.1', revision: '411b314', time: '2015-07-30 02:56:46'
System info: host: 'PC275317', ip: '10.207.61.69', os.name: 'Windows 7', os.arch: 'x86', os.version: '6.1', java.version: '1.8.0_25'
Driver info: driver.version: unknown
	at <anonymous class>.FirefoxDriver.prototype.findElementInternal_(file:///C:/Users/248292/AppData/Local/Temp/anonymous5112445487252706197webdriver-profile/extensions/fxdriver@googlecode.com/components/driver-component.js:10667)
	at <anonymous class>.FirefoxDriver.prototype.findElement(file:///C:/Users/248292/AppData/Local/Temp/anonymous5112445487252706197webdriver-profile/extensions/fxdriver@googlecode.com/components/driver-component.js:10676)
	at <anonymous class>.DelayedCommand.prototype.executeInternal_/h(file:///C:/Users/248292/AppData/Local/Temp/anonymous5112445487252706197webdriver-profile/extensions/fxdriver@googlecode.com/components/command-processor.js:12643)
	at <anonymous class>.DelayedCommand.prototype.executeInternal_(file:///C:/Users/248292/AppData/Local/Temp/anonymous5112445487252706197webdriver-profile/extensions/fxdriver@googlecode.com/components/command-processor.js:12648)
	at <anonymous class>.DelayedCommand.prototype.execute/<(file:///C:/Users/248292/AppData/Local/Temp/anonymous5112445487252706197webdriver-profile/extensions/fxdriver@googlecode.com/components/command-processor.js:12590)
org.openqa.selenium.NoSuchElementException: Unable to locate element: {"method":"xpath","selector":"//div[@id='mainmenu']//ul//li[@class='section']//a[@class='sub' and  contains(text(),'Forhandler')]"}
Command duration or timeout: 15 milliseconds
For documentation on this error, please visit: http://seleniumhq.org/exceptions/no_such_element.html
Build info: version: '2.47.1', revision: '411b314', time: '2015-07-30 02:56:46'
System info: host: 'PC275317', ip: '10.207.61.69', os.name: 'Windows 7', os.arch: 'x86', os.version: '6.1', java.version: '1.8.0_25'
Driver info: org.openqa.selenium.firefox.FirefoxDriver
Capabilities [{applicationCacheEnabled=true, rotatable=false, handlesAlerts=true, databaseEnabled=true, version=39.0.3, platform=WINDOWS, nativeEvents=false, acceptSslCerts=true, webStorageEnabled=true, locationContextEnabled=true, browserName=firefox, takesScreenshot=true, javascriptEnabled=true, cssSelectorsEnabled=true}]
Session ID: a33277ef-da1c-44d6-a6c3-27015cb62b21
*** Element info: {Using=xpath, value=//div[@id='mainmenu']//ul//li[@class='section']//a[@class='sub' and  contains(text(),'Forhandler')]}
	at sun.reflect.GeneratedConstructorAccessor95.newInstance(Unknown Source)
	at sun.reflect.DelegatingConstructorAccessorImpl.newInstance(Unknown Source)
	at java.lang.reflect.Constructor.newInstance(Unknown Source)
	at org.openqa.selenium.remote.ErrorHandler.createThrowable(ErrorHandler.java:206)
	at org.openqa.selenium.remote.ErrorHandler.throwIfResponseFailed(ErrorHandler.java:158)
	at org.openqa.selenium.remote.RemoteWebDriver.execute(RemoteWebDriver.java:595)
	at org.openqa.selenium.remote.RemoteWebDriver.findElement(RemoteWebDriver.java:348)
	at org.openqa.selenium.remote.RemoteWebDriver.findElementByXPath(RemoteWebDriver.java:445)
	at org.openqa.selenium.By$ByXPath.findElement(By.java:358)
	at org.openqa.selenium.remote.RemoteWebDriver.findElement(RemoteWebDriver.java:340)
	at businesscomponents.FunctionalComponents.createNewStore(FunctionalComponents.java:3921)
	at sun.reflect.NativeMethodAccessorImpl.invoke0(Native Method)
	at sun.reflect.NativeMethodAccessorImpl.invoke(Unknown Source)
	at sun.reflect.DelegatingMethodAccessorImpl.invoke(Unknown Source)
	at java.lang.reflect.Method.invoke(Unknown Source)
	at supportlibraries.DriverScript.invokeBusinessComponent(DriverScript.java:473)
	at supportlibraries.DriverScript.executeTestcase(DriverScript.java:424)
	at supportlibraries.DriverScript.executeTestIterations(DriverScript.java:378)
	at supportlibraries.DriverScript.driveTestExecution(DriverScript.java:97)
	at allocator.ParallelRunner.invokeTestScript(ParallelRunner.java:59)
	at allocator.ParallelRunner.run(ParallelRunner.java:40)
	at java.util.concurrent.ThreadPoolExecutor.runWorker(Unknown Source)
	at java.util.concurrent.ThreadPoolExecutor$Worker.run(Unknown Source)
	at java.lang.Thread.run(Unknown Source)
Caused by: org.openqa.selenium.NoSuchElementException: Unable to locate element: {"method":"xpath","selector":"//div[@id='mainmenu']//ul//li[@class='section']//a[@class='sub' and  contains(text(),'Forhandler')]"}
For documentation on this error, please visit: http://seleniumhq.org/exceptions/no_such_element.html
Build info: version: '2.47.1', revision: '411b314', time: '2015-07-30 02:56:46'
System info: host: 'PC275317', ip: '10.207.61.69', os.name: 'Windows 7', os.arch: 'x86', os.version: '6.1', java.version: '1.8.0_25'
Driver info: driver.version: unknown
	at <anonymous class>.FirefoxDriver.prototype.findElementInternal_(file:///C:/Users/248292/AppData/Local/Temp/anonymous8419467291328207036webdriver-profile/extensions/fxdriver@googlecode.com/components/driver-component.js:10667)
	at <anonymous class>.FirefoxDriver.prototype.findElement(file:///C:/Users/248292/AppData/Local/Temp/anonymous8419467291328207036webdriver-profile/extensions/fxdriver@googlecode.com/components/driver-component.js:10676)
	at <anonymous class>.DelayedCommand.prototype.executeInternal_/h(file:///C:/Users/248292/AppData/Local/Temp/anonymous8419467291328207036webdriver-profile/extensions/fxdriver@googlecode.com/components/command-processor.js:12643)
	at <anonymous class>.DelayedCommand.prototype.executeInternal_(file:///C:/Users/248292/AppData/Local/Temp/anonymous8419467291328207036webdriver-profile/extensions/fxdriver@googlecode.com/components/command-processor.js:12648)
	at <anonymous class>.DelayedCommand.prototype.execute/<(file:///C:/Users/248292/AppData/Local/Temp/anonymous8419467291328207036webdriver-profile/extensions/fxdriver@googlecode.com/components/command-processor.js:12590)
org.openqa.selenium.NoSuchElementException: Unable to locate element: {"method":"xpath","selector":"//div[@class='container']//div[@style='margin-left:20px']//input[1]"}
Command duration or timeout: 11 milliseconds
For documentation on this error, please visit: http://seleniumhq.org/exceptions/no_such_element.html
Build info: version: '2.47.1', revision: '411b314', time: '2015-07-30 02:56:46'
System info: host: 'PC275317', ip: '10.207.61.69', os.name: 'Windows 7', os.arch: 'x86', os.version: '6.1', java.version: '1.8.0_25'
Driver info: org.openqa.selenium.firefox.FirefoxDriver
Capabilities [{applicationCacheEnabled=true, rotatable=false, handlesAlerts=true, databaseEnabled=true, version=39.0.3, platform=WINDOWS, nativeEvents=false, acceptSslCerts=true, webStorageEnabled=true, locationContextEnabled=true, browserName=firefox, takesScreenshot=true, javascriptEnabled=true, cssSelectorsEnabled=true}]
Session ID: a33277ef-da1c-44d6-a6c3-27015cb62b21
*** Element info: {Using=xpath, value=//div[@class='container']//div[@style='margin-left:20px']//input[1]}
	at sun.reflect.GeneratedConstructorAccessor95.newInstance(Unknown Source)
	at sun.reflect.DelegatingConstructorAccessorImpl.newInstance(Unknown Source)
	at java.lang.reflect.Constructor.newInstance(Unknown Source)
	at org.openqa.selenium.remote.ErrorHandler.createThrowable(ErrorHandler.java:206)
	at org.openqa.selenium.remote.ErrorHandler.throwIfResponseFailed(ErrorHandler.java:158)
	at org.openqa.selenium.remote.RemoteWebDriver.execute(RemoteWebDriver.java:595)
	at org.openqa.selenium.remote.RemoteWebDriver.findElement(RemoteWebDriver.java:348)
	at org.openqa.selenium.remote.RemoteWebDriver.findElementByXPath(RemoteWebDriver.java:445)
	at org.openqa.selenium.By$ByXPath.findElement(By.java:358)
	at org.openqa.selenium.remote.RemoteWebDriver.findElement(RemoteWebDriver.java:340)
	at webdriverhelper.WebElementVerificationUtils.verifyAndCheckCheckbox(WebElementVerificationUtils.java:256)
	at businesscomponents.FunctionalComponents.createNewStore(FunctionalComponents.java:3966)
	at sun.reflect.NativeMethodAccessorImpl.invoke0(Native Method)
	at sun.reflect.NativeMethodAccessorImpl.invoke(Unknown Source)
	at sun.reflect.DelegatingMethodAccessorImpl.invoke(Unknown Source)
	at java.lang.reflect.Method.invoke(Unknown Source)
	at supportlibraries.DriverScript.invokeBusinessComponent(DriverScript.java:473)
	at supportlibraries.DriverScript.executeTestcase(DriverScript.java:424)
	at supportlibraries.DriverScript.executeTestIterations(DriverScript.java:378)
	at supportlibraries.DriverScript.driveTestExecution(DriverScript.java:97)
	at allocator.ParallelRunner.invokeTestScript(ParallelRunner.java:59)
	at allocator.ParallelRunner.run(ParallelRunner.java:40)
	at java.util.concurrent.ThreadPoolExecutor.runWorker(Unknown Source)
	at java.util.concurrent.ThreadPoolExecutor$Worker.run(Unknown Source)
	at java.lang.Thread.run(Unknown Source)
Caused by: org.openqa.selenium.NoSuchElementException: Unable to locate element: {"method":"xpath","selector":"//div[@class='container']//div[@style='margin-left:20px']//input[1]"}
For documentation on this error, please visit: http://seleniumhq.org/exceptions/no_such_element.html
Build info: version: '2.47.1', revision: '411b314', time: '2015-07-30 02:56:46'
System info: host: 'PC275317', ip: '10.207.61.69', os.name: 'Windows 7', os.arch: 'x86', os.version: '6.1', java.version: '1.8.0_25'
Driver info: driver.version: unknown
	at <anonymous class>.FirefoxDriver.prototype.findElementInternal_(file:///C:/Users/248292/AppData/Local/Temp/anonymous8419467291328207036webdriver-profile/extensions/fxdriver@googlecode.com/components/driver-component.js:10667)
	at <anonymous class>.FirefoxDriver.prototype.findElement(file:///C:/Users/248292/AppData/Local/Temp/anonymous8419467291328207036webdriver-profile/extensions/fxdriver@googlecode.com/components/driver-component.js:10676)
	at <anonymous class>.DelayedCommand.prototype.executeInternal_/h(file:///C:/Users/248292/AppData/Local/Temp/anonymous8419467291328207036webdriver-profile/extensions/fxdriver@googlecode.com/components/command-processor.js:12643)
	at <anonymous class>.DelayedCommand.prototype.executeInternal_(file:///C:/Users/248292/AppData/Local/Temp/anonymous8419467291328207036webdriver-profile/extensions/fxdriver@googlecode.com/components/command-processor.js:12648)
	at <anonymous class>.DelayedCommand.prototype.execute/<(file:///C:/Users/248292/AppData/Local/Temp/anonymous8419467291328207036webdriver-profile/extensions/fxdriver@googlecode.com/components/command-processor.js:12590)
org.openqa.selenium.NoSuchElementException: Unable to locate element: {"method":"xpath","selector":"//div[@class='container']//div[@style='margin-left:20px']//input[1]"}
Command duration or timeout: 8 milliseconds
For documentation on this error, please visit: http://seleniumhq.org/exceptions/no_such_element.html
Build info: version: '2.47.1', revision: '411b314', time: '2015-07-30 02:56:46'
System info: host: 'PC275317', ip: '10.207.61.69', os.name: 'Windows 7', os.arch: 'x86', os.version: '6.1', java.version: '1.8.0_25'
Driver info: org.openqa.selenium.firefox.FirefoxDriver
Capabilities [{applicationCacheEnabled=true, rotatable=false, handlesAlerts=true, databaseEnabled=true, version=39.0.3, platform=WINDOWS, nativeEvents=false, acceptSslCerts=true, webStorageEnabled=true, locationContextEnabled=true, browserName=firefox, takesScreenshot=true, javascriptEnabled=true, cssSelectorsEnabled=true}]
Session ID: a33277ef-da1c-44d6-a6c3-27015cb62b21
*** Element info: {Using=xpath, value=//div[@class='container']//div[@style='margin-left:20px']//input[1]}
	at sun.reflect.GeneratedConstructorAccessor95.newInstance(Unknown Source)
	at sun.reflect.DelegatingConstructorAccessorImpl.newInstance(Unknown Source)
	at java.lang.reflect.Constructor.newInstance(Unknown Source)
	at org.openqa.selenium.remote.ErrorHandler.createThrowable(ErrorHandler.java:206)
	at org.openqa.selenium.remote.ErrorHandler.throwIfResponseFailed(ErrorHandler.java:158)
	at org.openqa.selenium.remote.RemoteWebDriver.execute(RemoteWebDriver.java:595)
	at org.openqa.selenium.remote.RemoteWebDriver.findElement(RemoteWebDriver.java:348)
	at org.openqa.selenium.remote.RemoteWebDriver.findElementByXPath(RemoteWebDriver.java:445)
	at org.openqa.selenium.By$ByXPath.findElement(By.java:358)
	at org.openqa.selenium.remote.RemoteWebDriver.findElement(RemoteWebDriver.java:340)
	at webdriverhelper.WebElementVerificationUtils.verifyAndCheckCheckbox(WebElementVerificationUtils.java:256)
	at businesscomponents.FunctionalComponents.createNewStore(FunctionalComponents.java:3973)
	at sun.reflect.NativeMethodAccessorImpl.invoke0(Native Method)
	at sun.reflect.NativeMethodAccessorImpl.invoke(Unknown Source)
	at sun.reflect.DelegatingMethodAccessorImpl.invoke(Unknown Source)
	at java.lang.reflect.Method.invoke(Unknown Source)
	at supportlibraries.DriverScript.invokeBusinessComponent(DriverScript.java:473)
	at supportlibraries.DriverScript.executeTestcase(DriverScript.java:424)
	at supportlibraries.DriverScript.executeTestIterations(DriverScript.java:378)
	at supportlibraries.DriverScript.driveTestExecution(DriverScript.java:97)
	at allocator.ParallelRunner.invokeTestScript(ParallelRunner.java:59)
	at allocator.ParallelRunner.run(ParallelRunner.java:40)
	at java.util.concurrent.ThreadPoolExecutor.runWorker(Unknown Source)
	at java.util.concurrent.ThreadPoolExecutor$Worker.run(Unknown Source)
	at java.lang.Thread.run(Unknown Source)
Caused by: org.openqa.selenium.NoSuchElementException: Unable to locate element: {"method":"xpath","selector":"//div[@class='container']//div[@style='margin-left:20px']//input[1]"}
For documentation on this error, please visit: http://seleniumhq.org/exceptions/no_such_element.html
Build info: version: '2.47.1', revision: '411b314', time: '2015-07-30 02:56:46'
System info: host: 'PC275317', ip: '10.207.61.69', os.name: 'Windows 7', os.arch: 'x86', os.version: '6.1', java.version: '1.8.0_25'
Driver info: driver.version: unknown
	at <anonymous class>.FirefoxDriver.prototype.findElementInternal_(file:///C:/Users/248292/AppData/Local/Temp/anonymous8419467291328207036webdriver-profile/extensions/fxdriver@googlecode.com/components/driver-component.js:10667)
	at <anonymous class>.FirefoxDriver.prototype.findElement(file:///C:/Users/248292/AppData/Local/Temp/anonymous8419467291328207036webdriver-profile/extensions/fxdriver@googlecode.com/components/driver-component.js:10676)
	at <anonymous class>.DelayedCommand.prototype.executeInternal_/h(file:///C:/Users/248292/AppData/Local/Temp/anonymous8419467291328207036webdriver-profile/extensions/fxdriver@googlecode.com/components/command-processor.js:12643)
	at <anonymous class>.DelayedCommand.prototype.executeInternal_(file:///C:/Users/248292/AppData/Local/Temp/anonymous8419467291328207036webdriver-profile/extensions/fxdriver@googlecode.com/components/command-processor.js:12648)
	at <anonymous class>.DelayedCommand.prototype.execute/<(file:///C:/Users/248292/AppData/Local/Temp/anonymous8419467291328207036webdriver-profile/extensions/fxdriver@googlecode.com/components/command-processor.js:12590)
org.openqa.selenium.NoSuchElementException: Unable to locate element: {"method":"xpath","selector":"//div[@class='row rowcontainer']//div[@class='head']//h2"}
Command duration or timeout: 15 milliseconds
For documentation on this error, please visit: http://seleniumhq.org/exceptions/no_such_element.html
Build info: version: '2.47.1', revision: '411b314', time: '2015-07-30 02:56:46'
System info: host: 'PC275317', ip: '10.207.61.69', os.name: 'Windows 7', os.arch: 'x86', os.version: '6.1', java.version: '1.8.0_25'
Driver info: org.openqa.selenium.firefox.FirefoxDriver
Capabilities [{applicationCacheEnabled=true, rotatable=false, handlesAlerts=true, databaseEnabled=true, version=39.0.3, platform=WINDOWS, nativeEvents=false, acceptSslCerts=true, webStorageEnabled=true, locationContextEnabled=true, browserName=firefox, takesScreenshot=true, javascriptEnabled=true, cssSelectorsEnabled=true}]
Session ID: 7d48ecfd-5a7c-4f14-a344-7077686400da
*** Element info: {Using=xpath, value=//div[@class='row rowcontainer']//div[@class='head']//h2}
	at sun.reflect.GeneratedConstructorAccessor95.newInstance(Unknown Source)
	at sun.reflect.DelegatingConstructorAccessorImpl.newInstance(Unknown Source)
	at java.lang.reflect.Constructor.newInstance(Unknown Source)
	at org.openqa.selenium.remote.ErrorHandler.createThrowable(ErrorHandler.java:206)
	at org.openqa.selenium.remote.ErrorHandler.throwIfResponseFailed(ErrorHandler.java:158)
	at org.openqa.selenium.remote.RemoteWebDriver.execute(RemoteWebDriver.java:595)
	at org.openqa.selenium.remote.RemoteWebDriver.findElement(RemoteWebDriver.java:348)
	at org.openqa.selenium.remote.RemoteWebDriver.findElementByXPath(RemoteWebDriver.java:445)
	at org.openqa.selenium.By$ByXPath.findElement(By.java:358)
	at org.openqa.selenium.remote.RemoteWebDriver.findElement(RemoteWebDriver.java:340)
	at businesscomponents.FunctionalComponents.shopValidationUSP(FunctionalComponents.java:4387)
	at sun.reflect.NativeMethodAccessorImpl.invoke0(Native Method)
	at sun.reflect.NativeMethodAccessorImpl.invoke(Unknown Source)
	at sun.reflect.DelegatingMethodAccessorImpl.invoke(Unknown Source)
	at java.lang.reflect.Method.invoke(Unknown Source)
	at supportlibraries.DriverScript.invokeBusinessComponent(DriverScript.java:473)
	at supportlibraries.DriverScript.executeTestcase(DriverScript.java:424)
	at supportlibraries.DriverScript.executeTestIterations(DriverScript.java:378)
	at supportlibraries.DriverScript.driveTestExecution(DriverScript.java:97)
	at allocator.ParallelRunner.invokeTestScript(ParallelRunner.java:59)
	at allocator.ParallelRunner.run(ParallelRunner.java:40)
	at java.util.concurrent.ThreadPoolExecutor.runWorker(Unknown Source)
	at java.util.concurrent.ThreadPoolExecutor$Worker.run(Unknown Source)
	at java.lang.Thread.run(Unknown Source)
Caused by: org.openqa.selenium.NoSuchElementException: Unable to locate element: {"method":"xpath","selector":"//div[@class='row rowcontainer']//div[@class='head']//h2"}
For documentation on this error, please visit: http://seleniumhq.org/exceptions/no_such_element.html
Build info: version: '2.47.1', revision: '411b314', time: '2015-07-30 02:56:46'
System info: host: 'PC275317', ip: '10.207.61.69', os.name: 'Windows 7', os.arch: 'x86', os.version: '6.1', java.version: '1.8.0_25'
Driver info: driver.version: unknown
	at <anonymous class>.FirefoxDriver.prototype.findElementInternal_(file:///C:/Users/248292/AppData/Local/Temp/anonymous172681241914171219webdriver-profile/extensions/fxdriver@googlecode.com/components/driver-component.js:10667)
	at <anonymous class>.FirefoxDriver.prototype.findElement(file:///C:/Users/248292/AppData/Local/Temp/anonymous172681241914171219webdriver-profile/extensions/fxdriver@googlecode.com/components/driver-component.js:10676)
	at <anonymous class>.DelayedCommand.prototype.executeInternal_/h(file:///C:/Users/248292/AppData/Local/Temp/anonymous172681241914171219webdriver-profile/extensions/fxdriver@googlecode.com/components/command-processor.js:12643)
	at <anonymous class>.DelayedCommand.prototype.executeInternal_(file:///C:/Users/248292/AppData/Local/Temp/anonymous172681241914171219webdriver-profile/extensions/fxdriver@googlecode.com/components/command-processor.js:12648)
	at <anonymous class>.DelayedCommand.prototype.execute/<(file:///C:/Users/248292/AppData/Local/Temp/anonymous172681241914171219webdriver-profile/extensions/fxdriver@googlecode.com/components/command-processor.js:12590)
org.openqa.selenium.ElementNotVisibleException: Element is not currently visible and so may not be interacted with
Command duration or timeout: 16 milliseconds
Build info: version: '2.47.1', revision: '411b314', time: '2015-07-30 02:56:46'
System info: host: 'PC275317', ip: '10.207.61.69', os.name: 'Windows 7', os.arch: 'x86', os.version: '6.1', java.version: '1.8.0_25'
Driver info: org.openqa.selenium.firefox.FirefoxDriver
Capabilities [{applicationCacheEnabled=true, rotatable=false, handlesAlerts=true, databaseEnabled=true, version=39.0.3, platform=WINDOWS, nativeEvents=false, acceptSslCerts=true, webStorageEnabled=true, locationContextEnabled=true, browserName=firefox, takesScreenshot=true, javascriptEnabled=true, cssSelectorsEnabled=true}]
Session ID: 5918bc37-c189-4851-aeaf-487740094aa6
	at sun.reflect.NativeConstructorAccessorImpl.newInstance0(Native Method)
	at sun.reflect.NativeConstructorAccessorImpl.newInstance(Unknown Source)
	at sun.reflect.DelegatingConstructorAccessorImpl.newInstance(Unknown Source)
	at java.lang.reflect.Constructor.newInstance(Unknown Source)
	at org.openqa.selenium.remote.ErrorHandler.createThrowable(ErrorHandler.java:206)
	at org.openqa.selenium.remote.ErrorHandler.throwIfResponseFailed(ErrorHandler.java:158)
	at org.openqa.selenium.remote.RemoteWebDriver.execute(RemoteWebDriver.java:595)
	at org.openqa.selenium.remote.RemoteWebElement.execute(RemoteWebElement.java:273)
	at org.openqa.selenium.remote.RemoteWebElement.click(RemoteWebElement.java:84)
	at businesscomponents.FunctionalComponents.logout(FunctionalComponents.java:2275)
	at sun.reflect.GeneratedMethodAccessor8.invoke(Unknown Source)
	at sun.reflect.DelegatingMethodAccessorImpl.invoke(Unknown Source)
	at java.lang.reflect.Method.invoke(Unknown Source)
	at supportlibraries.DriverScript.invokeBusinessComponent(DriverScript.java:473)
	at supportlibraries.DriverScript.executeTestcase(DriverScript.java:424)
	at supportlibraries.DriverScript.executeTestIterations(DriverScript.java:378)
	at supportlibraries.DriverScript.driveTestExecution(DriverScript.java:97)
	at allocator.ParallelRunner.invokeTestScript(ParallelRunner.java:59)
	at allocator.ParallelRunner.run(ParallelRunner.java:40)
	at java.util.concurrent.ThreadPoolExecutor.runWorker(Unknown Source)
	at java.util.concurrent.ThreadPoolExecutor$Worker.run(Unknown Source)
	at java.lang.Thread.run(Unknown Source)
Caused by: org.openqa.selenium.ElementNotVisibleException: Element is not currently visible and so may not be interacted with
Build info: version: '2.47.1', revision: '411b314', time: '2015-07-30 02:56:46'
System info: host: 'PC275317', ip: '10.207.61.69', os.name: 'Windows 7', os.arch: 'x86', os.version: '6.1', java.version: '1.8.0_25'
Driver info: driver.version: unknown
	at <anonymous class>.fxdriver.preconditions.visible(file:///C:/Users/248292/AppData/Local/Temp/anonymous3491121337556836843webdriver-profile/extensions/fxdriver@googlecode.com/components/command-processor.js:9982)
	at <anonymous class>.DelayedCommand.prototype.checkPreconditions_(file:///C:/Users/248292/AppData/Local/Temp/anonymous3491121337556836843webdriver-profile/extensions/fxdriver@googlecode.com/components/command-processor.js:12626)
	at <anonymous class>.DelayedCommand.prototype.executeInternal_/h(file:///C:/Users/248292/AppData/Local/Temp/anonymous3491121337556836843webdriver-profile/extensions/fxdriver@googlecode.com/components/command-processor.js:12643)
	at <anonymous class>.DelayedCommand.prototype.executeInternal_(file:///C:/Users/248292/AppData/Local/Temp/anonymous3491121337556836843webdriver-profile/extensions/fxdriver@googlecode.com/components/command-processor.js:12648)
	at <anonymous class>.DelayedCommand.prototype.execute/<(file:///C:/Users/248292/AppData/Local/Temp/anonymous3491121337556836843webdriver-profile/extensions/fxdriver@googlecode.com/components/command-processor.js:12590)
org.openqa.selenium.NoSuchElementException: Unable to locate element: {"method":"xpath","selector":"//div[@id='col1']//table[@id='shippingtable']//input[@value='2PILOT']"}
Command duration or timeout: 15 milliseconds
For documentation on this error, please visit: http://seleniumhq.org/exceptions/no_such_element.html
Build info: version: '2.47.1', revision: '411b314', time: '2015-07-30 02:56:46'
System info: host: 'PC275317', ip: '10.207.61.69', os.name: 'Windows 7', os.arch: 'x86', os.version: '6.1', java.version: '1.8.0_25'
Driver info: org.openqa.selenium.firefox.FirefoxDriver
Capabilities [{applicationCacheEnabled=true, rotatable=false, handlesAlerts=true, databaseEnabled=true, version=39.0.3, platform=WINDOWS, nativeEvents=false, acceptSslCerts=true, webStorageEnabled=true, locationContextEnabled=true, browserName=firefox, takesScreenshot=true, javascriptEnabled=true, cssSelectorsEnabled=true}]
Session ID: 6ad8b03e-31db-4b9f-a472-ee9ad34d4c6a
*** Element info: {Using=xpath, value=//div[@id='col1']//table[@id='shippingtable']//input[@value='2PILOT']}
	at sun.reflect.GeneratedConstructorAccessor95.newInstance(Unknown Source)
	at sun.reflect.DelegatingConstructorAccessorImpl.newInstance(Unknown Source)
	at java.lang.reflect.Constructor.newInstance(Unknown Source)
	at org.openqa.selenium.remote.ErrorHandler.createThrowable(ErrorHandler.java:206)
	at org.openqa.selenium.remote.ErrorHandler.throwIfResponseFailed(ErrorHandler.java:158)
	at org.openqa.selenium.remote.RemoteWebDriver.execute(RemoteWebDriver.java:595)
	at org.openqa.selenium.remote.RemoteWebDriver.findElement(RemoteWebDriver.java:348)
	at org.openqa.selenium.remote.RemoteWebDriver.findElementByXPath(RemoteWebDriver.java:445)
	at org.openqa.selenium.By$ByXPath.findElement(By.java:358)
	at org.openqa.selenium.remote.RemoteWebDriver.findElement(RemoteWebDriver.java:340)
	at webdriverhelper.WebElementVerificationUtils.verifyAndCheckCheckbox(WebElementVerificationUtils.java:256)
	at businesscomponents.FunctionalComponents.deliveryAndPayments(FunctionalComponents.java:2161)
	at sun.reflect.NativeMethodAccessorImpl.invoke0(Native Method)
	at sun.reflect.NativeMethodAccessorImpl.invoke(Unknown Source)
	at sun.reflect.DelegatingMethodAccessorImpl.invoke(Unknown Source)
	at java.lang.reflect.Method.invoke(Unknown Source)
	at supportlibraries.DriverScript.invokeBusinessComponent(DriverScript.java:473)
	at supportlibraries.DriverScript.executeTestcase(DriverScript.java:424)
	at supportlibraries.DriverScript.executeTestIterations(DriverScript.java:378)
	at supportlibraries.DriverScript.driveTestExecution(DriverScript.java:97)
	at allocator.ParallelRunner.invokeTestScript(ParallelRunner.java:59)
	at allocator.ParallelRunner.run(ParallelRunner.java:40)
	at java.util.concurrent.ThreadPoolExecutor.runWorker(Unknown Source)
	at java.util.concurrent.ThreadPoolExecutor$Worker.run(Unknown Source)
	at java.lang.Thread.run(Unknown Source)
Caused by: org.openqa.selenium.NoSuchElementException: Unable to locate element: {"method":"xpath","selector":"//div[@id='col1']//table[@id='shippingtable']//input[@value='2PILOT']"}
For documentation on this error, please visit: http://seleniumhq.org/exceptions/no_such_element.html
Build info: version: '2.47.1', revision: '411b314', time: '2015-07-30 02:56:46'
System info: host: 'PC275317', ip: '10.207.61.69', os.name: 'Windows 7', os.arch: 'x86', os.version: '6.1', java.version: '1.8.0_25'
Driver info: driver.version: unknown
	at <anonymous class>.FirefoxDriver.prototype.findElementInternal_(file:///C:/Users/248292/AppData/Local/Temp/anonymous8124093871492750388webdriver-profile/extensions/fxdriver@googlecode.com/components/driver-component.js:10667)
	at <anonymous class>.FirefoxDriver.prototype.findElement(file:///C:/Users/248292/AppData/Local/Temp/anonymous8124093871492750388webdriver-profile/extensions/fxdriver@googlecode.com/components/driver-component.js:10676)
	at <anonymous class>.DelayedCommand.prototype.executeInternal_/h(file:///C:/Users/248292/AppData/Local/Temp/anonymous8124093871492750388webdriver-profile/extensions/fxdriver@googlecode.com/components/command-processor.js:12643)
	at <anonymous class>.DelayedCommand.prototype.executeInternal_(file:///C:/Users/248292/AppData/Local/Temp/anonymous8124093871492750388webdriver-profile/extensions/fxdriver@googlecode.com/components/command-processor.js:12648)
	at <anonymous class>.DelayedCommand.prototype.execute/<(file:///C:/Users/248292/AppData/Local/Temp/anonymous8124093871492750388webdriver-profile/extensions/fxdriver@googlecode.com/components/command-processor.js:12590)
org.openqa.selenium.NoSuchElementException: Unable to locate element: {"method":"xpath","selector":"//div[@class='row error errorMessages']//div[@class='errorMessagesList']//p"}
Command duration or timeout: 0 milliseconds
For documentation on this error, please visit: http://seleniumhq.org/exceptions/no_such_element.html
Build info: version: '2.47.1', revision: '411b314', time: '2015-07-30 02:56:46'
System info: host: 'PC275317', ip: '10.207.61.69', os.name: 'Windows 7', os.arch: 'x86', os.version: '6.1', java.version: '1.8.0_25'
Driver info: org.openqa.selenium.firefox.FirefoxDriver
Capabilities [{applicationCacheEnabled=true, rotatable=false, handlesAlerts=true, databaseEnabled=true, version=39.0.3, platform=WINDOWS, nativeEvents=false, acceptSslCerts=true, webStorageEnabled=true, locationContextEnabled=true, browserName=firefox, takesScreenshot=true, javascriptEnabled=true, cssSelectorsEnabled=true}]
Session ID: 6ad8b03e-31db-4b9f-a472-ee9ad34d4c6a
*** Element info: {Using=xpath, value=//div[@class='row error errorMessages']//div[@class='errorMessagesList']//p}
	at sun.reflect.GeneratedConstructorAccessor95.newInstance(Unknown Source)
	at sun.reflect.DelegatingConstructorAccessorImpl.newInstance(Unknown Source)
	at java.lang.reflect.Constructor.newInstance(Unknown Source)
	at org.openqa.selenium.remote.ErrorHandler.createThrowable(ErrorHandler.java:206)
	at org.openqa.selenium.remote.ErrorHandler.throwIfResponseFailed(ErrorHandler.java:158)
	at org.openqa.selenium.remote.RemoteWebDriver.execute(RemoteWebDriver.java:595)
	at org.openqa.selenium.remote.RemoteWebDriver.findElement(RemoteWebDriver.java:348)
	at org.openqa.selenium.remote.RemoteWebDriver.findElementByXPath(RemoteWebDriver.java:445)
	at org.openqa.selenium.By$ByXPath.findElement(By.java:358)
	at org.openqa.selenium.remote.RemoteWebDriver.findElement(RemoteWebDriver.java:340)
	at businesscomponents.FunctionalComponents.clickOnFinishOrder(FunctionalComponents.java:1343)
	at sun.reflect.NativeMethodAccessorImpl.invoke0(Native Method)
	at sun.reflect.NativeMethodAccessorImpl.invoke(Unknown Source)
	at sun.reflect.DelegatingMethodAccessorImpl.invoke(Unknown Source)
	at java.lang.reflect.Method.invoke(Unknown Source)
	at supportlibraries.DriverScript.invokeBusinessComponent(DriverScript.java:473)
	at supportlibraries.DriverScript.executeTestcase(DriverScript.java:424)
	at supportlibraries.DriverScript.executeTestIterations(DriverScript.java:378)
	at supportlibraries.DriverScript.driveTestExecution(DriverScript.java:97)
	at allocator.ParallelRunner.invokeTestScript(ParallelRunner.java:59)
	at allocator.ParallelRunner.run(ParallelRunner.java:40)
	at java.util.concurrent.ThreadPoolExecutor.runWorker(Unknown Source)
	at java.util.concurrent.ThreadPoolExecutor$Worker.run(Unknown Source)
	at java.lang.Thread.run(Unknown Source)
Caused by: org.openqa.selenium.NoSuchElementException: Unable to locate element: {"method":"xpath","selector":"//div[@class='row error errorMessages']//div[@class='errorMessagesList']//p"}
For documentation on this error, please visit: http://seleniumhq.org/exceptions/no_such_element.html
Build info: version: '2.47.1', revision: '411b314', time: '2015-07-30 02:56:46'
System info: host: 'PC275317', ip: '10.207.61.69', os.name: 'Windows 7', os.arch: 'x86', os.version: '6.1', java.version: '1.8.0_25'
Driver info: driver.version: unknown
	at <anonymous class>.FirefoxDriver.prototype.findElementInternal_(file:///C:/Users/248292/AppData/Local/Temp/anonymous8124093871492750388webdriver-profile/extensions/fxdriver@googlecode.com/components/driver-component.js:10667)
	at <anonymous class>.FirefoxDriver.prototype.findElement(file:///C:/Users/248292/AppData/Local/Temp/anonymous8124093871492750388webdriver-profile/extensions/fxdriver@googlecode.com/components/driver-component.js:10676)
	at <anonymous class>.DelayedCommand.prototype.executeInternal_/h(file:///C:/Users/248292/AppData/Local/Temp/anonymous8124093871492750388webdriver-profile/extensions/fxdriver@googlecode.com/components/command-processor.js:12643)
	at <anonymous class>.DelayedCommand.prototype.executeInternal_(file:///C:/Users/248292/AppData/Local/Temp/anonymous8124093871492750388webdriver-profile/extensions/fxdriver@googlecode.com/components/command-processor.js:12648)
	at <anonymous class>.DelayedCommand.prototype.execute/<(file:///C:/Users/248292/AppData/Local/Temp/anonymous8124093871492750388webdriver-profile/extensions/fxdriver@googlecode.com/components/command-processor.js:12590)
com.cognizant.framework.FrameworkException: The specified column header "SharedUser" is not found in the sheet "General_Data"!
	at com.cognizant.framework.ExcelDataAccess.getValue(ExcelDataAccess.java:331)
	at com.cognizant.framework.CraftDataTable.getData(CraftDataTable.java:96)
	at businesscomponents.VerificationComponents.verifyHomePageValidations(VerificationComponents.java:1920)
	at sun.reflect.NativeMethodAccessorImpl.invoke0(Native Method)
	at sun.reflect.NativeMethodAccessorImpl.invoke(Unknown Source)
	at sun.reflect.DelegatingMethodAccessorImpl.invoke(Unknown Source)
	at java.lang.reflect.Method.invoke(Unknown Source)
	at supportlibraries.DriverScript.invokeBusinessComponent(DriverScript.java:473)
	at supportlibraries.DriverScript.executeTestcase(DriverScript.java:424)
	at supportlibraries.DriverScript.executeTestIterations(DriverScript.java:378)
	at supportlibraries.DriverScript.driveTestExecution(DriverScript.java:97)
	at allocator.ParallelRunner.invokeTestScript(ParallelRunner.java:59)
	at allocator.ParallelRunner.run(ParallelRunner.java:40)
	at java.util.concurrent.ThreadPoolExecutor.runWorker(Unknown Source)
	at java.util.concurrent.ThreadPoolExecutor$Worker.run(Unknown Source)
	at java.lang.Thread.run(Unknown Source)
com.cognizant.framework.FrameworkException: The specified column header "SharedUser" is not found in the sheet "General_Data"!
	at com.cognizant.framework.ExcelDataAccess.getValue(ExcelDataAccess.java:331)
	at com.cognizant.framework.CraftDataTable.getData(CraftDataTable.java:96)
	at businesscomponents.VerificationComponents.verifyHomePageValidations(VerificationComponents.java:1920)
	at sun.reflect.NativeMethodAccessorImpl.invoke0(Native Method)
	at sun.reflect.NativeMethodAccessorImpl.invoke(Unknown Source)
	at sun.reflect.DelegatingMethodAccessorImpl.invoke(Unknown Source)
	at java.lang.reflect.Method.invoke(Unknown Source)
	at supportlibraries.DriverScript.invokeBusinessComponent(DriverScript.java:473)
	at supportlibraries.DriverScript.executeTestcase(DriverScript.java:424)
	at supportlibraries.DriverScript.executeTestIterations(DriverScript.java:378)
	at supportlibraries.DriverScript.driveTestExecution(DriverScript.java:97)
	at allocator.ParallelRunner.invokeTestScript(ParallelRunner.java:59)
	at allocator.ParallelRunner.run(ParallelRunner.java:40)
	at java.util.concurrent.ThreadPoolExecutor.runWorker(Unknown Source)
	at java.util.concurrent.ThreadPoolExecutor$Worker.run(Unknown Source)
	at java.lang.Thread.run(Unknown Source)
com.cognizant.framework.FrameworkException: The specified column header "SharedUser" is not found in the sheet "General_Data"!
	at com.cognizant.framework.ExcelDataAccess.getValue(ExcelDataAccess.java:331)
	at com.cognizant.framework.CraftDataTable.getData(CraftDataTable.java:96)
	at businesscomponents.VerificationComponents.verifyHomePageValidations(VerificationComponents.java:1920)
	at sun.reflect.NativeMethodAccessorImpl.invoke0(Native Method)
	at sun.reflect.NativeMethodAccessorImpl.invoke(Unknown Source)
	at sun.reflect.DelegatingMethodAccessorImpl.invoke(Unknown Source)
	at java.lang.reflect.Method.invoke(Unknown Source)
	at supportlibraries.DriverScript.invokeBusinessComponent(DriverScript.java:473)
	at supportlibraries.DriverScript.executeTestcase(DriverScript.java:424)
	at supportlibraries.DriverScript.executeTestIterations(DriverScript.java:378)
	at supportlibraries.DriverScript.driveTestExecution(DriverScript.java:97)
	at allocator.ParallelRunner.invokeTestScript(ParallelRunner.java:59)
	at allocator.ParallelRunner.run(ParallelRunner.java:40)
	at java.util.concurrent.ThreadPoolExecutor.runWorker(Unknown Source)
	at java.util.concurrent.ThreadPoolExecutor$Worker.run(Unknown Source)
	at java.lang.Thread.run(Unknown Source)
com.cognizant.framework.FrameworkException: The specified column header "SharedUser" is not found in the sheet "General_Data"!
	at com.cognizant.framework.ExcelDataAccess.getValue(ExcelDataAccess.java:331)
	at com.cognizant.framework.CraftDataTable.getData(CraftDataTable.java:96)
	at businesscomponents.VerificationComponents.verifyHomePageValidations(VerificationComponents.java:1920)
	at sun.reflect.NativeMethodAccessorImpl.invoke0(Native Method)
	at sun.reflect.NativeMethodAccessorImpl.invoke(Unknown Source)
	at sun.reflect.DelegatingMethodAccessorImpl.invoke(Unknown Source)
	at java.lang.reflect.Method.invoke(Unknown Source)
	at supportlibraries.DriverScript.invokeBusinessComponent(DriverScript.java:473)
	at supportlibraries.DriverScript.executeTestcase(DriverScript.java:424)
	at supportlibraries.DriverScript.executeTestIterations(DriverScript.java:378)
	at supportlibraries.DriverScript.driveTestExecution(DriverScript.java:97)
	at allocator.ParallelRunner.invokeTestScript(ParallelRunner.java:59)
	at allocator.ParallelRunner.run(ParallelRunner.java:40)
	at java.util.concurrent.ThreadPoolExecutor.runWorker(Unknown Source)
	at java.util.concurrent.ThreadPoolExecutor$Worker.run(Unknown Source)
	at java.lang.Thread.run(Unknown Source)
org.openqa.selenium.ElementNotVisibleException: Element is not currently visible and so may not be interacted with
Command duration or timeout: 15 milliseconds
Build info: version: '2.47.1', revision: '411b314', time: '2015-07-30 02:56:46'
System info: host: 'PC275317', ip: '10.207.61.69', os.name: 'Windows 7', os.arch: 'x86', os.version: '6.1', java.version: '1.8.0_25'
Driver info: org.openqa.selenium.firefox.FirefoxDriver
Capabilities [{applicationCacheEnabled=true, rotatable=false, handlesAlerts=true, databaseEnabled=true, version=39.0.3, platform=WINDOWS, nativeEvents=false, acceptSslCerts=true, webStorageEnabled=true, locationContextEnabled=true, browserName=firefox, takesScreenshot=true, javascriptEnabled=true, cssSelectorsEnabled=true}]
Session ID: b30a3f3e-8ed2-43fc-9107-cac64a94f362
	at sun.reflect.NativeConstructorAccessorImpl.newInstance0(Native Method)
	at sun.reflect.NativeConstructorAccessorImpl.newInstance(Unknown Source)
	at sun.reflect.DelegatingConstructorAccessorImpl.newInstance(Unknown Source)
	at java.lang.reflect.Constructor.newInstance(Unknown Source)
	at org.openqa.selenium.remote.ErrorHandler.createThrowable(ErrorHandler.java:206)
	at org.openqa.selenium.remote.ErrorHandler.throwIfResponseFailed(ErrorHandler.java:158)
	at org.openqa.selenium.remote.RemoteWebDriver.execute(RemoteWebDriver.java:595)
	at org.openqa.selenium.remote.RemoteWebElement.execute(RemoteWebElement.java:273)
	at org.openqa.selenium.remote.RemoteWebElement.click(RemoteWebElement.java:84)
	at businesscomponents.FunctionalComponents.logout(FunctionalComponents.java:2275)
	at sun.reflect.NativeMethodAccessorImpl.invoke0(Native Method)
	at sun.reflect.NativeMethodAccessorImpl.invoke(Unknown Source)
	at sun.reflect.DelegatingMethodAccessorImpl.invoke(Unknown Source)
	at java.lang.reflect.Method.invoke(Unknown Source)
	at supportlibraries.DriverScript.invokeBusinessComponent(DriverScript.java:473)
	at supportlibraries.DriverScript.executeTestcase(DriverScript.java:424)
	at supportlibraries.DriverScript.executeTestIterations(DriverScript.java:378)
	at supportlibraries.DriverScript.driveTestExecution(DriverScript.java:97)
	at allocator.ParallelRunner.invokeTestScript(ParallelRunner.java:59)
	at allocator.ParallelRunner.run(ParallelRunner.java:40)
	at java.util.concurrent.ThreadPoolExecutor.runWorker(Unknown Source)
	at java.util.concurrent.ThreadPoolExecutor$Worker.run(Unknown Source)
	at java.lang.Thread.run(Unknown Source)
Caused by: org.openqa.selenium.ElementNotVisibleException: Element is not currently visible and so may not be interacted with
Build info: version: '2.47.1', revision: '411b314', time: '2015-07-30 02:56:46'
System info: host: 'PC275317', ip: '10.207.61.69', os.name: 'Windows 7', os.arch: 'x86', os.version: '6.1', java.version: '1.8.0_25'
Driver info: driver.version: unknown
	at <anonymous class>.fxdriver.preconditions.visible(file:///C:/Users/248292/AppData/Local/Temp/anonymous4009665674105906435webdriver-profile/extensions/fxdriver@googlecode.com/components/command-processor.js:9982)
	at <anonymous class>.DelayedCommand.prototype.checkPreconditions_(file:///C:/Users/248292/AppData/Local/Temp/anonymous4009665674105906435webdriver-profile/extensions/fxdriver@googlecode.com/components/command-processor.js:12626)
	at <anonymous class>.DelayedCommand.prototype.executeInternal_/h(file:///C:/Users/248292/AppData/Local/Temp/anonymous4009665674105906435webdriver-profile/extensions/fxdriver@googlecode.com/components/command-processor.js:12643)
	at <anonymous class>.DelayedCommand.prototype.executeInternal_(file:///C:/Users/248292/AppData/Local/Temp/anonymous4009665674105906435webdriver-profile/extensions/fxdriver@googlecode.com/components/command-processor.js:12648)
	at <anonymous class>.DelayedCommand.prototype.execute/<(file:///C:/Users/248292/AppData/Local/Temp/anonymous4009665674105906435webdriver-profile/extensions/fxdriver@googlecode.com/components/command-processor.js:12590)
com.cognizant.framework.FrameworkException: The specified column header "SharedUser" is not found in the sheet "General_Data"!
	at com.cognizant.framework.ExcelDataAccess.getValue(ExcelDataAccess.java:331)
	at com.cognizant.framework.CraftDataTable.getData(CraftDataTable.java:96)
	at businesscomponents.VerificationComponents.verifyHomePageValidations(VerificationComponents.java:1920)
	at sun.reflect.NativeMethodAccessorImpl.invoke0(Native Method)
	at sun.reflect.NativeMethodAccessorImpl.invoke(Unknown Source)
	at sun.reflect.DelegatingMethodAccessorImpl.invoke(Unknown Source)
	at java.lang.reflect.Method.invoke(Unknown Source)
	at supportlibraries.DriverScript.invokeBusinessComponent(DriverScript.java:473)
	at supportlibraries.DriverScript.executeTestcase(DriverScript.java:424)
	at supportlibraries.DriverScript.executeTestIterations(DriverScript.java:378)
	at supportlibraries.DriverScript.driveTestExecution(DriverScript.java:97)
	at allocator.ParallelRunner.invokeTestScript(ParallelRunner.java:59)
	at allocator.ParallelRunner.run(ParallelRunner.java:40)
	at java.util.concurrent.ThreadPoolExecutor.runWorker(Unknown Source)
	at java.util.concurrent.ThreadPoolExecutor$Worker.run(Unknown Source)
	at java.lang.Thread.run(Unknown Source)
org.openqa.selenium.NoSuchElementException: Unable to locate element: {"method":"xpath","selector":"//div[@id='col1']//table[@id='shippingtable']//input[@value='2PILOT']"}
Command duration or timeout: 16 milliseconds
For documentation on this error, please visit: http://seleniumhq.org/exceptions/no_such_element.html
Build info: version: '2.47.1', revision: '411b314', time: '2015-07-30 02:56:46'
System info: host: 'PC275317', ip: '10.207.61.69', os.name: 'Windows 7', os.arch: 'x86', os.version: '6.1', java.version: '1.8.0_25'
Driver info: org.openqa.selenium.firefox.FirefoxDriver
Capabilities [{applicationCacheEnabled=true, rotatable=false, handlesAlerts=true, databaseEnabled=true, version=39.0.3, platform=WINDOWS, nativeEvents=false, acceptSslCerts=true, webStorageEnabled=true, locationContextEnabled=true, browserName=firefox, takesScreenshot=true, javascriptEnabled=true, cssSelectorsEnabled=true}]
Session ID: 138c6355-f874-4957-ae85-ad00f6eeda57
*** Element info: {Using=xpath, value=//div[@id='col1']//table[@id='shippingtable']//input[@value='2PILOT']}
	at sun.reflect.NativeConstructorAccessorImpl.newInstance0(Native Method)
	at sun.reflect.NativeConstructorAccessorImpl.newInstance(Unknown Source)
	at sun.reflect.DelegatingConstructorAccessorImpl.newInstance(Unknown Source)
	at java.lang.reflect.Constructor.newInstance(Unknown Source)
	at org.openqa.selenium.remote.ErrorHandler.createThrowable(ErrorHandler.java:206)
	at org.openqa.selenium.remote.ErrorHandler.throwIfResponseFailed(ErrorHandler.java:158)
	at org.openqa.selenium.remote.RemoteWebDriver.execute(RemoteWebDriver.java:595)
	at org.openqa.selenium.remote.RemoteWebDriver.findElement(RemoteWebDriver.java:348)
	at org.openqa.selenium.remote.RemoteWebDriver.findElementByXPath(RemoteWebDriver.java:445)
	at org.openqa.selenium.By$ByXPath.findElement(By.java:358)
	at org.openqa.selenium.remote.RemoteWebDriver.findElement(RemoteWebDriver.java:340)
	at webdriverhelper.WebElementVerificationUtils.verifyAndCheckCheckbox(WebElementVerificationUtils.java:256)
	at businesscomponents.FunctionalComponents.deliveryAndPayments(FunctionalComponents.java:2161)
	at sun.reflect.NativeMethodAccessorImpl.invoke0(Native Method)
	at sun.reflect.NativeMethodAccessorImpl.invoke(Unknown Source)
	at sun.reflect.DelegatingMethodAccessorImpl.invoke(Unknown Source)
	at java.lang.reflect.Method.invoke(Unknown Source)
	at supportlibraries.DriverScript.invokeBusinessComponent(DriverScript.java:473)
	at supportlibraries.DriverScript.executeTestcase(DriverScript.java:424)
	at supportlibraries.DriverScript.executeTestIterations(DriverScript.java:378)
	at supportlibraries.DriverScript.driveTestExecution(DriverScript.java:97)
	at allocator.ParallelRunner.invokeTestScript(ParallelRunner.java:59)
	at allocator.ParallelRunner.run(ParallelRunner.java:40)
	at java.util.concurrent.ThreadPoolExecutor.runWorker(Unknown Source)
	at java.util.concurrent.ThreadPoolExecutor$Worker.run(Unknown Source)
	at java.lang.Thread.run(Unknown Source)
Caused by: org.openqa.selenium.NoSuchElementException: Unable to locate element: {"method":"xpath","selector":"//div[@id='col1']//table[@id='shippingtable']//input[@value='2PILOT']"}
For documentation on this error, please visit: http://seleniumhq.org/exceptions/no_such_element.html
Build info: version: '2.47.1', revision: '411b314', time: '2015-07-30 02:56:46'
System info: host: 'PC275317', ip: '10.207.61.69', os.name: 'Windows 7', os.arch: 'x86', os.version: '6.1', java.version: '1.8.0_25'
Driver info: driver.version: unknown
	at <anonymous class>.FirefoxDriver.prototype.findElementInternal_(file:///C:/Users/248292/AppData/Local/Temp/anonymous2114053189282008430webdriver-profile/extensions/fxdriver@googlecode.com/components/driver-component.js:10667)
	at <anonymous class>.FirefoxDriver.prototype.findElement(file:///C:/Users/248292/AppData/Local/Temp/anonymous2114053189282008430webdriver-profile/extensions/fxdriver@googlecode.com/components/driver-component.js:10676)
	at <anonymous class>.DelayedCommand.prototype.executeInternal_/h(file:///C:/Users/248292/AppData/Local/Temp/anonymous2114053189282008430webdriver-profile/extensions/fxdriver@googlecode.com/components/command-processor.js:12643)
	at <anonymous class>.DelayedCommand.prototype.executeInternal_(file:///C:/Users/248292/AppData/Local/Temp/anonymous2114053189282008430webdriver-profile/extensions/fxdriver@googlecode.com/components/command-processor.js:12648)
	at <anonymous class>.DelayedCommand.prototype.execute/<(file:///C:/Users/248292/AppData/Local/Temp/anonymous2114053189282008430webdriver-profile/extensions/fxdriver@googlecode.com/components/command-processor.js:12590)
org.openqa.selenium.NoSuchElementException: Unable to locate element: {"method":"xpath","selector":"//div[@class='row error errorMessages']//div[@class='errorMessagesList']//p"}
Command duration or timeout: 16 milliseconds
For documentation on this error, please visit: http://seleniumhq.org/exceptions/no_such_element.html
Build info: version: '2.47.1', revision: '411b314', time: '2015-07-30 02:56:46'
System info: host: 'PC275317', ip: '10.207.61.69', os.name: 'Windows 7', os.arch: 'x86', os.version: '6.1', java.version: '1.8.0_25'
Driver info: org.openqa.selenium.firefox.FirefoxDriver
Capabilities [{applicationCacheEnabled=true, rotatable=false, handlesAlerts=true, databaseEnabled=true, version=39.0.3, platform=WINDOWS, nativeEvents=false, acceptSslCerts=true, webStorageEnabled=true, locationContextEnabled=true, browserName=firefox, takesScreenshot=true, javascriptEnabled=true, cssSelectorsEnabled=true}]
Session ID: 138c6355-f874-4957-ae85-ad00f6eeda57
*** Element info: {Using=xpath, value=//div[@class='row error errorMessages']//div[@class='errorMessagesList']//p}
	at sun.reflect.NativeConstructorAccessorImpl.newInstance0(Native Method)
	at sun.reflect.NativeConstructorAccessorImpl.newInstance(Unknown Source)
	at sun.reflect.DelegatingConstructorAccessorImpl.newInstance(Unknown Source)
	at java.lang.reflect.Constructor.newInstance(Unknown Source)
	at org.openqa.selenium.remote.ErrorHandler.createThrowable(ErrorHandler.java:206)
	at org.openqa.selenium.remote.ErrorHandler.throwIfResponseFailed(ErrorHandler.java:158)
	at org.openqa.selenium.remote.RemoteWebDriver.execute(RemoteWebDriver.java:595)
	at org.openqa.selenium.remote.RemoteWebDriver.findElement(RemoteWebDriver.java:348)
	at org.openqa.selenium.remote.RemoteWebDriver.findElementByXPath(RemoteWebDriver.java:445)
	at org.openqa.selenium.By$ByXPath.findElement(By.java:358)
	at org.openqa.selenium.remote.RemoteWebDriver.findElement(RemoteWebDriver.java:340)
	at businesscomponents.FunctionalComponents.clickOnFinishOrder(FunctionalComponents.java:1343)
	at sun.reflect.NativeMethodAccessorImpl.invoke0(Native Method)
	at sun.reflect.NativeMethodAccessorImpl.invoke(Unknown Source)
	at sun.reflect.DelegatingMethodAccessorImpl.invoke(Unknown Source)
	at java.lang.reflect.Method.invoke(Unknown Source)
	at supportlibraries.DriverScript.invokeBusinessComponent(DriverScript.java:473)
	at supportlibraries.DriverScript.executeTestcase(DriverScript.java:424)
	at supportlibraries.DriverScript.executeTestIterations(DriverScript.java:378)
	at supportlibraries.DriverScript.driveTestExecution(DriverScript.java:97)
	at allocator.ParallelRunner.invokeTestScript(ParallelRunner.java:59)
	at allocator.ParallelRunner.run(ParallelRunner.java:40)
	at java.util.concurrent.ThreadPoolExecutor.runWorker(Unknown Source)
	at java.util.concurrent.ThreadPoolExecutor$Worker.run(Unknown Source)
	at java.lang.Thread.run(Unknown Source)
Caused by: org.openqa.selenium.NoSuchElementException: Unable to locate element: {"method":"xpath","selector":"//div[@class='row error errorMessages']//div[@class='errorMessagesList']//p"}
For documentation on this error, please visit: http://seleniumhq.org/exceptions/no_such_element.html
Build info: version: '2.47.1', revision: '411b314', time: '2015-07-30 02:56:46'
System info: host: 'PC275317', ip: '10.207.61.69', os.name: 'Windows 7', os.arch: 'x86', os.version: '6.1', java.version: '1.8.0_25'
Driver info: driver.version: unknown
	at <anonymous class>.FirefoxDriver.prototype.findElementInternal_(file:///C:/Users/248292/AppData/Local/Temp/anonymous2114053189282008430webdriver-profile/extensions/fxdriver@googlecode.com/components/driver-component.js:10667)
	at <anonymous class>.FirefoxDriver.prototype.findElement(file:///C:/Users/248292/AppData/Local/Temp/anonymous2114053189282008430webdriver-profile/extensions/fxdriver@googlecode.com/components/driver-component.js:10676)
	at <anonymous class>.DelayedCommand.prototype.executeInternal_/h(file:///C:/Users/248292/AppData/Local/Temp/anonymous2114053189282008430webdriver-profile/extensions/fxdriver@googlecode.com/components/command-processor.js:12643)
	at <anonymous class>.DelayedCommand.prototype.executeInternal_(file:///C:/Users/248292/AppData/Local/Temp/anonymous2114053189282008430webdriver-profile/extensions/fxdriver@googlecode.com/components/command-processor.js:12648)
	at <anonymous class>.DelayedCommand.prototype.execute/<(file:///C:/Users/248292/AppData/Local/Temp/anonymous2114053189282008430webdriver-profile/extensions/fxdriver@googlecode.com/components/command-processor.js:12590)
com.cognizant.framework.FrameworkException: The specified column header "SharedUser" is not found in the sheet "General_Data"!
	at com.cognizant.framework.ExcelDataAccess.getValue(ExcelDataAccess.java:331)
	at com.cognizant.framework.CraftDataTable.getData(CraftDataTable.java:96)
	at businesscomponents.VerificationComponents.verifyHomePageValidations(VerificationComponents.java:1920)
	at sun.reflect.NativeMethodAccessorImpl.invoke0(Native Method)
	at sun.reflect.NativeMethodAccessorImpl.invoke(Unknown Source)
	at sun.reflect.DelegatingMethodAccessorImpl.invoke(Unknown Source)
	at java.lang.reflect.Method.invoke(Unknown Source)
	at supportlibraries.DriverScript.invokeBusinessComponent(DriverScript.java:473)
	at supportlibraries.DriverScript.executeTestcase(DriverScript.java:424)
	at supportlibraries.DriverScript.executeTestIterations(DriverScript.java:378)
	at supportlibraries.DriverScript.driveTestExecution(DriverScript.java:97)
	at allocator.ParallelRunner.invokeTestScript(ParallelRunner.java:59)
	at allocator.ParallelRunner.run(ParallelRunner.java:40)
	at java.util.concurrent.ThreadPoolExecutor.runWorker(Unknown Source)
	at java.util.concurrent.ThreadPoolExecutor$Worker.run(Unknown Source)
	at java.lang.Thread.run(Unknown Source)
com.cognizant.framework.FrameworkException: The specified column header "SharedUser" is not found in the sheet "General_Data"!
	at com.cognizant.framework.ExcelDataAccess.getValue(ExcelDataAccess.java:331)
	at com.cognizant.framework.CraftDataTable.getData(CraftDataTable.java:96)
	at businesscomponents.VerificationComponents.verifyHomePageValidations(VerificationComponents.java:1920)
	at sun.reflect.NativeMethodAccessorImpl.invoke0(Native Method)
	at sun.reflect.NativeMethodAccessorImpl.invoke(Unknown Source)
	at sun.reflect.DelegatingMethodAccessorImpl.invoke(Unknown Source)
	at java.lang.reflect.Method.invoke(Unknown Source)
	at supportlibraries.DriverScript.invokeBusinessComponent(DriverScript.java:473)
	at supportlibraries.DriverScript.executeTestcase(DriverScript.java:424)
	at supportlibraries.DriverScript.executeTestIterations(DriverScript.java:378)
	at supportlibraries.DriverScript.driveTestExecution(DriverScript.java:97)
	at allocator.ParallelRunner.invokeTestScript(ParallelRunner.java:59)
	at allocator.ParallelRunner.run(ParallelRunner.java:40)
	at java.util.concurrent.ThreadPoolExecutor.runWorker(Unknown Source)
	at java.util.concurrent.ThreadPoolExecutor$Worker.run(Unknown Source)
	at java.lang.Thread.run(Unknown Source)
org.openqa.selenium.NoSuchElementException: Unable to locate element: {"method":"xpath","selector":"//div[@id='col1']//table[@id='shippingtable']//input[@value='2PILOT']"}
Command duration or timeout: 15 milliseconds
For documentation on this error, please visit: http://seleniumhq.org/exceptions/no_such_element.html
Build info: version: '2.47.1', revision: '411b314', time: '2015-07-30 02:56:46'
System info: host: 'PC275317', ip: '10.207.61.69', os.name: 'Windows 7', os.arch: 'x86', os.version: '6.1', java.version: '1.8.0_25'
Driver info: org.openqa.selenium.firefox.FirefoxDriver
Capabilities [{applicationCacheEnabled=true, rotatable=false, handlesAlerts=true, databaseEnabled=true, version=39.0.3, platform=WINDOWS, nativeEvents=false, acceptSslCerts=true, webStorageEnabled=true, locationContextEnabled=true, browserName=firefox, takesScreenshot=true, javascriptEnabled=true, cssSelectorsEnabled=true}]
Session ID: 48b28198-716c-4403-a5e8-238bd424df34
*** Element info: {Using=xpath, value=//div[@id='col1']//table[@id='shippingtable']//input[@value='2PILOT']}
	at sun.reflect.NativeConstructorAccessorImpl.newInstance0(Native Method)
	at sun.reflect.NativeConstructorAccessorImpl.newInstance(Unknown Source)
	at sun.reflect.DelegatingConstructorAccessorImpl.newInstance(Unknown Source)
	at java.lang.reflect.Constructor.newInstance(Unknown Source)
	at org.openqa.selenium.remote.ErrorHandler.createThrowable(ErrorHandler.java:206)
	at org.openqa.selenium.remote.ErrorHandler.throwIfResponseFailed(ErrorHandler.java:158)
	at org.openqa.selenium.remote.RemoteWebDriver.execute(RemoteWebDriver.java:595)
	at org.openqa.selenium.remote.RemoteWebDriver.findElement(RemoteWebDriver.java:348)
	at org.openqa.selenium.remote.RemoteWebDriver.findElementByXPath(RemoteWebDriver.java:445)
	at org.openqa.selenium.By$ByXPath.findElement(By.java:358)
	at org.openqa.selenium.remote.RemoteWebDriver.findElement(RemoteWebDriver.java:340)
	at webdriverhelper.WebElementVerificationUtils.verifyAndCheckCheckbox(WebElementVerificationUtils.java:256)
	at businesscomponents.FunctionalComponents.deliveryAndPayments(FunctionalComponents.java:2161)
	at sun.reflect.NativeMethodAccessorImpl.invoke0(Native Method)
	at sun.reflect.NativeMethodAccessorImpl.invoke(Unknown Source)
	at sun.reflect.DelegatingMethodAccessorImpl.invoke(Unknown Source)
	at java.lang.reflect.Method.invoke(Unknown Source)
	at supportlibraries.DriverScript.invokeBusinessComponent(DriverScript.java:473)
	at supportlibraries.DriverScript.executeTestcase(DriverScript.java:424)
	at supportlibraries.DriverScript.executeTestIterations(DriverScript.java:378)
	at supportlibraries.DriverScript.driveTestExecution(DriverScript.java:97)
	at allocator.ParallelRunner.invokeTestScript(ParallelRunner.java:59)
	at allocator.ParallelRunner.run(ParallelRunner.java:40)
	at java.util.concurrent.ThreadPoolExecutor.runWorker(Unknown Source)
	at java.util.concurrent.ThreadPoolExecutor$Worker.run(Unknown Source)
	at java.lang.Thread.run(Unknown Source)
Caused by: org.openqa.selenium.NoSuchElementException: Unable to locate element: {"method":"xpath","selector":"//div[@id='col1']//table[@id='shippingtable']//input[@value='2PILOT']"}
For documentation on this error, please visit: http://seleniumhq.org/exceptions/no_such_element.html
Build info: version: '2.47.1', revision: '411b314', time: '2015-07-30 02:56:46'
System info: host: 'PC275317', ip: '10.207.61.69', os.name: 'Windows 7', os.arch: 'x86', os.version: '6.1', java.version: '1.8.0_25'
Driver info: driver.version: unknown
	at <anonymous class>.FirefoxDriver.prototype.findElementInternal_(file:///C:/Users/248292/AppData/Local/Temp/anonymous1433717393882452286webdriver-profile/extensions/fxdriver@googlecode.com/components/driver-component.js:10667)
	at <anonymous class>.FirefoxDriver.prototype.findElement(file:///C:/Users/248292/AppData/Local/Temp/anonymous1433717393882452286webdriver-profile/extensions/fxdriver@googlecode.com/components/driver-component.js:10676)
	at <anonymous class>.DelayedCommand.prototype.executeInternal_/h(file:///C:/Users/248292/AppData/Local/Temp/anonymous1433717393882452286webdriver-profile/extensions/fxdriver@googlecode.com/components/command-processor.js:12643)
	at <anonymous class>.DelayedCommand.prototype.executeInternal_(file:///C:/Users/248292/AppData/Local/Temp/anonymous1433717393882452286webdriver-profile/extensions/fxdriver@googlecode.com/components/command-processor.js:12648)
	at <anonymous class>.DelayedCommand.prototype.execute/<(file:///C:/Users/248292/AppData/Local/Temp/anonymous1433717393882452286webdriver-profile/extensions/fxdriver@googlecode.com/components/command-processor.js:12590)
org.openqa.selenium.NoSuchElementException: Unable to locate element: {"method":"xpath","selector":"//div[@class='row error errorMessages']//div[@class='errorMessagesList']//p"}
Command duration or timeout: 16 milliseconds
For documentation on this error, please visit: http://seleniumhq.org/exceptions/no_such_element.html
Build info: version: '2.47.1', revision: '411b314', time: '2015-07-30 02:56:46'
System info: host: 'PC275317', ip: '10.207.61.69', os.name: 'Windows 7', os.arch: 'x86', os.version: '6.1', java.version: '1.8.0_25'
Driver info: org.openqa.selenium.firefox.FirefoxDriver
Capabilities [{applicationCacheEnabled=true, rotatable=false, handlesAlerts=true, databaseEnabled=true, version=39.0.3, platform=WINDOWS, nativeEvents=false, acceptSslCerts=true, webStorageEnabled=true, locationContextEnabled=true, browserName=firefox, takesScreenshot=true, javascriptEnabled=true, cssSelectorsEnabled=true}]
Session ID: 48b28198-716c-4403-a5e8-238bd424df34
*** Element info: {Using=xpath, value=//div[@class='row error errorMessages']//div[@class='errorMessagesList']//p}
	at sun.reflect.NativeConstructorAccessorImpl.newInstance0(Native Method)
	at sun.reflect.NativeConstructorAccessorImpl.newInstance(Unknown Source)
	at sun.reflect.DelegatingConstructorAccessorImpl.newInstance(Unknown Source)
	at java.lang.reflect.Constructor.newInstance(Unknown Source)
	at org.openqa.selenium.remote.ErrorHandler.createThrowable(ErrorHandler.java:206)
	at org.openqa.selenium.remote.ErrorHandler.throwIfResponseFailed(ErrorHandler.java:158)
	at org.openqa.selenium.remote.RemoteWebDriver.execute(RemoteWebDriver.java:595)
	at org.openqa.selenium.remote.RemoteWebDriver.findElement(RemoteWebDriver.java:348)
	at org.openqa.selenium.remote.RemoteWebDriver.findElementByXPath(RemoteWebDriver.java:445)
	at org.openqa.selenium.By$ByXPath.findElement(By.java:358)
	at org.openqa.selenium.remote.RemoteWebDriver.findElement(RemoteWebDriver.java:340)
	at businesscomponents.FunctionalComponents.clickOnFinishOrder(FunctionalComponents.java:1343)
	at sun.reflect.NativeMethodAccessorImpl.invoke0(Native Method)
	at sun.reflect.NativeMethodAccessorImpl.invoke(Unknown Source)
	at sun.reflect.DelegatingMethodAccessorImpl.invoke(Unknown Source)
	at java.lang.reflect.Method.invoke(Unknown Source)
	at supportlibraries.DriverScript.invokeBusinessComponent(DriverScript.java:473)
	at supportlibraries.DriverScript.executeTestcase(DriverScript.java:424)
	at supportlibraries.DriverScript.executeTestIterations(DriverScript.java:378)
	at supportlibraries.DriverScript.driveTestExecution(DriverScript.java:97)
	at allocator.ParallelRunner.invokeTestScript(ParallelRunner.java:59)
	at allocator.ParallelRunner.run(ParallelRunner.java:40)
	at java.util.concurrent.ThreadPoolExecutor.runWorker(Unknown Source)
	at java.util.concurrent.ThreadPoolExecutor$Worker.run(Unknown Source)
	at java.lang.Thread.run(Unknown Source)
Caused by: org.openqa.selenium.NoSuchElementException: Unable to locate element: {"method":"xpath","selector":"//div[@class='row error errorMessages']//div[@class='errorMessagesList']//p"}
For documentation on this error, please visit: http://seleniumhq.org/exceptions/no_such_element.html
Build info: version: '2.47.1', revision: '411b314', time: '2015-07-30 02:56:46'
System info: host: 'PC275317', ip: '10.207.61.69', os.name: 'Windows 7', os.arch: 'x86', os.version: '6.1', java.version: '1.8.0_25'
Driver info: driver.version: unknown
	at <anonymous class>.FirefoxDriver.prototype.findElementInternal_(file:///C:/Users/248292/AppData/Local/Temp/anonymous1433717393882452286webdriver-profile/extensions/fxdriver@googlecode.com/components/driver-component.js:10667)
	at <anonymous class>.FirefoxDriver.prototype.findElement(file:///C:/Users/248292/AppData/Local/Temp/anonymous1433717393882452286webdriver-profile/extensions/fxdriver@googlecode.com/components/driver-component.js:10676)
	at <anonymous class>.DelayedCommand.prototype.executeInternal_/h(file:///C:/Users/248292/AppData/Local/Temp/anonymous1433717393882452286webdriver-profile/extensions/fxdriver@googlecode.com/components/command-processor.js:12643)
	at <anonymous class>.DelayedCommand.prototype.executeInternal_(file:///C:/Users/248292/AppData/Local/Temp/anonymous1433717393882452286webdriver-profile/extensions/fxdriver@googlecode.com/components/command-processor.js:12648)
	at <anonymous class>.DelayedCommand.prototype.execute/<(file:///C:/Users/248292/AppData/Local/Temp/anonymous1433717393882452286webdriver-profile/extensions/fxdriver@googlecode.com/components/command-processor.js:12590)
